PRT1
64
169
176
4 0 16 0 (16 0 0 ) (256 0 0 ) (256 0 448 ) (16 0 448 ) 
4 0 15 0 (256 0 0 ) (16 0 0 ) (16 256 0 ) (256 256 0 ) 
3 0 7 0 (16 8 0 ) (16 0 0 ) (16 0 18.666668 ) 
4 0 6 0 (16 8 0 ) (16 0 18.666668 ) (16 0 22 ) (16 8 22 ) 
4 0 5 0 (16 16 0 ) (16 8 0 ) (16 8 24 ) (16 16 24 ) 
4 0 2 0 (16 0 24 ) (16 0 448 ) (16 16 448 ) (16 16 24 ) 
4 0 1 0 (16 256 448 ) (16 256 0 ) (16 16 0 ) (16 16 448 ) 
4 1 32 0 (0 16 448 ) (0 256 448 ) (0 256 0 ) (0 16 0 ) 
4 1 15 0 (0 16 0 ) (0 256 0 ) (16 256 0 ) (16 16 0 ) 
4 1 10 0 (0 16 0 ) (8 16 0 ) (8 16 22 ) (0 16 22 ) 
4 1 5 0 (8 16 0 ) (16 16 0 ) (16 16 24 ) (8 16 24 ) 
3 1 3 0 (0 16 26 ) (0 16 24 ) (6 16 24 ) 
5 1 2 0 (16 16 24 ) (16 16 448 ) (0 16 448 ) (0 16 26 ) (6 16 24 ) 
4 2 33 0 (0 0 26 ) (0 0 448 ) (0 16 448 ) (0 16 26 ) 
4 2 18 0 (0 0 26 ) (6 0 24 ) (16 0 24 ) (16 0 26 ) 
4 2 17 0 (0 0 448 ) (0 0 26 ) (16 0 26 ) (16 0 448 ) 
4 2 9 0 (12 6 24 ) (12 0 24 ) (6 0 24 ) (6 12 24 ) 
3 2 5 0 (8 16 24 ) (16 16 24 ) (16 8 24 ) 
3 2 4 0 (5.992153 6 24 ) (5.992153 3.007853 24 ) (0 0.007859 25.997379 ) 
4 2 3 0 (0 16 25.997402 ) (5.992154 16 24 ) (5.992153 6 24 ) (0 0.007859 25.997379 ) 
3 3 34 0 (0 0 26 ) (0 9 24 ) (0 6 24 ) 
4 3 33 0 (0 0 26 ) (0 16 26 ) (0 16 24 ) (0 9 24 ) 
3 3 13 0 (3 6 24 ) (0 6 24 ) (0 9 24 ) 
5 3 12 0 (6 12 24 ) (6 6 24 ) (3 6 24 ) (0 9 24 ) (0 12 24 ) 
3 3 4 0 (3.011558 5.988447 24 ) (5.996260 5.988447 24 ) (0.026849 0.019038 25.989803 ) 
3 4 12 0 (6 6 24 ) (6 3 24 ) (3 6 24 ) 
3 5 15 0 (8 16 0 ) (16 16 0 ) (16 8 0 ) 
3 5 14 0 (8 16 22 ) (12 12 14 ) (12 12 22 ) 
3 5 11 0 (8 16 0 ) (12 12 0 ) (12 12 14 ) 
3 5 10 0 (8 16 22 ) (8 16 0 ) (12 12 14 ) 
3 5 8 0 (16 8 22 ) (12 12 22 ) (12 12 14 ) 
4 5 6 0 (16 8 0 ) (16 8 22 ) (12 12 14 ) (12 12 0 ) 
3 6 21 0 (16 0 18.666668 ) (16 0 22 ) (15.230770 0 20.461538 ) 
3 6 14 0 (12 12 14 ) (12 8.769231 7.538461 ) (12 6 14 ) 
3 6 11 0 (12 12 14 ) (12 12 0 ) (12 8.769231 7.538461 ) 
3 6 8 0 (16 8 22.001932 ) (12 12 14.001862 ) (12 6.001396 14.001862 ) 
4 6 7 0 (15.231190 0 20.459314 ) (12 6.002204 13.997025 ) (16 8 0.002170 ) (16 0 18.665251 ) 
4 7 21 0 (16 0 0 ) (16 0 18.666668 ) (15.230770 0 20.461538 ) (12 0 14 ) 
3 8 14 0 (12 12 22 ) (12 12 14 ) (12 6 14 ) 
3 9 24 0 (12 0 22 ) (12 0 24 ) (6 0 24 ) 
3 9 12 0 (5.988999 3.011008 24 ) (5.988998 12.011003 24 ) (11.989233 6.010768 22 ) 
4 10 40 0 (0 16 22 ) (0 16 11.333333 ) (0 13.655172 8.206896 ) (0 12 14 ) 
3 10 38 0 (0 16 11.333333 ) (0 16 0 ) (0 13.655172 8.206896 ) 
4 10 14 0 (12 12 14 ) (12 12.001800 14.003598 ) (8 16 22 ) (6 12 14 ) 
5 10 11 0 (7.994966 16 0.011747 ) (8.003356 16 0.011747 ) (12 12.002147 14 ) (12 11.998540 14.007064 ) (5.998433 11.998540 14.007064 ) 
3 11 14 0 (12 8.769412 7.538037 ) (12 12 14 ) (6 12 14 ) 
3 12 41 0 (0 9 24 ) (0 12 24 ) (0 12 23.333334 ) 
5 12 13 0 (0 12 23.332777 ) (5.990765 12 22.001184 ) (5.994317 11.996448 22.001184 ) (2.996799 6 24 ) (0 8.997498 24 ) 
4 13 42 0 (0 6 24 ) (0 9 24 ) (0 12 23.333334 ) (0 12 22 ) 
4 15 47 0 (0 0 -192 ) (0 0 0 ) (0 256 0 ) (0 256 -192 ) 
4 15 31 0 (0 0 0 ) (0 0 -192 ) (256 0 -192 ) (256 0 0 ) 
4 16 31 0 (16 0 0 ) (256 0 0 ) (256 -320 0 ) (16 -320 0 ) 
4 16 21 0 (16 0 0 ) (16 -8 0 ) (16 -8 22 ) (16 0 22 ) 
4 16 20 0 (16 -8 0 ) (16 -16 0 ) (16 -16 24 ) (16 -8 24 ) 
3 16 18 0 (16 0 26 ) (16 0 24 ) (16 -6 24 ) 
5 16 17 0 (16 -16 24 ) (16 -16 448 ) (16 0 448 ) (16 0 26 ) (16 -6 24 ) 
4 16 30 0 (16 -16 0 ) (16 -320 0 ) (16 -320 448 ) (16 -16 448 ) 
4 17 49 0 (0 0 26 ) (0 -6 24 ) (0 -16 24 ) (0 -16 26 ) 
4 17 48 0 (0 -16 448 ) (0 0 448 ) (0 0 26 ) (0 -16 26 ) 
4 17 27 0 (0 -12 24 ) (0 -6 24 ) (6 -6 24 ) (6 -12 24 ) 
3 17 24 0 (6 -12 24 ) (6 -6 24 ) (12 -6 24 ) 
3 17 20 0 (16 -16 24 ) (8 -16 24 ) (16 -8 24 ) 
3 17 19 0 (6 -5.992153 24 ) (3.007849 -5.992153 24 ) (0.007793 0 25.997402 ) 
4 17 18 0 (16 -5.992154 24 ) (6 -5.992153 24 ) (0.007793 0 25.997402 ) (16 0 25.997402 ) 
4 17 30 0 (16 -16 24 ) (16 -16 448 ) (0 -16 448 ) (0 -16 24 ) 
4 18 24 0 (6 0 24 ) (12 0 24 ) (12 -6 24 ) (6 -6 24 ) 
3 18 19 0 (5.988447 -5.980635 24 ) (0.050278 -0.042466 25.979391 ) (5.988447 -3.011555 24 ) 
3 19 28 0 (6 -3 24 ) (6 -6 24 ) (3 -6 24 ) 
3 20 31 0 (16 -8 0 ) (16 -16 0 ) (8 -16 0 ) 
4 20 25 0 (8 -16 0 ) (8 -16 22 ) (12 -12 22 ) (12 -12 0 ) 
3 20 23 0 (16 -8 22 ) (12 -12 14 ) (12 -12 22 ) 
3 20 22 0 (16 -8 0 ) (12 -12 0 ) (12 -12 14 ) 
3 20 21 0 (16 -8 22 ) (16 -8 0 ) (12 -12 14 ) 
4 20 30 0 (8 -16 0 ) (16 -16 0 ) (16 -16 24 ) (8 -16 24 ) 
3 21 23 0 (12 -6.001396 14.001862 ) (12 -12 14.001862 ) (16 -8 22.001862 ) 
3 21 22 0 (16 -8 0.004533 ) (12 -12 14.004883 ) (12 -5.997908 14.004883 ) 
3 22 25 0 (12 -12 0 ) (12 -12 14 ) (12 -6 14 ) 
3 23 25 0 (12 -12 14 ) (12 -12 22 ) (12 -6 14 ) 
4 24 28 0 (11.989234 -6.010768 22 ) (8.994617 -9.005383 22.998207 ) (5.989236 -6 24 ) (5.989236 -3.010765 24 ) 
3 24 27 0 (8.994617 -9.005383 22.998207 ) (5.989236 -12.010765 24 ) (5.989236 -6 24 ) 
5 25 29 0 (2.004302 -16 13.989962 ) (8 -16 21.983000 ) (8.008927 -15.991499 21.983000 ) (6.012199 -12 14 ) (6.004436 -12 13.989650 ) 
3 25 26 0 (2 -16 14.004502 ) (6 -11.998713 14.004502 ) (8 -16 0 ) 
3 25 30 0 (8 -16 0 ) (8 -16 22 ) (2 -16 14 ) 
3 26 59 0 (0 -16 0 ) (0 -16 11.333334 ) (0 -13.655173 8.206898 ) 
4 26 29 0 (0 -16 11.318159 ) (2.004302 -16 13.989962 ) (6.001477 -12.002958 13.989650 ) (0 -13.658270 8.196054 ) 
4 26 30 0 (0 -16 0 ) (8 -16 0 ) (2 -16 14 ) (0 -16 11.333333 ) 
3 27 52 0 (0 -12 22 ) (0 -12 24 ) (0 -6 24 ) 
4 27 28 0 (3.009135 -5.990866 24 ) (5.990866 -5.990866 24 ) (9.001795 -8.998205 22.996693 ) (6.014846 -11.986303 22 ) 
5 29 59 0 (0 -13.655172 8.206898 ) (0 -16 11.333334 ) (0 -16 18.666668 ) (0 -15.230769 20.461540 ) (0 -12 14 ) 
3 29 58 0 (0 -16 18.666668 ) (0 -16 22 ) (0 -15.230769 20.461540 ) 
3 29 30 0 (8 -16 22 ) (0 -16 22 ) (0 -16 11.333333 ) 
4 30 62 0 (0 -320 448 ) (0 -16 448 ) (0 -16 0 ) (0 -320 0 ) 
4 30 31 0 (0 -320 0 ) (0 -16 0 ) (16 -16 0 ) (16 -320 0 ) 
4 31 63 0 (0 -320 0 ) (0 0 0 ) (0 0 -192 ) (0 -320 -192 ) 
4 32 47 0 (-16 16 0 ) (-16 256 0 ) (0 256 0 ) (0 16 0 ) 
3 32 40 0 (0 16 11.333334 ) (0 16 22 ) (-8 16 22 ) 
4 32 38 0 (-8 16 0 ) (0 16 0 ) (0 16 11.333334 ) (-8 16 22 ) 
4 32 36 0 (-16 16 24 ) (-16 16 0 ) (-8 16 0 ) (-8 16 24 ) 
4 32 33 0 (-16 16 448 ) (-16 16 24 ) (0 16 24 ) (0 16 448 ) 
4 32 46 0 (-16 256 448 ) (-16 256 0 ) (-16 16 0 ) (-16 16 448 ) 
5 33 48 0 (0 0 26 ) (0 0 448 ) (-16 0 448 ) (-16 0 24 ) (-9 0 24 ) 
4 33 41 0 (0 12 24 ) (0 9 24 ) (-6 3 24 ) (-6 12 24 ) 
5 33 37 0 (-9 0 24 ) (-12 0 24 ) (-12 6 24 ) (-6 12 24 ) (-6 3 24 ) 
3 33 36 0 (-16 8 24 ) (-16 16 24 ) (-8 16 24 ) 
3 33 35 0 (-9 0 24 ) (-6 3 24 ) (0 0 26 ) 
3 33 34 0 (-2.998433 6 24 ) (0 8.997741 24 ) (0 0 26 ) 
4 33 46 0 (-16 0 24 ) (-16 0 448 ) (-16 16 448 ) (-16 16 24 ) 
3 34 42 0 (-3 6 24 ) (0 9 24 ) (0 6 24 ) 
3 35 48 0 (0 0 26 ) (-9 0 24 ) (-6 0 24 ) 
3 35 37 0 (-6 0 24 ) (-9 0 24 ) (-6 3 24 ) 
3 36 47 0 (-16 8 0 ) (-16 16 0 ) (-8 16 0 ) 
3 36 45 0 (-16 8 22 ) (-12 12 14 ) (-12 12 22 ) 
4 36 43 0 (-16 8 22 ) (-16 8 0 ) (-12 12 0 ) (-12 12 14 ) 
3 36 39 0 (-8 16 0 ) (-12 12 13.998504 ) (-12 12 0 ) 
4 36 38 0 (-8 16 0 ) (-8 16 22 ) (-12 12 22 ) (-12 12 13.998504 ) 
4 36 46 0 (-16 16 0 ) (-16 8 0 ) (-16 8 24 ) (-16 16 24 ) 
3 37 55 0 (-6 0 24 ) (-12 0 24 ) (-12 0 22 ) 
3 37 41 0 (-11.989234 6.010768 22 ) (-5.989236 12.010765 24 ) (-5.989236 3.010766 24 ) 
3 38 45 0 (-12 12 22 ) (-12 12 14 ) (-12 10.344828 19.793104 ) 
5 38 40 0 (0 16 11.318159 ) (-8 16 21.983000 ) (-8.008927 15.991499 21.983000 ) (-6.011991 12 14 ) (0 13.658270 8.196054 ) 
5 38 39 0 (-6 12.004275 13.990548 ) (-12 10.349388 19.784954 ) (-12 12 14.007816 ) (-8 16 0.007813 ) (-7.996652 16 0.007811 ) 
3 39 45 0 (-12 12 14 ) (-12 6 14 ) (-12 10.344828 19.793104 ) 
3 39 43 0 (-12 12 14 ) (-12 12 0 ) (-12 6 14 ) 
4 41 42 0 (-5.988954 12 22 ) (0 12 23.330877 ) (0 8.988131 24 ) (-2.987321 6 24 ) 
3 43 57 0 (-15.230770 0 20.461540 ) (-16 0 22 ) (-16 0 18.666668 ) 
3 43 45 0 (-12 6.001396 14.001862 ) (-12 12 14.001862 ) (-16 8 22.001862 ) 
4 43 44 0 (-16 8 0.002542 ) (-12 6.002204 13.997025 ) (-15.231956 0 20.460938 ) (-16 0 18.669043 ) 
4 43 46 0 (-16 8 0 ) (-16 0 18.666668 ) (-16 0 22 ) (-16 8 22 ) 
5 44 57 0 (-13.655172 0 8.206896 ) (-12 0 14 ) (-15.230770 0 20.461540 ) (-16 0 18.666668 ) (-16 0 11.333333 ) 
3 44 54 0 (-16 0 0 ) (-13.655172 0 8.206896 ) (-16 0 11.333333 ) 
3 44 46 0 (-16 8 0 ) (-16 0 0 ) (-16 0 18.666668 ) 
4 46 61 0 (-256 0 0 ) (-16 0 0 ) (-16 0 448 ) (-256 0 448 ) 
4 46 47 0 (-16 0 0 ) (-256 0 0 ) (-256 256 0 ) (-16 256 0 ) 
4 47 63 0 (-256 0 -192 ) (0 0 -192 ) (0 0 0 ) (-256 0 0 ) 
4 48 55 0 (-12 0 24 ) (-6 0 24 ) (-6 -6 24 ) (-12 -6 24 ) 
3 48 52 0 (-12 -6 24 ) (-6 -6 24 ) (-6 -12 24 ) 
3 48 51 0 (-8 -16 24 ) (-16 -16 24 ) (-16 -8 24 ) 
3 48 50 0 (-5.992153 -6 24 ) (-5.992153 -3.007849 24 ) (0 -0.007859 25.997379 ) 
4 48 49 0 (0 -16 25.997402 ) (-5.992154 -16 24 ) (-5.992153 -6 24 ) (0 -0.007859 25.997379 ) 
5 48 62 0 (0 -16 26 ) (0 -16 448 ) (-16 -16 448 ) (-16 -16 24 ) (-6 -16 24 ) 
4 48 61 0 (-16 -16 24 ) (-16 -16 448 ) (-16 0 448 ) (-16 0 24 ) 
4 49 52 0 (-6 -12 24 ) (-6 -6 24 ) (0 -6 24 ) (0 -12 24 ) 
3 49 50 0 (-3.011555 -5.988447 24 ) (-5.980635 -5.988447 24 ) (-0.042466 -0.050279 25.979391 ) 
3 49 62 0 (0 -16 24 ) (0 -16 26 ) (-6 -16 24 ) 
3 50 56 0 (-6 -6 24 ) (-6 -3 24 ) (-3 -6 24 ) 
3 51 63 0 (-8 -16 0 ) (-16 -16 0 ) (-16 -8 0 ) 
3 51 60 0 (-8 -16 22 ) (-12 -12 14 ) (-12 -12 22 ) 
4 51 58 0 (-8 -16 22 ) (-8 -16 0 ) (-12 -12 0 ) (-12 -12 14 ) 
4 51 53 0 (-16 -8 0 ) (-16 -8 22 ) (-12 -12 22 ) (-12 -12 0 ) 
4 51 62 0 (-16 -16 0 ) (-8 -16 0 ) (-8 -16 24 ) (-16 -16 24 ) 
4 51 61 0 (-16 -8 0 ) (-16 -16 0 ) (-16 -16 24 ) (-16 -8 24 ) 
4 52 56 0 (-6.010768 -11.989234 22 ) (-9.005383 -8.994617 22.998207 ) (-6 -5.989236 24 ) (-3.010765 -5.989236 24 ) 
3 52 55 0 (-9.005383 -8.994617 22.998207 ) (-12.010765 -5.989236 24 ) (-6 -5.989236 24 ) 
3 53 60 0 (-12 -12 22 ) (-12 -12 14 ) (-6 -12 14 ) 
3 53 58 0 (-12 -12 14 ) (-12 -12 0 ) (-6 -12 14 ) 
5 53 57 0 (-16 -2.003837 13.991046 ) (-16 -8 21.985678 ) (-15.992839 -8.007587 21.985678 ) (-12 -6.010628 14 ) (-12 -6.003866 13.990982 ) 
3 53 54 0 (-16 -2 14.004502 ) (-11.998713 -6 14.004502 ) (-16 -8 0 ) 
3 53 61 0 (-16 -8 0 ) (-16 -8 22 ) (-16 -2 14 ) 
4 54 57 0 (-16 0 11.319537 ) (-16 -2.003837 13.991046 ) (-12.002576 -6.001289 13.990982 ) (-13.658001 0 8.197000 ) 
4 54 61 0 (-16 0 0 ) (-16 -8 0 ) (-16 -2 14 ) (-16 0 11.333333 ) 
4 55 56 0 (-5.990866 -5.990866 24 ) (-8.998205 -9.001795 22.996693 ) (-11.986303 -6.014846 22 ) (-5.990866 -3.009135 24 ) 
3 57 61 0 (-16 -8 22 ) (-16 0 22 ) (-16 0 11.333333 ) 
3 58 60 0 (-6.001396 -12 14.001862 ) (-12 -12 14.001862 ) (-8 -16 22.001862 ) 
4 58 59 0 (-8 -16 0.002542 ) (-6.002204 -12 13.997025 ) (0 -15.231956 20.460938 ) (0 -16 18.669043 ) 
4 58 62 0 (-8 -16 0 ) (0 -16 18.666664 ) (0 -16 22 ) (-8 -16 22 ) 
3 59 62 0 (-8 -16 0 ) (0 -16 0 ) (0 -16 18.666664 ) 
4 61 63 0 (-256 0 0 ) (-16 0 0 ) (-16 -16 0 ) (-256 -16 0 ) 
4 61 62 0 (-256 -16 448 ) (-256 -16 0 ) (-16 -16 0 ) (-16 -16 448 ) 
4 62 63 0 (0 -16 0 ) (0 -320 0 ) (-256 -320 0 ) (-256 -16 0 ) 
4 0 (16 0 22 ) (16 0 24 ) (16 8 24 ) (16 8 22 ) 
4 0 (16 256 448 ) (256 256 448 ) (256 256 0 ) (16 256 0 ) 
4 0 (256 256 448 ) (16 256 448 ) (16 0 448 ) (256 0 448 ) 
4 0 (256 256 448 ) (256 0 448 ) (256 0 0 ) (256 256 0 ) 
5 1 (8 16 22 ) (8 16 23.333332 ) (6 16 24 ) (2 16 24 ) (2 16 22 ) 
4 1 (2 16 24 ) (0 16 24 ) (0 16 22 ) (2 16 22 ) 
3 1 (8 16 23.333332 ) (8 16 24 ) (6 16 24 ) 
4 1 (16 16 448 ) (16 256 448 ) (0 256 448 ) (0 16 448 ) 
4 1 (0 256 448 ) (16 256 448 ) (16 256 0 ) (0 256 0 ) 
5 2 (6 16 24 ) (8 16 24 ) (12 12 24 ) (12 6 24 ) (6 12 24 ) 
4 2 (12 12 24 ) (16 8 24 ) (16 0 24 ) (12 0 24 ) 
4 2 (5.992153 3.007853 24 ) (5.992153 0 24 ) (0 0 25.997379 ) (0 0.007859 25.997379 ) 
4 2 (16 16 448 ) (0 16 448 ) (0 0 448 ) (16 0 448 ) 
3 3 (2 16 24 ) (6 16 24 ) (6 12 24 ) 
4 3 (0 16 24 ) (2 16 24 ) (6 12 24 ) (0 12 24 ) 
5 3 (0 5.988448 24 ) (3.011558 5.988447 24 ) (0.026849 0.019038 25.989803 ) (0.007812 0 25.996149 ) (0 0 25.996149 ) 
4 4 (6.001117 2.992746 24 ) (0.018251 0 25.994642 ) (0 0 25.998697 ) (2.998047 5.996094 24 ) 
3 5 (8 16 23.333191 ) (8 16 22 ) (12 12 22 ) 
4 5 (12 12 24 ) (8 16 24 ) (8 16 23.333191 ) (12 12 22 ) 
4 5 (16 8 22 ) (16 8 24 ) (12 12 24 ) (12 12 22 ) 
5 6 (16 8 22.001932 ) (12 6.001396 14.001862 ) (12 6 14.001862 ) (15.230327 0 20.462572 ) (16 0 22.001932 ) 
3 6 (12 6.002204 13.997025 ) (12 12 0.002170 ) (16 8 0.002170 ) 
3 7 (12 6 14.001862 ) (12 0 14.001862 ) (15.230327 0 20.462572 ) 
4 7 (12 5.998047 14.001953 ) (16 7.998046 0.001957 ) (16 0 0.001957 ) (12 0 14.001953 ) 
3 8 (12 11.998796 21.985374 ) (12 6.018254 14.010513 ) (15.987830 8.012170 21.986172 ) 
5 9 (5.988999 0 24 ) (5.988999 3.011008 24 ) (11.989233 6.010768 22 ) (12 6 21.996412 ) (12 0 21.996412 ) 
4 9 (12 6 24 ) (12 0 24 ) (12 0 22 ) (12 6 22 ) 
3 9 (12 6 24 ) (12 6 21.992294 ) (5.976882 12.023438 24 ) 
3 10 (8 16 22 ) (2 16 22 ) (6 12 14 ) 
4 10 (2 16 22 ) (0 16 22 ) (0 12 14 ) (6 12 14 ) 
4 10 (0 16 0.011746 ) (7.994966 16 0.011747 ) (5.998433 11.998540 14.007064 ) (0 11.998540 14.007064 ) 
4 11 (6.008285 11.997040 14.004501 ) (8.006511 15.993488 0.016927 ) (12 12 0.017332 ) (12 8.769650 7.554924 ) 
4 12 (5.996246 12 22 ) (5.996094 12 24 ) (6 11.996094 24 ) (12 5.996094 22 ) 
4 12 (5.994317 11.996448 22.001184 ) (11.996444 5.994321 22.001184 ) (6 2.996099 24 ) (2.996799 6 24 ) 
4 12 (0 12 23.333334 ) (0 12 24 ) (6 12 24 ) (6 12 22 ) 
3 13 (0 12 22 ) (0 12 23.333334 ) (6 12 22 ) 
5 13 (0 12 21.997648 ) (5.992187 12 21.997648 ) (6.004957 11.995044 22 ) (3.003908 5.992945 24 ) (0 5.992945 24 ) 
3 14 (12 6 14.015717 ) (5.994796 12.005204 14.015717 ) (12 8.771633 7.548573 ) 
4 14 (8.022173 15.977826 21.994123 ) (6.022418 11.977583 13.989808 ) (12 6 13.989808 ) (12 12 21.994122 ) 
4 15 (256 0 -192 ) (0 0 -192 ) (0 256 -192 ) (256 256 -192 ) 
4 15 (16 8 0 ) (12 12 0 ) (12 0 0 ) (16 0 0 ) 
5 15 (12 5 0 ) (12 12 0 ) (8 16 0 ) (0 16 0 ) (0 5 0 ) 
4 15 (12 5 0 ) (0 5 0 ) (0 0 0 ) (12 0 0 ) 
4 15 (256 256 -192 ) (0 256 -192 ) (0 256 0 ) (256 256 0 ) 
4 15 (256 0 0 ) (256 0 -192 ) (256 256 -192 ) (256 256 0 ) 
4 16 (16 -8 22 ) (16 -8 24 ) (16 0 24 ) (16 0 22 ) 
4 16 (256 0 448 ) (256 -320 448 ) (256 -320 0 ) (256 0 0 ) 
4 16 (16 -320 448 ) (256 -320 448 ) (256 0 448 ) (16 0 448 ) 
4 16 (16 -320 0 ) (256 -320 0 ) (256 -320 448 ) (16 -320 448 ) 
4 17 (6 -16 24 ) (0 -16 24 ) (0 -12 24 ) (6 -12 24 ) 
5 17 (8 -16 24 ) (6 -16 24 ) (6 -12 24 ) (12 -6 24 ) (12 -12 24 ) 
4 17 (12 -6 24 ) (16 -6 24 ) (16 -8 24 ) (12 -12 24 ) 
4 17 (3.007849 -5.992153 24 ) (0 -5.992153 24 ) (0 0 25.997402 ) (0.007793 0 25.997402 ) 
4 17 (16 -16 448 ) (16 0 448 ) (0 0 448 ) (0 -16 448 ) 
4 18 (12 0 24 ) (16 0 24 ) (16 -6 24 ) (12 -6 24 ) 
4 18 (0.050278 -0.042466 25.979391 ) (0.007812 0 25.993546 ) (5.988448 0 24 ) (5.988447 -3.011555 24 ) 
4 19 (2.995306 -5.990614 24 ) (0 0 25.997837 ) (0.007811 0 25.996094 ) (5.996094 -2.994141 24 ) 
3 20 (8 -16 22 ) (8 -16 23.333191 ) (12 -12 22 ) 
4 20 (8 -16 23.333191 ) (8 -16 24 ) (12 -12 24 ) (12 -12 22 ) 
4 20 (12 -12 24 ) (16 -8 24 ) (16 -8 22 ) (12 -12 22 ) 
4 21 (12 0 14.001862 ) (12 -6.001396 14.001862 ) (16 -8 22.001862 ) (16 0 22.001862 ) 
4 21 (16 0 0.004533 ) (16 -8 0.004533 ) (12 -5.997908 14.004883 ) (12 0 14.004883 ) 
3 22 (12 -6.009765 13.994141 ) (15.993489 -8.006511 0.016926 ) (12 -11.997110 0.017162 ) 
3 23 (15.992230 -8.007835 21.992275 ) (12 -6.012396 14.010513 ) (12 -12 21.993982 ) 
5 24 (12 0 21.996412 ) (12 -6 21.996412 ) (11.989234 -6.010768 22 ) (5.989236 -3.010765 24 ) (5.989236 0 24 ) 
4 24 (12 -6 22 ) (12 0 22 ) (12 0 24 ) (12 -6 24 ) 
3 24 (6.017020 -11.975168 24 ) (12 -5.994796 22.006079 ) (12 -5.994796 24 ) 
3 25 (8.008927 -15.991499 21.983000 ) (12 -12 21.983000 ) (6.012199 -12 14 ) 
3 25 (12 -12 21.983000 ) (12 -6.004636 13.989182 ) (6.004436 -12 13.989650 ) 
4 25 (6 -11.998713 14.004502 ) (12 -5.997944 14.004501 ) (12 -12 0 ) (8 -16 0 ) 
4 26 (6 -12.002832 13.992040 ) (7.998046 -16 0.001954 ) (0 -16 0.002915 ) (0 -13.658134 8.199303 ) 
5 27 (6 -12 22 ) (6 -12 23.997395 ) (5.992187 -12 24 ) (0 -12 24 ) (0 -12 22 ) 
5 27 (0 -5.990866 24 ) (3.009135 -5.990866 24 ) (6.014846 -11.986303 22 ) (6.001155 -12 21.995176 ) (0 -12 21.995176 ) 
3 27 (5.997558 -12 23.998932 ) (5.997558 -12 22 ) (8.996238 -9.001321 23 ) 
3 28 (5.997558 -12 22 ) (11.993857 -6.003702 22 ) (8.996238 -9.001321 23 ) 
6 28 (12 -6.023436 21.996527 ) (6.023082 -12 21.996527 ) (6 -12 22.001303 ) (3.001954 -6.003907 24 ) (6.003191 -3.003641 24 ) (12 -5.998226 22.002129 ) 
3 29 (0 -12 14.003307 ) (6 -12 14.003307 ) (0 -13.655172 8.210204 ) 
5 29 (8.010395 -15.989604 21.979153 ) (6.015625 -12 14 ) (0 -12 14 ) (0 -16 22 ) (8 -16 22 ) 
5 30 (0 -16 22 ) (0 -16 24 ) (6 -16 24 ) (8 -16 23.333332 ) (8 -16 22 ) 
3 30 (6 -16 24 ) (8 -16 24 ) (8 -16 23.333332 ) 
4 30 (0 -320 0 ) (16 -320 0 ) (16 -320 448 ) (0 -320 448 ) 
4 30 (16 -320 448 ) (16 -16 448 ) (0 -16 448 ) (0 -320 448 ) 
4 31 (0 -320 -192 ) (0 0 -192 ) (256 0 -192 ) (256 -320 -192 ) 
4 31 (12 -12 0 ) (16 -8 0 ) (16 0 0 ) (12 0 0 ) 
6 31 (8 -16 0 ) (12 -12 0 ) (12 0 0 ) (7.500000 0 0 ) (0 -7.500000 0 ) (0 -16 0 ) 
3 31 (7.500000 0 0 ) (0 0 0 ) (0 -7.500000 0 ) 
4 31 (256 -320 -192 ) (256 0 -192 ) (256 0 0 ) (256 -320 0 ) 
4 31 (0 -320 -192 ) (256 -320 -192 ) (256 -320 0 ) (0 -320 0 ) 
5 32 (0 16 22 ) (0 16 24 ) (-6 16 24 ) (-8 16 23.333334 ) (-8 16 22 ) 
3 32 (-6 16 24 ) (-8 16 24 ) (-8 16 23.333334 ) 
4 32 (0 16 448 ) (0 256 448 ) (-16 256 448 ) (-16 16 448 ) 
4 32 (-16 256 448 ) (0 256 448 ) (0 256 0 ) (-16 256 0 ) 
4 33 (-12 0 24 ) (-16 0 24 ) (-16 8 24 ) (-12 12 24 ) 
4 33 (-6 16 24 ) (0 16 24 ) (0 12 24 ) (-6 12 24 ) 
5 33 (-12 6 24 ) (-12 12 24 ) (-8 16 24 ) (-6 16 24 ) (-6 12 24 ) 
3 33 (-6 3 24 ) (-2.998433 6 24 ) (0 0 26 ) 
4 33 (0 16 448 ) (-16 16 448 ) (-16 0 448 ) (0 0 448 ) 
4 34 (0 0 25.998615 ) (-0.011707 0 25.998615 ) (-3.009649 5.995859 24 ) (0 5.995859 24 ) 
4 35 (-5.994751 0 24 ) (-5.994751 2.997375 24 ) (0 0 25.997400 ) (0 0 25.997400 ) 
4 36 (-12 12 24 ) (-16 8 24 ) (-16 8 22 ) (-12 12 22 ) 
3 36 (-8 16 22 ) (-8 16 23.333191 ) (-12 12 22 ) 
4 36 (-8 16 23.333191 ) (-8 16 24 ) (-12 12 24 ) (-12 12 22 ) 
4 37 (-12 6 22 ) (-12 0 22 ) (-12 0 24 ) (-12 6 24 ) 
5 37 (-12 0 21.996412 ) (-12 6 21.996412 ) (-11.989234 6.010768 22 ) (-5.989236 3.010766 24 ) (-5.989236 0 24 ) 
3 37 (-6.017020 11.975168 24 ) (-12 5.994796 22.006079 ) (-12 5.994796 24 ) 
3 38 (-12 12 21.983000 ) (-12 10.348345 19.780792 ) (-6.011991 12 14 ) 
3 38 (-8.008927 15.991499 21.983000 ) (-12 12 21.983000 ) (-6.011991 12 14 ) 
4 38 (0 13.659039 8.196578 ) (-6 12.004275 13.990548 ) (-7.996652 16 0.007811 ) (0 16 0.004003 ) 
3 39 (-12 10.348345 19.780792 ) (-12 6.004637 13.989182 ) (-6.001454 12.002906 13.989827 ) 
4 39 (-8.007742 15.992257 0.010178 ) (-6.007217 11.990997 14.011978 ) (-12 5.998214 14.011977 ) (-12 12 0.010176 ) 
3 40 (0 12 14.003307 ) (-6 12 14.003307 ) (0 13.655172 8.210204 ) 
5 40 (-8.010395 15.989604 21.979153 ) (-6.015625 12 14 ) (0 12 14 ) (0 16 22 ) (-8 16 22 ) 
6 41 (-5.991002 2.995502 24 ) (-12 6 21.996094 ) (-12 6 21.997900 ) (-5.998400 12 21.997900 ) (-5.988954 12 22 ) (-2.987321 6 24 ) 
3 41 (-5.997558 12 23.998932 ) (-5.997558 12 22 ) (-11.993857 6.003702 22 ) 
4 41 (-6 12 22 ) (-6 12 24 ) (0 12 24 ) (0 12 23.333334 ) 
3 42 (-6 12 22 ) (0 12 23.333334 ) (0 12 22 ) 
5 42 (0 5.992189 24 ) (-3.007814 5.992189 24 ) (-6.007635 11.991834 22 ) (-6 12 21.997396 ) (0 12 21.997396 ) 
5 43 (-12 6 14.001862 ) (-12 6.001396 14.001862 ) (-16 8 22.001862 ) (-16 0 22.001862 ) (-15.230339 0 20.462540 ) 
3 43 (-16 8 0.002542 ) (-12 12.002818 0.002542 ) (-12 6.002204 13.997025 ) 
3 44 (-12 0 14.001862 ) (-12 6 14.001862 ) (-15.230339 0 20.462540 ) 
5 44 (-16 0 0.015624 ) (-16 8 0.015625 ) (-15.998791 8.001348 0.012046 ) (-12 6.001953 14.007812 ) (-12 0 14.007812 ) 
3 45 (-15.992230 8.007835 21.992275 ) (-12 6.012396 14.010513 ) (-12 12 21.993982 ) 
4 46 (-16 8 22 ) (-16 8 24 ) (-16 0 24 ) (-16 0 22 ) 
4 46 (-16 256 448 ) (-16 256 0 ) (-256 256 0 ) (-256 256 448 ) 
4 46 (-16 256 448 ) (-256 256 448 ) (-256 0 448 ) (-16 0 448 ) 
4 46 (-256 256 0 ) (-256 0 0 ) (-256 0 448 ) (-256 256 448 ) 
4 47 (0 0 -192 ) (-256 0 -192 ) (-256 256 -192 ) (0 256 -192 ) 
6 47 (0 7.500000 0 ) (0 16 0 ) (-8 16 0 ) (-12 12 0 ) (-12 0 0 ) (-7.500000 0 0 ) 
3 47 (0 7.500000 0 ) (-7.500000 0 0 ) (0 0 0 ) 
4 47 (-12 12 0 ) (-16 8 0 ) (-16 0 0 ) (-12 0 0 ) 
4 47 (-256 256 -192 ) (-256 256 0 ) (0 256 0 ) (0 256 -192 ) 
4 47 (-256 256 0 ) (-256 256 -192 ) (-256 0 -192 ) (-256 0 0 ) 
4 48 (-6 -16 24 ) (-8 -16 24 ) (-12 -12 24 ) (-6 -12 24 ) 
4 48 (-16 -6 24 ) (-16 0 24 ) (-12 0 24 ) (-12 -6 24 ) 
5 48 (-12 -12 24 ) (-16 -8 24 ) (-16 -6 24 ) (-12 -6 24 ) (-6 -12 24 ) 
4 48 (-5.992153 -3.007849 24 ) (-5.992153 0 24 ) (0 0 25.997379 ) (0 -0.007859 25.997379 ) 
4 48 (-16 -16 448 ) (0 -16 448 ) (0 0 448 ) (-16 0 448 ) 
4 49 (0 -16 24 ) (-6 -16 24 ) (-6 -12 24 ) (0 -12 24 ) 
4 49 (0 -5.988448 24 ) (-3.011555 -5.988447 24 ) (-0.042466 -0.050279 25.979391 ) (0 -0.007813 25.993546 ) 
4 50 (-6.001117 -2.992746 24 ) (-0.018252 0 25.994642 ) (0 0 25.998697 ) (-2.998047 -5.996095 24 ) 
4 51 (-12 -12 24 ) (-8 -16 24 ) (-8 -16 22 ) (-12 -12 22 ) 
3 51 (-16 -8 22 ) (-16 -8 23.333191 ) (-12 -12 22 ) 
4 51 (-16 -8 23.333191 ) (-16 -8 24 ) (-12 -12 24 ) (-12 -12 22 ) 
4 52 (-6 -12 22 ) (0 -12 22 ) (0 -12 24 ) (-6 -12 24 ) 
5 52 (0 -12 21.996412 ) (-6 -12 21.996412 ) (-6.010768 -11.989234 22 ) (-3.010765 -5.989236 24 ) (0 -5.989236 24 ) 
3 52 (-11.975168 -6.017020 24 ) (-5.994796 -12 22.006079 ) (-5.994796 -12 24 ) 
3 53 (-15.992839 -8.007587 21.985678 ) (-12 -12 21.985678 ) (-12 -6.010628 14 ) 
3 53 (-12 -12 21.985678 ) (-6.003907 -12 13.990887 ) (-12 -6.003866 13.990982 ) 
4 53 (-11.998713 -6 14.004502 ) (-5.997944 -12 14.004501 ) (-12 -12 0 ) (-16 -8 0 ) 
4 54 (-12.002832 -6 13.992040 ) (-16 -7.998046 0.001954 ) (-16 0 0.002915 ) (-13.658134 0 8.199303 ) 
5 55 (-12 -6 22 ) (-12 -6 23.997395 ) (-12 -5.992187 24 ) (-12 0 24 ) (-12 0 22 ) 
5 55 (-11.986303 -6.014846 22 ) (-12 -6.001155 21.995176 ) (-12 0 21.995176 ) (-5.990866 0 24 ) (-5.990866 -3.009135 24 ) 
3 55 (-12 -5.997558 23.998932 ) (-12 -5.997558 22 ) (-9.001321 -8.996238 23 ) 
3 56 (-12 -5.997558 22 ) (-6.003702 -11.993857 22 ) (-9.001321 -8.996238 23 ) 
6 56 (-6.015625 -12 21.996338 ) (-12 -6.015448 21.996338 ) (-12 -6.003905 21.998699 ) (-5.996096 -3.001954 24 ) (-3 -6 24 ) (-6.001593 -12 22 ) 
3 57 (-12 0 14.003307 ) (-12 -6 14.003307 ) (-13.655172 0 8.210204 ) 
4 57 (-16 -8 22 ) (-12 -6 14 ) (-12 0 14 ) (-16 0 22 ) 
5 58 (-6 -12 14.001862 ) (-6.001396 -12 14.001862 ) (-8 -16 22.001862 ) (0 -16 22.001862 ) (0 -15.230339 20.462540 ) 
3 58 (-8 -16 0.002542 ) (-12.002818 -12 0.002542 ) (-6.002204 -12 13.997025 ) 
3 59 (0 -12 14.001862 ) (-6 -12 14.001862 ) (0 -15.230339 20.462540 ) 
5 59 (0 -16 0.015624 ) (-8 -16 0.015625 ) (-8.001348 -15.998791 0.012046 ) (-6.001953 -12 14.007812 ) (0 -12 14.007812 ) 
3 60 (-8.012197 -15.985330 21.978472 ) (-6.020207 -12 14.010513 ) (-12 -12 21.983568 ) 
5 61 (-16 0 22 ) (-16 0 24 ) (-16 -6 24 ) (-16 -8 23.333332 ) (-16 -8 22 ) 
3 61 (-16 -6 24 ) (-16 -8 24 ) (-16 -8 23.333332 ) 
4 61 (-256 -16 448 ) (-16 -16 448 ) (-16 0 448 ) (-256 0 448 ) 
4 61 (-256 0 0 ) (-256 -16 0 ) (-256 -16 448 ) (-256 0 448 ) 
4 62 (-8 -16 22 ) (-8 -16 24 ) (0 -16 24 ) (0 -16 22 ) 
4 62 (-256 -16 0 ) (-256 -320 0 ) (-256 -320 448 ) (-256 -16 448 ) 
4 62 (-256 -16 448 ) (-256 -320 448 ) (0 -320 448 ) (0 -16 448 ) 
4 62 (-256 -320 0 ) (0 -320 0 ) (0 -320 448 ) (-256 -320 448 ) 
4 63 (-256 -320 -192 ) (-256 0 -192 ) (0 0 -192 ) (0 -320 -192 ) 
6 63 (-16 -8 0 ) (-12 -12 0 ) (0 -12 0 ) (0 -7.500000 0 ) (-7.500000 0 0 ) (-16 0 0 ) 
3 63 (0 -7.500000 0 ) (0 0 0 ) (-7.500000 0 0 ) 
4 63 (-12 -12 0 ) (-8 -16 0 ) (0 -16 0 ) (0 -12 0 ) 
4 63 (-256 -320 0 ) (-256 0 0 ) (-256 0 -192 ) (-256 -320 -192 ) 
4 63 (-256 -320 0 ) (-256 -320 -192 ) (0 -320 -192 ) (0 -320 0 ) 
