PRT1
33
94
90
4 0 17 0 (0 0 0 ) (0 0 448 ) (0 256 448 ) (0 256 0 ) 
4 0 13 0 (0 0 448 ) (0 0 0 ) (256 0 0 ) (256 0 448 ) 
4 0 1 0 (256 0 0 ) (0 0 0 ) (0 256 0 ) (256 256 0 ) 
4 1 18 0 (0 0 -2 ) (0 0 0 ) (0 256 0 ) (0 256 -2 ) 
4 1 14 0 (0 0 0 ) (0 0 -2 ) (256 0 -2 ) (256 0 0 ) 
3 1 6 0 (5 0 -2 ) (2 0 -2 ) (3 2 -2 ) 
5 1 4 0 (169 256 -2 ) (256 256 -2 ) (256 0 -2 ) (5 0 -2 ) (1 4 -2 ) 
3 1 3 0 (2 0 -2 ) (0 0 -2 ) (0 0.666667 -2 ) 
3 1 2 0 (0 256 -2 ) (169 256 -2 ) (0 2.500000 -2 ) 
4 2 19 0 (0 2.500000 -2 ) (0 256 -2 ) (0 256 -64 ) (0 21.100002 -64 ) 
5 2 5 0 (0 21.098230 -64 ) (59.529774 110.392876 -64 ) (1.665380 4.997440 -2 ) (1 4 -2 ) (0 4 -7.001575 ) 
4 2 4 0 (59.529774 110.392876 -64 ) (156.601196 256 -64 ) (168.996185 256 -2 ) (1.665380 4.997440 -2 ) 
3 2 12 0 (0 256 -64 ) (156.600006 256 -64 ) (0 21.100000 -64 ) 
3 3 20 0 (0 0 -12 ) (0 0 -2 ) (0 0.666667 -2 ) 
3 3 14 0 (0 0 -2 ) (0 0 -12 ) (2 0 -2 ) 
6 4 14 0 (1 0 -24 ) (9 0 -64 ) (256 0 -64 ) (256 0 -2 ) (5 0 -2 ) (0.882353 0 -22.588236 ) 
3 4 8 0 (5.889518 3.112369 -64 ) (9.001892 0 -64 ) (1.001759 0 -24.021114 ) 
4 4 6 0 (0.883074 0 -22.596891 ) (5.002125 0 -2 ) (3 2.001505 -2 ) (1 2.001611 -12 ) 
6 4 5 0 (5.888486 3.111919 -64 ) (1 0 -24 ) (1 2.057102 -11.661618 ) (1.106646 3.882075 -2 ) (1.662433 4.993649 -2 ) (59.529079 110.393616 -64 ) 
6 4 12 0 (156.600006 256 -64 ) (256 256 -64 ) (256 0 -64 ) (9 0 -64 ) (5.888885 3.111105 -64 ) (59.533325 110.399979 -64 ) 
5 5 23 0 (0 4 -7 ) (0 21.100002 -64 ) (0 9 -64 ) (0 1 -24 ) (0 3 -12 ) 
4 5 9 0 (2.600753 6.401129 -64 ) (5 4.001257 -64 ) (3 2 -44.001453 ) (1 4 -44.001469 ) 
3 5 8 0 (5 4.001257 -64 ) (5.889518 3.112369 -64 ) (1.001759 0 -24.021114 ) 
4 5 7 0 (0 9.001877 -64 ) (2.600753 6.401129 -64 ) (1 4 -44 ) (0 3 -34.005524 ) 
4 5 12 0 (5.888885 3.111105 -64 ) (0 9 -64 ) (0 21.100000 -64 ) (59.533325 110.399979 -64 ) 
4 6 14 0 (0 0 -12 ) (0.882353 0 -22.588236 ) (5 0 -2 ) (2 0 -2 ) 
5 7 26 0 (0 3 -34 ) (0 9 -64 ) (0 3.333333 -64 ) (0 2.500000 -57.750004 ) (0 2.500000 -44 ) 
3 7 21 0 (0 3.333333 -64 ) (0 2.500000 -64 ) (0 2.500000 -57.750004 ) 
4 7 9 0 (1 4 -64 ) (2.607306 6.410471 -64 ) (1.008085 4.011640 -44.009747 ) (1 4 -44.009647 ) 
3 7 12 0 (0 2.500000 -64 ) (0 9 -64 ) (2.599999 6.399998 -64 ) 
3 8 16 0 (2.842105 0 -46.105267 ) (1 0 -24 ) (2 0 -44 ) 
4 8 15 0 (3 0 -64 ) (4.333333 0 -64 ) (2.842105 0 -46.105267 ) (2 0 -44 ) 
3 8 14 0 (4.333333 0 -64 ) (9 0 -64 ) (1 0 -24 ) 
4 8 11 0 (3 2 -43.996056 ) (3.666926 1.333074 -64 ) (3 0 -64 ) (2 0 -43.992210 ) 
3 8 9 0 (3 2 -43.996056 ) (5 4 -64 ) (3.666926 1.333074 -64 ) 
3 8 12 0 (9 0 -64 ) (3 0 -64 ) (5 4 -64 ) 
3 9 11 0 (3.666442 1.333558 -64 ) (3 2 -44.007324 ) (3 2 -64 ) 
4 9 12 0 (1 4 -64 ) (2.599999 6.399998 -64 ) (5 4 -64 ) (3.666667 1.333334 -64 ) 
4 10 22 0 (0 0 -64 ) (0 0 -39 ) (0 0.666667 -44 ) (0 0.666667 -64 ) 
4 10 15 0 (0 0 -39 ) (0 0 -64 ) (2 0 -64 ) (2 0 -44 ) 
3 10 12 0 (2 0 -64 ) (0 0 -64 ) (0 0.666667 -64 ) 
3 11 15 0 (2 0 -64 ) (3 0 -64 ) (2 0 -44 ) 
4 11 12 0 (3 0 -64 ) (2 0 -64 ) (3 2 -64 ) (3.666667 1.333334 -64 ) 
4 12 27 0 (0 0 -192 ) (0 0 -64 ) (0 256 -64 ) (0 256 -192 ) 
4 12 15 0 (0 0 -64 ) (0 0 -192 ) (15 0 -192 ) (4.333328 0 -64 ) 
4 12 14 0 (15 0 -192 ) (256 0 -192 ) (256 0 -64 ) (4.333328 0 -64 ) 
4 13 28 0 (0 -320 448 ) (0 0 448 ) (0 0 0 ) (0 -320 0 ) 
4 13 14 0 (0 -320 0 ) (0 0 0 ) (256 0 0 ) (256 -320 0 ) 
5 14 29 0 (0 -320 0 ) (0 0 0 ) (0 0 -12 ) (0 -30 -192 ) (0 -320 -192 ) 
3 14 16 0 (1.003343 0 -24.066868 ) (2.839260 0 -46.098152 ) (0.006687 -1.993314 -24.066875 ) 
4 14 15 0 (14.997589 0 -192 ) (0 -29.995184 -192 ) (0 -1.998020 -24.014868 ) (2.839260 0 -46.098152 ) 
5 15 32 0 (0 0 -39 ) (0 0 -94 ) (0 -4.900000 -192 ) (0 -30 -192 ) (0 -2 -24 ) 
3 15 30 0 (0 0 -94 ) (0 0 -192 ) (0 -4.900000 -192 ) 
4 15 16 0 (0 -2.004639 -23.966513 ) (2.848698 0 -46.123035 ) (2 0 -44 ) (0 -2 -24 ) 
4 17 28 0 (-256 0 0 ) (0 0 0 ) (0 0 448 ) (-256 0 448 ) 
4 17 18 0 (0 0 0 ) (-256 0 0 ) (-256 256 0 ) (0 256 0 ) 
4 18 29 0 (0 0 -2 ) (0 0 0 ) (-256 0 0 ) (-256 0 -2 ) 
4 18 20 0 (0 0 -2 ) (-1.666667 0 -2 ) (-1 1 -2 ) (0 0.666667 -2 ) 
5 18 19 0 (-1.666667 0 -2 ) (-256 0 -2 ) (-256 256 -2 ) (0 256 -2 ) (0 2.500000 -2 ) 
3 19 30 0 (-26 0 -64 ) (-14.066666 0 -64 ) (-6.111111 0 -24.222221 ) 
5 19 29 0 (-1.666667 0 -2 ) (-256 0 -2 ) (-256 0 -64 ) (-26 0 -64 ) (-6.111111 0 -24.222221 ) 
5 19 26 0 (-9.687839 6.562613 -64 ) (-4.837748 13.837749 -64 ) (-2.757099 1.361055 -12.019782 ) (-3 0.996703 -12.019780 ) (-6.049966 0.016655 -24 ) 
3 19 25 0 (-2.757099 1.361055 -12.019781 ) (-3.236639 4.236639 -24 ) (-1 3.996701 -12.019792 ) 
3 19 24 0 (0 3.996166 -7.019172 ) (0 3.889426 -6.663451 ) (-0.996301 3.996305 -12 ) 
5 19 23 0 (-4.837748 13.837749 -64 ) (0 21.094370 -64 ) (0 3.996166 -7.019172 ) (-0.996301 3.996305 -12 ) (-3.236639 4.236639 -24 ) 
4 19 21 0 (-14.062914 0 -64 ) (-9.687839 6.562613 -64 ) (-6.049966 0.016655 -24 ) (-6.101798 0 -24.203594 ) 
4 19 20 0 (-0.994587 0.998196 -2 ) (-1.660055 0 -2 ) (-6.101798 0 -24.203594 ) (-2.994964 0.998322 -12 ) 
5 19 27 0 (-14.066666 0 -64 ) (-256 0 -64 ) (-256 256 -64 ) (0 256 -64 ) (0 21.100006 -64 ) 
4 20 29 0 (0 0 -12 ) (0 0 -2 ) (-1.666667 0 -2 ) (-6.111110 0 -24.222219 ) 
4 20 26 0 (-6.121095 0 -24.246519 ) (-3.005636 1.001398 -12.007218 ) (-3 1 -12.007213 ) (-3 0 -18.003544 ) 
3 21 32 0 (-1.666667 0 -34.833336 ) (-2 0 -34 ) (-1.666666 0 -44 ) 
6 21 30 0 (-2 0 -34 ) (-6 0 -24 ) (-6.111110 0 -24.222219 ) (-14.066666 0 -64 ) (-1.666666 0 -64 ) (-1.666666 0 -44 ) 
7 21 26 0 (0 3.330382 -64 ) (-9.691787 6.560844 -64 ) (-6.056491 0.017529 -24.012796 ) (-6.003906 0 -24.012796 ) (-2 0 -34.024212 ) (-1.001610 0.997585 -44 ) (0 2.500000 -57.772102 ) 
4 21 22 0 (-1 1 -44.041500 ) (-1.666755 0 -34.875282 ) (-1.666887 0 -64 ) (-1 1 -64 ) 
5 21 27 0 (-1.666667 0 -64 ) (-14.066666 0 -64 ) (-9.690909 6.563637 -64 ) (0 3.333334 -64 ) (0 2.500000 -64 ) 
5 22 32 0 (0 0 -64 ) (0 0 -39 ) (-1.666667 0 -34.833336 ) (-1.666666 0 -44 ) (-1 0 -64 ) 
3 22 30 0 (-1.666666 0 -44 ) (-1.666666 0 -64 ) (-1 0 -64 ) 
4 22 27 0 (0 0 -64 ) (-1.666667 0 -64 ) (-1 1 -64 ) (0 0.666667 -64 ) 
6 23 26 0 (-3.236819 4.239659 -23.982954 ) (-4.837499 13.843748 -64 ) (0 9.006171 -64 ) (0 3.001243 -33.975170 ) (-0.997508 2.003738 -24 ) (-1 2.002832 -23.983006 ) 
3 23 25 0 (-3.245364 4.245363 -24.024105 ) (-0.998393 1.998393 -24.024107 ) (-0.998393 4.003976 -11.990602 ) 
3 23 27 0 (-4.840002 13.840001 -64 ) (0 21.100006 -64 ) (0 9 -64 ) 
3 23 24 0 (-1.018927 4.003301 -12.072659 ) (0 2.984374 -12.072659 ) (0 4.002753 -6.980765 ) 
3 25 26 0 (-2.757501 1.363750 -12 ) (-3.236819 4.239659 -23.982954 ) (-1 2.002832 -23.983006 ) 
4 26 30 0 (-3 0 -18 ) (-6 0 -24 ) (-2 0 -34 ) (-2.333333 0 -24 ) 
4 26 27 0 (-9.690909 6.563637 -64 ) (-4.840002 13.840001 -64 ) (0 9 -64 ) (0 3.333334 -64 ) 
3 27 32 0 (0 0 -94 ) (0 0 -64 ) (-1 0 -64 ) 
5 27 30 0 (-90 0 -192 ) (0 0 -192 ) (0 0 -94 ) (-1 0 -64 ) (-26 0 -64 ) 
4 27 29 0 (-256 0 -192 ) (-90 0 -192 ) (-26 0 -64 ) (-256 0 -64 ) 
4 28 29 0 (-256 0 0 ) (0 0 0 ) (0 -320 0 ) (-256 -320 0 ) 
4 29 32 0 (0 -29.997635 -192 ) (-13.689618 -25.434427 -192 ) (-3 -1 -24.008390 ) (0 -1.998883 -24.008383 ) 
3 29 31 0 (-2.998626 0 -18.012369 ) (-2.562031 0 -17.139189 ) (-2.998628 -0.997934 -24 ) 
4 29 30 0 (-13.689618 -25.434427 -192 ) (-89.992889 0 -192 ) (-2.998626 0 -18.012369 ) (-2.998628 -0.997934 -24 ) 
6 30 32 0 (-2.997846 -1.004456 -24.046122 ) (-13.685954 -25.433788 -192 ) (0 -4.904856 -192 ) (0 0 -93.896759 ) (-1.996109 0 -34.009731 ) (-2.992453 -0.996366 -24.046122 ) 
3 30 31 0 (-3 0 -18.001373 ) (-3 -0.995500 -23.973618 ) (-2.335937 0 -23.973618 ) 
4 0 (256 256 448 ) (256 0 448 ) (256 0 0 ) (256 256 0 ) 
4 0 (256 256 448 ) (0 256 448 ) (0 0 448 ) (256 0 448 ) 
4 0 (0 256 448 ) (256 256 448 ) (256 256 0 ) (0 256 0 ) 
5 1 (2 0 -2 ) (0 0.666667 -2 ) (0 1.666667 -2 ) (1.111111 3.888889 -2 ) (3 2 -2 ) 
4 1 (0 1.666667 -2 ) (0 2.500000 -2 ) (1 4 -2 ) (1.111111 3.888889 -2 ) 
4 1 (256 0 0 ) (256 0 -2 ) (256 256 -2 ) (256 256 0 ) 
4 1 (256 256 -2 ) (0 256 -2 ) (0 256 0 ) (256 256 0 ) 
3 2 (1 4 -2 ) (0 2.499298 -2 ) (0 4 -7.001575 ) 
4 2 (169 256 -2 ) (156.600006 256 -64 ) (0 256 -64 ) (0 256 -2 ) 
3 3 (0 0.669010 -2 ) (2.007030 0 -2 ) (0 0 -12.035017 ) 
3 4 (3 2.001505 -2 ) (1.111905 3.890476 -2 ) (1 2.001611 -12 ) 
4 4 (1 0 -24 ) (0.998190 0 -23.990900 ) (0.878289 0 -22.552158 ) (1 2.057102 -11.661618 ) 
4 4 (256 0 -2 ) (256 0 -64 ) (256 256 -64 ) (256 256 -2 ) 
4 4 (169 256 -2 ) (256 256 -2 ) (256 256 -64 ) (156.600006 256 -64 ) 
6 5 (3 2 -44.001453 ) (1.251207 0.249597 -26.514988 ) (0.498319 0.500560 -24.006725 ) (0 0.998879 -24.006727 ) (0 2.500000 -31.508259 ) (1 4 -44.001469 ) 
4 5 (1.251207 0.249597 -26.514988 ) (1.001759 0 -24.021114 ) (0.998879 0 -24.006723 ) (0.498319 0.500560 -24.006725 ) 
3 5 (1 4 -44 ) (0 2.500000 -31.508259 ) (0 3 -34.005524 ) 
5 5 (0.997995 4.004394 -2 ) (0 4.004394 -6.991426 ) (0 2.986589 -12.080465 ) (1 1.987921 -12.072474 ) (1.111905 3.890476 -2 ) 
5 5 (1.004819 0 -24.005932 ) (1.004818 2.034613 -11.796229 ) (0 3.039431 -11.796232 ) (0 1.003124 -24.015621 ) (1.003168 0 -24.015839 ) 
3 6 (0.995618 1.992448 -12.003030 ) (0.878413 0 -22.551785 ) (0 0 -12.004993 ) 
4 6 (3 1.998485 -2 ) (1 1.998486 -12 ) (0 0 -12 ) (2 0 -2 ) 
4 7 (0 2.501126 -64 ) (1 4 -64 ) (1 4 -44.009647 ) (0 2.500136 -43.997284 ) 
3 7 (0 2.507992 -43.869877 ) (0.984546 3.984632 -43.869877 ) (0 3 -34.024414 ) 
3 8 (1.250193 0.249936 -26.496700 ) (3 2 -43.996056 ) (2 0 -43.992210 ) 
3 8 (1 0 -23.997343 ) (1.250193 0.249936 -26.496700 ) (2 0 -43.992210 ) 
4 9 (3 2 -44.007324 ) (1 4 -44 ) (1 4 -64 ) (3 2 -64 ) 
5 10 (2.001938 0.001883 -44.018974 ) (2.007588 0 -44.150784 ) (2.007588 0 -64 ) (0 0.669162 -64 ) (0 0.669162 -44.018719 ) 
3 10 (2 0 -44.005833 ) (0 0.666667 -44.005833 ) (0 0 -39.005638 ) 
5 11 (3.001572 2.003144 -44.023575 ) (3.001572 2.003144 -64 ) (2.001610 0.003220 -64 ) (2.001610 0.003219 -44 ) (3 2 -44 ) 
5 12 (3 2 -64 ) (1 4 -64 ) (0 2.500000 -64 ) (0 0.666667 -64 ) (2 0 -64 ) 
4 12 (256 0 -192 ) (0 0 -192 ) (0 256 -192 ) (256 256 -192 ) 
4 12 (256 256 -64 ) (256 256 -192 ) (0 256 -192 ) (0 256 -64 ) 
4 12 (256 0 -64 ) (256 0 -192 ) (256 256 -192 ) (256 256 -64 ) 
4 13 (0 -320 0 ) (256 -320 0 ) (256 -320 448 ) (0 -320 448 ) 
4 13 (256 -320 448 ) (256 0 448 ) (0 0 448 ) (0 -320 448 ) 
4 13 (256 0 448 ) (256 -320 448 ) (256 -320 0 ) (256 0 0 ) 
4 14 (0 -1.998020 -24.014868 ) (0 0 -12.026590 ) (1.003343 0 -24.066868 ) (0.006687 -1.993314 -24.066875 ) 
4 14 (0 -320 -192 ) (256 -320 -192 ) (256 -320 0 ) (0 -320 0 ) 
4 14 (256 -320 -192 ) (256 0 -192 ) (256 0 0 ) (256 -320 0 ) 
5 14 (0 -320 -192 ) (0 -30 -192 ) (15 0 -192 ) (256 0 -192 ) (256 -320 -192 ) 
3 15 (2 0 -44 ) (0 0 -39 ) (0 -2 -24 ) 
3 15 (0 -30 -192 ) (0 0 -192 ) (15 0 -192 ) 
3 16 (2 0 -43.982586 ) (0.001703 -1.998297 -24 ) (1 0 -24 ) 
4 17 (-256 256 0 ) (-256 0 0 ) (-256 0 448 ) (-256 256 448 ) 
4 17 (0 256 448 ) (-256 256 448 ) (-256 0 448 ) (0 0 448 ) 
4 17 (0 256 448 ) (0 256 0 ) (-256 256 0 ) (-256 256 448 ) 
3 18 (-0.454545 1.818182 -2 ) (0 2.500000 -2 ) (0 1.666667 -2 ) 
4 18 (-1 1 -2 ) (-0.454545 1.818182 -2 ) (0 1.666667 -2 ) (0 0.666667 -2 ) 
4 18 (-256 256 0 ) (-256 256 -2 ) (-256 0 -2 ) (-256 0 0 ) 
4 18 (-256 256 -2 ) (-256 256 0 ) (0 256 0 ) (0 256 -2 ) 
3 19 (-2.757099 1.361055 -12.019782 ) (-2.711783 1.089316 -10.887668 ) (-3 0.996703 -12.019780 ) 
6 19 (0 3.889426 -6.663451 ) (0 2.490067 -2 ) (-0.449130 1.816376 -2 ) (-2.711783 1.089316 -10.887668 ) (-2.757099 1.361055 -12.019781 ) (-1 3.996701 -12.019792 ) 
3 19 (-0.449130 1.816376 -2 ) (-0.994587 0.998196 -2 ) (-2.994964 0.998322 -12 ) 
4 19 (-256 256 -2 ) (-256 256 -64 ) (-256 0 -64 ) (-256 0 -2 ) 
4 19 (-256 256 -64 ) (-256 256 -2 ) (0 256 -2 ) (0 256 -64 ) 
4 20 (-3 1 -12.007213 ) (-2.097592 0.698862 -12.006347 ) (-1 0 -14.003094 ) (-3 0 -18.003544 ) 
3 20 (-2.097592 0.698862 -12.006347 ) (0 0 -12.004332 ) (-1 0 -14.003094 ) 
4 20 (0 0.005653 -11.968369 ) (-2.994282 1.002000 -11.968369 ) (-1 1.002000 -2 ) (0 0.668464 -2 ) 
3 21 (-2 0 -34.024212 ) (-1.666667 0 -34.855499 ) (-1.001610 0.997585 -44 ) 
4 21 (0 2.500413 -57.793587 ) (-1 1 -44.041500 ) (-1 1 -64 ) (0 2.500455 -64 ) 
5 22 (-1.666667 0 -34.855499 ) (-0.919677 0 -36.722904 ) (0 0.442813 -42.343124 ) (0 0.666667 -44.022038 ) (-1 1 -44.022141 ) 
3 22 (-0.919677 0 -36.722904 ) (0 0 -39.022015 ) (0 0.442813 -42.343124 ) 
4 22 (0 0.669417 -64 ) (-1.001256 1.003023 -64 ) (-1.001257 1.003023 -44.031250 ) (0 0.669271 -44.031250 ) 
4 23 (0 3.001243 -33.975170 ) (0 2.500000 -31.468939 ) (-0.117514 2.323729 -30 ) (-0.997508 2.003738 -24 ) 
3 23 (0 2.500000 -31.468939 ) (0 2.366461 -30.801237 ) (-0.117514 2.323729 -30 ) 
3 23 (0 2.366461 -30.801237 ) (0 1.002828 -23.983028 ) (-1 2.002832 -23.983006 ) 
5 23 (-0.998393 1.998393 -24.024107 ) (0 1 -24.024107 ) (0 3.024103 -11.879481 ) (-0.977645 4.001748 -11.879487 ) (-0.998393 4.003976 -11.990602 ) 
3 24 (0 3.024103 -11.879481 ) (0 3.896721 -6.643773 ) (-0.977645 4.001748 -11.879487 ) 
3 24 (0 3 -12 ) (0 4 -7 ) (0 3.892857 -6.642857 ) 
3 25 (-2.759309 1.358608 -11.991903 ) (-0.998540 2 -24 ) (-0.998540 4 -11.993914 ) 
3 26 (-1 1 -44 ) (0 2.500000 -57.750000 ) (0 2.499989 -44 ) 
5 26 (-1.005492 1.993297 -23.969296 ) (-2.762116 1.354525 -11.992317 ) (-2.998091 1 -11.992572 ) (-2.998258 0 -17.997473 ) (-2.334171 0 -23.974884 ) 
6 26 (-1.013471 0.987606 -43.869877 ) (0 2.507812 -43.869877 ) (0 2.996577 -33.994564 ) (-0.998338 1.994680 -23.980913 ) (-2.328125 0 -23.980915 ) (-1.997380 0 -34.004795 ) 
3 27 (0 0.666667 -64 ) (0 2.500000 -64 ) (-1 1 -64 ) 
4 27 (0 0 -192 ) (-256 0 -192 ) (-256 256 -192 ) (0 256 -192 ) 
4 27 (-256 256 -192 ) (-256 256 -64 ) (0 256 -64 ) (0 256 -192 ) 
4 27 (-256 256 -64 ) (-256 256 -192 ) (-256 0 -192 ) (-256 0 -64 ) 
4 28 (-256 -320 0 ) (0 -320 0 ) (0 -320 448 ) (-256 -320 448 ) 
4 28 (-256 -320 448 ) (0 -320 448 ) (0 0 448 ) (-256 0 448 ) 
4 28 (-256 0 0 ) (-256 -320 0 ) (-256 -320 448 ) (-256 0 448 ) 
4 29 (-3 -1 -24.008390 ) (-2.562031 0 -17.139189 ) (0 0 -12.015152 ) (0 -1.998883 -24.008383 ) 
4 29 (-256 -320 0 ) (-256 -320 -192 ) (0 -320 -192 ) (0 -320 0 ) 
4 29 (-256 -320 0 ) (-256 0 0 ) (-256 0 -192 ) (-256 -320 -192 ) 
5 29 (-256 -320 -192 ) (-256 0 -192 ) (-90 0 -192 ) (0 -30 -192 ) (0 -320 -192 ) 
3 30 (-1.996109 0 -34.009731 ) (-2.328209 0 -24.046120 ) (-2.992453 -0.996366 -24.046122 ) 
4 30 (-90 0 -192 ) (0 0 -192 ) (0 -4.900000 -192 ) (-13.690908 -25.436363 -192 ) 
3 31 (-2.558385 0 -17.140396 ) (-2.997846 -1.004456 -24.046122 ) (-2.328209 0 -24.046120 ) 
3 31 (-2.333333 0 -24 ) (-3 0 -18 ) (-2.562500 0 -17.125000 ) 
3 32 (0 -4.900000 -192 ) (0 -30 -192 ) (-13.690908 -25.436363 -192 ) 
4 32 (-2.002929 0 -33.995861 ) (-3.002422 -1 -24.001171 ) (0 -2 -24.001171 ) (0 0 -39.003071 ) 
