PRT1
48
127
103
4 0 24 0 (0 3 448 ) (0 256 448 ) (0 256 0 ) (0 3 0 ) 
4 0 11 0 (0 3 0 ) (0 256 0 ) (256 256 0 ) (256 3 0 ) 
3 0 6 0 (1 3 35 ) (0 3 35 ) (0 3 32.500000 ) 
4 0 5 0 (0 3 0 ) (1 3 0 ) (1 3 35 ) (0 3 32.500000 ) 
3 0 4 0 (1 3 38 ) (0 3 38.500000 ) (0 3 38 ) 
4 0 3 0 (1 3 0 ) (3 3 0 ) (3 3 37 ) (1 3 38 ) 
4 0 2 0 (3 3 37 ) (3 3 448 ) (0 3 448 ) (0 3 38.500000 ) 
4 0 1 0 (3 3 0 ) (256 3 0 ) (256 3 448 ) (3 3 448 ) 
4 1 12 0 (3 0 0 ) (256 0 0 ) (256 0 448 ) (3 0 448 ) 
4 1 11 0 (256 0 0 ) (3 0 0 ) (3 3 0 ) (256 3 0 ) 
4 1 9 0 (3 1 0 ) (3 0 0 ) (3 0 35 ) (3 1 35 ) 
3 1 8 0 (3 0 38 ) (3 0 38.499996 ) (3 1 38 ) 
4 1 3 0 (3 3 37 ) (3 3 0 ) (3 1 0 ) (3 1 38 ) 
4 1 2 0 (3 3 448 ) (3 3 37 ) (3 0 38.499996 ) (3 0 448 ) 
3 2 27 0 (0 0 40 ) (0 3 40 ) (0 3 38.500000 ) 
4 2 25 0 (0 0 40 ) (0 0 448 ) (0 3 448 ) (0 3 40 ) 
3 2 15 0 (0 0 40 ) (3 0 38.499996 ) (3 0 40 ) 
4 2 13 0 (0 0 448 ) (0 0 40 ) (3 0 40 ) (3 0 448 ) 
4 2 10 0 (1 0 39.505871 ) (0.011737 0 40 ) (0.017606 0.017608 39.988262 ) (1 0.345067 39.333336 ) 
5 2 8 0 (3 1 38.005871 ) (3 0 38.505871 ) (1 0 39.505871 ) (1 0.345067 39.333336 ) (2.964763 1 38.023491 ) 
4 2 7 0 (0.011737 0 40 ) (0 0 40.005867 ) (0 1 39.505859 ) (0.345056 1 39.333332 ) 
5 2 4 0 (0 3 38.505844 ) (1 3 38.005852 ) (1.008775 2.991225 38.005852 ) (0.345056 1 39.333332 ) (0 1 39.505859 ) 
3 2 3 0 (1 3 38.005852 ) (3 3 37.005871 ) (3 1 38.005871 ) 
3 3 11 0 (1 3 0 ) (3 3 0 ) (3 1 0 ) 
4 3 5 0 (3 1 0 ) (3 1 35 ) (1 3 35 ) (1 3 0 ) 
4 4 28 0 (0 1 39.500000 ) (0 3 38.500000 ) (0 3 38 ) (0 1 39.333332 ) 
4 5 29 0 (0 3 32.500000 ) (0 3 0 ) (0 1 0 ) (0 1 27.499998 ) 
4 5 11 0 (0 1 0 ) (0 3 0 ) (1 3 0 ) (3 1 0 ) 
4 5 9 0 (1 1 0 ) (2.996094 1 0 ) (2.996093 1 34.990231 ) (1 1 30 ) 
4 5 6 0 (0 1 27.500763 ) (1 1 30 ) (1 3 34.997421 ) (0 3 32.499496 ) 
4 6 29 0 (0 3 35 ) (0 3 32.500000 ) (0 1 27.499998 ) (0 1 30 ) 
4 8 15 0 (3 0 38 ) (3 0 38.499996 ) (1 0 39.499985 ) (1 0 39.333336 ) 
4 9 17 0 (1 0 0 ) (3 0 0 ) (3 0 35 ) (1 0 30 ) 
4 9 11 0 (3 0 0 ) (1 0 0 ) (1 1 0 ) (3 1 0 ) 
4 11 35 0 (0 0 -192 ) (0 0 0 ) (0 256 0 ) (0 256 -192 ) 
4 11 23 0 (0 0 0 ) (0 0 -192 ) (256 0 -192 ) (256 0 0 ) 
4 12 23 0 (3 0 0 ) (256 0 0 ) (256 -3 0 ) (3 -3 0 ) 
4 12 17 0 (3 0 0 ) (3 -1 0 ) (3 -1 35 ) (3 0 35 ) 
4 12 15 0 (3 -1 38 ) (3 -1 39.333340 ) (3 0 40 ) (3 0 38 ) 
4 12 14 0 (3 -1 0 ) (3 -3 0 ) (3 -3 38 ) (3 -1 39.333340 ) 
4 12 13 0 (3 -3 38 ) (3 -3 448 ) (3 0 448 ) (3 0 40 ) 
4 12 22 0 (3 -3 0 ) (256 -3 0 ) (256 -3 448 ) (3 -3 448 ) 
4 13 36 0 (0 -3 448 ) (0 0 448 ) (0 0 40 ) (0 -3 38 ) 
3 13 19 0 (3 -1 39.333939 ) (1 -3 38 ) (0.332117 -1 39.333939 ) 
3 13 18 0 (0 0 40 ) (1 -1 39.333939 ) (0.332117 -1 39.333939 ) 
4 13 15 0 (0 0 40 ) (3 0 40 ) (3 -1 39.333939 ) (1 -1 39.333939 ) 
3 13 14 0 (3 -1 39.333939 ) (3 -3 38 ) (1 -3 38 ) 
4 13 22 0 (3 -3 38 ) (3 -3 448 ) (0 -3 448 ) (0 -3 38 ) 
3 14 23 0 (3 -1 0 ) (3 -3 0 ) (1 -3 0 ) 
4 14 20 0 (0.994669 -3 0 ) (0.994668 -3 34.986671 ) (3 -0.994583 34.986458 ) (3 -0.994584 0 ) 
3 14 19 0 (1 -2.994576 38.002663 ) (3 -0.994583 39.334339 ) (3 -0.994583 38.002708 ) 
4 14 22 0 (1 -3 0 ) (3 -3 0 ) (3 -3 38 ) (1 -3 38 ) 
3 15 19 0 (2.996093 -1 38.002605 ) (2.996093 -1 39.328125 ) (1.007812 -1 39.328125 ) 
4 15 18 0 (1 -0.996095 39.335938 ) (0.003905 0 40 ) (0.015671 0 39.992165 ) (1 -0.327728 39.336136 ) 
5 15 16 0 (3 -0.993499 38.003479 ) (2.990002 -1 38.009270 ) (1.003905 -1 39.333336 ) (1 -0.996095 39.335938 ) (1 -0.327728 39.336136 ) 
4 16 19 0 (2.996093 -1 38.002605 ) (1.007812 -1 39.328125 ) (1 -1 39.328125 ) (1 -1 39 ) 
3 16 18 0 (1 -1 39 ) (1 -1 39.332031 ) (1 -0.335931 39.332031 ) 
4 17 23 0 (1 0 0 ) (3 0 0 ) (3 -1 0 ) (1 -1 0 ) 
4 17 20 0 (1 -1 0 ) (2.996094 -1 0 ) (2.996093 -1 34.990231 ) (1 -1 30 ) 
3 18 19 0 (1 -1 39 ) (1 -1 39.328125 ) (0.343749 -1 39.328125 ) 
4 20 43 0 (0 -1 0 ) (0 -3 0 ) (0 -3 32.500000 ) (0 -1 27.499998 ) 
4 20 23 0 (0 -3 0 ) (0 -1 0 ) (3 -1 0 ) (1 -3 0 ) 
5 20 21 0 (0 -3 32.493080 ) (1 -3 34.993431 ) (1.002627 -2.997373 34.993431 ) (1.002626 -1 30 ) (0 -1 27.493435 ) 
4 20 22 0 (0 -3 0 ) (1 -3 0 ) (1 -3 35 ) (0 -3 32.500000 ) 
4 21 43 0 (0 -3 32.500000 ) (0 -3 35 ) (0 -1 30 ) (0 -1 27.499998 ) 
3 21 22 0 (1 -3 35 ) (0 -3 35 ) (0 -3 32.500000 ) 
4 22 46 0 (0 -320 448 ) (0 -3 448 ) (0 -3 0 ) (0 -320 0 ) 
4 22 23 0 (0 -320 0 ) (0 -3 0 ) (256 -3 0 ) (256 -320 0 ) 
4 23 47 0 (0 -320 0 ) (0 0 0 ) (0 0 -192 ) (0 -320 -192 ) 
4 24 35 0 (-256 3 0 ) (-256 256 0 ) (0 256 0 ) (0 3 0 ) 
4 24 29 0 (-1 3 0 ) (0 3 0 ) (0 3 35 ) (-1 3 35 ) 
3 24 28 0 (0 3 38 ) (0 3 38.499996 ) (-1 3 38 ) 
4 24 27 0 (0 3 38.499996 ) (0 3 40 ) (-1 3 39.333340 ) (-1 3 38 ) 
4 24 26 0 (-3 3 0 ) (-1 3 0 ) (-1 3 39.333340 ) (-3 3 38 ) 
4 24 25 0 (0 3 40 ) (0 3 448 ) (-3 3 448 ) (-3 3 38 ) 
4 24 34 0 (-256 3 448 ) (-256 3 0 ) (-3 3 0 ) (-3 3 448 ) 
3 25 40 0 (0 0 40 ) (-3 0 38.499996 ) (-3 0 38 ) 
3 25 38 0 (0 0 40 ) (-3 0 40 ) (-3 0 38.499996 ) 
4 25 36 0 (0 0 40 ) (0 0 448 ) (-3 0 448 ) (-3 0 40 ) 
3 25 31 0 (-3 1 38 ) (-1 3 39.333935 ) (-1 0.332118 39.333939 ) 
4 25 27 0 (-1 3 39.333935 ) (0 3 40 ) (0 0 40 ) (-1 0.332118 39.333939 ) 
3 25 26 0 (-3 1 38 ) (-3 3 38 ) (-1 3 39.333935 ) 
4 25 34 0 (-3 3 448 ) (-3 3 38 ) (-3 0 38 ) (-3 0 448 ) 
3 26 35 0 (-3 1 0 ) (-3 3 0 ) (-1 3 0 ) 
4 26 32 0 (-0.994669 3 0 ) (-0.994668 3 34.986668 ) (-3 0.994583 34.986454 ) (-3 0.994584 0 ) 
3 26 31 0 (-0.994668 3 38.002663 ) (-0.994668 3 39.329075 ) (-2.986606 1.007977 38.002705 ) 
4 26 34 0 (-3 3 38 ) (-3 3 0 ) (-3 1 0 ) (-3 1 38 ) 
3 27 31 0 (-1 2.996095 39.335938 ) (-1 2.996095 38.001953 ) (-1 0.328117 39.335938 ) 
3 27 30 0 (0 0.003804 39.998085 ) (-0.333321 1 39.333336 ) (0 1 39.499992 ) 
5 27 28 0 (-0.997105 2.991294 38.005802 ) (-0.988398 3 38.005802 ) (0 3 38.500000 ) (0 1 39.499992 ) (-0.333321 1 39.333336 ) 
4 29 35 0 (-1 1 0 ) (-1 3 0 ) (0 3 0 ) (0 1 0 ) 
4 29 32 0 (-1 2.996095 34.990238 ) (-1 2.996094 0 ) (-1 1 0 ) (-1 1 30 ) 
4 32 41 0 (-3 0 0 ) (-1 0 0 ) (-1 0 27.500000 ) (-3 0 32.500000 ) 
4 32 35 0 (-1 0 0 ) (-3 0 0 ) (-3 1 0 ) (-1 3 0 ) 
4 32 33 0 (-1 0 27.491631 ) (-1 1.003234 30 ) (-3 1.003906 35 ) (-3 0 32.490234 ) 
4 32 34 0 (-3 1 0 ) (-3 0 0 ) (-3 0 32.500000 ) (-3 1 35 ) 
4 33 41 0 (-1 0 27.500000 ) (-1 0 30 ) (-3 0 35 ) (-3 0 32.500000 ) 
3 33 34 0 (-3 0 32.500000 ) (-3 0 35 ) (-3 1 35 ) 
4 34 45 0 (-256 0 0 ) (-3 0 0 ) (-3 0 448 ) (-256 0 448 ) 
4 34 35 0 (-3 0 0 ) (-256 0 0 ) (-256 3 0 ) (-3 3 0 ) 
4 35 47 0 (-256 0 -192 ) (0 0 -192 ) (0 0 0 ) (-256 0 0 ) 
3 36 42 0 (-1 -3 38 ) (-3 -1 39.333935 ) (-0.332126 -1 39.333935 ) 
4 36 38 0 (-3 -1 39.333935 ) (-3 0 40 ) (0 0 40 ) (-0.332126 -1 39.333935 ) 
3 36 37 0 (-1 -3 38 ) (-3 -3 38 ) (-3 -1 39.333935 ) 
4 36 45 0 (-3 -3 38 ) (-3 -3 448 ) (-3 0 448 ) (-3 0 40 ) 
4 36 46 0 (0 -3 38 ) (0 -3 448 ) (-3 -3 448 ) (-3 -3 38 ) 
3 37 47 0 (-1 -3 0 ) (-3 -3 0 ) (-3 -1 0 ) 
3 37 44 0 (-3 -1 30 ) (-3 -1 35 ) (-1 -3 35 ) 
4 37 43 0 (-3 -1 0 ) (-3 -1 30 ) (-1 -3 35 ) (-1 -3 0 ) 
3 37 42 0 (-3 -1 38 ) (-3 -1 39.330658 ) (-1.003933 -2.996174 38 ) 
4 37 46 0 (-3 -3 0 ) (-1 -3 0 ) (-1 -3 38 ) (-3 -3 38 ) 
4 37 45 0 (-3 -1 0 ) (-3 -3 0 ) (-3 -3 38 ) (-3 -1 39.333340 ) 
3 38 42 0 (-2.996095 -1 39.335938 ) (-2.996095 -1 38.001953 ) (-0.328117 -1 39.335938 ) 
5 38 40 0 (-2.976563 -1 38.015625 ) (-3 -1 38.003906 ) (-3 0 38.503906 ) (-1 0 39.503899 ) (-1 -0.341134 39.333336 ) 
4 38 39 0 (-1 -0.341134 39.333336 ) (-1 0 39.503899 ) (-0.007412 0 40 ) (-0.011260 -0.011543 39.992496 ) 
4 38 45 0 (-3 -1 38 ) (-3 -1 39.333340 ) (-3 0 40 ) (-3 0 38.499996 ) 
3 40 45 0 (-3 -1 38 ) (-3 0 38.499996 ) (-3 0 38 ) 
4 41 47 0 (-3 0 0 ) (-1 0 0 ) (-1 -1 0 ) (-3 -1 0 ) 
3 41 44 0 (-2.996095 -1 34.990238 ) (-2.996095 -1 30 ) (-1 -1 30 ) 
4 41 43 0 (-2.996095 -1 30 ) (-2.996094 -1 0 ) (-1 -1 0 ) (-1 -1 30 ) 
4 41 45 0 (-3 0 0 ) (-3 -1 0 ) (-3 -1 35 ) (-3 0 35 ) 
4 43 47 0 (0 -1 0 ) (0 -3 0 ) (-1 -3 0 ) (-3 -1 0 ) 
3 43 44 0 (-1.003125 -1 30.007812 ) (-2.997685 -1 30.007812 ) (-1.003125 -2.996005 34.997826 ) 
4 43 46 0 (-1 -3 0 ) (0 -3 0 ) (0 -3 35 ) (-1 -3 35 ) 
4 45 47 0 (-256 0 0 ) (-3 0 0 ) (-3 -3 0 ) (-256 -3 0 ) 
4 45 46 0 (-256 -3 448 ) (-256 -3 0 ) (-3 -3 0 ) (-3 -3 448 ) 
4 46 47 0 (0 -3 0 ) (0 -320 0 ) (-256 -320 0 ) (-256 -3 0 ) 
4 0 (1 3 35 ) (1 3 38 ) (0 3 38 ) (0 3 35 ) 
4 0 (0 256 448 ) (256 256 448 ) (256 256 0 ) (0 256 0 ) 
4 0 (256 3 448 ) (256 256 448 ) (0 256 448 ) (0 3 448 ) 
4 0 (256 256 448 ) (256 3 448 ) (256 3 0 ) (256 256 0 ) 
4 1 (3 0 35 ) (3 0 38 ) (3 1 38 ) (3 1 35 ) 
4 1 (256 3 448 ) (256 0 448 ) (256 0 0 ) (256 3 0 ) 
4 1 (256 3 448 ) (3 3 448 ) (3 0 448 ) (256 0 448 ) 
4 2 (0.017606 0.017608 39.988262 ) (0.345056 1 39.333332 ) (1 1 39.005863 ) (1 0.345067 39.333336 ) 
3 2 (1 0.345067 39.333336 ) (1 1 39.005863 ) (2.964763 1 38.023491 ) 
3 2 (1.008775 2.991225 38.005852 ) (3 1 38.005871 ) (0.345056 1 39.333332 ) 
4 2 (3 3 448 ) (0 3 448 ) (0 0 448 ) (3 0 448 ) 
4 3 (3 1 35 ) (3 1 37.996094 ) (1 3 37.996094 ) (1 3 35 ) 
5 4 (0.329298 1 39.335350 ) (0 1 39.335350 ) (0 3 38.003479 ) (0.993499 3 38.003479 ) (0.996248 2.995940 38.005310 ) 
4 5 (0 1 0 ) (1 1 0 ) (1 1 30 ) (0 1 27.500000 ) 
3 5 (1 1 30 ) (2.998801 1 34.997005 ) (1 3 34.997421 ) 
3 6 (0 1 30 ) (0 1 27.500000 ) (1 1 30 ) 
5 6 (0 1 30.002626 ) (1.007811 1 30.002626 ) (1.007810 2.992189 34.986607 ) (1 3 35.006149 ) (0 3 35.006149 ) 
3 7 (0 1 39.335350 ) (0.328064 1 39.335350 ) (0 0.015808 39.991478 ) 
4 8 (1 0 39.335350 ) (1 0.328120 39.335350 ) (3 0.995962 38.002018 ) (3 0 38.002018 ) 
4 9 (1 1 30 ) (1 1 0 ) (1 0 0 ) (1 0 30 ) 
4 9 (1 1 30.005220 ) (1 0 30.005220 ) (3 0 35.006981 ) (3 1 35.006981 ) 
3 10 (0.014741 0 39.992764 ) (1 0.329293 39.335350 ) (1 0 39.335350 ) 
4 11 (256 0 -192 ) (0 0 -192 ) (0 256 -192 ) (256 256 -192 ) 
4 11 (1 1 0 ) (0 1 0 ) (0 0 0 ) (1 0 0 ) 
4 11 (256 256 -192 ) (0 256 -192 ) (0 256 0 ) (256 256 0 ) 
4 11 (256 0 0 ) (256 0 -192 ) (256 256 -192 ) (256 256 0 ) 
4 12 (3 -1 35 ) (3 -1 38 ) (3 0 38 ) (3 0 35 ) 
4 12 (3 -3 448 ) (256 -3 448 ) (256 0 448 ) (3 0 448 ) 
4 12 (256 0 448 ) (256 -3 448 ) (256 -3 0 ) (256 0 0 ) 
4 13 (1 -3 38 ) (0 -3 38 ) (0 -1 39.333939 ) (0.332117 -1 39.333939 ) 
3 13 (0 0 40 ) (0.332117 -1 39.333939 ) (0 -1 39.333939 ) 
4 13 (3 -3 448 ) (3 0 448 ) (0 0 448 ) (0 -3 448 ) 
5 14 (0.994668 -3 34.986671 ) (0.994668 -3 38 ) (1 -2.994576 38.002663 ) (3 -0.994583 38.002708 ) (3 -0.994583 34.986458 ) 
3 15 (0.015671 0 39.992165 ) (1 0 39.336231 ) (1 -0.327728 39.336136 ) 
4 15 (3 -0.993499 38.003479 ) (1 -0.327728 39.336136 ) (1 0 39.336231 ) (3 0 38.003479 ) 
3 16 (1 -1 39.003979 ) (1 -0.333892 39.336960 ) (2.998323 -1 38.004745 ) 
4 17 (1 0 0 ) (1 -1 0 ) (1 -1 30 ) (1 0 30 ) 
4 17 (1 0 30.007812 ) (1 -1 30.007812 ) (3 -1 35.007809 ) (3 0 35.007809 ) 
4 18 (0.008781 -0.009438 39.988937 ) (1 -0.340055 39.329971 ) (1 -1 39 ) (0.333330 -1 39.333336 ) 
5 19 (0.319354 -1 39.336418 ) (3 -1 37.996094 ) (3 -1.009085 37.991550 ) (1.009085 -3 37.991550 ) (0.992144 -3 38 ) 
3 20 (1.002627 -2.997373 34.993431 ) (3 -1 34.993431 ) (1.002626 -1 30 ) 
4 20 (0 -1 27.500000 ) (1 -1 30 ) (1 -1 0 ) (0 -1 0 ) 
3 21 (0 -1 27.500000 ) (0 -1 30 ) (1 -1 30 ) 
5 21 (1.003905 -2.996094 34.998047 ) (1.003905 -1 30.007812 ) (0 -1 30.007812 ) (0 -3 35.007824 ) (1 -3 35.007824 ) 
4 22 (0 -3 35 ) (0 -3 38 ) (1 -3 38 ) (1 -3 35 ) 
4 22 (256 -3 448 ) (256 -320 448 ) (256 -320 0 ) (256 -3 0 ) 
4 22 (256 -320 448 ) (256 -3 448 ) (0 -3 448 ) (0 -320 448 ) 
4 22 (0 -320 0 ) (256 -320 0 ) (256 -320 448 ) (0 -320 448 ) 
4 23 (0 -320 -192 ) (0 0 -192 ) (256 0 -192 ) (256 -320 -192 ) 
4 23 (1 -1 0 ) (1 0 0 ) (0 0 0 ) (0 -1 0 ) 
4 23 (256 -320 -192 ) (256 0 -192 ) (256 0 0 ) (256 -320 0 ) 
4 23 (0 -320 -192 ) (256 -320 -192 ) (256 -320 0 ) (0 -320 0 ) 
4 24 (0 3 35 ) (0 3 38 ) (-1 3 38 ) (-1 3 35 ) 
4 24 (0 256 448 ) (0 256 0 ) (-256 256 0 ) (-256 256 448 ) 
4 24 (0 3 448 ) (0 256 448 ) (-256 256 448 ) (-256 3 448 ) 
4 24 (-256 256 0 ) (-256 3 0 ) (-256 3 448 ) (-256 256 448 ) 
4 25 (-3 0 38 ) (-3 1 38 ) (-1 0.332118 39.333939 ) (-1 0 39.333939 ) 
3 25 (0 0 40 ) (-1 0 39.333939 ) (-1 0.332118 39.333939 ) 
4 25 (0 3 448 ) (-3 3 448 ) (-3 0 448 ) (0 0 448 ) 
5 26 (-0.994668 3 34.986668 ) (-0.994668 3 38.002663 ) (-2.986606 1.007977 38.002705 ) (-3 0.994583 37.993786 ) (-3 0.994583 34.986454 ) 
4 27 (0 0.003804 39.998085 ) (-1 0.337147 39.331429 ) (-1 1 39 ) (-0.333321 1 39.333336 ) 
4 27 (-1 1 39 ) (-1 2.988398 38.005802 ) (-0.997105 2.991294 38.005802 ) (-0.333321 1 39.333336 ) 
4 28 (0 1 39.335350 ) (-0.328125 1 39.335350 ) (-0.994792 3 38.002018 ) (0 3 38.002018 ) 
4 29 (-1 1 30 ) (-1 1 0 ) (0 1 0 ) (0 1 30 ) 
4 29 (-1 1 30.005220 ) (0 1 30.005220 ) (0 3 35.006981 ) (-1 3 35.006981 ) 
3 30 (0 0.015625 39.992176 ) (-0.328125 1 39.335350 ) (0 1 39.335350 ) 
4 31 (-2.997111 1.002889 38.002308 ) (-1.003193 3 38.002308 ) (-1 3 38.003906 ) (-1 0.341150 39.333332 ) 
5 32 (-1 1.003234 30 ) (-1 3 34.992481 ) (-1.005289 3 35.003456 ) (-3 1.005289 35.003456 ) (-3 1.003906 35 ) 
4 32 (-1 1 30 ) (-1 0 27.499998 ) (-1 0 0 ) (-1 1 0 ) 
3 33 (-1 1 30 ) (-1 0 30 ) (-1 0 27.499998 ) 
5 33 (-1 0 30.012083 ) (-1 1.007811 30.012083 ) (-2.992189 1.007810 34.989716 ) (-3 1 35.009232 ) (-3 0 35.009232 ) 
4 34 (-3 1 35 ) (-3 1 38 ) (-3 0 38 ) (-3 0 35 ) 
4 34 (-256 3 0 ) (-256 0 0 ) (-256 0 448 ) (-256 3 448 ) 
4 34 (-3 3 448 ) (-256 3 448 ) (-256 0 448 ) (-3 0 448 ) 
4 35 (0 0 -192 ) (-256 0 -192 ) (-256 256 -192 ) (0 256 -192 ) 
4 35 (0 1 0 ) (-1 1 0 ) (-1 0 0 ) (0 0 0 ) 
4 35 (-256 256 -192 ) (-256 256 0 ) (0 256 0 ) (0 256 -192 ) 
4 35 (-256 256 0 ) (-256 256 -192 ) (-256 0 -192 ) (-256 0 0 ) 
4 36 (0 -3 38 ) (-1 -3 38 ) (-0.332126 -1 39.333935 ) (0 -1 39.333935 ) 
3 36 (0 0 40 ) (0 -1 39.333935 ) (-0.332126 -1 39.333935 ) 
4 36 (-3 -3 448 ) (0 -3 448 ) (0 0 448 ) (-3 0 448 ) 
5 37 (-3 -1 35 ) (-3 -1 38 ) (-1.003933 -2.996174 38 ) (-1 -3 37.997395 ) (-1 -3 35 ) 
3 38 (-1 -1 39.003906 ) (-2.976563 -1 38.015625 ) (-1 -0.341134 39.333336 ) 
4 38 (-0.340748 -1 39.333530 ) (-1 -1 39.003906 ) (-1 -0.341134 39.333336 ) (-0.011260 -0.011543 39.992496 ) 
3 39 (-0.015625 0 39.992176 ) (-1 -0.328125 39.335350 ) (-1 0 39.335350 ) 
4 40 (-1 0 39.335350 ) (-1 -0.328125 39.335350 ) (-3 -0.994792 38.002018 ) (-3 0 38.002018 ) 
4 41 (-1 0 30 ) (-1 -1 30 ) (-1 -1 0 ) (-1 0 0 ) 
4 41 (-1 -1 30.005220 ) (-1 0 30.005220 ) (-3 0 35.006981 ) (-3 -1 35.006981 ) 
3 42 (-1.009717 -2.982471 38.006496 ) (-2.994821 -1 38.006496 ) (-0.341145 -1 39.333336 ) 
5 43 (0 -1 30.007812 ) (-1.003125 -1 30.007812 ) (-1.003125 -2.996005 34.997826 ) (-1 -3 35.007812 ) (0 -3 35.007812 ) 
4 43 (-1 -1 30 ) (0 -1 30 ) (0 -1 0 ) (-1 -1 0 ) 
4 44 (-0.996422 -3 35.005859 ) (-0.996422 -1 30.005859 ) (-3 -1 35.005337 ) (-1 -3 35.014790 ) 
4 45 (-3 0 35 ) (-3 0 38 ) (-3 -1 38 ) (-3 -1 35 ) 
4 45 (-256 -3 448 ) (-3 -3 448 ) (-3 0 448 ) (-256 0 448 ) 
4 45 (-256 0 0 ) (-256 -3 0 ) (-256 -3 448 ) (-256 0 448 ) 
4 46 (-1 -3 35 ) (-1 -3 38 ) (0 -3 38 ) (0 -3 35 ) 
4 46 (-256 -3 0 ) (-256 -320 0 ) (-256 -320 448 ) (-256 -3 448 ) 
4 46 (-256 -3 448 ) (-256 -320 448 ) (0 -320 448 ) (0 -3 448 ) 
4 46 (-256 -320 0 ) (0 -320 0 ) (0 -320 448 ) (-256 -320 448 ) 
4 47 (-256 -320 -192 ) (-256 0 -192 ) (0 0 -192 ) (0 -320 -192 ) 
4 47 (-1 -1 0 ) (0 -1 0 ) (0 0 0 ) (-1 0 0 ) 
4 47 (-256 -320 0 ) (-256 0 0 ) (-256 0 -192 ) (-256 -320 -192 ) 
4 47 (-256 -320 0 ) (-256 -320 -192 ) (0 -320 -192 ) (0 -320 0 ) 
