PRT1
48
114
160
4 0 12 0 (128 0 128 ) (496 0 128 ) (496 0 496 ) (128 0 496 ) 
5 0 4 0 (128 496 128 ) (496 496 128 ) (496 0 128 ) (192 0 128 ) (128 64 128 ) 
4 0 3 0 (128 128 128 ) (128 64 128 ) (128 64 192 ) (128 128 192 ) 
4 0 2 0 (128 496 192 ) (128 496 128 ) (128 128 128 ) (128 128 192 ) 
4 0 1 0 (128 496 496 ) (128 496 192 ) (128 0 192 ) (128 0 496 ) 
4 1 24 0 (0 0 192 ) (0 0 496 ) (0 496 496 ) (0 496 192 ) 
4 1 13 0 (0 0 496 ) (0 0 192 ) (128 0 192 ) (128 0 496 ) 
3 1 3 0 (128 128 192 ) (128 64 192 ) (64 128 192 ) 
4 1 2 0 (0 496 192 ) (128 496 192 ) (128 128 192 ) (0 128 192 ) 
4 2 25 0 (0 128 192 ) (0 496 192 ) (0 496 128 ) (0 128 128 ) 
5 2 5 0 (0 496 128 ) (128 496 128 ) (128 128 128 ) (64 128 128 ) (0 192 128 ) 
4 2 3 0 (64 128 128 ) (128 128 128 ) (128 128 192 ) (64 128 192 ) 
4 4 16 0 (192 0 0 ) (496 0 0 ) (496 0 128 ) (192 0 128 ) 
5 4 7 0 (496 0 0 ) (192 0 0 ) (128 64 0 ) (128 128 0 ) (496 128 0 ) 
4 4 6 0 (128 128 0 ) (128 496 0 ) (496 496 0 ) (496 128 0 ) 
4 4 5 0 (128 128 128 ) (128 496 128 ) (128 496 0 ) (128 128 0 ) 
4 5 28 0 (0 192 128 ) (0 496 128 ) (0 496 0 ) (0 192 0 ) 
5 5 6 0 (0 192 0 ) (0 496 0 ) (128 496 0 ) (128 128 0 ) (64 128 0 ) 
4 6 30 0 (0 192 0 ) (0 496 0 ) (0 496 -128 ) (0 192 -128 ) 
5 6 9 0 (0 192 -128 ) (0 496 -128 ) (128 496 -128 ) (128 128 -128 ) (64 128 -128 ) 
4 6 8 0 (128 496 -128 ) (496 496 -128 ) (496 128 -128 ) (128 128 -128 ) 
4 6 7 0 (128 128 -128 ) (496 128 -128 ) (496 128 0 ) (128 128 0 ) 
4 7 18 0 (192 0 -128 ) (496 0 -128 ) (496 0 0 ) (192 0 0 ) 
5 7 8 0 (496 0 -128 ) (192 0 -128 ) (128 64 -128 ) (128 128 -128 ) (496 128 -128 ) 
4 8 20 0 (128 0 -496 ) (496 0 -496 ) (496 0 -128 ) (128 0 -128 ) 
4 8 10 0 (128 64 -128 ) (128 128 -128 ) (128 128 -192 ) (128 64 -192 ) 
4 8 11 0 (128 128 -496 ) (128 0 -496 ) (128 0 -192 ) (128 128 -192 ) 
4 8 9 0 (128 496 -496 ) (128 128 -496 ) (128 128 -128 ) (128 496 -128 ) 
4 9 35 0 (0 496 -192 ) (0 496 -496 ) (0 128 -496 ) (0 128 -192 ) 
4 9 32 0 (0 128 -128 ) (0 496 -128 ) (0 496 -192 ) (0 128 -192 ) 
4 9 10 0 (128 128 -192 ) (128 128 -128 ) (64 128 -128 ) (64 128 -192 ) 
4 9 11 0 (0 128 -496 ) (128 128 -496 ) (128 128 -192 ) (0 128 -192 ) 
3 10 11 0 (64 128 -192 ) (128 128 -192 ) (128 64 -192 ) 
4 11 35 0 (0 0 -496 ) (0 0 -192 ) (0 128 -192 ) (0 128 -496 ) 
4 11 22 0 (0 0 -192 ) (0 0 -496 ) (128 0 -496 ) (128 0 -192 ) 
5 12 16 0 (496 -496 128 ) (128 -496 128 ) (128 -64 128 ) (192 0 128 ) (496 0 128 ) 
4 12 14 0 (128 -64 128 ) (128 -128 128 ) (128 -128 192 ) (128 -64 192 ) 
4 12 15 0 (128 -128 128 ) (128 -496 128 ) (128 -496 192 ) (128 -128 192 ) 
4 12 13 0 (128 -496 192 ) (128 -496 496 ) (128 0 496 ) (128 0 192 ) 
4 13 36 0 (0 -496 496 ) (0 0 496 ) (0 0 192 ) (0 -496 192 ) 
3 13 14 0 (128 -64 192 ) (128 -128 192 ) (64 -128 192 ) 
4 13 15 0 (128 -128 192 ) (128 -496 192 ) (0 -496 192 ) (0 -128 192 ) 
4 14 15 0 (64 -128 128 ) (128 -128 128 ) (128 -128 192 ) (64 -128 192 ) 
4 15 38 0 (0 -128 128 ) (0 -496 128 ) (0 -496 192 ) (0 -128 192 ) 
5 15 17 0 (128 -496 128 ) (0 -496 128 ) (0 -192 128 ) (64 -128 128 ) (128 -128 128 ) 
4 16 19 0 (496 -128 0 ) (496 -496 0 ) (128 -496 0 ) (128 -128 0 ) 
5 16 18 0 (192 0 0 ) (496 0 0 ) (496 -128 0 ) (128 -128 0 ) (128 -64 0 ) 
4 16 17 0 (128 -128 0 ) (128 -496 0 ) (128 -496 128 ) (128 -128 128 ) 
4 17 40 0 (0 -192 0 ) (0 -496 0 ) (0 -496 128 ) (0 -192 128 ) 
5 17 19 0 (0 -496 0 ) (0 -192 0 ) (64 -128 0 ) (128 -128 0 ) (128 -496 0 ) 
5 18 20 0 (192 0 -128 ) (496 0 -128 ) (496 -128 -128 ) (128 -128 -128 ) (128 -64 -128 ) 
4 18 19 0 (128 -128 -128 ) (496 -128 -128 ) (496 -128 0 ) (128 -128 0 ) 
4 19 43 0 (0 -496 -128 ) (0 -496 0 ) (0 -192 0 ) (0 -192 -128 ) 
5 19 23 0 (128 -496 -128 ) (0 -496 -128 ) (0 -192 -128 ) (64 -128 -128 ) (128 -128 -128 ) 
4 19 20 0 (496 -496 -128 ) (128 -496 -128 ) (128 -128 -128 ) (496 -128 -128 ) 
4 20 21 0 (128 -128 -192 ) (128 -128 -128 ) (128 -64 -128 ) (128 -64 -192 ) 
4 20 22 0 (128 0 -496 ) (128 -128 -496 ) (128 -128 -192 ) (128 0 -192 ) 
4 20 23 0 (128 -128 -496 ) (128 -496 -496 ) (128 -496 -128 ) (128 -128 -128 ) 
3 21 22 0 (128 -128 -192 ) (64 -128 -192 ) (128 -64 -192 ) 
4 21 23 0 (128 -128 -192 ) (128 -128 -128 ) (64 -128 -128 ) (64 -128 -192 ) 
4 22 47 0 (0 0 -192 ) (0 0 -496 ) (0 -128 -496 ) (0 -128 -192 ) 
4 22 23 0 (0 -128 -496 ) (128 -128 -496 ) (128 -128 -192 ) (0 -128 -192 ) 
4 23 47 0 (0 -496 -496 ) (0 -496 -192 ) (0 -128 -192 ) (0 -128 -496 ) 
4 23 45 0 (0 -496 -192 ) (0 -496 -128 ) (0 -128 -128 ) (0 -128 -192 ) 
4 24 36 0 (0 0 192 ) (0 0 496 ) (-128 0 496 ) (-128 0 192 ) 
3 24 26 0 (-128 64 192 ) (-128 128 192 ) (-64 128 192 ) 
4 24 25 0 (-128 128 192 ) (-128 496 192 ) (0 496 192 ) (0 128 192 ) 
4 24 27 0 (-128 496 496 ) (-128 496 192 ) (-128 0 192 ) (-128 0 496 ) 
5 25 28 0 (-128 128 128 ) (-128 496 128 ) (0 496 128 ) (0 192 128 ) (-64 128 128 ) 
4 25 26 0 (-64 128 192 ) (-128 128 192 ) (-128 128 128 ) (-64 128 128 ) 
4 25 27 0 (-128 496 192 ) (-128 496 128 ) (-128 128 128 ) (-128 128 192 ) 
4 26 27 0 (-128 128 128 ) (-128 64 128 ) (-128 64 192 ) (-128 128 192 ) 
4 27 39 0 (-128 0 496 ) (-496 0 496 ) (-496 0 128 ) (-128 0 128 ) 
5 27 29 0 (-192 0 128 ) (-496 0 128 ) (-496 496 128 ) (-128 496 128 ) (-128 64 128 ) 
5 28 30 0 (-128 128 0 ) (-128 496 0 ) (0 496 0 ) (0 192 0 ) (-64 128 0 ) 
4 28 29 0 (-128 128 128 ) (-128 496 128 ) (-128 496 0 ) (-128 128 0 ) 
4 29 41 0 (-496 0 0 ) (-192 0 0 ) (-192 0 128 ) (-496 0 128 ) 
5 29 31 0 (-192 0 0 ) (-496 0 0 ) (-496 128 0 ) (-128 128 0 ) (-128 64 0 ) 
4 29 30 0 (-496 128 0 ) (-496 496 0 ) (-128 496 0 ) (-128 128 0 ) 
5 30 32 0 (-128 496 -128 ) (0 496 -128 ) (0 192 -128 ) (-64 128 -128 ) (-128 128 -128 ) 
4 30 34 0 (-496 128 -128 ) (-496 496 -128 ) (-128 496 -128 ) (-128 128 -128 ) 
4 30 31 0 (-496 128 0 ) (-496 128 -128 ) (-128 128 -128 ) (-128 128 0 ) 
4 31 42 0 (-192 0 0 ) (-496 0 0 ) (-496 0 -128 ) (-192 0 -128 ) 
5 31 34 0 (-192 0 -128 ) (-496 0 -128 ) (-496 128 -128 ) (-128 128 -128 ) (-128 64 -128 ) 
4 32 35 0 (-128 128 -192 ) (-128 496 -192 ) (0 496 -192 ) (0 128 -192 ) 
4 32 33 0 (-128 128 -128 ) (-128 128 -192 ) (-64 128 -192 ) (-64 128 -128 ) 
4 32 34 0 (-128 496 -128 ) (-128 496 -192 ) (-128 128 -192 ) (-128 128 -128 ) 
3 33 35 0 (-128 64 -192 ) (-128 128 -192 ) (-64 128 -192 ) 
4 33 34 0 (-128 128 -192 ) (-128 64 -192 ) (-128 64 -128 ) (-128 128 -128 ) 
4 34 46 0 (-128 0 -128 ) (-496 0 -128 ) (-496 0 -192 ) (-128 0 -192 ) 
4 34 35 0 (-128 0 -192 ) (-496 0 -192 ) (-496 496 -192 ) (-128 496 -192 ) 
4 35 47 0 (0 0 -496 ) (0 0 -192 ) (-496 0 -192 ) (-496 0 -496 ) 
3 36 37 0 (-128 -128 192 ) (-128 -64 192 ) (-64 -128 192 ) 
4 36 38 0 (0 -496 192 ) (-128 -496 192 ) (-128 -128 192 ) (0 -128 192 ) 
4 36 39 0 (-128 -496 192 ) (-128 -496 496 ) (-128 0 496 ) (-128 0 192 ) 
4 37 38 0 (-64 -128 192 ) (-128 -128 192 ) (-128 -128 128 ) (-64 -128 128 ) 
4 37 39 0 (-128 -64 128 ) (-128 -128 128 ) (-128 -128 192 ) (-128 -64 192 ) 
5 38 40 0 (0 -496 128 ) (-128 -496 128 ) (-128 -128 128 ) (-64 -128 128 ) (0 -192 128 ) 
4 38 39 0 (-128 -128 128 ) (-128 -496 128 ) (-128 -496 192 ) (-128 -128 192 ) 
5 39 41 0 (-128 -496 128 ) (-496 -496 128 ) (-496 0 128 ) (-192 0 128 ) (-128 -64 128 ) 
5 40 43 0 (0 -192 0 ) (0 -496 0 ) (-128 -496 0 ) (-128 -128 0 ) (-64 -128 0 ) 
4 40 41 0 (-128 -128 0 ) (-128 -496 0 ) (-128 -496 128 ) (-128 -128 128 ) 
4 41 43 0 (-128 -128 0 ) (-128 -496 0 ) (-496 -496 0 ) (-496 -128 0 ) 
5 41 42 0 (-496 0 0 ) (-192 0 0 ) (-128 -64 0 ) (-128 -128 0 ) (-496 -128 0 ) 
5 42 46 0 (-496 -128 -128 ) (-496 0 -128 ) (-192 0 -128 ) (-128 -64 -128 ) (-128 -128 -128 ) 
4 42 43 0 (-496 -128 0 ) (-496 -128 -128 ) (-128 -128 -128 ) (-128 -128 0 ) 
5 43 45 0 (-128 -128 -128 ) (-64 -128 -128 ) (0 -192 -128 ) (0 -496 -128 ) (-128 -496 -128 ) 
4 43 46 0 (-496 -496 -128 ) (-496 -128 -128 ) (-128 -128 -128 ) (-128 -496 -128 ) 
3 44 47 0 (-128 -128 -192 ) (-128 -64 -192 ) (-64 -128 -192 ) 
4 44 45 0 (-128 -128 -128 ) (-128 -128 -192 ) (-64 -128 -192 ) (-64 -128 -128 ) 
4 44 46 0 (-128 -64 -192 ) (-128 -128 -192 ) (-128 -128 -128 ) (-128 -64 -128 ) 
4 45 47 0 (0 -496 -192 ) (-128 -496 -192 ) (-128 -128 -192 ) (0 -128 -192 ) 
4 45 46 0 (-128 -128 -192 ) (-128 -496 -192 ) (-128 -496 -128 ) (-128 -128 -128 ) 
4 46 47 0 (-128 -496 -192 ) (-496 -496 -192 ) (-496 0 -192 ) (-128 0 -192 ) 
3 0 (192 0 128 ) (128 0 128 ) (128 64 128 ) 
4 0 (128 64 128 ) (128 0 128 ) (128 0 192 ) (128 64 192 ) 
4 0 (496 496 128 ) (496 496 496 ) (496 0 496 ) (496 0 128 ) 
4 0 (496 496 496 ) (128 496 496 ) (128 0 496 ) (496 0 496 ) 
4 0 (128 496 128 ) (128 496 496 ) (496 496 496 ) (496 496 128 ) 
5 1 (128 64 192 ) (128 0 192 ) (0 0 192 ) (0 128 192 ) (64 128 192 ) 
4 1 (128 496 192 ) (0 496 192 ) (0 496 496 ) (128 496 496 ) 
4 1 (128 496 496 ) (0 496 496 ) (0 0 496 ) (128 0 496 ) 
3 2 (64 128 128 ) (0 128 128 ) (0 192 128 ) 
4 2 (0 128 128 ) (64 128 128 ) (64 128 192 ) (0 128 192 ) 
4 2 (128 496 192 ) (128 496 128 ) (0 496 128 ) (0 496 192 ) 
3 3 (128 128 128 ) (128 64 128 ) (64 128 128 ) 
4 3 (64 128 192 ) (64 128 128 ) (128 64.001320 128 ) (128 64.001320 192 ) 
4 4 (128 64 128 ) (128 128 128 ) (128 128 0 ) (128 64 0 ) 
4 4 (128 496 128 ) (496 496 128 ) (496 496 0 ) (128 496 0 ) 
4 4 (496 496 128 ) (496 0 128 ) (496 0 0 ) (496 496 0 ) 
4 4 (128 64 128 ) (128 64 0 ) (192 0 0 ) (192 0 128 ) 
4 5 (64 128 0 ) (128 128 0 ) (128 128 128 ) (64 128 128 ) 
4 5 (0 496 128 ) (128 496 128 ) (128 496 0 ) (0 496 0 ) 
4 5 (64 128 0 ) (64 128 128 ) (0 192 128 ) (0 192 0 ) 
4 6 (64 128 -128 ) (128 128 -128 ) (128 128 0 ) (64 128 0 ) 
4 6 (496 496 -128 ) (0 496 -128 ) (0 496 0 ) (496 496 0 ) 
4 6 (496 128 0 ) (496 128 -128 ) (496 496 -128 ) (496 496 0 ) 
4 6 (0 192 -128 ) (64 128 -128 ) (64 128 0 ) (0 192 0 ) 
4 7 (128 128 0 ) (128 128 -128 ) (128 64 -128 ) (128 64 0 ) 
4 7 (496 128 0 ) (496 0 0 ) (496 0 -128 ) (496 128 -128 ) 
4 7 (128 64 0 ) (128 64 -128 ) (192 0 -128 ) (192 0 0 ) 
4 8 (128 0 -192 ) (128 0 -128 ) (128 64 -128 ) (128 64 -192 ) 
4 8 (496 496 -496 ) (128 496 -496 ) (128 496 -128 ) (496 496 -128 ) 
3 8 (128 64 -128 ) (128 0 -128 ) (192 0 -128 ) 
4 8 (496 0 -496 ) (128 0 -496 ) (128 496 -496 ) (496 496 -496 ) 
4 8 (496 496 -128 ) (496 0 -128 ) (496 0 -496 ) (496 496 -496 ) 
4 9 (64 128 -128 ) (0 128 -128 ) (0 128 -192 ) (64 128 -192 ) 
4 9 (128 496 -496 ) (0 496 -496 ) (0 496 -128 ) (128 496 -128 ) 
3 9 (64 128 -128 ) (0 192 -128 ) (0 128 -128 ) 
4 9 (0 128 -496 ) (0 496 -496 ) (128 496 -496 ) (128 128 -496 ) 
3 10 (128 64 -128 ) (128 128 -128 ) (64 128 -128 ) 
4 10 (63.997898 128 -128 ) (63.997894 128 -192 ) (128 63.997894 -192 ) (128 63.997894 -128 ) 
5 11 (0 0 -192 ) (128 0 -192 ) (128 64 -192 ) (64 128 -192 ) (0 128 -192 ) 
4 11 (128 0 -496 ) (0 0 -496 ) (0 128 -496 ) (128 128 -496 ) 
3 12 (128 -64 128 ) (128 0 128 ) (192 0 128 ) 
4 12 (128 0 128 ) (128 -64 128 ) (128 -64 192 ) (128 0 192 ) 
4 12 (496 0 128 ) (496 0 496 ) (496 -496 496 ) (496 -496 128 ) 
4 12 (128 -496 496 ) (496 -496 496 ) (496 0 496 ) (128 0 496 ) 
4 12 (496 -496 128 ) (496 -496 496 ) (128 -496 496 ) (128 -496 128 ) 
5 13 (0 0 192 ) (128 0 192 ) (128 -64 192 ) (64 -128 192 ) (0 -128 192 ) 
4 13 (128 -496 496 ) (0 -496 496 ) (0 -496 192 ) (128 -496 192 ) 
4 13 (128 -496 496 ) (128 0 496 ) (0 0 496 ) (0 -496 496 ) 
3 14 (128 -64 128 ) (128 -128 128 ) (64 -128 128 ) 
4 14 (64 -128 128 ) (64 -128 192 ) (128 -64 192 ) (128 -64 128 ) 
3 15 (0 -192 128 ) (0 -128 128 ) (64 -128 128 ) 
4 15 (0 -128 192 ) (64 -128 192 ) (64 -128 128 ) (0 -128 128 ) 
4 15 (0 -496 192 ) (0 -496 128 ) (128 -496 128 ) (128 -496 192 ) 
4 16 (128 -64 0 ) (128 -128 0 ) (128 -128 128 ) (128 -64 128 ) 
4 16 (128 -496 0 ) (496 -496 0 ) (496 -496 128 ) (128 -496 128 ) 
4 16 (496 0 128 ) (496 -496 128 ) (496 -496 0 ) (496 0 0 ) 
4 16 (128 -64 0 ) (128 -64 128 ) (192 0 128 ) (192 0 0 ) 
4 17 (0 -496 0 ) (128 -496 0 ) (128 -496 128 ) (0 -496 128 ) 
4 17 (64 -128 128 ) (128 -128 128 ) (128 -128 0 ) (64 -128 0 ) 
4 17 (64 -128 128 ) (64 -128 0 ) (0 -192 0 ) (0 -192 128 ) 
4 18 (128 -64 -128 ) (128 -128 -128 ) (128 -128 0 ) (128 -64 0 ) 
4 18 (496 0 0 ) (496 -128 0 ) (496 -128 -128 ) (496 0 -128 ) 
4 18 (192 0 -128 ) (128 -64 -128 ) (128 -64 0 ) (192 0 0 ) 
4 19 (496 -496 0 ) (0 -496 0 ) (0 -496 -128 ) (496 -496 -128 ) 
4 19 (496 -128 0 ) (496 -496 0 ) (496 -496 -128 ) (496 -128 -128 ) 
4 19 (64 -128 0 ) (128 -128 0 ) (128 -128 -128 ) (64 -128 -128 ) 
4 19 (64 -128 0 ) (64 -128 -128 ) (0 -192 -128 ) (0 -192 0 ) 
4 20 (128 -64 -128 ) (128 0 -128 ) (128 0 -192 ) (128 -64 -192 ) 
4 20 (496 -496 -128 ) (128 -496 -128 ) (128 -496 -496 ) (496 -496 -496 ) 
3 20 (128 -64 -128 ) (192 0 -128 ) (128 0 -128 ) 
4 20 (496 -496 -496 ) (128 -496 -496 ) (128 0 -496 ) (496 0 -496 ) 
4 20 (496 0 -128 ) (496 -496 -128 ) (496 -496 -496 ) (496 0 -496 ) 
3 21 (64 -128 -128 ) (128 -128 -128 ) (128 -64 -128 ) 
4 21 (128 -64.001320 -128 ) (128 -64.001320 -192 ) (64.003418 -128 -192 ) (64.003418 -128 -128 ) 
5 22 (128 -64 -192 ) (128 0 -192 ) (0 0 -192 ) (0 -128 -192 ) (64 -128 -192 ) 
4 22 (0 -128 -496 ) (0 0 -496 ) (128 0 -496 ) (128 -128 -496 ) 
4 23 (64 -128 -192 ) (0 -128 -192 ) (0 -128 -128 ) (64 -128 -128 ) 
4 23 (128 -496 -128 ) (0 -496 -128 ) (0 -496 -496 ) (128 -496 -496 ) 
3 23 (64 -128 -128 ) (0 -128 -128 ) (0 -192 -128 ) 
4 23 (128 -496 -496 ) (0 -496 -496 ) (0 -128 -496 ) (128 -128 -496 ) 
5 24 (0 0 192 ) (-128 0 192 ) (-128 64 192 ) (-64 128 192 ) (0 128 192 ) 
4 24 (0 496 496 ) (-128 496 496 ) (-128 0 496 ) (0 0 496 ) 
4 24 (-128 496 192 ) (-128 496 496 ) (0 496 496 ) (0 496 192 ) 
3 25 (0 192 128 ) (0 128 128 ) (-64 128 128 ) 
4 25 (0 128 192 ) (-64 128 192 ) (-64 128 128 ) (0 128 128 ) 
4 25 (-128 496 128 ) (-128 496 192 ) (0 496 192 ) (0 496 128 ) 
3 26 (-128 64 128 ) (-128 128 128 ) (-64 128 128 ) 
4 26 (-64 128 128 ) (-64 128 192 ) (-128 64 192 ) (-128 64 128 ) 
3 27 (-128 0 128 ) (-192 0 128 ) (-128 64 128 ) 
4 27 (-128 64 192 ) (-128 0 192 ) (-128 0 128 ) (-128 64 128 ) 
4 27 (-128 496 128 ) (-496 496 128 ) (-496 496 496 ) (-128 496 496 ) 
4 27 (-128 496 496 ) (-496 496 496 ) (-496 0 496 ) (-128 0 496 ) 
4 27 (-496 496 496 ) (-496 496 128 ) (-496 0 128 ) (-496 0 496 ) 
4 28 (-128 128 128 ) (-128 128 0 ) (-64 128 0 ) (-64 128 128 ) 
4 28 (-128 496 128 ) (0 496 128 ) (0 496 0 ) (-128 496 0 ) 
4 28 (-64 128 128 ) (-64 128 0 ) (0 192 0 ) (0 192 128 ) 
4 29 (-496 496 128 ) (-496 496 0 ) (-496 0 0 ) (-496 0 128 ) 
4 29 (-496 496 128 ) (-128 496 128 ) (-128 496 0 ) (-496 496 0 ) 
4 29 (-128 64 0 ) (-128 128 0 ) (-128 128 128 ) (-128 64 128 ) 
4 29 (-128 64 0 ) (-128 64 128 ) (-192 0 128 ) (-192 0 0 ) 
4 30 (-128 128 -128 ) (-64 128 -128 ) (-64 128 0 ) (-128 128 0 ) 
4 30 (-496 128 0 ) (-496 496 0 ) (-496 496 -128 ) (-496 128 -128 ) 
4 30 (0 496 0 ) (0 496 -128 ) (-496 496 -128 ) (-496 496 0 ) 
4 30 (-64 128 0 ) (-64 128 -128 ) (0 192 -128 ) (0 192 0 ) 
4 31 (-496 0 -128 ) (-496 0 0 ) (-496 128 0 ) (-496 128 -128 ) 
4 31 (-128 64 0 ) (-128 64 -128 ) (-128 128 -128 ) (-128 128 0 ) 
4 31 (-192 0 -128 ) (-128 64 -128 ) (-128 64 0 ) (-192 0 0 ) 
4 32 (-64 128 -192 ) (0 128 -192 ) (0 128 -128 ) (-64 128 -128 ) 
4 32 (-128 496 -192 ) (-128 496 -128 ) (0 496 -128 ) (0 496 -192 ) 
3 32 (-64 128 -128 ) (0 128 -128 ) (0 192 -128 ) 
3 33 (-64 128 -128 ) (-128 128 -128 ) (-128 64 -128 ) 
4 33 (-128 64 -128 ) (-128 64 -192 ) (-64 128 -192 ) (-64 128 -128 ) 
4 34 (-128 64 -128 ) (-128 0 -128 ) (-128 0 -192 ) (-128 64 -192 ) 
4 34 (-496 0 -192 ) (-496 0 -128 ) (-496 496 -128 ) (-496 496 -192 ) 
3 34 (-128 64 -128 ) (-192 0 -128 ) (-128 0 -128 ) 
4 34 (-128 496 -192 ) (-496 496 -192 ) (-496 496 -128 ) (-128 496 -128 ) 
4 35 (-496 0 -496 ) (-496 0 -192 ) (-496 496 -192 ) (-496 496 -496 ) 
4 35 (-496 496 -496 ) (-496 496 -192 ) (0 496 -192 ) (0 496 -496 ) 
5 35 (0 128 -192 ) (-64 128 -192 ) (-128 64 -192 ) (-128 0 -192 ) (0 0 -192 ) 
4 35 (0 0 -496 ) (-496 0 -496 ) (-496 496 -496 ) (0 496 -496 ) 
5 36 (-128 -64 192 ) (-128 0 192 ) (0 0 192 ) (0 -128 192 ) (-64 -128 192 ) 
4 36 (-128 -496 496 ) (0 -496 496 ) (0 0 496 ) (-128 0 496 ) 
4 36 (0 -496 192 ) (0 -496 496 ) (-128 -496 496 ) (-128 -496 192 ) 
3 37 (-128 -128 128 ) (-128 -64 128 ) (-64 -128 128 ) 
4 37 (-64 -128 192 ) (-64 -128 128 ) (-128 -64.001320 128 ) (-128 -64.001320 192 ) 
3 38 (-64 -128 128 ) (0 -128 128 ) (0 -192 128 ) 
4 38 (0 -128 128 ) (-64 -128 128 ) (-64 -128 192 ) (0 -128 192 ) 
4 38 (0 -496 128 ) (0 -496 192 ) (-128 -496 192 ) (-128 -496 128 ) 
3 39 (-192 0 128 ) (-128 0 128 ) (-128 -64 128 ) 
4 39 (-128 0 192 ) (-128 -64 192 ) (-128 -64 128 ) (-128 0 128 ) 
4 39 (-128 -496 496 ) (-496 -496 496 ) (-496 -496 128 ) (-128 -496 128 ) 
4 39 (-496 -496 496 ) (-128 -496 496 ) (-128 0 496 ) (-496 0 496 ) 
4 39 (-496 -496 128 ) (-496 -496 496 ) (-496 0 496 ) (-496 0 128 ) 
4 40 (-128 -496 0 ) (0 -496 0 ) (0 -496 128 ) (-128 -496 128 ) 
4 40 (-64 -128 128 ) (-64 -128 0 ) (-128 -128 0 ) (-128 -128 128 ) 
4 40 (-64 -128 0 ) (-64 -128 128 ) (0 -192 128 ) (0 -192 0 ) 
4 41 (-496 0 0 ) (-496 -496 0 ) (-496 -496 128 ) (-496 0 128 ) 
4 41 (-496 -496 0 ) (-128 -496 0 ) (-128 -496 128 ) (-496 -496 128 ) 
4 41 (-128 -64 128 ) (-128 -128 128 ) (-128 -128 0 ) (-128 -64 0 ) 
4 41 (-128 -64 128 ) (-128 -64 0 ) (-192 0 0 ) (-192 0 128 ) 
4 42 (-496 -128 0 ) (-496 0 0 ) (-496 0 -128 ) (-496 -128 -128 ) 
4 42 (-128 -64 0 ) (-128 -128 0 ) (-128 -128 -128 ) (-128 -64 -128 ) 
4 42 (-128 -64 0 ) (-128 -64 -128 ) (-192 0 -128 ) (-192 0 0 ) 
4 43 (-496 -496 0 ) (-496 -128 0 ) (-496 -128 -128 ) (-496 -496 -128 ) 
4 43 (-496 -496 0 ) (-496 -496 -128 ) (0 -496 -128 ) (0 -496 0 ) 
4 43 (-128 -128 0 ) (-64 -128 0 ) (-64 -128 -128 ) (-128 -128 -128 ) 
4 43 (0 -192 -128 ) (-64 -128 -128 ) (-64 -128 0 ) (0 -192 0 ) 
3 44 (-128 -64 -128 ) (-128 -128 -128 ) (-64 -128 -128 ) 
4 44 (-64 -128 -128 ) (-64 -128 -192 ) (-128 -64 -192 ) (-128 -64 -128 ) 
4 45 (-64 -128 -128 ) (0 -128 -128 ) (0 -128 -192 ) (-64 -128 -192 ) 
4 45 (0 -496 -192 ) (0 -496 -128 ) (-128 -496 -128 ) (-128 -496 -192 ) 
3 45 (0 -192 -128 ) (0 -128 -128 ) (-64 -128 -128 ) 
4 46 (-128 0 -128 ) (-128 -64 -128 ) (-128 -64 -192 ) (-128 0 -192 ) 
4 46 (-496 -496 -128 ) (-496 0 -128 ) (-496 0 -192 ) (-496 -496 -192 ) 
3 46 (-128 -64 -128 ) (-128 0 -128 ) (-192 0 -128 ) 
4 46 (-128 -496 -128 ) (-496 -496 -128 ) (-496 -496 -192 ) (-128 -496 -192 ) 
4 47 (-496 0 -192 ) (-496 0 -496 ) (-496 -496 -496 ) (-496 -496 -192 ) 
4 47 (0 -496 -496 ) (0 -496 -192 ) (-496 -496 -192 ) (-496 -496 -496 ) 
5 47 (-64 -128 -192 ) (0 -128 -192 ) (0 0 -192 ) (-128 0 -192 ) (-128 -64 -192 ) 
4 47 (0 -496 -496 ) (-496 -496 -496 ) (-496 0 -496 ) (0 0 -496 ) 
