PRT1
196
483
210
4 0 28 0 (3072 2776 1024 ) (3072 2048 1024 ) (3072 2048 1760 ) (3072 2776 1760 ) 
4 0 4 0 (3072 2048 1760 ) (3072 2048 1024 ) (3088 2048 1024 ) (3088 2048 1760 ) 
4 0 1 0 (3088 2048 1024 ) (3072 2048 1024 ) (3072 2776 1024 ) (3088 2776 1024 ) 
4 1 29 0 (3072 2776 0 ) (3072 2048 0 ) (3072 2048 1024 ) (3072 2776 1024 ) 
4 1 5 0 (3072 2048 1024 ) (3072 2048 0 ) (3088 2048 0 ) (3088 2048 1024 ) 
4 1 2 0 (3088 2048 0 ) (3072 2048 0 ) (3072 2776 0 ) (3088 2776 0 ) 
4 2 30 0 (3072 2776 -1024 ) (3072 2048 -1024 ) (3072 2048 0 ) (3072 2776 0 ) 
4 2 6 0 (3072 2048 0 ) (3072 2048 -1024 ) (3088 2048 -1024 ) (3088 2048 0 ) 
4 2 3 0 (3088 2048 -1024 ) (3072 2048 -1024 ) (3072 2776 -1024 ) (3088 2776 -1024 ) 
4 3 31 0 (3072 2776 -1792 ) (3072 2048 -1792 ) (3072 2048 -1024 ) (3072 2776 -1024 ) 
4 3 7 0 (3072 2048 -1024 ) (3072 2048 -1792 ) (3088 2048 -1792 ) (3088 2048 -1024 ) 
4 4 32 0 (3072 1024 1024 ) (3072 1024 1760 ) (3072 2048 1760 ) (3072 2048 1024 ) 
4 4 8 0 (3072 1024 1760 ) (3072 1024 1024 ) (3088 1024 1024 ) (3088 1024 1760 ) 
4 4 5 0 (3088 1024 1024 ) (3072 1024 1024 ) (3072 2048 1024 ) (3088 2048 1024 ) 
4 5 33 0 (3072 1024 0 ) (3072 1024 1024 ) (3072 2048 1024 ) (3072 2048 0 ) 
4 5 9 0 (3072 1024 1024 ) (3072 1024 0 ) (3088 1024 0 ) (3088 1024 1024 ) 
4 5 6 0 (3088 1024 0 ) (3072 1024 0 ) (3072 2048 0 ) (3088 2048 0 ) 
4 6 34 0 (3072 1024 -1024 ) (3072 1024 0 ) (3072 2048 0 ) (3072 2048 -1024 ) 
4 6 10 0 (3072 1024 0 ) (3072 1024 -1024 ) (3088 1024 -1024 ) (3088 1024 0 ) 
4 6 7 0 (3088 1024 -1024 ) (3072 1024 -1024 ) (3072 2048 -1024 ) (3088 2048 -1024 ) 
4 7 35 0 (3072 1024 -1792 ) (3072 1024 -1024 ) (3072 2048 -1024 ) (3072 2048 -1792 ) 
4 7 11 0 (3072 1024 -1024 ) (3072 1024 -1792 ) (3088 1024 -1792 ) (3088 1024 -1024 ) 
4 8 36 0 (3072 0 1024 ) (3072 0 1760 ) (3072 1024 1760 ) (3072 1024 1024 ) 
4 8 12 0 (3072 0 1760 ) (3072 0 1024 ) (3088 0 1024 ) (3088 0 1760 ) 
4 8 9 0 (3088 0 1024 ) (3072 0 1024 ) (3072 1024 1024 ) (3088 1024 1024 ) 
4 9 37 0 (3072 0 0 ) (3072 0 1024 ) (3072 1024 1024 ) (3072 1024 0 ) 
4 9 13 0 (3072 0 1024 ) (3072 0 0 ) (3088 0 0 ) (3088 0 1024 ) 
4 9 10 0 (3088 0 0 ) (3072 0 0 ) (3072 1024 0 ) (3088 1024 0 ) 
4 10 38 0 (3072 0 -1024 ) (3072 0 0 ) (3072 1024 0 ) (3072 1024 -1024 ) 
4 10 14 0 (3072 0 0 ) (3072 0 -1024 ) (3088 0 -1024 ) (3088 0 0 ) 
4 10 11 0 (3088 0 -1024 ) (3072 0 -1024 ) (3072 1024 -1024 ) (3088 1024 -1024 ) 
4 11 39 0 (3072 0 -1792 ) (3072 0 -1024 ) (3072 1024 -1024 ) (3072 1024 -1792 ) 
4 11 15 0 (3072 0 -1024 ) (3072 0 -1792 ) (3088 0 -1792 ) (3088 0 -1024 ) 
4 12 40 0 (3072 -1024 1024 ) (3072 -1024 1760 ) (3072 0 1760 ) (3072 0 1024 ) 
4 12 16 0 (3072 -1024 1760 ) (3072 -1024 1024 ) (3088 -1024 1024 ) (3088 -1024 1760 ) 
4 12 13 0 (3088 -1024 1024 ) (3072 -1024 1024 ) (3072 0 1024 ) (3088 0 1024 ) 
4 13 41 0 (3072 -1024 0 ) (3072 -1024 1024 ) (3072 0 1024 ) (3072 0 0 ) 
4 13 17 0 (3072 -1024 1024 ) (3072 -1024 0 ) (3088 -1024 0 ) (3088 -1024 1024 ) 
4 13 14 0 (3088 -1024 0 ) (3072 -1024 0 ) (3072 0 0 ) (3088 0 0 ) 
4 14 42 0 (3072 -1024 -1024 ) (3072 -1024 0 ) (3072 0 0 ) (3072 0 -1024 ) 
4 14 18 0 (3072 -1024 0 ) (3072 -1024 -1024 ) (3088 -1024 -1024 ) (3088 -1024 0 ) 
4 14 15 0 (3088 -1024 -1024 ) (3072 -1024 -1024 ) (3072 0 -1024 ) (3088 0 -1024 ) 
4 15 43 0 (3072 -1024 -1792 ) (3072 -1024 -1024 ) (3072 0 -1024 ) (3072 0 -1792 ) 
4 15 19 0 (3072 -1024 -1024 ) (3072 -1024 -1792 ) (3088 -1024 -1792 ) (3088 -1024 -1024 ) 
4 16 44 0 (3072 -2048 1024 ) (3072 -2048 1760 ) (3072 -1024 1760 ) (3072 -1024 1024 ) 
4 16 20 0 (3072 -2048 1760 ) (3072 -2048 1024 ) (3088 -2048 1024 ) (3088 -2048 1760 ) 
4 16 17 0 (3088 -2048 1024 ) (3072 -2048 1024 ) (3072 -1024 1024 ) (3088 -1024 1024 ) 
4 17 45 0 (3072 -2048 0 ) (3072 -2048 1024 ) (3072 -1024 1024 ) (3072 -1024 0 ) 
4 17 21 0 (3072 -2048 1024 ) (3072 -2048 0 ) (3088 -2048 0 ) (3088 -2048 1024 ) 
4 17 18 0 (3088 -2048 0 ) (3072 -2048 0 ) (3072 -1024 0 ) (3088 -1024 0 ) 
4 18 46 0 (3072 -2048 -1024 ) (3072 -2048 0 ) (3072 -1024 0 ) (3072 -1024 -1024 ) 
4 18 22 0 (3072 -2048 0 ) (3072 -2048 -1024 ) (3088 -2048 -1024 ) (3088 -2048 0 ) 
4 18 19 0 (3088 -2048 -1024 ) (3072 -2048 -1024 ) (3072 -1024 -1024 ) (3088 -1024 -1024 ) 
4 19 47 0 (3072 -2048 -1792 ) (3072 -2048 -1024 ) (3072 -1024 -1024 ) (3072 -1024 -1792 ) 
4 19 23 0 (3072 -2048 -1024 ) (3072 -2048 -1792 ) (3088 -2048 -1792 ) (3088 -2048 -1024 ) 
4 20 48 0 (3072 -3072 1024 ) (3072 -3072 1760 ) (3072 -2048 1760 ) (3072 -2048 1024 ) 
4 20 24 0 (3072 -3072 1760 ) (3072 -3072 1024 ) (3088 -3072 1024 ) (3088 -3072 1760 ) 
4 20 21 0 (3088 -3072 1024 ) (3072 -3072 1024 ) (3072 -2048 1024 ) (3088 -2048 1024 ) 
4 21 49 0 (3072 -3072 0 ) (3072 -3072 1024 ) (3072 -2048 1024 ) (3072 -2048 0 ) 
4 21 25 0 (3072 -3072 1024 ) (3072 -3072 0 ) (3088 -3072 0 ) (3088 -3072 1024 ) 
4 21 22 0 (3088 -3072 0 ) (3072 -3072 0 ) (3072 -2048 0 ) (3088 -2048 0 ) 
4 22 50 0 (3072 -3072 -1024 ) (3072 -3072 0 ) (3072 -2048 0 ) (3072 -2048 -1024 ) 
4 22 26 0 (3072 -3072 0 ) (3072 -3072 -1024 ) (3088 -3072 -1024 ) (3088 -3072 0 ) 
4 22 23 0 (3088 -3072 -1024 ) (3072 -3072 -1024 ) (3072 -2048 -1024 ) (3088 -2048 -1024 ) 
4 23 51 0 (3072 -3072 -1792 ) (3072 -3072 -1024 ) (3072 -2048 -1024 ) (3072 -2048 -1792 ) 
4 23 27 0 (3072 -3072 -1024 ) (3072 -3072 -1792 ) (3088 -3072 -1792 ) (3088 -3072 -1024 ) 
4 24 52 0 (3072 -3072 1760 ) (3072 -3072 1024 ) (3072 -3744 1024 ) (3072 -3744 1760 ) 
4 24 25 0 (3072 -3744 1024 ) (3072 -3072 1024 ) (3088 -3072 1024 ) (3088 -3744 1024 ) 
4 25 53 0 (3072 -3744 1024 ) (3072 -3072 1024 ) (3072 -3072 0 ) (3072 -3744 0 ) 
4 25 26 0 (3072 -3744 0 ) (3072 -3072 0 ) (3088 -3072 0 ) (3088 -3744 0 ) 
4 26 54 0 (3072 -3744 0 ) (3072 -3072 0 ) (3072 -3072 -1024 ) (3072 -3744 -1024 ) 
4 26 27 0 (3072 -3744 -1024 ) (3072 -3072 -1024 ) (3088 -3072 -1024 ) (3088 -3744 -1024 ) 
4 27 55 0 (3072 -3744 -1024 ) (3072 -3072 -1024 ) (3072 -3072 -1792 ) (3072 -3744 -1792 ) 
4 28 56 0 (2048 2048 1024 ) (2048 2048 1760 ) (2048 2776 1760 ) (2048 2776 1024 ) 
4 28 32 0 (2048 2048 1760 ) (2048 2048 1024 ) (3072 2048 1024 ) (3072 2048 1760 ) 
4 28 29 0 (3072 2048 1024 ) (2048 2048 1024 ) (2048 2776 1024 ) (3072 2776 1024 ) 
4 29 57 0 (2048 2048 0 ) (2048 2048 1024 ) (2048 2776 1024 ) (2048 2776 0 ) 
4 29 33 0 (2048 2048 1024 ) (2048 2048 0 ) (3072 2048 0 ) (3072 2048 1024 ) 
4 29 30 0 (3072 2048 0 ) (2048 2048 0 ) (2048 2776 0 ) (3072 2776 0 ) 
4 30 58 0 (2048 2048 -1024 ) (2048 2048 0 ) (2048 2776 0 ) (2048 2776 -1024 ) 
4 30 34 0 (2048 2048 0 ) (2048 2048 -1024 ) (3072 2048 -1024 ) (3072 2048 0 ) 
4 30 31 0 (3072 2048 -1024 ) (2048 2048 -1024 ) (2048 2776 -1024 ) (3072 2776 -1024 ) 
4 31 59 0 (2048 2048 -1792 ) (2048 2048 -1024 ) (2048 2776 -1024 ) (2048 2776 -1792 ) 
4 31 35 0 (2048 2048 -1024 ) (2048 2048 -1792 ) (3072 2048 -1792 ) (3072 2048 -1024 ) 
4 32 60 0 (2048 1024 1024 ) (2048 1024 1760 ) (2048 2048 1760 ) (2048 2048 1024 ) 
4 32 36 0 (2048 1024 1760 ) (2048 1024 1024 ) (3072 1024 1024 ) (3072 1024 1760 ) 
4 32 33 0 (3072 1024 1024 ) (2048 1024 1024 ) (2048 2048 1024 ) (3072 2048 1024 ) 
4 33 61 0 (2048 1024 0 ) (2048 1024 1024 ) (2048 2048 1024 ) (2048 2048 0 ) 
4 33 37 0 (2048 1024 1024 ) (2048 1024 0 ) (3072 1024 0 ) (3072 1024 1024 ) 
4 33 34 0 (3072 1024 0 ) (2048 1024 0 ) (2048 2048 0 ) (3072 2048 0 ) 
4 34 62 0 (2048 1024 -1024 ) (2048 1024 0 ) (2048 2048 0 ) (2048 2048 -1024 ) 
4 34 38 0 (2048 1024 0 ) (2048 1024 -1024 ) (3072 1024 -1024 ) (3072 1024 0 ) 
4 34 35 0 (3072 1024 -1024 ) (2048 1024 -1024 ) (2048 2048 -1024 ) (3072 2048 -1024 ) 
4 35 63 0 (2048 1024 -1792 ) (2048 1024 -1024 ) (2048 2048 -1024 ) (2048 2048 -1792 ) 
4 35 39 0 (2048 1024 -1024 ) (2048 1024 -1792 ) (3072 1024 -1792 ) (3072 1024 -1024 ) 
4 36 64 0 (2048 0 1024 ) (2048 0 1760 ) (2048 1024 1760 ) (2048 1024 1024 ) 
4 36 40 0 (2048 0 1760 ) (2048 0 1024 ) (3072 0 1024 ) (3072 0 1760 ) 
4 36 37 0 (3072 0 1024 ) (2048 0 1024 ) (2048 1024 1024 ) (3072 1024 1024 ) 
4 37 65 0 (2048 0 0 ) (2048 0 1024 ) (2048 1024 1024 ) (2048 1024 0 ) 
4 37 41 0 (2048 0 1024 ) (2048 0 0 ) (3072 0 0 ) (3072 0 1024 ) 
4 37 38 0 (3072 0 0 ) (2048 0 0 ) (2048 1024 0 ) (3072 1024 0 ) 
4 38 66 0 (2048 0 -1024 ) (2048 0 0 ) (2048 1024 0 ) (2048 1024 -1024 ) 
4 38 42 0 (2048 0 0 ) (2048 0 -1024 ) (3072 0 -1024 ) (3072 0 0 ) 
4 38 39 0 (3072 0 -1024 ) (2048 0 -1024 ) (2048 1024 -1024 ) (3072 1024 -1024 ) 
4 39 67 0 (2048 0 -1792 ) (2048 0 -1024 ) (2048 1024 -1024 ) (2048 1024 -1792 ) 
4 39 43 0 (2048 0 -1024 ) (2048 0 -1792 ) (3072 0 -1792 ) (3072 0 -1024 ) 
4 40 68 0 (2048 -1024 1024 ) (2048 -1024 1760 ) (2048 0 1760 ) (2048 0 1024 ) 
4 40 44 0 (2048 -1024 1760 ) (2048 -1024 1024 ) (3072 -1024 1024 ) (3072 -1024 1760 ) 
4 40 41 0 (3072 -1024 1024 ) (2048 -1024 1024 ) (2048 0 1024 ) (3072 0 1024 ) 
4 41 69 0 (2048 -1024 0 ) (2048 -1024 1024 ) (2048 0 1024 ) (2048 0 0 ) 
4 41 45 0 (2048 -1024 1024 ) (2048 -1024 0 ) (3072 -1024 0 ) (3072 -1024 1024 ) 
4 41 42 0 (3072 -1024 0 ) (2048 -1024 0 ) (2048 0 0 ) (3072 0 0 ) 
4 42 70 0 (2048 -1024 -1024 ) (2048 -1024 0 ) (2048 0 0 ) (2048 0 -1024 ) 
4 42 46 0 (2048 -1024 0 ) (2048 -1024 -1024 ) (3072 -1024 -1024 ) (3072 -1024 0 ) 
4 42 43 0 (3072 -1024 -1024 ) (2048 -1024 -1024 ) (2048 0 -1024 ) (3072 0 -1024 ) 
4 43 71 0 (2048 -1024 -1792 ) (2048 -1024 -1024 ) (2048 0 -1024 ) (2048 0 -1792 ) 
4 43 47 0 (2048 -1024 -1024 ) (2048 -1024 -1792 ) (3072 -1024 -1792 ) (3072 -1024 -1024 ) 
4 44 72 0 (2048 -2048 1024 ) (2048 -2048 1760 ) (2048 -1024 1760 ) (2048 -1024 1024 ) 
4 44 48 0 (2048 -2048 1760 ) (2048 -2048 1024 ) (3072 -2048 1024 ) (3072 -2048 1760 ) 
4 44 45 0 (3072 -2048 1024 ) (2048 -2048 1024 ) (2048 -1024 1024 ) (3072 -1024 1024 ) 
4 45 73 0 (2048 -2048 0 ) (2048 -2048 1024 ) (2048 -1024 1024 ) (2048 -1024 0 ) 
4 45 49 0 (2048 -2048 1024 ) (2048 -2048 0 ) (3072 -2048 0 ) (3072 -2048 1024 ) 
4 45 46 0 (3072 -2048 0 ) (2048 -2048 0 ) (2048 -1024 0 ) (3072 -1024 0 ) 
4 46 74 0 (2048 -2048 -1024 ) (2048 -2048 0 ) (2048 -1024 0 ) (2048 -1024 -1024 ) 
4 46 50 0 (2048 -2048 0 ) (2048 -2048 -1024 ) (3072 -2048 -1024 ) (3072 -2048 0 ) 
4 46 47 0 (3072 -2048 -1024 ) (2048 -2048 -1024 ) (2048 -1024 -1024 ) (3072 -1024 -1024 ) 
4 47 75 0 (2048 -2048 -1792 ) (2048 -2048 -1024 ) (2048 -1024 -1024 ) (2048 -1024 -1792 ) 
4 47 51 0 (2048 -2048 -1024 ) (2048 -2048 -1792 ) (3072 -2048 -1792 ) (3072 -2048 -1024 ) 
4 48 76 0 (2048 -3072 1024 ) (2048 -3072 1760 ) (2048 -2048 1760 ) (2048 -2048 1024 ) 
4 48 52 0 (2048 -3072 1760 ) (2048 -3072 1024 ) (3072 -3072 1024 ) (3072 -3072 1760 ) 
4 48 49 0 (3072 -3072 1024 ) (2048 -3072 1024 ) (2048 -2048 1024 ) (3072 -2048 1024 ) 
4 49 77 0 (2048 -3072 0 ) (2048 -3072 1024 ) (2048 -2048 1024 ) (2048 -2048 0 ) 
4 49 53 0 (2048 -3072 1024 ) (2048 -3072 0 ) (3072 -3072 0 ) (3072 -3072 1024 ) 
4 49 50 0 (3072 -3072 0 ) (2048 -3072 0 ) (2048 -2048 0 ) (3072 -2048 0 ) 
4 50 78 0 (2048 -3072 -1024 ) (2048 -3072 0 ) (2048 -2048 0 ) (2048 -2048 -1024 ) 
4 50 54 0 (2048 -3072 0 ) (2048 -3072 -1024 ) (3072 -3072 -1024 ) (3072 -3072 0 ) 
4 50 51 0 (3072 -3072 -1024 ) (2048 -3072 -1024 ) (2048 -2048 -1024 ) (3072 -2048 -1024 ) 
4 51 79 0 (2048 -3072 -1792 ) (2048 -3072 -1024 ) (2048 -2048 -1024 ) (2048 -2048 -1792 ) 
4 51 55 0 (2048 -3072 -1024 ) (2048 -3072 -1792 ) (3072 -3072 -1792 ) (3072 -3072 -1024 ) 
4 52 80 0 (2048 -3744 1760 ) (2048 -3072 1760 ) (2048 -3072 1024 ) (2048 -3744 1024 ) 
4 52 53 0 (2048 -3744 1024 ) (2048 -3072 1024 ) (3072 -3072 1024 ) (3072 -3744 1024 ) 
4 53 81 0 (2048 -3744 1024 ) (2048 -3072 1024 ) (2048 -3072 0 ) (2048 -3744 0 ) 
4 53 54 0 (2048 -3744 0 ) (2048 -3072 0 ) (3072 -3072 0 ) (3072 -3744 0 ) 
4 54 82 0 (2048 -3744 0 ) (2048 -3072 0 ) (2048 -3072 -1024 ) (2048 -3744 -1024 ) 
4 54 55 0 (2048 -3744 -1024 ) (2048 -3072 -1024 ) (3072 -3072 -1024 ) (3072 -3744 -1024 ) 
4 55 83 0 (2048 -3744 -1792 ) (2048 -3744 -1024 ) (2048 -3072 -1024 ) (2048 -3072 -1792 ) 
4 56 84 0 (1024 2776 1024 ) (1024 2048 1024 ) (1024 2048 1760 ) (1024 2776 1760 ) 
4 56 60 0 (1024 2048 1760 ) (1024 2048 1024 ) (2048 2048 1024 ) (2048 2048 1760 ) 
4 56 57 0 (2048 2048 1024 ) (1024 2048 1024 ) (1024 2776 1024 ) (2048 2776 1024 ) 
4 57 85 0 (1024 2776 0 ) (1024 2048 0 ) (1024 2048 1024 ) (1024 2776 1024 ) 
4 57 61 0 (1024 2048 1024 ) (1024 2048 0 ) (2048 2048 0 ) (2048 2048 1024 ) 
4 57 58 0 (2048 2048 0 ) (1024 2048 0 ) (1024 2776 0 ) (2048 2776 0 ) 
4 58 86 0 (1024 2776 -1024 ) (1024 2048 -1024 ) (1024 2048 0 ) (1024 2776 0 ) 
4 58 62 0 (1024 2048 0 ) (1024 2048 -1024 ) (2048 2048 -1024 ) (2048 2048 0 ) 
4 58 59 0 (2048 2048 -1024 ) (1024 2048 -1024 ) (1024 2776 -1024 ) (2048 2776 -1024 ) 
4 59 87 0 (1024 2048 -1792 ) (1024 2048 -1024 ) (1024 2776 -1024 ) (1024 2776 -1792 ) 
4 59 63 0 (1024 2048 -1024 ) (1024 2048 -1792 ) (2048 2048 -1792 ) (2048 2048 -1024 ) 
4 60 88 0 (1024 1024 1024 ) (1024 1024 1760 ) (1024 2048 1760 ) (1024 2048 1024 ) 
4 60 64 0 (1024 1024 1760 ) (1024 1024 1024 ) (2048 1024 1024 ) (2048 1024 1760 ) 
4 60 61 0 (2048 1024 1024 ) (1024 1024 1024 ) (1024 2048 1024 ) (2048 2048 1024 ) 
4 61 89 0 (1024 1024 0 ) (1024 1024 1024 ) (1024 2048 1024 ) (1024 2048 0 ) 
4 61 65 0 (1024 1024 1024 ) (1024 1024 0 ) (2048 1024 0 ) (2048 1024 1024 ) 
4 61 62 0 (2048 1024 0 ) (1024 1024 0 ) (1024 2048 0 ) (2048 2048 0 ) 
4 62 90 0 (1024 1024 -1024 ) (1024 1024 0 ) (1024 2048 0 ) (1024 2048 -1024 ) 
4 62 66 0 (1024 1024 0 ) (1024 1024 -1024 ) (2048 1024 -1024 ) (2048 1024 0 ) 
4 62 63 0 (2048 1024 -1024 ) (1024 1024 -1024 ) (1024 2048 -1024 ) (2048 2048 -1024 ) 
4 63 91 0 (1024 1024 -1792 ) (1024 1024 -1024 ) (1024 2048 -1024 ) (1024 2048 -1792 ) 
4 63 67 0 (1024 1024 -1024 ) (1024 1024 -1792 ) (2048 1024 -1792 ) (2048 1024 -1024 ) 
4 64 92 0 (1024 0 1024 ) (1024 0 1760 ) (1024 1024 1760 ) (1024 1024 1024 ) 
4 64 68 0 (1024 0 1760 ) (1024 0 1024 ) (2048 0 1024 ) (2048 0 1760 ) 
4 64 65 0 (2048 0 1024 ) (1024 0 1024 ) (1024 1024 1024 ) (2048 1024 1024 ) 
4 65 93 0 (1024 0 0 ) (1024 0 1024 ) (1024 1024 1024 ) (1024 1024 0 ) 
4 65 69 0 (1024 0 1024 ) (1024 0 0 ) (2048 0 0 ) (2048 0 1024 ) 
4 65 66 0 (2048 0 0 ) (1024 0 0 ) (1024 1024 0 ) (2048 1024 0 ) 
4 66 94 0 (1024 0 -1024 ) (1024 0 0 ) (1024 1024 0 ) (1024 1024 -1024 ) 
4 66 70 0 (1024 0 0 ) (1024 0 -1024 ) (2048 0 -1024 ) (2048 0 0 ) 
4 66 67 0 (2048 0 -1024 ) (1024 0 -1024 ) (1024 1024 -1024 ) (2048 1024 -1024 ) 
4 67 95 0 (1024 0 -1792 ) (1024 0 -1024 ) (1024 1024 -1024 ) (1024 1024 -1792 ) 
4 67 71 0 (1024 0 -1024 ) (1024 0 -1792 ) (2048 0 -1792 ) (2048 0 -1024 ) 
4 68 96 0 (1024 -1024 1024 ) (1024 -1024 1760 ) (1024 0 1760 ) (1024 0 1024 ) 
4 68 72 0 (1024 -1024 1760 ) (1024 -1024 1024 ) (2048 -1024 1024 ) (2048 -1024 1760 ) 
4 68 69 0 (2048 -1024 1024 ) (1024 -1024 1024 ) (1024 0 1024 ) (2048 0 1024 ) 
4 69 97 0 (1024 -1024 0 ) (1024 -1024 1024 ) (1024 0 1024 ) (1024 0 0 ) 
4 69 73 0 (1024 -1024 1024 ) (1024 -1024 0 ) (2048 -1024 0 ) (2048 -1024 1024 ) 
4 69 70 0 (2048 -1024 0 ) (1024 -1024 0 ) (1024 0 0 ) (2048 0 0 ) 
4 70 98 0 (1024 -1024 -1024 ) (1024 -1024 0 ) (1024 0 0 ) (1024 0 -1024 ) 
4 70 74 0 (1024 -1024 0 ) (1024 -1024 -1024 ) (2048 -1024 -1024 ) (2048 -1024 0 ) 
4 70 71 0 (2048 -1024 -1024 ) (1024 -1024 -1024 ) (1024 0 -1024 ) (2048 0 -1024 ) 
4 71 99 0 (1024 -1024 -1792 ) (1024 -1024 -1024 ) (1024 0 -1024 ) (1024 0 -1792 ) 
4 71 75 0 (1024 -1024 -1024 ) (1024 -1024 -1792 ) (2048 -1024 -1792 ) (2048 -1024 -1024 ) 
4 72 100 0 (1024 -2048 1024 ) (1024 -2048 1760 ) (1024 -1024 1760 ) (1024 -1024 1024 ) 
4 72 76 0 (1024 -2048 1760 ) (1024 -2048 1024 ) (2048 -2048 1024 ) (2048 -2048 1760 ) 
4 72 73 0 (2048 -2048 1024 ) (1024 -2048 1024 ) (1024 -1024 1024 ) (2048 -1024 1024 ) 
4 73 101 0 (1024 -2048 0 ) (1024 -2048 1024 ) (1024 -1024 1024 ) (1024 -1024 0 ) 
4 73 77 0 (1024 -2048 1024 ) (1024 -2048 0 ) (2048 -2048 0 ) (2048 -2048 1024 ) 
4 73 74 0 (2048 -2048 0 ) (1024 -2048 0 ) (1024 -1024 0 ) (2048 -1024 0 ) 
4 74 102 0 (1024 -2048 -1024 ) (1024 -2048 0 ) (1024 -1024 0 ) (1024 -1024 -1024 ) 
4 74 78 0 (1024 -2048 0 ) (1024 -2048 -1024 ) (2048 -2048 -1024 ) (2048 -2048 0 ) 
4 74 75 0 (2048 -2048 -1024 ) (1024 -2048 -1024 ) (1024 -1024 -1024 ) (2048 -1024 -1024 ) 
4 75 103 0 (1024 -2048 -1792 ) (1024 -2048 -1024 ) (1024 -1024 -1024 ) (1024 -1024 -1792 ) 
4 75 79 0 (1024 -2048 -1024 ) (1024 -2048 -1792 ) (2048 -2048 -1792 ) (2048 -2048 -1024 ) 
4 76 104 0 (1024 -3072 1024 ) (1024 -3072 1760 ) (1024 -2048 1760 ) (1024 -2048 1024 ) 
4 76 80 0 (1024 -3072 1760 ) (1024 -3072 1024 ) (2048 -3072 1024 ) (2048 -3072 1760 ) 
4 76 77 0 (2048 -3072 1024 ) (1024 -3072 1024 ) (1024 -2048 1024 ) (2048 -2048 1024 ) 
4 77 105 0 (1024 -3072 0 ) (1024 -3072 1024 ) (1024 -2048 1024 ) (1024 -2048 0 ) 
4 77 81 0 (1024 -3072 1024 ) (1024 -3072 0 ) (2048 -3072 0 ) (2048 -3072 1024 ) 
4 77 78 0 (2048 -3072 0 ) (1024 -3072 0 ) (1024 -2048 0 ) (2048 -2048 0 ) 
4 78 106 0 (1024 -3072 -1024 ) (1024 -3072 0 ) (1024 -2048 0 ) (1024 -2048 -1024 ) 
4 78 82 0 (1024 -3072 0 ) (1024 -3072 -1024 ) (2048 -3072 -1024 ) (2048 -3072 0 ) 
4 78 79 0 (2048 -3072 -1024 ) (1024 -3072 -1024 ) (1024 -2048 -1024 ) (2048 -2048 -1024 ) 
4 79 107 0 (1024 -3072 -1792 ) (1024 -3072 -1024 ) (1024 -2048 -1024 ) (1024 -2048 -1792 ) 
4 79 83 0 (1024 -3072 -1024 ) (1024 -3072 -1792 ) (2048 -3072 -1792 ) (2048 -3072 -1024 ) 
4 80 108 0 (1024 -3072 1760 ) (1024 -3072 1024 ) (1024 -3744 1024 ) (1024 -3744 1760 ) 
4 80 81 0 (1024 -3744 1024 ) (1024 -3072 1024 ) (2048 -3072 1024 ) (2048 -3744 1024 ) 
4 81 109 0 (1024 -3744 1024 ) (1024 -3072 1024 ) (1024 -3072 0 ) (1024 -3744 0 ) 
4 81 82 0 (1024 -3744 0 ) (1024 -3072 0 ) (2048 -3072 0 ) (2048 -3744 0 ) 
4 82 110 0 (1024 -3744 0 ) (1024 -3072 0 ) (1024 -3072 -1024 ) (1024 -3744 -1024 ) 
4 82 83 0 (1024 -3744 -1024 ) (1024 -3072 -1024 ) (2048 -3072 -1024 ) (2048 -3744 -1024 ) 
4 83 111 0 (1024 -3744 -1024 ) (1024 -3072 -1024 ) (1024 -3072 -1792 ) (1024 -3744 -1792 ) 
4 84 112 0 (0 2048 1024 ) (0 2048 1760 ) (0 2776 1760 ) (0 2776 1024 ) 
4 84 88 0 (0 2048 1760 ) (0 2048 1024 ) (1024 2048 1024 ) (1024 2048 1760 ) 
4 84 85 0 (1024 2048 1024 ) (0 2048 1024 ) (0 2776 1024 ) (1024 2776 1024 ) 
4 85 113 0 (0 2048 0 ) (0 2048 1024 ) (0 2776 1024 ) (0 2776 0 ) 
4 85 89 0 (0 2048 1024 ) (0 2048 0 ) (1024 2048 0 ) (1024 2048 1024 ) 
4 85 86 0 (1024 2048 0 ) (0 2048 0 ) (0 2776 0 ) (1024 2776 0 ) 
4 86 114 0 (0 2048 -1024 ) (0 2048 0 ) (0 2776 0 ) (0 2776 -1024 ) 
4 86 90 0 (0 2048 0 ) (0 2048 -1024 ) (1024 2048 -1024 ) (1024 2048 0 ) 
4 86 87 0 (1024 2048 -1024 ) (0 2048 -1024 ) (0 2776 -1024 ) (1024 2776 -1024 ) 
4 87 115 0 (0 2048 -1792 ) (0 2048 -1024 ) (0 2776 -1024 ) (0 2776 -1792 ) 
4 87 91 0 (0 2048 -1024 ) (0 2048 -1792 ) (1024 2048 -1792 ) (1024 2048 -1024 ) 
4 88 116 0 (0 1024 1024 ) (0 1024 1760 ) (0 2048 1760 ) (0 2048 1024 ) 
4 88 92 0 (0 1024 1760 ) (0 1024 1024 ) (1024 1024 1024 ) (1024 1024 1760 ) 
4 88 89 0 (1024 1024 1024 ) (0 1024 1024 ) (0 2048 1024 ) (1024 2048 1024 ) 
4 89 117 0 (0 1024 0 ) (0 1024 1024 ) (0 2048 1024 ) (0 2048 0 ) 
4 89 93 0 (0 1024 1024 ) (0 1024 0 ) (1024 1024 0 ) (1024 1024 1024 ) 
4 89 90 0 (1024 1024 0 ) (0 1024 0 ) (0 2048 0 ) (1024 2048 0 ) 
4 90 118 0 (0 1024 -1024 ) (0 1024 0 ) (0 2048 0 ) (0 2048 -1024 ) 
4 90 94 0 (0 1024 0 ) (0 1024 -1024 ) (1024 1024 -1024 ) (1024 1024 0 ) 
4 90 91 0 (1024 1024 -1024 ) (0 1024 -1024 ) (0 2048 -1024 ) (1024 2048 -1024 ) 
4 91 119 0 (0 1024 -1792 ) (0 1024 -1024 ) (0 2048 -1024 ) (0 2048 -1792 ) 
4 91 95 0 (0 1024 -1024 ) (0 1024 -1792 ) (1024 1024 -1792 ) (1024 1024 -1024 ) 
4 92 120 0 (0 0 1024 ) (0 0 1760 ) (0 1024 1760 ) (0 1024 1024 ) 
4 92 96 0 (0 0 1760 ) (0 0 1024 ) (1024 0 1024 ) (1024 0 1760 ) 
4 92 93 0 (1024 0 1024 ) (0 0 1024 ) (0 1024 1024 ) (1024 1024 1024 ) 
4 93 121 0 (0 0 0 ) (0 0 1024 ) (0 1024 1024 ) (0 1024 0 ) 
4 93 97 0 (0 0 1024 ) (0 0 0 ) (1024 0 0 ) (1024 0 1024 ) 
4 93 94 0 (1024 0 0 ) (0 0 0 ) (0 1024 0 ) (1024 1024 0 ) 
4 94 122 0 (0 0 -1024 ) (0 0 0 ) (0 1024 0 ) (0 1024 -1024 ) 
4 94 98 0 (0 0 0 ) (0 0 -1024 ) (1024 0 -1024 ) (1024 0 0 ) 
4 94 95 0 (1024 0 -1024 ) (0 0 -1024 ) (0 1024 -1024 ) (1024 1024 -1024 ) 
4 95 123 0 (0 0 -1792 ) (0 0 -1024 ) (0 1024 -1024 ) (0 1024 -1792 ) 
4 95 99 0 (0 0 -1024 ) (0 0 -1792 ) (1024 0 -1792 ) (1024 0 -1024 ) 
4 96 124 0 (0 -1024 1024 ) (0 -1024 1760 ) (0 0 1760 ) (0 0 1024 ) 
4 96 100 0 (0 -1024 1760 ) (0 -1024 1024 ) (1024 -1024 1024 ) (1024 -1024 1760 ) 
4 96 97 0 (1024 -1024 1024 ) (0 -1024 1024 ) (0 0 1024 ) (1024 0 1024 ) 
4 97 125 0 (0 -1024 0 ) (0 -1024 1024 ) (0 0 1024 ) (0 0 0 ) 
4 97 101 0 (0 -1024 1024 ) (0 -1024 0 ) (1024 -1024 0 ) (1024 -1024 1024 ) 
4 97 98 0 (1024 -1024 0 ) (0 -1024 0 ) (0 0 0 ) (1024 0 0 ) 
4 98 126 0 (0 -1024 -1024 ) (0 -1024 0 ) (0 0 0 ) (0 0 -1024 ) 
4 98 102 0 (0 -1024 0 ) (0 -1024 -1024 ) (1024 -1024 -1024 ) (1024 -1024 0 ) 
4 98 99 0 (1024 -1024 -1024 ) (0 -1024 -1024 ) (0 0 -1024 ) (1024 0 -1024 ) 
4 99 127 0 (0 -1024 -1792 ) (0 -1024 -1024 ) (0 0 -1024 ) (0 0 -1792 ) 
4 99 103 0 (0 -1024 -1024 ) (0 -1024 -1792 ) (1024 -1024 -1792 ) (1024 -1024 -1024 ) 
4 100 128 0 (0 -2048 1024 ) (0 -2048 1760 ) (0 -1024 1760 ) (0 -1024 1024 ) 
4 100 104 0 (0 -2048 1760 ) (0 -2048 1024 ) (1024 -2048 1024 ) (1024 -2048 1760 ) 
4 100 101 0 (1024 -2048 1024 ) (0 -2048 1024 ) (0 -1024 1024 ) (1024 -1024 1024 ) 
4 101 129 0 (0 -2048 0 ) (0 -2048 1024 ) (0 -1024 1024 ) (0 -1024 0 ) 
4 101 105 0 (0 -2048 1024 ) (0 -2048 0 ) (1024 -2048 0 ) (1024 -2048 1024 ) 
4 101 102 0 (1024 -2048 0 ) (0 -2048 0 ) (0 -1024 0 ) (1024 -1024 0 ) 
4 102 130 0 (0 -2048 -1024 ) (0 -2048 0 ) (0 -1024 0 ) (0 -1024 -1024 ) 
4 102 106 0 (0 -2048 0 ) (0 -2048 -1024 ) (1024 -2048 -1024 ) (1024 -2048 0 ) 
4 102 103 0 (1024 -2048 -1024 ) (0 -2048 -1024 ) (0 -1024 -1024 ) (1024 -1024 -1024 ) 
4 103 131 0 (0 -2048 -1792 ) (0 -2048 -1024 ) (0 -1024 -1024 ) (0 -1024 -1792 ) 
4 103 107 0 (0 -2048 -1024 ) (0 -2048 -1792 ) (1024 -2048 -1792 ) (1024 -2048 -1024 ) 
4 104 132 0 (0 -3072 1024 ) (0 -3072 1760 ) (0 -2048 1760 ) (0 -2048 1024 ) 
4 104 108 0 (0 -3072 1760 ) (0 -3072 1024 ) (1024 -3072 1024 ) (1024 -3072 1760 ) 
4 104 105 0 (1024 -3072 1024 ) (0 -3072 1024 ) (0 -2048 1024 ) (1024 -2048 1024 ) 
4 105 133 0 (0 -3072 0 ) (0 -3072 1024 ) (0 -2048 1024 ) (0 -2048 0 ) 
4 105 109 0 (0 -3072 1024 ) (0 -3072 0 ) (1024 -3072 0 ) (1024 -3072 1024 ) 
4 105 106 0 (1024 -3072 0 ) (0 -3072 0 ) (0 -2048 0 ) (1024 -2048 0 ) 
4 106 134 0 (0 -3072 -1024 ) (0 -3072 0 ) (0 -2048 0 ) (0 -2048 -1024 ) 
4 106 110 0 (0 -3072 0 ) (0 -3072 -1024 ) (1024 -3072 -1024 ) (1024 -3072 0 ) 
4 106 107 0 (1024 -3072 -1024 ) (0 -3072 -1024 ) (0 -2048 -1024 ) (1024 -2048 -1024 ) 
4 107 135 0 (0 -3072 -1792 ) (0 -3072 -1024 ) (0 -2048 -1024 ) (0 -2048 -1792 ) 
4 107 111 0 (0 -3072 -1024 ) (0 -3072 -1792 ) (1024 -3072 -1792 ) (1024 -3072 -1024 ) 
4 108 136 0 (0 -3744 1760 ) (0 -3072 1760 ) (0 -3072 1024 ) (0 -3744 1024 ) 
4 108 109 0 (0 -3744 1024 ) (0 -3072 1024 ) (1024 -3072 1024 ) (1024 -3744 1024 ) 
4 109 137 0 (0 -3744 1024 ) (0 -3072 1024 ) (0 -3072 0 ) (0 -3744 0 ) 
4 109 110 0 (0 -3744 0 ) (0 -3072 0 ) (1024 -3072 0 ) (1024 -3744 0 ) 
4 110 138 0 (0 -3744 0 ) (0 -3072 0 ) (0 -3072 -1024 ) (0 -3744 -1024 ) 
4 110 111 0 (0 -3744 -1024 ) (0 -3072 -1024 ) (1024 -3072 -1024 ) (1024 -3744 -1024 ) 
4 111 139 0 (0 -3744 -1792 ) (0 -3744 -1024 ) (0 -3072 -1024 ) (0 -3072 -1792 ) 
4 112 140 0 (-1024 2776 1024 ) (-1024 2048 1024 ) (-1024 2048 1760 ) (-1024 2776 1760 ) 
4 112 116 0 (-1024 2048 1760 ) (-1024 2048 1024 ) (0 2048 1024 ) (0 2048 1760 ) 
4 112 113 0 (0 2048 1024 ) (-1024 2048 1024 ) (-1024 2776 1024 ) (0 2776 1024 ) 
4 113 141 0 (-1024 2776 0 ) (-1024 2048 0 ) (-1024 2048 1024 ) (-1024 2776 1024 ) 
4 113 117 0 (-1024 2048 1024 ) (-1024 2048 0 ) (0 2048 0 ) (0 2048 1024 ) 
4 113 114 0 (0 2048 0 ) (-1024 2048 0 ) (-1024 2776 0 ) (0 2776 0 ) 
4 114 142 0 (-1024 2776 -1024 ) (-1024 2048 -1024 ) (-1024 2048 0 ) (-1024 2776 0 ) 
4 114 118 0 (-1024 2048 0 ) (-1024 2048 -1024 ) (0 2048 -1024 ) (0 2048 0 ) 
4 114 115 0 (0 2048 -1024 ) (-1024 2048 -1024 ) (-1024 2776 -1024 ) (0 2776 -1024 ) 
4 115 143 0 (-1024 2048 -1792 ) (-1024 2048 -1024 ) (-1024 2776 -1024 ) (-1024 2776 -1792 ) 
4 115 119 0 (-1024 2048 -1024 ) (-1024 2048 -1792 ) (0 2048 -1792 ) (0 2048 -1024 ) 
4 116 144 0 (-1024 1024 1024 ) (-1024 1024 1760 ) (-1024 2048 1760 ) (-1024 2048 1024 ) 
4 116 120 0 (-1024 1024 1760 ) (-1024 1024 1024 ) (0 1024 1024 ) (0 1024 1760 ) 
4 116 117 0 (0 1024 1024 ) (-1024 1024 1024 ) (-1024 2048 1024 ) (0 2048 1024 ) 
4 117 145 0 (-1024 1024 0 ) (-1024 1024 1024 ) (-1024 2048 1024 ) (-1024 2048 0 ) 
4 117 121 0 (-1024 1024 1024 ) (-1024 1024 0 ) (0 1024 0 ) (0 1024 1024 ) 
4 117 118 0 (0 1024 0 ) (-1024 1024 0 ) (-1024 2048 0 ) (0 2048 0 ) 
4 118 146 0 (-1024 1024 -1024 ) (-1024 1024 0 ) (-1024 2048 0 ) (-1024 2048 -1024 ) 
4 118 122 0 (-1024 1024 0 ) (-1024 1024 -1024 ) (0 1024 -1024 ) (0 1024 0 ) 
4 118 119 0 (0 1024 -1024 ) (-1024 1024 -1024 ) (-1024 2048 -1024 ) (0 2048 -1024 ) 
4 119 147 0 (-1024 1024 -1792 ) (-1024 1024 -1024 ) (-1024 2048 -1024 ) (-1024 2048 -1792 ) 
4 119 123 0 (-1024 1024 -1024 ) (-1024 1024 -1792 ) (0 1024 -1792 ) (0 1024 -1024 ) 
4 120 148 0 (-1024 0 1024 ) (-1024 0 1760 ) (-1024 1024 1760 ) (-1024 1024 1024 ) 
4 120 124 0 (-1024 0 1760 ) (-1024 0 1024 ) (0 0 1024 ) (0 0 1760 ) 
4 120 121 0 (0 0 1024 ) (-1024 0 1024 ) (-1024 1024 1024 ) (0 1024 1024 ) 
4 121 149 0 (-1024 0 0 ) (-1024 0 1024 ) (-1024 1024 1024 ) (-1024 1024 0 ) 
4 121 125 0 (-1024 0 1024 ) (-1024 0 0 ) (0 0 0 ) (0 0 1024 ) 
4 121 122 0 (0 0 0 ) (-1024 0 0 ) (-1024 1024 0 ) (0 1024 0 ) 
4 122 150 0 (-1024 0 -1024 ) (-1024 0 0 ) (-1024 1024 0 ) (-1024 1024 -1024 ) 
4 122 126 0 (-1024 0 0 ) (-1024 0 -1024 ) (0 0 -1024 ) (0 0 0 ) 
4 122 123 0 (0 0 -1024 ) (-1024 0 -1024 ) (-1024 1024 -1024 ) (0 1024 -1024 ) 
4 123 151 0 (-1024 0 -1792 ) (-1024 0 -1024 ) (-1024 1024 -1024 ) (-1024 1024 -1792 ) 
4 123 127 0 (-1024 0 -1024 ) (-1024 0 -1792 ) (0 0 -1792 ) (0 0 -1024 ) 
4 124 152 0 (-1024 -1024 1024 ) (-1024 -1024 1760 ) (-1024 0 1760 ) (-1024 0 1024 ) 
4 124 128 0 (-1024 -1024 1760 ) (-1024 -1024 1024 ) (0 -1024 1024 ) (0 -1024 1760 ) 
4 124 125 0 (0 -1024 1024 ) (-1024 -1024 1024 ) (-1024 0 1024 ) (0 0 1024 ) 
4 125 153 0 (-1024 -1024 0 ) (-1024 -1024 1024 ) (-1024 0 1024 ) (-1024 0 0 ) 
4 125 129 0 (-1024 -1024 1024 ) (-1024 -1024 0 ) (0 -1024 0 ) (0 -1024 1024 ) 
4 125 126 0 (0 -1024 0 ) (-1024 -1024 0 ) (-1024 0 0 ) (0 0 0 ) 
4 126 154 0 (-1024 -1024 -1024 ) (-1024 -1024 0 ) (-1024 0 0 ) (-1024 0 -1024 ) 
4 126 130 0 (-1024 -1024 0 ) (-1024 -1024 -1024 ) (0 -1024 -1024 ) (0 -1024 0 ) 
4 126 127 0 (0 -1024 -1024 ) (-1024 -1024 -1024 ) (-1024 0 -1024 ) (0 0 -1024 ) 
4 127 155 0 (-1024 -1024 -1792 ) (-1024 -1024 -1024 ) (-1024 0 -1024 ) (-1024 0 -1792 ) 
4 127 131 0 (-1024 -1024 -1024 ) (-1024 -1024 -1792 ) (0 -1024 -1792 ) (0 -1024 -1024 ) 
4 128 156 0 (-1024 -2048 1024 ) (-1024 -2048 1760 ) (-1024 -1024 1760 ) (-1024 -1024 1024 ) 
4 128 132 0 (-1024 -2048 1760 ) (-1024 -2048 1024 ) (0 -2048 1024 ) (0 -2048 1760 ) 
4 128 129 0 (0 -2048 1024 ) (-1024 -2048 1024 ) (-1024 -1024 1024 ) (0 -1024 1024 ) 
4 129 157 0 (-1024 -2048 0 ) (-1024 -2048 1024 ) (-1024 -1024 1024 ) (-1024 -1024 0 ) 
4 129 133 0 (-1024 -2048 1024 ) (-1024 -2048 0 ) (0 -2048 0 ) (0 -2048 1024 ) 
4 129 130 0 (0 -2048 0 ) (-1024 -2048 0 ) (-1024 -1024 0 ) (0 -1024 0 ) 
4 130 158 0 (-1024 -2048 -1024 ) (-1024 -2048 0 ) (-1024 -1024 0 ) (-1024 -1024 -1024 ) 
4 130 134 0 (-1024 -2048 0 ) (-1024 -2048 -1024 ) (0 -2048 -1024 ) (0 -2048 0 ) 
4 130 131 0 (0 -2048 -1024 ) (-1024 -2048 -1024 ) (-1024 -1024 -1024 ) (0 -1024 -1024 ) 
4 131 159 0 (-1024 -2048 -1792 ) (-1024 -2048 -1024 ) (-1024 -1024 -1024 ) (-1024 -1024 -1792 ) 
4 131 135 0 (-1024 -2048 -1024 ) (-1024 -2048 -1792 ) (0 -2048 -1792 ) (0 -2048 -1024 ) 
4 132 160 0 (-1024 -3072 1024 ) (-1024 -3072 1760 ) (-1024 -2048 1760 ) (-1024 -2048 1024 ) 
4 132 136 0 (-1024 -3072 1760 ) (-1024 -3072 1024 ) (0 -3072 1024 ) (0 -3072 1760 ) 
4 132 133 0 (0 -3072 1024 ) (-1024 -3072 1024 ) (-1024 -2048 1024 ) (0 -2048 1024 ) 
4 133 161 0 (-1024 -3072 0 ) (-1024 -3072 1024 ) (-1024 -2048 1024 ) (-1024 -2048 0 ) 
4 133 137 0 (-1024 -3072 1024 ) (-1024 -3072 0 ) (0 -3072 0 ) (0 -3072 1024 ) 
4 133 134 0 (0 -3072 0 ) (-1024 -3072 0 ) (-1024 -2048 0 ) (0 -2048 0 ) 
4 134 162 0 (-1024 -3072 -1024 ) (-1024 -3072 0 ) (-1024 -2048 0 ) (-1024 -2048 -1024 ) 
4 134 138 0 (-1024 -3072 0 ) (-1024 -3072 -1024 ) (0 -3072 -1024 ) (0 -3072 0 ) 
4 134 135 0 (0 -3072 -1024 ) (-1024 -3072 -1024 ) (-1024 -2048 -1024 ) (0 -2048 -1024 ) 
4 135 163 0 (-1024 -3072 -1792 ) (-1024 -3072 -1024 ) (-1024 -2048 -1024 ) (-1024 -2048 -1792 ) 
4 135 139 0 (-1024 -3072 -1024 ) (-1024 -3072 -1792 ) (0 -3072 -1792 ) (0 -3072 -1024 ) 
4 136 164 0 (-1024 -3072 1760 ) (-1024 -3072 1024 ) (-1024 -3744 1024 ) (-1024 -3744 1760 ) 
4 136 137 0 (-1024 -3744 1024 ) (-1024 -3072 1024 ) (0 -3072 1024 ) (0 -3744 1024 ) 
4 137 165 0 (-1024 -3744 1024 ) (-1024 -3072 1024 ) (-1024 -3072 0 ) (-1024 -3744 0 ) 
4 137 138 0 (-1024 -3744 0 ) (-1024 -3072 0 ) (0 -3072 0 ) (0 -3744 0 ) 
4 138 166 0 (-1024 -3744 0 ) (-1024 -3072 0 ) (-1024 -3072 -1024 ) (-1024 -3744 -1024 ) 
4 138 139 0 (-1024 -3744 -1024 ) (-1024 -3072 -1024 ) (0 -3072 -1024 ) (0 -3744 -1024 ) 
4 139 167 0 (-1024 -3744 -1024 ) (-1024 -3072 -1024 ) (-1024 -3072 -1792 ) (-1024 -3744 -1792 ) 
4 140 168 0 (-2048 2048 1024 ) (-2048 2048 1760 ) (-2048 2776 1760 ) (-2048 2776 1024 ) 
4 140 144 0 (-2048 2048 1760 ) (-2048 2048 1024 ) (-1024 2048 1024 ) (-1024 2048 1760 ) 
4 140 141 0 (-1024 2048 1024 ) (-2048 2048 1024 ) (-2048 2776 1024 ) (-1024 2776 1024 ) 
4 141 169 0 (-2048 2048 0 ) (-2048 2048 1024 ) (-2048 2776 1024 ) (-2048 2776 0 ) 
4 141 145 0 (-2048 2048 1024 ) (-2048 2048 0 ) (-1024 2048 0 ) (-1024 2048 1024 ) 
4 141 142 0 (-1024 2048 0 ) (-2048 2048 0 ) (-2048 2776 0 ) (-1024 2776 0 ) 
4 142 170 0 (-2048 2048 -1024 ) (-2048 2048 0 ) (-2048 2776 0 ) (-2048 2776 -1024 ) 
4 142 146 0 (-2048 2048 0 ) (-2048 2048 -1024 ) (-1024 2048 -1024 ) (-1024 2048 0 ) 
4 142 143 0 (-1024 2048 -1024 ) (-2048 2048 -1024 ) (-2048 2776 -1024 ) (-1024 2776 -1024 ) 
4 143 171 0 (-2048 2048 -1792 ) (-2048 2048 -1024 ) (-2048 2776 -1024 ) (-2048 2776 -1792 ) 
4 143 147 0 (-2048 2048 -1024 ) (-2048 2048 -1792 ) (-1024 2048 -1792 ) (-1024 2048 -1024 ) 
4 144 172 0 (-2048 1024 1024 ) (-2048 1024 1760 ) (-2048 2048 1760 ) (-2048 2048 1024 ) 
4 144 148 0 (-2048 1024 1760 ) (-2048 1024 1024 ) (-1024 1024 1024 ) (-1024 1024 1760 ) 
4 144 145 0 (-1024 1024 1024 ) (-2048 1024 1024 ) (-2048 2048 1024 ) (-1024 2048 1024 ) 
4 145 173 0 (-2048 1024 0 ) (-2048 1024 1024 ) (-2048 2048 1024 ) (-2048 2048 0 ) 
4 145 149 0 (-2048 1024 1024 ) (-2048 1024 0 ) (-1024 1024 0 ) (-1024 1024 1024 ) 
4 145 146 0 (-1024 1024 0 ) (-2048 1024 0 ) (-2048 2048 0 ) (-1024 2048 0 ) 
4 146 174 0 (-2048 1024 -1024 ) (-2048 1024 0 ) (-2048 2048 0 ) (-2048 2048 -1024 ) 
4 146 150 0 (-2048 1024 0 ) (-2048 1024 -1024 ) (-1024 1024 -1024 ) (-1024 1024 0 ) 
4 146 147 0 (-1024 1024 -1024 ) (-2048 1024 -1024 ) (-2048 2048 -1024 ) (-1024 2048 -1024 ) 
4 147 175 0 (-2048 1024 -1792 ) (-2048 1024 -1024 ) (-2048 2048 -1024 ) (-2048 2048 -1792 ) 
4 147 151 0 (-2048 1024 -1024 ) (-2048 1024 -1792 ) (-1024 1024 -1792 ) (-1024 1024 -1024 ) 
4 148 176 0 (-2048 0 1024 ) (-2048 0 1760 ) (-2048 1024 1760 ) (-2048 1024 1024 ) 
4 148 152 0 (-2048 0 1760 ) (-2048 0 1024 ) (-1024 0 1024 ) (-1024 0 1760 ) 
4 148 149 0 (-1024 0 1024 ) (-2048 0 1024 ) (-2048 1024 1024 ) (-1024 1024 1024 ) 
4 149 177 0 (-2048 0 0 ) (-2048 0 1024 ) (-2048 1024 1024 ) (-2048 1024 0 ) 
4 149 153 0 (-2048 0 1024 ) (-2048 0 0 ) (-1024 0 0 ) (-1024 0 1024 ) 
4 149 150 0 (-1024 0 0 ) (-2048 0 0 ) (-2048 1024 0 ) (-1024 1024 0 ) 
4 150 178 0 (-2048 0 -1024 ) (-2048 0 0 ) (-2048 1024 0 ) (-2048 1024 -1024 ) 
4 150 154 0 (-2048 0 0 ) (-2048 0 -1024 ) (-1024 0 -1024 ) (-1024 0 0 ) 
4 150 151 0 (-1024 0 -1024 ) (-2048 0 -1024 ) (-2048 1024 -1024 ) (-1024 1024 -1024 ) 
4 151 179 0 (-2048 0 -1792 ) (-2048 0 -1024 ) (-2048 1024 -1024 ) (-2048 1024 -1792 ) 
4 151 155 0 (-2048 0 -1024 ) (-2048 0 -1792 ) (-1024 0 -1792 ) (-1024 0 -1024 ) 
4 152 180 0 (-2048 -1024 1024 ) (-2048 -1024 1760 ) (-2048 0 1760 ) (-2048 0 1024 ) 
4 152 156 0 (-2048 -1024 1760 ) (-2048 -1024 1024 ) (-1024 -1024 1024 ) (-1024 -1024 1760 ) 
4 152 153 0 (-1024 -1024 1024 ) (-2048 -1024 1024 ) (-2048 0 1024 ) (-1024 0 1024 ) 
4 153 181 0 (-2048 -1024 0 ) (-2048 -1024 1024 ) (-2048 0 1024 ) (-2048 0 0 ) 
4 153 157 0 (-2048 -1024 1024 ) (-2048 -1024 0 ) (-1024 -1024 0 ) (-1024 -1024 1024 ) 
4 153 154 0 (-1024 -1024 0 ) (-2048 -1024 0 ) (-2048 0 0 ) (-1024 0 0 ) 
4 154 182 0 (-2048 -1024 -1024 ) (-2048 -1024 0 ) (-2048 0 0 ) (-2048 0 -1024 ) 
4 154 158 0 (-2048 -1024 0 ) (-2048 -1024 -1024 ) (-1024 -1024 -1024 ) (-1024 -1024 0 ) 
4 154 155 0 (-1024 -1024 -1024 ) (-2048 -1024 -1024 ) (-2048 0 -1024 ) (-1024 0 -1024 ) 
4 155 183 0 (-2048 -1024 -1792 ) (-2048 -1024 -1024 ) (-2048 0 -1024 ) (-2048 0 -1792 ) 
4 155 159 0 (-2048 -1024 -1024 ) (-2048 -1024 -1792 ) (-1024 -1024 -1792 ) (-1024 -1024 -1024 ) 
4 156 184 0 (-2048 -2048 1024 ) (-2048 -2048 1760 ) (-2048 -1024 1760 ) (-2048 -1024 1024 ) 
4 156 160 0 (-2048 -2048 1760 ) (-2048 -2048 1024 ) (-1024 -2048 1024 ) (-1024 -2048 1760 ) 
4 156 157 0 (-1024 -2048 1024 ) (-2048 -2048 1024 ) (-2048 -1024 1024 ) (-1024 -1024 1024 ) 
4 157 185 0 (-2048 -2048 0 ) (-2048 -2048 1024 ) (-2048 -1024 1024 ) (-2048 -1024 0 ) 
4 157 161 0 (-2048 -2048 1024 ) (-2048 -2048 0 ) (-1024 -2048 0 ) (-1024 -2048 1024 ) 
4 157 158 0 (-1024 -2048 0 ) (-2048 -2048 0 ) (-2048 -1024 0 ) (-1024 -1024 0 ) 
4 158 186 0 (-2048 -2048 -1024 ) (-2048 -2048 0 ) (-2048 -1024 0 ) (-2048 -1024 -1024 ) 
4 158 162 0 (-2048 -2048 0 ) (-2048 -2048 -1024 ) (-1024 -2048 -1024 ) (-1024 -2048 0 ) 
4 158 159 0 (-1024 -2048 -1024 ) (-2048 -2048 -1024 ) (-2048 -1024 -1024 ) (-1024 -1024 -1024 ) 
4 159 187 0 (-2048 -2048 -1792 ) (-2048 -2048 -1024 ) (-2048 -1024 -1024 ) (-2048 -1024 -1792 ) 
4 159 163 0 (-2048 -2048 -1024 ) (-2048 -2048 -1792 ) (-1024 -2048 -1792 ) (-1024 -2048 -1024 ) 
4 160 188 0 (-2048 -3072 1024 ) (-2048 -3072 1760 ) (-2048 -2048 1760 ) (-2048 -2048 1024 ) 
4 160 164 0 (-2048 -3072 1760 ) (-2048 -3072 1024 ) (-1024 -3072 1024 ) (-1024 -3072 1760 ) 
4 160 161 0 (-1024 -3072 1024 ) (-2048 -3072 1024 ) (-2048 -2048 1024 ) (-1024 -2048 1024 ) 
4 161 189 0 (-2048 -3072 0 ) (-2048 -3072 1024 ) (-2048 -2048 1024 ) (-2048 -2048 0 ) 
4 161 165 0 (-2048 -3072 1024 ) (-2048 -3072 0 ) (-1024 -3072 0 ) (-1024 -3072 1024 ) 
4 161 162 0 (-1024 -3072 0 ) (-2048 -3072 0 ) (-2048 -2048 0 ) (-1024 -2048 0 ) 
4 162 190 0 (-2048 -3072 -1024 ) (-2048 -3072 0 ) (-2048 -2048 0 ) (-2048 -2048 -1024 ) 
4 162 166 0 (-2048 -3072 0 ) (-2048 -3072 -1024 ) (-1024 -3072 -1024 ) (-1024 -3072 0 ) 
4 162 163 0 (-1024 -3072 -1024 ) (-2048 -3072 -1024 ) (-2048 -2048 -1024 ) (-1024 -2048 -1024 ) 
4 163 191 0 (-2048 -3072 -1792 ) (-2048 -3072 -1024 ) (-2048 -2048 -1024 ) (-2048 -2048 -1792 ) 
4 163 167 0 (-2048 -3072 -1024 ) (-2048 -3072 -1792 ) (-1024 -3072 -1792 ) (-1024 -3072 -1024 ) 
4 164 192 0 (-2048 -3744 1760 ) (-2048 -3072 1760 ) (-2048 -3072 1024 ) (-2048 -3744 1024 ) 
4 164 165 0 (-2048 -3744 1024 ) (-2048 -3072 1024 ) (-1024 -3072 1024 ) (-1024 -3744 1024 ) 
4 165 193 0 (-2048 -3744 1024 ) (-2048 -3072 1024 ) (-2048 -3072 0 ) (-2048 -3744 0 ) 
4 165 166 0 (-2048 -3744 0 ) (-2048 -3072 0 ) (-1024 -3072 0 ) (-1024 -3744 0 ) 
4 166 194 0 (-2048 -3744 0 ) (-2048 -3072 0 ) (-2048 -3072 -1024 ) (-2048 -3744 -1024 ) 
4 166 167 0 (-2048 -3744 -1024 ) (-2048 -3072 -1024 ) (-1024 -3072 -1024 ) (-1024 -3744 -1024 ) 
4 167 195 0 (-2048 -3744 -1792 ) (-2048 -3744 -1024 ) (-2048 -3072 -1024 ) (-2048 -3072 -1792 ) 
4 168 172 0 (-2048 2048 1024 ) (-2048 2048 1760 ) (-2674 2048 1760 ) (-2674 2048 1024 ) 
4 168 169 0 (-2048 2048 1024 ) (-2674 2048 1024 ) (-2674 2776 1024 ) (-2048 2776 1024 ) 
4 169 173 0 (-2048 2048 0 ) (-2048 2048 1024 ) (-2674 2048 1024 ) (-2674 2048 0 ) 
4 169 170 0 (-2048 2048 0 ) (-2674 2048 0 ) (-2674 2776 0 ) (-2048 2776 0 ) 
4 170 174 0 (-2048 2048 -1024 ) (-2048 2048 0 ) (-2674 2048 0 ) (-2674 2048 -1024 ) 
4 170 171 0 (-2048 2048 -1024 ) (-2674 2048 -1024 ) (-2674 2776 -1024 ) (-2048 2776 -1024 ) 
4 171 175 0 (-2048 2048 -1792 ) (-2048 2048 -1024 ) (-2674 2048 -1024 ) (-2674 2048 -1792 ) 
4 172 176 0 (-2674 1024 1024 ) (-2048 1024 1024 ) (-2048 1024 1760 ) (-2674 1024 1760 ) 
4 172 173 0 (-2048 1024 1024 ) (-2674 1024 1024 ) (-2674 2048 1024 ) (-2048 2048 1024 ) 
4 173 177 0 (-2674 1024 0 ) (-2048 1024 0 ) (-2048 1024 1024 ) (-2674 1024 1024 ) 
4 173 174 0 (-2048 1024 0 ) (-2674 1024 0 ) (-2674 2048 0 ) (-2048 2048 0 ) 
4 174 178 0 (-2674 1024 -1024 ) (-2048 1024 -1024 ) (-2048 1024 0 ) (-2674 1024 0 ) 
4 174 175 0 (-2048 1024 -1024 ) (-2674 1024 -1024 ) (-2674 2048 -1024 ) (-2048 2048 -1024 ) 
4 175 179 0 (-2048 1024 -1792 ) (-2048 1024 -1024 ) (-2674 1024 -1024 ) (-2674 1024 -1792 ) 
4 176 180 0 (-2048 0 1024 ) (-2048 0 1760 ) (-2674 0 1760 ) (-2674 0 1024 ) 
4 176 177 0 (-2048 0 1024 ) (-2674 0 1024 ) (-2674 1024 1024 ) (-2048 1024 1024 ) 
4 177 181 0 (-2048 0 0 ) (-2048 0 1024 ) (-2674 0 1024 ) (-2674 0 0 ) 
4 177 178 0 (-2048 0 0 ) (-2674 0 0 ) (-2674 1024 0 ) (-2048 1024 0 ) 
4 178 182 0 (-2048 0 -1024 ) (-2048 0 0 ) (-2674 0 0 ) (-2674 0 -1024 ) 
4 178 179 0 (-2048 0 -1024 ) (-2674 0 -1024 ) (-2674 1024 -1024 ) (-2048 1024 -1024 ) 
4 179 183 0 (-2048 0 -1792 ) (-2048 0 -1024 ) (-2674 0 -1024 ) (-2674 0 -1792 ) 
4 180 184 0 (-2674 -1024 1024 ) (-2048 -1024 1024 ) (-2048 -1024 1760 ) (-2674 -1024 1760 ) 
4 180 181 0 (-2048 -1024 1024 ) (-2674 -1024 1024 ) (-2674 0 1024 ) (-2048 0 1024 ) 
4 181 185 0 (-2674 -1024 0 ) (-2048 -1024 0 ) (-2048 -1024 1024 ) (-2674 -1024 1024 ) 
4 181 182 0 (-2048 -1024 0 ) (-2674 -1024 0 ) (-2674 0 0 ) (-2048 0 0 ) 
4 182 186 0 (-2674 -1024 -1024 ) (-2048 -1024 -1024 ) (-2048 -1024 0 ) (-2674 -1024 0 ) 
4 182 183 0 (-2048 -1024 -1024 ) (-2674 -1024 -1024 ) (-2674 0 -1024 ) (-2048 0 -1024 ) 
4 183 187 0 (-2048 -1024 -1792 ) (-2048 -1024 -1024 ) (-2674 -1024 -1024 ) (-2674 -1024 -1792 ) 
4 184 188 0 (-2048 -2048 1024 ) (-2048 -2048 1760 ) (-2674 -2048 1760 ) (-2674 -2048 1024 ) 
4 184 185 0 (-2048 -2048 1024 ) (-2674 -2048 1024 ) (-2674 -1024 1024 ) (-2048 -1024 1024 ) 
4 185 189 0 (-2048 -2048 0 ) (-2048 -2048 1024 ) (-2674 -2048 1024 ) (-2674 -2048 0 ) 
4 185 186 0 (-2048 -2048 0 ) (-2674 -2048 0 ) (-2674 -1024 0 ) (-2048 -1024 0 ) 
4 186 190 0 (-2048 -2048 -1024 ) (-2048 -2048 0 ) (-2674 -2048 0 ) (-2674 -2048 -1024 ) 
4 186 187 0 (-2048 -2048 -1024 ) (-2674 -2048 -1024 ) (-2674 -1024 -1024 ) (-2048 -1024 -1024 ) 
4 187 191 0 (-2048 -2048 -1792 ) (-2048 -2048 -1024 ) (-2674 -2048 -1024 ) (-2674 -2048 -1792 ) 
4 188 192 0 (-2674 -3072 1024 ) (-2048 -3072 1024 ) (-2048 -3072 1760 ) (-2674 -3072 1760 ) 
4 188 189 0 (-2048 -3072 1024 ) (-2674 -3072 1024 ) (-2674 -2048 1024 ) (-2048 -2048 1024 ) 
4 189 193 0 (-2674 -3072 0 ) (-2048 -3072 0 ) (-2048 -3072 1024 ) (-2674 -3072 1024 ) 
4 189 190 0 (-2048 -3072 0 ) (-2674 -3072 0 ) (-2674 -2048 0 ) (-2048 -2048 0 ) 
4 190 194 0 (-2674 -3072 -1024 ) (-2048 -3072 -1024 ) (-2048 -3072 0 ) (-2674 -3072 0 ) 
4 190 191 0 (-2048 -3072 -1024 ) (-2674 -3072 -1024 ) (-2674 -2048 -1024 ) (-2048 -2048 -1024 ) 
4 191 195 0 (-2048 -3072 -1792 ) (-2048 -3072 -1024 ) (-2674 -3072 -1024 ) (-2674 -3072 -1792 ) 
4 192 193 0 (-2674 -3072 1024 ) (-2048 -3072 1024 ) (-2048 -3744 1024 ) (-2674 -3744 1024 ) 
4 193 194 0 (-2674 -3072 0 ) (-2048 -3072 0 ) (-2048 -3744 0 ) (-2674 -3744 0 ) 
4 194 195 0 (-2674 -3072 -1024 ) (-2048 -3072 -1024 ) (-2048 -3744 -1024 ) (-2674 -3744 -1024 ) 
4 0 (3088 2048 1760 ) (3088 2048 1024 ) (3088 2776 1024 ) (3088 2776 1760 ) 
4 0 (3088 2776 1760 ) (3088 2776 1024 ) (3072 2776 1024 ) (3072 2776 1760 ) 
4 0 (3072 2048 1760 ) (3088 2048 1760 ) (3088 2776 1760 ) (3072 2776 1760 ) 
4 1 (3072 2776 1024 ) (3088 2776 1024 ) (3088 2776 0 ) (3072 2776 0 ) 
4 1 (3088 2048 1024 ) (3088 2048 0 ) (3088 2776 0 ) (3088 2776 1024 ) 
4 2 (3088 2776 0 ) (3088 2048 0 ) (3088 2048 -1024 ) (3088 2776 -1024 ) 
4 2 (3072 2776 0 ) (3088 2776 0 ) (3088 2776 -1024 ) (3072 2776 -1024 ) 
4 3 (3088 2776 -1024 ) (3088 2048 -1024 ) (3088 2048 -1792 ) (3088 2776 -1792 ) 
4 3 (3088 2048 -1792 ) (3072 2048 -1792 ) (3072 2776 -1792 ) (3088 2776 -1792 ) 
4 3 (3072 2776 -1024 ) (3088 2776 -1024 ) (3088 2776 -1792 ) (3072 2776 -1792 ) 
4 4 (3088 2048 1760 ) (3072 2048 1760 ) (3072 1024 1760 ) (3088 1024 1760 ) 
4 4 (3088 2048 1760 ) (3088 1024 1760 ) (3088 1024 1024 ) (3088 2048 1024 ) 
4 5 (3088 2048 1024 ) (3088 1024 1024 ) (3088 1024 0 ) (3088 2048 0 ) 
4 6 (3088 2048 0 ) (3088 1024 0 ) (3088 1024 -1024 ) (3088 2048 -1024 ) 
4 7 (3088 1024 -1792 ) (3072 1024 -1792 ) (3072 2048 -1792 ) (3088 2048 -1792 ) 
4 7 (3088 2048 -1024 ) (3088 1024 -1024 ) (3088 1024 -1792 ) (3088 2048 -1792 ) 
4 8 (3088 0 1760 ) (3088 0 1024 ) (3088 1024 1024 ) (3088 1024 1760 ) 
4 8 (3072 0 1760 ) (3088 0 1760 ) (3088 1024 1760 ) (3072 1024 1760 ) 
4 9 (3088 1024 1024 ) (3088 0 1024 ) (3088 0 0 ) (3088 1024 0 ) 
4 10 (3088 1024 0 ) (3088 0 0 ) (3088 0 -1024 ) (3088 1024 -1024 ) 
4 11 (3088 1024 -1792 ) (3088 1024 -1024 ) (3088 0 -1024 ) (3088 0 -1792 ) 
4 11 (3072 1024 -1792 ) (3088 1024 -1792 ) (3088 0 -1792 ) (3072 0 -1792 ) 
4 12 (3088 0 1760 ) (3072 0 1760 ) (3072 -1024 1760 ) (3088 -1024 1760 ) 
4 12 (3088 0 1760 ) (3088 -1024 1760 ) (3088 -1024 1024 ) (3088 0 1024 ) 
4 13 (3088 0 1024 ) (3088 -1024 1024 ) (3088 -1024 0 ) (3088 0 0 ) 
4 14 (3088 0 0 ) (3088 -1024 0 ) (3088 -1024 -1024 ) (3088 0 -1024 ) 
4 15 (3088 -1024 -1792 ) (3072 -1024 -1792 ) (3072 0 -1792 ) (3088 0 -1792 ) 
4 15 (3088 0 -1024 ) (3088 -1024 -1024 ) (3088 -1024 -1792 ) (3088 0 -1792 ) 
4 16 (3088 -2048 1760 ) (3088 -2048 1024 ) (3088 -1024 1024 ) (3088 -1024 1760 ) 
4 16 (3072 -2048 1760 ) (3088 -2048 1760 ) (3088 -1024 1760 ) (3072 -1024 1760 ) 
4 17 (3088 -1024 1024 ) (3088 -2048 1024 ) (3088 -2048 0 ) (3088 -1024 0 ) 
4 18 (3088 -1024 0 ) (3088 -2048 0 ) (3088 -2048 -1024 ) (3088 -1024 -1024 ) 
4 19 (3088 -1024 -1792 ) (3088 -1024 -1024 ) (3088 -2048 -1024 ) (3088 -2048 -1792 ) 
4 19 (3072 -1024 -1792 ) (3088 -1024 -1792 ) (3088 -2048 -1792 ) (3072 -2048 -1792 ) 
4 20 (3088 -2048 1760 ) (3072 -2048 1760 ) (3072 -3072 1760 ) (3088 -3072 1760 ) 
4 20 (3088 -2048 1760 ) (3088 -3072 1760 ) (3088 -3072 1024 ) (3088 -2048 1024 ) 
4 21 (3088 -2048 1024 ) (3088 -3072 1024 ) (3088 -3072 0 ) (3088 -2048 0 ) 
4 22 (3088 -2048 0 ) (3088 -3072 0 ) (3088 -3072 -1024 ) (3088 -2048 -1024 ) 
4 23 (3088 -3072 -1792 ) (3072 -3072 -1792 ) (3072 -2048 -1792 ) (3088 -2048 -1792 ) 
4 23 (3088 -2048 -1024 ) (3088 -3072 -1024 ) (3088 -3072 -1792 ) (3088 -2048 -1792 ) 
4 24 (3072 -3744 1760 ) (3072 -3744 1024 ) (3088 -3744 1024 ) (3088 -3744 1760 ) 
4 24 (3088 -3744 1760 ) (3088 -3744 1024 ) (3088 -3072 1024 ) (3088 -3072 1760 ) 
4 24 (3088 -3072 1760 ) (3072 -3072 1760 ) (3072 -3744 1760 ) (3088 -3744 1760 ) 
4 25 (3088 -3072 1024 ) (3088 -3744 1024 ) (3088 -3744 0 ) (3088 -3072 0 ) 
4 25 (3072 -3744 0 ) (3088 -3744 0 ) (3088 -3744 1024 ) (3072 -3744 1024 ) 
4 26 (3072 -3744 -1024 ) (3088 -3744 -1024 ) (3088 -3744 0 ) (3072 -3744 0 ) 
4 26 (3088 -3072 0 ) (3088 -3744 0 ) (3088 -3744 -1024 ) (3088 -3072 -1024 ) 
4 27 (3072 -3744 -1792 ) (3072 -3072 -1792 ) (3088 -3072 -1792 ) (3088 -3744 -1792 ) 
4 27 (3088 -3744 -1792 ) (3088 -3072 -1792 ) (3088 -3072 -1024 ) (3088 -3744 -1024 ) 
4 27 (3072 -3744 -1792 ) (3088 -3744 -1792 ) (3088 -3744 -1024 ) (3072 -3744 -1024 ) 
4 28 (3072 2776 1760 ) (3072 2776 1024 ) (2048 2776 1024 ) (2048 2776 1760 ) 
4 28 (3072 2776 1760 ) (2048 2776 1760 ) (2048 2048 1760 ) (3072 2048 1760 ) 
4 29 (2048 2776 1024 ) (3072 2776 1024 ) (3072 2776 0 ) (2048 2776 0 ) 
4 30 (2048 2776 0 ) (3072 2776 0 ) (3072 2776 -1024 ) (2048 2776 -1024 ) 
4 31 (3072 2048 -1792 ) (2048 2048 -1792 ) (2048 2776 -1792 ) (3072 2776 -1792 ) 
4 31 (2048 2776 -1024 ) (3072 2776 -1024 ) (3072 2776 -1792 ) (2048 2776 -1792 ) 
4 32 (3072 2048 1760 ) (2048 2048 1760 ) (2048 1024 1760 ) (3072 1024 1760 ) 
4 35 (3072 1024 -1792 ) (2048 1024 -1792 ) (2048 2048 -1792 ) (3072 2048 -1792 ) 
4 36 (3072 1024 1760 ) (2048 1024 1760 ) (2048 0 1760 ) (3072 0 1760 ) 
4 39 (3072 0 -1792 ) (2048 0 -1792 ) (2048 1024 -1792 ) (3072 1024 -1792 ) 
4 40 (3072 0 1760 ) (2048 0 1760 ) (2048 -1024 1760 ) (3072 -1024 1760 ) 
4 43 (3072 -1024 -1792 ) (2048 -1024 -1792 ) (2048 0 -1792 ) (3072 0 -1792 ) 
4 44 (3072 -1024 1760 ) (2048 -1024 1760 ) (2048 -2048 1760 ) (3072 -2048 1760 ) 
4 47 (3072 -2048 -1792 ) (2048 -2048 -1792 ) (2048 -1024 -1792 ) (3072 -1024 -1792 ) 
4 48 (3072 -2048 1760 ) (2048 -2048 1760 ) (2048 -3072 1760 ) (3072 -3072 1760 ) 
4 51 (3072 -3072 -1792 ) (2048 -3072 -1792 ) (2048 -2048 -1792 ) (3072 -2048 -1792 ) 
4 52 (3072 -3744 1760 ) (3072 -3072 1760 ) (2048 -3072 1760 ) (2048 -3744 1760 ) 
4 52 (2048 -3744 1024 ) (3072 -3744 1024 ) (3072 -3744 1760 ) (2048 -3744 1760 ) 
4 53 (2048 -3744 0 ) (3072 -3744 0 ) (3072 -3744 1024 ) (2048 -3744 1024 ) 
4 54 (2048 -3744 -1024 ) (3072 -3744 -1024 ) (3072 -3744 0 ) (2048 -3744 0 ) 
4 55 (3072 -3744 -1792 ) (3072 -3744 -1024 ) (2048 -3744 -1024 ) (2048 -3744 -1792 ) 
4 55 (3072 -3744 -1792 ) (2048 -3744 -1792 ) (2048 -3072 -1792 ) (3072 -3072 -1792 ) 
4 56 (2048 2776 1760 ) (1024 2776 1760 ) (1024 2048 1760 ) (2048 2048 1760 ) 
4 56 (1024 2776 1760 ) (2048 2776 1760 ) (2048 2776 1024 ) (1024 2776 1024 ) 
4 57 (1024 2776 1024 ) (2048 2776 1024 ) (2048 2776 0 ) (1024 2776 0 ) 
4 58 (1024 2776 0 ) (2048 2776 0 ) (2048 2776 -1024 ) (1024 2776 -1024 ) 
4 59 (1024 2776 -1792 ) (1024 2776 -1024 ) (2048 2776 -1024 ) (2048 2776 -1792 ) 
4 59 (2048 2048 -1792 ) (1024 2048 -1792 ) (1024 2776 -1792 ) (2048 2776 -1792 ) 
4 60 (2048 2048 1760 ) (1024 2048 1760 ) (1024 1024 1760 ) (2048 1024 1760 ) 
4 63 (2048 1024 -1792 ) (1024 1024 -1792 ) (1024 2048 -1792 ) (2048 2048 -1792 ) 
4 64 (2048 1024 1760 ) (1024 1024 1760 ) (1024 0 1760 ) (2048 0 1760 ) 
4 67 (2048 0 -1792 ) (1024 0 -1792 ) (1024 1024 -1792 ) (2048 1024 -1792 ) 
4 68 (2048 0 1760 ) (1024 0 1760 ) (1024 -1024 1760 ) (2048 -1024 1760 ) 
4 71 (2048 -1024 -1792 ) (1024 -1024 -1792 ) (1024 0 -1792 ) (2048 0 -1792 ) 
4 72 (2048 -1024 1760 ) (1024 -1024 1760 ) (1024 -2048 1760 ) (2048 -2048 1760 ) 
4 75 (2048 -2048 -1792 ) (1024 -2048 -1792 ) (1024 -1024 -1792 ) (2048 -1024 -1792 ) 
4 76 (2048 -2048 1760 ) (1024 -2048 1760 ) (1024 -3072 1760 ) (2048 -3072 1760 ) 
4 79 (2048 -3072 -1792 ) (1024 -3072 -1792 ) (1024 -2048 -1792 ) (2048 -2048 -1792 ) 
4 80 (1024 -3744 1760 ) (1024 -3744 1024 ) (2048 -3744 1024 ) (2048 -3744 1760 ) 
4 80 (2048 -3072 1760 ) (1024 -3072 1760 ) (1024 -3744 1760 ) (2048 -3744 1760 ) 
4 81 (1024 -3744 0 ) (2048 -3744 0 ) (2048 -3744 1024 ) (1024 -3744 1024 ) 
4 82 (1024 -3744 -1024 ) (2048 -3744 -1024 ) (2048 -3744 0 ) (1024 -3744 0 ) 
4 83 (1024 -3744 -1792 ) (1024 -3072 -1792 ) (2048 -3072 -1792 ) (2048 -3744 -1792 ) 
4 83 (1024 -3744 -1792 ) (2048 -3744 -1792 ) (2048 -3744 -1024 ) (1024 -3744 -1024 ) 
4 84 (1024 2776 1760 ) (1024 2776 1024 ) (0 2776 1024 ) (0 2776 1760 ) 
4 84 (1024 2776 1760 ) (0 2776 1760 ) (0 2048 1760 ) (1024 2048 1760 ) 
4 85 (0 2776 1024 ) (1024 2776 1024 ) (1024 2776 0 ) (0 2776 0 ) 
4 86 (0 2776 0 ) (1024 2776 0 ) (1024 2776 -1024 ) (0 2776 -1024 ) 
4 87 (1024 2048 -1792 ) (0 2048 -1792 ) (0 2776 -1792 ) (1024 2776 -1792 ) 
4 87 (0 2776 -1024 ) (1024 2776 -1024 ) (1024 2776 -1792 ) (0 2776 -1792 ) 
4 88 (1024 2048 1760 ) (0 2048 1760 ) (0 1024 1760 ) (1024 1024 1760 ) 
4 91 (1024 1024 -1792 ) (0 1024 -1792 ) (0 2048 -1792 ) (1024 2048 -1792 ) 
4 92 (1024 1024 1760 ) (0 1024 1760 ) (0 0 1760 ) (1024 0 1760 ) 
4 95 (1024 0 -1792 ) (0 0 -1792 ) (0 1024 -1792 ) (1024 1024 -1792 ) 
4 96 (1024 0 1760 ) (0 0 1760 ) (0 -1024 1760 ) (1024 -1024 1760 ) 
4 99 (1024 -1024 -1792 ) (0 -1024 -1792 ) (0 0 -1792 ) (1024 0 -1792 ) 
4 100 (1024 -1024 1760 ) (0 -1024 1760 ) (0 -2048 1760 ) (1024 -2048 1760 ) 
4 103 (1024 -2048 -1792 ) (0 -2048 -1792 ) (0 -1024 -1792 ) (1024 -1024 -1792 ) 
4 104 (1024 -2048 1760 ) (0 -2048 1760 ) (0 -3072 1760 ) (1024 -3072 1760 ) 
4 107 (1024 -3072 -1792 ) (0 -3072 -1792 ) (0 -2048 -1792 ) (1024 -2048 -1792 ) 
4 108 (1024 -3744 1760 ) (1024 -3072 1760 ) (0 -3072 1760 ) (0 -3744 1760 ) 
4 108 (0 -3744 1024 ) (1024 -3744 1024 ) (1024 -3744 1760 ) (0 -3744 1760 ) 
4 109 (0 -3744 0 ) (1024 -3744 0 ) (1024 -3744 1024 ) (0 -3744 1024 ) 
4 110 (0 -3744 -1024 ) (1024 -3744 -1024 ) (1024 -3744 0 ) (0 -3744 0 ) 
4 111 (1024 -3744 -1792 ) (1024 -3744 -1024 ) (0 -3744 -1024 ) (0 -3744 -1792 ) 
4 111 (1024 -3744 -1792 ) (0 -3744 -1792 ) (0 -3072 -1792 ) (1024 -3072 -1792 ) 
4 112 (0 2776 1760 ) (-1024 2776 1760 ) (-1024 2048 1760 ) (0 2048 1760 ) 
4 112 (-1024 2776 1760 ) (0 2776 1760 ) (0 2776 1024 ) (-1024 2776 1024 ) 
4 113 (-1024 2776 1024 ) (0 2776 1024 ) (0 2776 0 ) (-1024 2776 0 ) 
4 114 (-1024 2776 0 ) (0 2776 0 ) (0 2776 -1024 ) (-1024 2776 -1024 ) 
4 115 (-1024 2776 -1792 ) (-1024 2776 -1024 ) (0 2776 -1024 ) (0 2776 -1792 ) 
4 115 (0 2048 -1792 ) (-1024 2048 -1792 ) (-1024 2776 -1792 ) (0 2776 -1792 ) 
4 116 (0 2048 1760 ) (-1024 2048 1760 ) (-1024 1024 1760 ) (0 1024 1760 ) 
4 119 (0 1024 -1792 ) (-1024 1024 -1792 ) (-1024 2048 -1792 ) (0 2048 -1792 ) 
4 120 (0 1024 1760 ) (-1024 1024 1760 ) (-1024 0 1760 ) (0 0 1760 ) 
4 123 (0 0 -1792 ) (-1024 0 -1792 ) (-1024 1024 -1792 ) (0 1024 -1792 ) 
4 124 (0 0 1760 ) (-1024 0 1760 ) (-1024 -1024 1760 ) (0 -1024 1760 ) 
4 127 (0 -1024 -1792 ) (-1024 -1024 -1792 ) (-1024 0 -1792 ) (0 0 -1792 ) 
4 128 (0 -1024 1760 ) (-1024 -1024 1760 ) (-1024 -2048 1760 ) (0 -2048 1760 ) 
4 131 (0 -2048 -1792 ) (-1024 -2048 -1792 ) (-1024 -1024 -1792 ) (0 -1024 -1792 ) 
4 132 (0 -2048 1760 ) (-1024 -2048 1760 ) (-1024 -3072 1760 ) (0 -3072 1760 ) 
4 135 (0 -3072 -1792 ) (-1024 -3072 -1792 ) (-1024 -2048 -1792 ) (0 -2048 -1792 ) 
4 136 (-1024 -3744 1760 ) (-1024 -3744 1024 ) (0 -3744 1024 ) (0 -3744 1760 ) 
4 136 (0 -3072 1760 ) (-1024 -3072 1760 ) (-1024 -3744 1760 ) (0 -3744 1760 ) 
4 137 (-1024 -3744 0 ) (0 -3744 0 ) (0 -3744 1024 ) (-1024 -3744 1024 ) 
4 138 (-1024 -3744 -1024 ) (0 -3744 -1024 ) (0 -3744 0 ) (-1024 -3744 0 ) 
4 139 (-1024 -3744 -1792 ) (-1024 -3072 -1792 ) (0 -3072 -1792 ) (0 -3744 -1792 ) 
4 139 (-1024 -3744 -1792 ) (0 -3744 -1792 ) (0 -3744 -1024 ) (-1024 -3744 -1024 ) 
4 140 (-1024 2776 1760 ) (-1024 2776 1024 ) (-2048 2776 1024 ) (-2048 2776 1760 ) 
4 140 (-1024 2776 1760 ) (-2048 2776 1760 ) (-2048 2048 1760 ) (-1024 2048 1760 ) 
4 141 (-2048 2776 1024 ) (-1024 2776 1024 ) (-1024 2776 0 ) (-2048 2776 0 ) 
4 142 (-2048 2776 0 ) (-1024 2776 0 ) (-1024 2776 -1024 ) (-2048 2776 -1024 ) 
4 143 (-1024 2048 -1792 ) (-2048 2048 -1792 ) (-2048 2776 -1792 ) (-1024 2776 -1792 ) 
4 143 (-2048 2776 -1024 ) (-1024 2776 -1024 ) (-1024 2776 -1792 ) (-2048 2776 -1792 ) 
4 144 (-1024 2048 1760 ) (-2048 2048 1760 ) (-2048 1024 1760 ) (-1024 1024 1760 ) 
4 147 (-1024 1024 -1792 ) (-2048 1024 -1792 ) (-2048 2048 -1792 ) (-1024 2048 -1792 ) 
4 148 (-1024 1024 1760 ) (-2048 1024 1760 ) (-2048 0 1760 ) (-1024 0 1760 ) 
4 151 (-1024 0 -1792 ) (-2048 0 -1792 ) (-2048 1024 -1792 ) (-1024 1024 -1792 ) 
4 152 (-1024 0 1760 ) (-2048 0 1760 ) (-2048 -1024 1760 ) (-1024 -1024 1760 ) 
4 155 (-1024 -1024 -1792 ) (-2048 -1024 -1792 ) (-2048 0 -1792 ) (-1024 0 -1792 ) 
4 156 (-1024 -1024 1760 ) (-2048 -1024 1760 ) (-2048 -2048 1760 ) (-1024 -2048 1760 ) 
4 159 (-1024 -2048 -1792 ) (-2048 -2048 -1792 ) (-2048 -1024 -1792 ) (-1024 -1024 -1792 ) 
4 160 (-1024 -2048 1760 ) (-2048 -2048 1760 ) (-2048 -3072 1760 ) (-1024 -3072 1760 ) 
4 163 (-1024 -3072 -1792 ) (-2048 -3072 -1792 ) (-2048 -2048 -1792 ) (-1024 -2048 -1792 ) 
4 164 (-1024 -3744 1760 ) (-1024 -3072 1760 ) (-2048 -3072 1760 ) (-2048 -3744 1760 ) 
4 164 (-2048 -3744 1024 ) (-1024 -3744 1024 ) (-1024 -3744 1760 ) (-2048 -3744 1760 ) 
4 165 (-2048 -3744 0 ) (-1024 -3744 0 ) (-1024 -3744 1024 ) (-2048 -3744 1024 ) 
4 166 (-2048 -3744 -1024 ) (-1024 -3744 -1024 ) (-1024 -3744 0 ) (-2048 -3744 0 ) 
4 167 (-1024 -3744 -1792 ) (-1024 -3744 -1024 ) (-2048 -3744 -1024 ) (-2048 -3744 -1792 ) 
4 167 (-1024 -3744 -1792 ) (-2048 -3744 -1792 ) (-2048 -3072 -1792 ) (-1024 -3072 -1792 ) 
4 168 (-2048 2776 1760 ) (-2048 2776 1024 ) (-2674 2776 1024 ) (-2674 2776 1760 ) 
4 168 (-2674 2776 1024 ) (-2674 2048 1024 ) (-2674 2048 1760 ) (-2674 2776 1760 ) 
4 168 (-2048 2776 1760 ) (-2674 2776 1760 ) (-2674 2048 1760 ) (-2048 2048 1760 ) 
4 169 (-2674 2776 0 ) (-2674 2048 0 ) (-2674 2048 1024 ) (-2674 2776 1024 ) 
4 169 (-2048 2776 1024 ) (-2048 2776 0 ) (-2674 2776 0 ) (-2674 2776 1024 ) 
4 170 (-2674 2776 0 ) (-2048 2776 0 ) (-2048 2776 -1024 ) (-2674 2776 -1024 ) 
4 170 (-2674 2776 0 ) (-2674 2776 -1024 ) (-2674 2048 -1024 ) (-2674 2048 0 ) 
4 171 (-2048 2048 -1792 ) (-2674 2048 -1792 ) (-2674 2776 -1792 ) (-2048 2776 -1792 ) 
4 171 (-2674 2048 -1792 ) (-2674 2048 -1024 ) (-2674 2776 -1024 ) (-2674 2776 -1792 ) 
4 171 (-2048 2776 -1024 ) (-2048 2776 -1792 ) (-2674 2776 -1792 ) (-2674 2776 -1024 ) 
4 172 (-2674 2048 1760 ) (-2674 2048 1024 ) (-2674 1024 1024 ) (-2674 1024 1760 ) 
4 172 (-2048 2048 1760 ) (-2674 2048 1760 ) (-2674 1024 1760 ) (-2048 1024 1760 ) 
4 173 (-2674 2048 0 ) (-2674 1024 0 ) (-2674 1024 1024 ) (-2674 2048 1024 ) 
4 174 (-2674 2048 -1024 ) (-2674 1024 -1024 ) (-2674 1024 0 ) (-2674 2048 0 ) 
4 175 (-2674 1024 -1792 ) (-2674 1024 -1024 ) (-2674 2048 -1024 ) (-2674 2048 -1792 ) 
4 175 (-2048 1024 -1792 ) (-2674 1024 -1792 ) (-2674 2048 -1792 ) (-2048 2048 -1792 ) 
4 176 (-2048 1024 1760 ) (-2674 1024 1760 ) (-2674 0 1760 ) (-2048 0 1760 ) 
4 176 (-2674 1024 1024 ) (-2674 0 1024 ) (-2674 0 1760 ) (-2674 1024 1760 ) 
4 177 (-2674 1024 0 ) (-2674 0 0 ) (-2674 0 1024 ) (-2674 1024 1024 ) 
4 178 (-2674 1024 -1024 ) (-2674 0 -1024 ) (-2674 0 0 ) (-2674 1024 0 ) 
4 179 (-2048 0 -1792 ) (-2674 0 -1792 ) (-2674 1024 -1792 ) (-2048 1024 -1792 ) 
4 179 (-2674 1024 -1792 ) (-2674 0 -1792 ) (-2674 0 -1024 ) (-2674 1024 -1024 ) 
4 180 (-2674 0 1760 ) (-2674 0 1024 ) (-2674 -1024 1024 ) (-2674 -1024 1760 ) 
4 180 (-2048 0 1760 ) (-2674 0 1760 ) (-2674 -1024 1760 ) (-2048 -1024 1760 ) 
4 181 (-2674 0 0 ) (-2674 -1024 0 ) (-2674 -1024 1024 ) (-2674 0 1024 ) 
4 182 (-2674 0 -1024 ) (-2674 -1024 -1024 ) (-2674 -1024 0 ) (-2674 0 0 ) 
4 183 (-2674 -1024 -1792 ) (-2674 -1024 -1024 ) (-2674 0 -1024 ) (-2674 0 -1792 ) 
4 183 (-2048 -1024 -1792 ) (-2674 -1024 -1792 ) (-2674 0 -1792 ) (-2048 0 -1792 ) 
4 184 (-2048 -1024 1760 ) (-2674 -1024 1760 ) (-2674 -2048 1760 ) (-2048 -2048 1760 ) 
4 184 (-2674 -1024 1024 ) (-2674 -2048 1024 ) (-2674 -2048 1760 ) (-2674 -1024 1760 ) 
4 185 (-2674 -1024 0 ) (-2674 -2048 0 ) (-2674 -2048 1024 ) (-2674 -1024 1024 ) 
4 186 (-2674 -1024 -1024 ) (-2674 -2048 -1024 ) (-2674 -2048 0 ) (-2674 -1024 0 ) 
4 187 (-2048 -2048 -1792 ) (-2674 -2048 -1792 ) (-2674 -1024 -1792 ) (-2048 -1024 -1792 ) 
4 187 (-2674 -1024 -1792 ) (-2674 -2048 -1792 ) (-2674 -2048 -1024 ) (-2674 -1024 -1024 ) 
4 188 (-2674 -2048 1760 ) (-2674 -2048 1024 ) (-2674 -3072 1024 ) (-2674 -3072 1760 ) 
4 188 (-2048 -2048 1760 ) (-2674 -2048 1760 ) (-2674 -3072 1760 ) (-2048 -3072 1760 ) 
4 189 (-2674 -2048 0 ) (-2674 -3072 0 ) (-2674 -3072 1024 ) (-2674 -2048 1024 ) 
4 190 (-2674 -2048 -1024 ) (-2674 -3072 -1024 ) (-2674 -3072 0 ) (-2674 -2048 0 ) 
4 191 (-2674 -3072 -1792 ) (-2674 -3072 -1024 ) (-2674 -2048 -1024 ) (-2674 -2048 -1792 ) 
4 191 (-2048 -3072 -1792 ) (-2674 -3072 -1792 ) (-2674 -2048 -1792 ) (-2048 -2048 -1792 ) 
4 192 (-2674 -3072 1760 ) (-2674 -3072 1024 ) (-2674 -3744 1024 ) (-2674 -3744 1760 ) 
4 192 (-2674 -3744 1024 ) (-2048 -3744 1024 ) (-2048 -3744 1760 ) (-2674 -3744 1760 ) 
4 192 (-2048 -3072 1760 ) (-2674 -3072 1760 ) (-2674 -3744 1760 ) (-2048 -3744 1760 ) 
4 193 (-2674 -3744 0 ) (-2048 -3744 0 ) (-2048 -3744 1024 ) (-2674 -3744 1024 ) 
4 193 (-2674 -3072 0 ) (-2674 -3744 0 ) (-2674 -3744 1024 ) (-2674 -3072 1024 ) 
4 194 (-2674 -3072 -1024 ) (-2674 -3744 -1024 ) (-2674 -3744 0 ) (-2674 -3072 0 ) 
4 194 (-2674 -3744 0 ) (-2674 -3744 -1024 ) (-2048 -3744 -1024 ) (-2048 -3744 0 ) 
4 195 (-2674 -3072 -1792 ) (-2674 -3744 -1792 ) (-2674 -3744 -1024 ) (-2674 -3072 -1024 ) 
4 195 (-2674 -3072 -1792 ) (-2048 -3072 -1792 ) (-2048 -3744 -1792 ) (-2674 -3744 -1792 ) 
4 195 (-2674 -3744 -1024 ) (-2674 -3744 -1792 ) (-2048 -3744 -1792 ) (-2048 -3744 -1024 ) 
