PRT1
8
12
24
4 0 4 0 (0 0 0 ) (0 0 480 ) (0 560 480 ) (0 560 0 ) 
4 0 2 0 (0 0 480 ) (0 0 0 ) (352 0 0 ) (352 0 480 ) 
4 0 1 0 (352 0 0 ) (0 0 0 ) (0 560 0 ) (352 560 0 ) 
4 1 5 0 (0 0 -112 ) (0 0 0 ) (0 560 0 ) (0 560 -112 ) 
4 1 3 0 (0 0 0 ) (0 0 -112 ) (352 0 -112 ) (352 0 0 ) 
4 2 6 0 (0 -304 480 ) (0 0 480 ) (0 0 0 ) (0 -304 0 ) 
4 2 3 0 (0 -304 0 ) (0 0 0 ) (352 0 0 ) (352 -304 0 ) 
4 3 7 0 (0 -304 0 ) (0 0 0 ) (0 0 -112 ) (0 -304 -112 ) 
4 4 6 0 (-368 0 0 ) (0 0 0 ) (0 0 480 ) (-368 0 480 ) 
4 4 5 0 (0 0 0 ) (-368 0 0 ) (-368 560 0 ) (0 560 0 ) 
4 5 7 0 (0 0 -112 ) (0 0 0 ) (-368 0 0 ) (-368 0 -112 ) 
4 6 7 0 (-368 0 0 ) (0 0 0 ) (0 -304 0 ) (-368 -304 0 ) 
4 0 (0 560 480 ) (352 560 480 ) (352 560 0 ) (0 560 0 ) 
4 0 (352 560 480 ) (0 560 480 ) (0 0 480 ) (352 0 480 ) 
4 0 (352 0 480 ) (352 0 0 ) (352 560 0 ) (352 560 480 ) 
4 1 (0 560 -112 ) (0 560 0 ) (352 560 0 ) (352 560 -112 ) 
4 1 (352 560 -112 ) (352 560 0 ) (352 0 0 ) (352 0 -112 ) 
4 1 (0 560 -112 ) (352 560 -112 ) (352 0 -112 ) (0 0 -112 ) 
4 2 (0 -304 0 ) (352 -304 0 ) (352 -304 480 ) (0 -304 480 ) 
4 2 (352 -304 480 ) (352 0 480 ) (0 0 480 ) (0 -304 480 ) 
4 2 (352 0 480 ) (352 -304 480 ) (352 -304 0 ) (352 0 0 ) 
4 3 (0 -304 -112 ) (0 0 -112 ) (352 0 -112 ) (352 -304 -112 ) 
4 3 (352 -304 -112 ) (352 0 -112 ) (352 0 0 ) (352 -304 0 ) 
4 3 (0 -304 -112 ) (352 -304 -112 ) (352 -304 0 ) (0 -304 0 ) 
4 4 (0 560 480 ) (0 560 0 ) (-368 560 0 ) (-368 560 480 ) 
4 4 (-368 560 0 ) (-368 0 0 ) (-368 0 480 ) (-368 560 480 ) 
4 4 (0 560 480 ) (-368 560 480 ) (-368 0 480 ) (0 0 480 ) 
4 5 (0 560 0 ) (0 560 -112 ) (-368 560 -112 ) (-368 560 0 ) 
4 5 (-368 0 -112 ) (-368 0 0 ) (-368 560 0 ) (-368 560 -112 ) 
4 5 (0 0 -112 ) (-368 0 -112 ) (-368 560 -112 ) (0 560 -112 ) 
4 6 (-368 -304 480 ) (-368 -304 0 ) (0 -304 0 ) (0 -304 480 ) 
4 6 (-368 0 480 ) (-368 0 0 ) (-368 -304 0 ) (-368 -304 480 ) 
4 6 (0 0 480 ) (-368 0 480 ) (-368 -304 480 ) (0 -304 480 ) 
4 7 (-368 -304 -112 ) (-368 0 -112 ) (0 0 -112 ) (0 -304 -112 ) 
4 7 (-368 -304 0 ) (-368 0 0 ) (-368 0 -112 ) (-368 -304 -112 ) 
4 7 (-368 -304 0 ) (-368 -304 -112 ) (0 -304 -112 ) (0 -304 0 ) 
