PRT1
12
20
32
4 0 6 0 (0 1024 0 ) (0 1024 960 ) (0 1120 960 ) (0 1120 0 ) 
4 0 2 0 (0 1024 960 ) (0 1024 0 ) (704 1024 0 ) (704 1024 960 ) 
4 0 1 0 (704 1024 0 ) (0 1024 0 ) (0 1120 0 ) (704 1120 0 ) 
4 1 7 0 (0 1024 -224 ) (0 1024 0 ) (0 1120 0 ) (0 1120 -224 ) 
4 1 3 0 (0 1024 0 ) (0 1024 -224 ) (704 1024 -224 ) (704 1024 0 ) 
4 2 8 0 (0 0 0 ) (0 0 960 ) (0 1024 960 ) (0 1024 0 ) 
4 2 4 0 (0 0 960 ) (0 0 0 ) (704 0 0 ) (704 0 960 ) 
4 2 3 0 (704 0 0 ) (0 0 0 ) (0 1024 0 ) (704 1024 0 ) 
4 3 9 0 (0 0 -224 ) (0 0 0 ) (0 1024 0 ) (0 1024 -224 ) 
4 3 5 0 (0 0 0 ) (0 0 -224 ) (704 0 -224 ) (704 0 0 ) 
4 4 10 0 (0 -608 960 ) (0 0 960 ) (0 0 0 ) (0 -608 0 ) 
4 4 5 0 (0 -608 0 ) (0 0 0 ) (704 0 0 ) (704 -608 0 ) 
4 5 11 0 (0 -608 0 ) (0 0 0 ) (0 0 -224 ) (0 -608 -224 ) 
4 6 8 0 (0 1024 0 ) (0 1024 960 ) (-736 1024 960 ) (-736 1024 0 ) 
4 6 7 0 (0 1024 0 ) (-736 1024 0 ) (-736 1120 0 ) (0 1120 0 ) 
4 7 9 0 (0 1024 -224 ) (0 1024 0 ) (-736 1024 0 ) (-736 1024 -224 ) 
4 8 10 0 (-736 0 0 ) (0 0 0 ) (0 0 960 ) (-736 0 960 ) 
4 8 9 0 (0 0 0 ) (-736 0 0 ) (-736 1024 0 ) (0 1024 0 ) 
4 9 11 0 (-736 0 -224 ) (0 0 -224 ) (0 0 0 ) (-736 0 0 ) 
4 10 11 0 (-736 0 0 ) (0 0 0 ) (0 -608 0 ) (-736 -608 0 ) 
4 0 (704 1120 960 ) (0 1120 960 ) (0 1024 960 ) (704 1024 960 ) 
4 0 (704 1120 960 ) (704 1120 0 ) (0 1120 0 ) (0 1120 960 ) 
4 0 (704 1024 0 ) (704 1120 0 ) (704 1120 960 ) (704 1024 960 ) 
4 1 (704 1024 0 ) (704 1024 -224 ) (704 1120 -224 ) (704 1120 0 ) 
4 1 (704 1120 -224 ) (0 1120 -224 ) (0 1120 0 ) (704 1120 0 ) 
4 1 (0 1120 -224 ) (704 1120 -224 ) (704 1024 -224 ) (0 1024 -224 ) 
4 2 (704 0 960 ) (704 0 0 ) (704 1024 0 ) (704 1024 960 ) 
4 2 (0 0 960 ) (704 0 960 ) (704 1024 960 ) (0 1024 960 ) 
4 3 (704 0 -224 ) (0 0 -224 ) (0 1024 -224 ) (704 1024 -224 ) 
4 3 (704 1024 0 ) (704 0 0 ) (704 0 -224 ) (704 1024 -224 ) 
4 4 (0 -608 0 ) (704 -608 0 ) (704 -608 960 ) (0 -608 960 ) 
4 4 (704 -608 960 ) (704 0 960 ) (0 0 960 ) (0 -608 960 ) 
4 4 (704 0 960 ) (704 -608 960 ) (704 -608 0 ) (704 0 0 ) 
4 5 (0 -608 -224 ) (0 0 -224 ) (704 0 -224 ) (704 -608 -224 ) 
4 5 (704 -608 -224 ) (704 0 -224 ) (704 0 0 ) (704 -608 0 ) 
4 5 (0 -608 -224 ) (704 -608 -224 ) (704 -608 0 ) (0 -608 0 ) 
4 6 (-736 1120 960 ) (-736 1120 0 ) (-736 1024 0 ) (-736 1024 960 ) 
4 6 (-736 1120 960 ) (0 1120 960 ) (0 1120 0 ) (-736 1120 0 ) 
4 6 (0 1120 960 ) (-736 1120 960 ) (-736 1024 960 ) (0 1024 960 ) 
4 7 (-736 1120 0 ) (-736 1120 -224 ) (-736 1024 -224 ) (-736 1024 0 ) 
4 7 (-736 1120 -224 ) (-736 1120 0 ) (0 1120 0 ) (0 1120 -224 ) 
4 7 (0 1024 -224 ) (-736 1024 -224 ) (-736 1120 -224 ) (0 1120 -224 ) 
4 8 (0 1024 960 ) (-736 1024 960 ) (-736 0 960 ) (0 0 960 ) 
4 8 (-736 1024 0 ) (-736 0 0 ) (-736 0 960 ) (-736 1024 960 ) 
4 9 (0 0 -224 ) (-736 0 -224 ) (-736 1024 -224 ) (0 1024 -224 ) 
4 9 (-736 1024 -224 ) (-736 0 -224 ) (-736 0 0 ) (-736 1024 0 ) 
4 10 (-736 -608 960 ) (-736 -608 0 ) (0 -608 0 ) (0 -608 960 ) 
4 10 (-736 0 960 ) (-736 0 0 ) (-736 -608 0 ) (-736 -608 960 ) 
4 10 (0 0 960 ) (-736 0 960 ) (-736 -608 960 ) (0 -608 960 ) 
4 11 (-736 -608 -224 ) (-736 0 -224 ) (0 0 -224 ) (0 -608 -224 ) 
4 11 (-736 -608 0 ) (-736 0 0 ) (-736 0 -224 ) (-736 -608 -224 ) 
4 11 (-736 -608 0 ) (-736 -608 -224 ) (0 -608 -224 ) (0 -608 0 ) 
