PRT1
152
626
312
3 0 78 0 (0 0 2 ) (0 75.904762 0 ) (0 29.333328 0 ) 
4 0 77 0 (0 0 2 ) (0 256 2 ) (0 256 0 ) (0 75.904762 0 ) 
4 0 76 0 (0 0 2 ) (0 0 448 ) (0 256 448 ) (0 256 2 ) 
4 0 38 0 (0 0 448 ) (0 0 2 ) (256 0 2 ) (256 0 448 ) 
3 0 33 0 (0 29.333330 0 ) (0 31.254902 0 ) (4.666674 29.333330 0 ) 
7 0 32 0 (0 31.254902 0 ) (0 44 0 ) (7 44 0 ) (24 37 0 ) (31 31 0 ) (32.428574 29.333330 0 ) (4.666674 29.333330 0 ) 
3 0 31 0 (24 37 0 ) (26.870123 35.818192 0 ) (31 31 0 ) 
3 0 30 0 (33.291676 29.333330 0 ) (32.428574 29.333330 0 ) (31 31 0 ) 
5 0 29 0 (26.870123 35.818192 0 ) (33.208332 33.208340 0 ) (34.803921 29.333330 0 ) (33.291676 29.333330 0 ) (31 31 0 ) 
4 0 24 0 (33.208332 33.208340 0 ) (41.309093 29.872726 0 ) (41.372551 29.333330 0 ) (34.803921 29.333330 0 ) 
3 0 22 0 (41.309093 29.872726 0 ) (42.619057 29.333330 0 ) (41.372551 29.333330 0 ) 
5 0 18 0 (7 44 0 ) (46.368420 39.368420 0 ) (51 33 0 ) (52.509808 29.333330 0 ) (42.619057 29.333330 0 ) 
3 0 17 0 (46.368420 39.368420 0 ) (48.480003 39.119999 0 ) (51 33 0 ) 
4 0 11 0 (48.480003 39.119999 0 ) (53.549095 38.523636 0 ) (57.333336 29.333330 0 ) (52.509808 29.333330 0 ) 
3 0 10 0 (0 44 0 ) (0 44.823532 0 ) (7 44 0 ) 
4 0 9 0 (53.549095 38.523636 0 ) (60 37.764706 0 ) (60 29.333330 0 ) (57.333336 29.333330 0 ) 
4 0 8 0 (0 44.823532 0 ) (0 64 0 ) (60 64 0 ) (60 37.764706 0 ) 
4 0 7 0 (60 64 0 ) (64 64 0 ) (64 29.333330 0 ) (60 29.333330 0 ) 
4 0 6 0 (64 64 0 ) (256 64 0 ) (256 29.333328 0 ) (64 29.333330 0 ) 
4 0 5 0 (0 64 0 ) (0 256 0 ) (256 256 0 ) (256 64 0 ) 
4 0 1 0 (4.665925 29.333637 0 ) (256 29.333645 0 ) (256 0 2 ) (0 0 2 ) 
4 1 38 0 (0 0 2 ) (75.904762 0 0 ) (256 0 0 ) (256 0 2 ) 
4 1 32 0 (40.956944 14.390280 0 ) (4.666673 29.333330 0 ) (32.428574 29.333330 0 ) (37 24 0 ) 
4 1 30 0 (32.428574 29.333330 0 ) (33.291676 29.333330 0 ) (35.450378 27.763367 0 ) (37 24 0 ) 
3 1 29 0 (33.291676 29.333330 0 ) (34.803921 29.333330 0 ) (35.450378 27.763367 0 ) 
4 1 24 0 (43.241211 13.449699 0 ) (40.956944 14.390280 0 ) (34.803921 29.333330 0 ) (41.372551 29.333330 0 ) 
5 1 22 0 (44 13.137256 0 ) (43.241211 13.449699 0 ) (41.372551 29.333330 0 ) (42.619053 29.333330 0 ) (44 28.764704 0 ) 
5 1 20 0 (59.066666 6.933336 0 ) (44 13.137256 0 ) (44 28.764704 0 ) (54.529171 24.429163 0 ) (58 16 0 ) 
3 1 18 0 (42.619053 29.333330 0 ) (52.509811 29.333330 0 ) (54.529171 24.429163 0 ) 
4 1 15 0 (60 6.549023 0 ) (59.066666 6.933336 0 ) (58 16 0 ) (60 11.142858 0 ) 
4 1 11 0 (52.509811 29.333330 0 ) (57.333336 29.333330 0 ) (60 22.857149 0 ) (60 11.142858 0 ) 
3 1 9 0 (57.333336 29.333330 0 ) (60 29.333330 0 ) (60 22.857149 0 ) 
4 1 7 0 (64 4.901964 0 ) (60 6.549023 0 ) (60 29.333330 0 ) (64 29.333330 0 ) 
5 1 6 0 (256 0 0 ) (75.904770 0 0 ) (64 4.901964 0 ) (64 29.333330 0 ) (256 29.333328 0 ) 
3 1 3 0 (16.032379 24.638914 0 ) (29.333332 19.162058 0 ) (0 0 2 ) 
3 1 2 0 (29.333332 19.162058 0 ) (75.869827 0 0 ) (0 0 2 ) 
3 2 38 0 (0 0 2 ) (29.333334 0 0 ) (75.904762 0 0 ) 
4 2 35 0 (44 0 0 ) (29.333334 0 0 ) (29.333334 13.238094 0 ) (44 0.666662 0 ) 
5 2 34 0 (29.333334 13.238094 0 ) (29.333334 19.176472 0 ) (40.956944 14.390280 0 ) (44 7 0 ) (44 0.666662 0 ) 
3 2 24 0 (40.956944 14.390280 0 ) (43.241211 13.449699 0 ) (44 7 0 ) 
3 2 22 0 (43.241211 13.449699 0 ) (44 13.137256 0 ) (44 7 0 ) 
4 2 20 0 (59.882355 0 0 ) (44 0 0 ) (44 13.137256 0 ) (59.066669 6.933334 0 ) 
4 2 15 0 (60 0 0 ) (59.882355 0 0 ) (59.066669 6.933334 0 ) (60 6.549023 0 ) 
4 2 7 0 (64 0 0 ) (60 0 0 ) (60 6.549023 0 ) (64 4.901964 0 ) 
3 2 6 0 (75.904770 0 0 ) (64 0 0 ) (64 4.901964 0 ) 
3 2 4 0 (0.001358 0 2 ) (29.337240 13.234745 0 ) (29.337240 4.657177 0 ) 
3 2 3 0 (0.001358 0 2 ) (29.337240 19.178135 0 ) (29.337240 13.234745 0 ) 
3 3 34 0 (16 24.666668 0 ) (29.333334 19.176472 0 ) (29.333334 13.238094 0 ) 
3 3 4 0 (29.333048 13.238304 0 ) (0.023500 0.010884 1.998398 ) (23.878727 17.913565 0 ) 
3 4 36 0 (23.878790 17.913418 0 ) (29.333334 13.238094 0 ) (29.333334 4.666665 0 ) 
4 5 81 0 (0 64 0 ) (0 256 0 ) (0 256 -16 ) (0 64 -16 ) 
4 5 37 0 (0 64 -16 ) (0 256 -16 ) (256 256 -16 ) (256 64 -16 ) 
4 5 14 0 (1 64 -16 ) (43.058826 64 -16 ) (43.058823 64 -8 ) (1 64 -8 ) 
4 5 12 0 (43.058823 64 -8 ) (41.615326 64 -5.605900 ) (0 64 -4.465753 ) (0 64 -8 ) 
3 5 11 0 (43.058823 64 -8 ) (43.058823 64 -5.645448 ) (41.615326 64 -5.605900 ) 
5 5 9 0 (43.058826 64 -16 ) (64 64 -16 ) (64 64 -8 ) (63.097221 64 -6.194445 ) (43.058823 64 -5.645448 ) 
4 5 8 0 (63.097221 64 -6.194445 ) (60 64 0 ) (0 64 0 ) (0 64 -4.465753 ) 
3 5 7 0 (64 64 -8 ) (64 64 0 ) (60 64 0 ) 
4 5 6 0 (64 64 -16 ) (256 64 -16 ) (256 64 0 ) (64 64 0 ) 
4 6 43 0 (64 0 -16 ) (256 0 -16 ) (256 0 0 ) (64 0 0 ) 
4 6 37 0 (256 0 -16 ) (64 0 -16 ) (64 64 -16 ) (256 64 -16 ) 
4 6 13 0 (64 13.142864 -16 ) (64 1 -16 ) (64 1 -8 ) (64 13.142863 -8 ) 
4 6 9 0 (64 64 -8 ) (64 64 -16 ) (64 13.142864 -16 ) (64 13.142863 -8 ) 
4 6 7 0 (64 64 0 ) (64 64 -8 ) (64 0 -8 ) (64 0 0 ) 
3 7 49 0 (64 0 -8 ) (64 0 -4.465753 ) (62 0 -4 ) 
4 7 45 0 (64 0 -4.465753 ) (64 0 0 ) (60 0 0 ) (62 0 -4 ) 
5 7 15 0 (64 1 -8 ) (61.984890 0 -3.971462 ) (59.998444 0 0 ) (59.998444 11.146646 0 ) (62.650620 12.469712 -5.302443 ) 
3 7 13 0 (64 13.142864 -8 ) (64 1 -8 ) (62.650620 12.469712 -5.302443 ) 
3 7 11 0 (64 13.142864 -8 ) (59.998444 11.146646 0 ) (59.998444 22.860926 0 ) 
5 7 9 0 (63.096775 64 -6.194432 ) (64 64 -8 ) (64 13.142864 -8 ) (59.998444 22.860926 0 ) (59.998444 37.764889 0 ) 
3 7 8 0 (59.998444 64 0 ) (63.096775 64 -6.194432 ) (59.998444 37.764889 0 ) 
3 8 95 0 (0 44.823528 0 ) (0 60 0 ) (0 62 -4 ) 
4 8 82 0 (0 60 0 ) (0 64 0 ) (0 64 -4.465753 ) (0 62 -4 ) 
4 8 18 0 (46.370426 39.365665 0 ) (7.009053 43.996273 0 ) (17.010687 60 -4 ) (35.690277 57.801502 -4 ) 
4 8 17 0 (43.582092 56.873055 -4 ) (48.481091 39.117359 0 ) (46.370426 39.365665 0 ) (35.690277 57.801502 -4 ) 
4 8 16 0 (42.978310 59.061371 -4.493741 ) (43.582092 56.873055 -4 ) (0 62 -4 ) (15.901485 62.246883 -4.493765 ) 
3 8 14 0 (41.987804 62.651310 -5.302619 ) (42.978310 59.061371 -4.493741 ) (15.901485 62.246883 -4.493765 ) 
4 8 12 0 (0 64 -4.466382 ) (41.615685 64 -5.606503 ) (41.987804 62.651310 -5.302619 ) (0 62 -4 ) 
4 8 11 0 (41.615685 64 -5.606503 ) (43.058830 64 -5.646039 ) (53.550171 38.521015 0 ) (48.481091 39.117359 0 ) 
3 8 10 0 (6.977360 44 0 ) (0 44.820839 0 ) (0 61.941143 -3.986922 ) 
4 8 9 0 (43.058830 64 -5.646039 ) (63.099926 64 -6.195094 ) (60.002377 37.761955 0 ) (53.550171 38.521015 0 ) 
3 9 37 0 (43.058826 64 -16 ) (64 64 -16 ) (64 13.142864 -16 ) 
3 9 19 0 (54.996590 35.004692 -8 ) (47.877773 52.293064 -16 ) (54.996590 35.004696 -16 ) 
4 9 17 0 (54.998547 35 -7.997803 ) (45.198338 58.800194 -7.997414 ) (45.198338 58.800194 -16 ) (47.877773 52.293064 -16 ) 
4 9 14 0 (45.198338 58.800194 -7.997414 ) (43.057217 64 -7.997329 ) (43.057217 64 -16 ) (45.198338 58.800194 -16 ) 
4 9 13 0 (64 13.139506 -16 ) (64 13.139506 -7.998161 ) (62 17.995251 -7.998081 ) (62 17.995251 -16 ) 
5 9 11 0 (64 13.139506 -7.998161 ) (60 22.852364 0 ) (53.555355 38.504517 0 ) (43.057217 64 -5.649684 ) (43.057217 64 -7.997329 ) 
3 10 95 0 (0 44 0 ) (0 44.823528 0 ) (0 62 -4 ) 
3 11 24 0 (59.994591 16.996603 -3.998647 ) (52.320663 33.686104 -2.668814 ) (52.985508 34.018661 -3.998646 ) 
4 11 22 0 (60.002399 16.979620 -4 ) (59.752693 16.854811 -3.500598 ) (51.859592 33.455475 -1.746576 ) (52.320663 33.686104 -2.668814 ) 
5 11 20 0 (59.752693 16.854811 -3.500598 ) (58.002357 15.979947 0 ) (54.522064 24.432093 0 ) (51.765892 33.408604 -1.559152 ) (51.859592 33.455475 -1.746576 ) 
3 11 18 0 (54.522064 24.432093 0 ) (50.986401 33.018700 0 ) (51.765892 33.408604 -1.559152 ) 
6 11 17 0 (48.473816 39.120693 0 ) (43.575520 56.873470 -4 ) (45.193600 58.800751 -8 ) (45.199192 58.800091 -8.008819 ) (54.990376 35.021500 -8.008817 ) (50.986401 33.018700 0 ) 
3 11 16 0 (43.575520 56.873470 -4 ) (42.971622 59.062160 -4.493153 ) (45.193600 58.800751 -8 ) 
4 11 15 0 (62.002438 17.979294 -8 ) (62.652416 12.454451 -5.304841 ) (60 11.128550 0 ) (58.002357 15.979947 0 ) 
5 11 14 0 (42.971622 59.062160 -4.493153 ) (41.981434 62.650879 -5.301753 ) (43.052734 64 -8 ) (43.058052 64 -8.008820 ) (45.199192 58.800091 -8.008819 ) 
4 11 13 0 (62 17.997374 -8.008815 ) (64 13.140979 -8.008814 ) (64 13.128086 -8 ) (62.652416 12.454451 -5.304841 ) 
3 11 12 0 (41.981434 62.650879 -5.301753 ) (41.609188 64 -5.605733 ) (43.052734 64 -8 ) 
3 12 82 0 (0 62 -4 ) (0 64 -4.465753 ) (0 64 -8 ) 
3 12 16 0 (1 64 -8 ) (15.904058 62.246582 -4.493150 ) (0 62 -4 ) 
4 12 14 0 (1 64 -8 ) (43.056179 64 -8 ) (41.985722 62.650944 -5.301883 ) (15.904058 62.246582 -4.493150 ) 
3 13 37 0 (62 18 -16 ) (64 13.142864 -16 ) (64 1 -16 ) 
5 13 15 0 (64 1.008333 -8.001851 ) (64 1.008333 -8 ) (62.650024 12.473676 -5.300049 ) (62 18 -7.996047 ) (62 18 -8 ) 
3 14 37 0 (1 64 -16 ) (43.058826 64 -16 ) (45.200001 58.800003 -16 ) 
4 14 26 0 (26.798996 60.964371 -8 ) (18.001560 62 -8 ) (18.001566 62 -16 ) (26.799000 60.964367 -16 ) 
4 14 25 0 (32.733852 60.266151 -8 ) (26.798996 60.964371 -8 ) (26.799000 60.964367 -16 ) (32.733860 60.266148 -16 ) 
4 14 21 0 (36.988018 59.765659 -8 ) (32.733852 60.266151 -8 ) (32.733860 60.266148 -16 ) (36.988667 59.765583 -16 ) 
3 14 19 0 (36.988018 59.765659 -8 ) (36.988667 59.765583 -16 ) (42.953579 59.063828 -16 ) 
4 14 17 0 (45.200199 58.799519 -16 ) (45.200199 58.799519 -8 ) (36.988018 59.765659 -8 ) (42.953579 59.063828 -16 ) 
4 14 16 0 (45.200199 58.799519 -8 ) (42.978386 59.060909 -4.493043 ) (15.896134 62.247059 -4.493044 ) (0.996135 64 -7.998927 ) 
3 15 22 0 (59.750618 16.873777 -3.500137 ) (60 16.998781 -4 ) (62 0.002810 -4 ) 
5 15 20 0 (58 15.998662 0 ) (59.750618 16.873777 -3.500137 ) (62 0.002810 -4 ) (61.994377 0 -3.988759 ) (59.882675 0 0 ) 
4 16 28 0 (18 61.995621 -7.993278 ) (18.014580 61.993999 -7.993278 ) (24.339300 59.389702 -4.479532 ) (17.003490 59.998894 -4 ) 
4 16 26 0 (18.014580 61.993999 -7.993278 ) (26.805273 60.959808 -7.993277 ) (29.560329 58.956127 -4.820777 ) (24.339300 59.389702 -4.479532 ) 
4 16 25 0 (26.805273 60.959808 -7.993277 ) (32.732460 60.262497 -7.993277 ) (31.978853 58.755283 -4.978851 ) (29.560329 58.956127 -4.820777 ) 
4 16 23 0 (32.732460 60.262497 -7.993277 ) (32.738178 60.261826 -7.993277 ) (34.449928 58.550076 -5.140360 ) (31.978853 58.755283 -4.978851 ) 
4 16 21 0 (32.738178 60.261826 -7.993277 ) (36.986691 59.762005 -7.993277 ) (36.095650 58.413410 -5.247924 ) (34.449928 58.550076 -5.140360 ) 
3 16 18 0 (36.095650 58.413410 -5.247924 ) (35.690582 57.800339 -4 ) (17.003490 59.998894 -4 ) 
4 16 17 0 (36.986691 59.762005 -7.993277 ) (45.197586 58.796024 -7.993276 ) (43.582047 56.871902 -4 ) (35.690582 57.800339 -4 ) 
3 17 37 0 (42.953213 59.064331 -16 ) (45.200001 58.800003 -16 ) (47.881363 52.288120 -16 ) 
4 17 30 0 (52.993717 34.015263 -4 ) (48.396996 39.933193 -3.570542 ) (45.017467 44.981857 -4 ) (45.018372 44.982311 -4 ) 
4 17 29 0 (48.396996 39.933193 -3.570542 ) (44.696846 44.696850 -3.224847 ) (44.637348 44.791790 -3.238853 ) (45.017467 44.981857 -4 ) 
4 17 24 0 (52.993717 34.015263 -4 ) (52.329056 33.682938 -2.670682 ) (49.477722 37.067989 -2.099414 ) (44.696846 44.696850 -3.224847 ) 
4 17 23 0 (47 46 -7.992851 ) (47.014313 45.980324 -7.992851 ) (44.637348 44.791790 -3.238853 ) (38.642967 54.357040 -4.649947 ) 
4 17 22 0 (52.329056 33.682938 -2.670682 ) (51.867928 33.452377 -1.748428 ) (51.405376 33.992023 -1.645639 ) (49.477722 37.067989 -2.099414 ) 
4 17 21 0 (36.102036 58.411610 -5.248089 ) (36.992836 59.759853 -7.992723 ) (47 46 -7.992851 ) (38.642967 54.357040 -4.649947 ) 
3 17 20 0 (51.867928 33.452377 -1.748428 ) (51.773235 33.405033 -1.559044 ) (51.405376 33.992023 -1.645639 ) 
6 17 19 0 (36.992836 59.759853 -7.992723 ) (36.996334 59.765148 -8.003501 ) (42.958717 59.063549 -16 ) (47.874981 52.303623 -16 ) (54.993729 35.015244 -8 ) (54.990200 35.013481 -7.992953 ) 
5 17 18 0 (35.696793 57.798271 -4 ) (36.102036 58.411610 -5.248089 ) (51.773235 33.405033 -1.559044 ) (50.993710 33.015282 0 ) (46.373737 39.367794 0 ) 
3 18 31 0 (24.770651 38.267574 -0.313881 ) (26.861704 35.828011 0 ) (23.985802 37.012173 0 ) 
6 18 29 0 (33.975647 53.009182 -3.998588 ) (34 53 -3.998588 ) (44.686703 44.698029 -3.222926 ) (33.205147 33.216076 0 ) (26.861704 35.828011 0 ) (24.770651 38.267574 -0.313881 ) 
5 18 28 0 (17.015078 59.993069 -3.998799 ) (17.024075 60.007465 -4.002398 ) (24.308056 59.402569 -4.478374 ) (27.389627 58.133686 -4.478340 ) (34 53 -3.998588 ) 
6 18 27 0 (27.389627 58.133686 -4.478340 ) (35 55 -4.478256 ) (36.121662 54.184250 -4.407882 ) (44.640564 44.787079 -3.236854 ) (44.692646 44.703972 -3.224594 ) (44.686703 44.698029 -3.222926 ) 
3 18 26 0 (24.308056 59.402569 -4.478374 ) (29.544392 58.967720 -4.820544 ) (35 55 -4.478256 ) 
3 18 25 0 (29.544392 58.967720 -4.820544 ) (31.967693 58.766476 -4.978896 ) (36.121662 54.184250 -4.407882 ) 
4 18 24 0 (44.692646 44.703972 -3.224594 ) (49.474800 37.073143 -2.098875 ) (41.308289 29.879574 0 ) (33.205147 33.216076 0 ) 
4 18 23 0 (31.967693 58.766476 -4.978896 ) (34.438740 58.561268 -5.140368 ) (38.643517 54.356491 -4.648558 ) (44.640564 44.787079 -3.236854 ) 
4 18 22 0 (49.474800 37.073143 -2.098875 ) (51.402706 33.996807 -1.645046 ) (44 28.771250 0 ) (41.308289 29.879574 0 ) 
3 18 21 0 (34.438740 58.561268 -5.140368 ) (36.094604 58.423756 -5.248571 ) (38.643517 54.356491 -4.648558 ) 
4 18 20 0 (51.402706 33.996807 -1.645046 ) (51.771267 33.408703 -1.558288 ) (54.525867 24.437185 0 ) (44 28.771250 0 ) 
4 19 37 0 (36.988304 59.766083 -16 ) (42.953213 59.064331 -16 ) (47.881363 52.288120 -16 ) (55 35 -16 ) 
4 19 21 0 (47.006954 45.993053 -8.006851 ) (36.989002 59.766102 -8.006852 ) (36.989002 59.766102 -16 ) (47.006954 45.993053 -16 ) 
3 20 47 0 (62 0 -4 ) (44.823528 0 0 ) (44 0 0 ) 
3 20 45 0 (62 0 -4 ) (60 0 0 ) (44.823528 0 0 ) 
7 20 22 0 (44.009521 6.919071 0 ) (44.009521 28.767580 0 ) (51.404537 33.988220 -1.643499 ) (51.870052 33.445072 -1.746961 ) (59.749027 16.874506 -3.498048 ) (62 0 -3.998047 ) (61.837982 0 -3.962257 ) 
3 21 37 0 (32.733341 60.266666 -16 ) (36.988304 59.766083 -16 ) (47 46 -16 ) 
4 21 25 0 (46 47 -8 ) (32.733334 60.266666 -8 ) (32.733334 60.266666 -16 ) (46 47 -16 ) 
4 21 23 0 (47.002708 45.997292 -8 ) (38.643436 54.356564 -4.657364 ) (34.444237 58.555763 -5.148499 ) (32.733334 60.266666 -8 ) 
5 22 24 0 (43.995098 7.019049 0 ) (41.307945 29.873198 0 ) (49.474228 37.065384 -2.098610 ) (52.336014 33.667992 -2.672012 ) (60 17 -4 ) 
4 23 27 0 (46 47 -8.002067 ) (44.988663 44.988651 -3.971261 ) (44.623161 44.806274 -3.240656 ) (36.121468 54.184395 -4.409386 ) 
5 23 25 0 (32.733334 60.266666 -8.002069 ) (46 47 -8.002067 ) (36.121468 54.184395 -4.409386 ) (31.976721 58.756416 -4.979165 ) (32.731579 60.266872 -8 ) 
5 24 30 0 (37.011620 23.986446 0 ) (35.459072 27.757042 0 ) (48.399792 39.921112 -3.568881 ) (53 34 -3.998630 ) (53.008900 33.976379 -3.998630 ) 
4 24 29 0 (35.459072 27.757042 0 ) (33.217590 33.200825 0 ) (44.701286 44.682594 -3.223316 ) (48.399792 39.921112 -3.568881 ) 
3 25 37 0 (26.798254 60.964912 -16 ) (32.733341 60.266666 -16 ) (46 47 -16 ) 
5 25 27 0 (45.974751 47.026173 -8.011453 ) (45.974751 47.026173 -7.998631 ) (36.108368 54.200638 -4.411338 ) (35.021294 54.991238 -4.479533 ) (35.021748 54.991051 -8.010077 ) 
5 25 26 0 (35.021294 54.991238 -4.479533 ) (29.569515 58.956165 -4.821537 ) (26.809275 60.963615 -8 ) (26.809275 60.963615 -16 ) (35.022774 54.990627 -16 ) 
3 26 37 0 (18 62 -16 ) (26.798254 60.964912 -16 ) (35 55 -16 ) 
4 26 28 0 (35 54.998661 -7.997334 ) (27.390873 58.131561 -4.476548 ) (24.336737 59.389145 -4.476548 ) (18 61.998661 -7.997324 ) 
3 26 27 0 (35.006283 54.995804 -8 ) (35.006283 54.995804 -4.476548 ) (27.390873 58.131561 -4.476548 ) 
4 27 29 0 (45.005005 44.992531 -4 ) (44.699886 44.686630 -3.225567 ) (44.686726 44.694878 -3.223626 ) (33.989223 53.004440 -4 ) 
3 27 28 0 (27.392124 58.128906 -4.478786 ) (34.991329 55 -7.994656 ) (33.989223 53.004440 -4 ) 
3 29 31 0 (30.987040 31.009430 0 ) (26.863203 35.821033 0 ) (24.781326 38.250095 -0.312525 ) 
5 29 30 0 (45 45 -4 ) (48.396519 39.926632 -3.569960 ) (35.451206 27.755495 0 ) (31.054295 30.953465 0 ) (31.065786 31.039997 -0.015693 ) 
3 32 110 0 (0 31.254900 0 ) (0 44 0 ) (0 44 -0.815558 ) 
6 32 34 0 (24.010759 36.995571 -1 ) (30.980896 31.022291 -0.801722 ) (37.012016 23.985981 -0.510327 ) (40.956715 14.406004 -0.001242 ) (40.958817 14.385727 0 ) (16.011356 24.656950 0 ) 
4 32 33 0 (0 44 -0.816032 ) (7 44 -1 ) (4.652986 29.333353 0 ) (0 31.249054 0 ) 
4 33 110 0 (0 29.333332 0 ) (0 31.254900 0 ) (0 44 -0.815558 ) (0 44 -1 ) 
5 34 36 0 (35.043156 26.282990 -0.934936 ) (37 24 -0.903374 ) (39.536499 17.839935 -0.695670 ) (29.333326 13.235256 0 ) (23.880585 17.909039 0 ) 
4 34 35 0 (39.536499 17.839935 -0.695670 ) (44 7 -0.330173 ) (44 0.663812 0 ) (29.333326 13.235256 0 ) 
4 35 70 0 (44 0 -1 ) (44 0 -0.815558 ) (31.254902 0 0 ) (29.333334 0 0 ) 
3 35 69 0 (44 0 -0.815558 ) (44 0 0 ) (31.254902 0 0 ) 
4 35 36 0 (29.337242 4.657173 0 ) (29.337242 13.234606 0 ) (39.537338 17.837896 -0.695461 ) (44 7 -1 ) 
4 37 113 0 (0 0 -192 ) (0 0 -16 ) (0 256 -16 ) (0 256 -192 ) 
4 37 75 0 (0 0 -16 ) (0 0 -192 ) (256 0 -192 ) (256 0 -16 ) 
4 38 114 0 (0 -320 448 ) (0 0 448 ) (0 0 2 ) (0 -320 2 ) 
3 38 70 0 (29.333332 0 0 ) (31.254902 0 0 ) (29.333332 -4.666668 0 ) 
7 38 69 0 (31.254902 0 0 ) (44 0 0 ) (44 -7 0 ) (37 -24 0 ) (31 -31 0 ) (29.333332 -32.428574 0 ) (29.333332 -4.666668 0 ) 
3 38 68 0 (37 -24 0 ) (35.818184 -26.870129 0 ) (31 -31 0 ) 
3 38 67 0 (29.333332 -33.291676 0 ) (29.333332 -32.428574 0 ) (31 -31 0 ) 
5 38 66 0 (35.818184 -26.870129 0 ) (33.208336 -33.208328 0 ) (29.333332 -34.803921 0 ) (29.333332 -33.291676 0 ) (31 -31 0 ) 
4 38 61 0 (33.208336 -33.208328 0 ) (29.872728 -41.309093 0 ) (29.333332 -41.372551 0 ) (29.333332 -34.803921 0 ) 
3 38 59 0 (29.872728 -41.309093 0 ) (29.333332 -42.619053 0 ) (29.333332 -41.372551 0 ) 
4 38 55 0 (44 -7 0 ) (39.119999 -48.480000 0 ) (29.333332 -52.509804 0 ) (29.333332 -42.619053 0 ) 
3 38 47 0 (44 0 0 ) (44.823532 0 0 ) (44 -7 0 ) 
4 38 46 0 (39.119999 -48.480000 0 ) (37.764706 -60 0 ) (29.333332 -60 0 ) (29.333332 -52.509804 0 ) 
4 38 45 0 (44.823532 0 0 ) (64 0 0 ) (64 -60 0 ) (37.764706 -60 0 ) 
4 38 44 0 (64 -60 0 ) (64 -64 0 ) (29.333332 -64 0 ) (29.333332 -60 0 ) 
4 38 74 0 (64 -64 0 ) (64 -320 0 ) (29.333328 -320 0 ) (29.333332 -64 0 ) 
4 38 43 0 (64 0 0 ) (256 0 0 ) (256 -320 0 ) (64 -320 0 ) 
4 38 39 0 (29.333633 -4.665934 0 ) (29.333645 -320 0 ) (0 -320 2 ) (0 0 2 ) 
4 39 115 0 (0 0 2 ) (0 -75.904762 0 ) (0 -320 0 ) (0 -320 2 ) 
4 39 69 0 (14.390279 -40.956944 0 ) (29.333332 -4.666668 0 ) (29.333332 -32.428574 0 ) (24 -37 0 ) 
4 39 67 0 (29.333332 -32.428574 0 ) (29.333332 -33.291676 0 ) (27.763369 -35.450378 0 ) (24 -37 0 ) 
3 39 66 0 (29.333332 -33.291676 0 ) (29.333332 -34.803921 0 ) (27.763369 -35.450378 0 ) 
4 39 61 0 (13.449698 -43.241211 0 ) (14.390279 -40.956944 0 ) (29.333332 -34.803921 0 ) (29.333332 -41.372555 0 ) 
5 39 59 0 (13.137258 -44 0 ) (13.449698 -43.241211 0 ) (29.333332 -41.372555 0 ) (29.333332 -42.619045 0 ) (28.764704 -44 0 ) 
5 39 57 0 (6.933336 -59.066666 0 ) (13.137258 -44 0 ) (28.764704 -44 0 ) (24.429163 -54.529171 0 ) (16 -58 0 ) 
3 39 55 0 (29.333332 -42.619045 0 ) (29.333332 -52.509808 0 ) (24.429163 -54.529171 0 ) 
4 39 50 0 (6.549023 -60 0 ) (6.933336 -59.066666 0 ) (16 -58 0 ) (11.142859 -60 0 ) 
3 39 46 0 (29.333332 -52.509808 0 ) (29.333332 -60 0 ) (11.142859 -60 0 ) 
4 39 44 0 (4.901964 -64 0 ) (6.549023 -60 0 ) (29.333332 -60 0 ) (29.333332 -64 0 ) 
5 39 74 0 (0 -320 0 ) (0 -75.904770 0 ) (4.901964 -64 0 ) (29.333332 -64 0 ) (29.333328 -320 0 ) 
3 39 41 0 (0 -0.002339 2 ) (24.675575 -15.989605 0 ) (19.181101 -29.333330 0 ) 
3 39 40 0 (0 -0.002339 2 ) (19.181101 -29.333330 0 ) (0 -75.916008 0 ) 
3 40 115 0 (0 0 2 ) (0 -29.333334 0 ) (0 -75.904762 0 ) 
4 40 72 0 (0 -44 0 ) (0 -29.333334 0 ) (13.238098 -29.333332 0 ) (0.666665 -44 0 ) 
5 40 71 0 (13.238098 -29.333332 0 ) (19.176472 -29.333330 0 ) (14.390279 -40.956944 0 ) (7 -44 0 ) (0.666665 -44 0 ) 
3 40 61 0 (14.390279 -40.956944 0 ) (13.449698 -43.241211 0 ) (7 -44 0 ) 
3 40 59 0 (13.449698 -43.241211 0 ) (13.137256 -44 0 ) (7 -44 0 ) 
4 40 57 0 (0 -59.882355 0 ) (0 -44 0 ) (13.137256 -44 0 ) (6.933334 -59.066666 0 ) 
4 40 50 0 (0 -60 0 ) (0 -59.882355 0 ) (6.933334 -59.066666 0 ) (6.549021 -60 0 ) 
4 40 44 0 (0 -64 0 ) (0 -60 0 ) (6.549021 -60 0 ) (4.901963 -64 0 ) 
3 40 74 0 (0 -75.904770 0 ) (0 -64 0 ) (4.901963 -64 0 ) 
3 40 42 0 (0 0 2 ) (13.234743 -29.337242 0 ) (4.657173 -29.337242 0 ) 
3 40 41 0 (0 0 2 ) (19.178137 -29.337242 0 ) (13.234743 -29.337242 0 ) 
3 41 71 0 (24.666664 -16 0 ) (19.176472 -29.333330 0 ) (13.238098 -29.333332 0 ) 
5 41 42 0 (13.230669 -29.333593 0 ) (0 -0.016692 1.998862 ) (0 0 2 ) (0.017778 0 1.998681 ) (17.902079 -23.883457 0 ) 
3 42 73 0 (17.913422 -23.878786 0 ) (13.238098 -29.333332 0 ) (4.666667 -29.333334 0 ) 
4 43 75 0 (64 0 -16 ) (256 0 -16 ) (256 -320 -16 ) (64 -320 -16 ) 
3 43 53 0 (64 -1 -16 ) (64 -37 -16 ) (64 -1 -8 ) 
4 43 51 0 (64 -37 -16 ) (64 -43.058830 -16 ) (64 -43.058823 -8 ) (64 -1 -8 ) 
4 43 49 0 (64 -43.058823 -8 ) (64 -41.615326 -5.605900 ) (64 0 -4.465753 ) (64 0 -8 ) 
3 43 48 0 (64 -43.058830 -16 ) (64 -47.882359 -16 ) (64 -43.058823 -8 ) 
5 43 46 0 (64 -47.882359 -16 ) (64 -64 -16 ) (64 -64 -8 ) (64 -63.097221 -6.194445 ) (64 -41.615326 -5.605900 ) 
4 43 45 0 (64 -63.097221 -6.194445 ) (64 -60 0 ) (64 0 0 ) (64 0 -4.465753 ) 
3 43 44 0 (64 -64 -8 ) (64 -64 0 ) (64 -60 0 ) 
4 43 74 0 (64 -64 -16 ) (64 -320 -16 ) (64 -320 0 ) (64 -64 0 ) 
3 44 123 0 (0 -62 -4 ) (0 -64 -8 ) (0 -64 -7.777780 ) 
4 44 119 0 (0 -64 0 ) (0 -60 0 ) (0 -62 -4 ) (0 -64 -7.777780 ) 
5 44 50 0 (13.143192 -64 -8 ) (1.001022 -64 -8 ) (0 -61.984852 -3.971387 ) (0 -59.998440 0 ) (11.146655 -59.998440 0 ) 
5 44 46 0 (64 -63.096775 -6.194432 ) (64 -64 -8 ) (13.143192 -64 -8 ) (11.146655 -59.998440 0 ) (37.764889 -59.998440 0 ) 
3 44 45 0 (64 -59.998440 0 ) (64 -63.096775 -6.194432 ) (37.764889 -59.998440 0 ) 
4 44 74 0 (64 -64 -8 ) (64 -64 0 ) (0 -64 0 ) (0 -64 -8 ) 
6 45 55 0 (39.122646 -48.478912 0 ) (44 -7.020108 0 ) (44.029812 -7.008514 -0.006625 ) (60 -16.990278 -4 ) (57.449909 -38.672798 -4 ) (46.927483 -46.325470 -1.758569 ) 
3 45 54 0 (57.449909 -38.672798 -4 ) (56.872406 -43.581554 -4 ) (46.927483 -46.325470 -1.758569 ) 
4 45 51 0 (61.997215 -0.020883 -4 ) (62 -0.019802 -4 ) (62.650639 -41.987274 -5.301276 ) (56.872406 -43.581554 -4 ) 
5 45 49 0 (62 -0.019802 -4 ) (62.050915 0 -4.011314 ) (64 0 -4.465210 ) (64 -41.614971 -5.605312 ) (62.650639 -41.987274 -5.301276 ) 
3 45 47 0 (44 -7.020108 0 ) (44.825871 0 0 ) (62.050915 0 -4.011314 ) 
4 45 46 0 (64 -63.099148 -6.193902 ) (37.767006 -60.002197 0 ) (39.122646 -48.478912 0 ) (64 -41.614971 -5.605312 ) 
3 46 75 0 (64 -47.882359 -16 ) (64 -64 -16 ) (24.857151 -64 -16 ) 
3 46 61 0 (33.682629 -52.323586 -2.669401 ) (34.015247 -52.988155 -3.998893 ) (16.997059 -59.995327 -3.998831 ) 
4 46 59 0 (33.451923 -51.862637 -1.747254 ) (33.682629 -52.323586 -2.669401 ) (16.982384 -60.002075 -4 ) (16.857622 -59.752319 -3.500515 ) 
5 46 57 0 (15.983256 -58.001968 0 ) (24.431541 -54.523396 0 ) (33.404720 -51.768326 -1.558580 ) (33.451923 -51.862637 -1.747254 ) (16.857622 -59.752319 -3.500515 ) 
3 46 56 0 (33.404720 -51.768326 -1.558580 ) (43.855633 -48.559544 -3.373831 ) (35.016262 -54.988178 -8 ) 
4 46 55 0 (24.431541 -54.523396 0 ) (39.120689 -48.475151 0 ) (46.937019 -46.318535 -1.761156 ) (43.855633 -48.559544 -3.373831 ) 
4 46 54 0 (46.937019 -46.318535 -1.761156 ) (56.873280 -43.577007 -4 ) (58.804352 -45.198215 -8.007818 ) (35 -55 -8.008538 ) 
5 46 51 0 (56.873280 -43.577007 -4 ) (62.650883 -41.982899 -5.301764 ) (64 -43.054207 -8 ) (64 -43.058826 -8.007661 ) (58.804352 -45.198215 -8.007818 ) 
4 46 50 0 (13.142918 -64 -8.009200 ) (11.141163 -59.995697 0 ) (15.983256 -58.001968 0 ) (17.983772 -62.006706 -8.009053 ) 
3 46 49 0 (62.650883 -41.982899 -5.301764 ) (64 -41.610661 -5.605744 ) (64 -43.054207 -8 ) 
4 46 48 0 (24.843851 -64 -16 ) (13.142918 -64 -8.009200 ) (64 -43.058826 -8.007661 ) (64 -47.877579 -16 ) 
4 46 74 0 (24.857151 -64 -16 ) (64 -64 -16 ) (64 -64 -8 ) (13.142864 -64 -8 ) 
4 48 75 0 (64 -43.058830 -16 ) (64 -47.882359 -16 ) (24.857151 -64 -16 ) (13.142864 -64 -16 ) 
4 48 54 0 (34.998821 -55 -7.998133 ) (58.798931 -45.200729 -7.998134 ) (58.799980 -45.200184 -16 ) (35 -55 -16 ) 
3 48 53 0 (58.798931 -45.200729 -7.998134 ) (63.250881 -43.367542 -16 ) (58.799980 -45.200184 -16 ) 
4 48 52 0 (13.141214 -64 -16 ) (13.141214 -64 -10.698046 ) (18.004848 -61.998444 -7.998133 ) (17.998022 -62 -16 ) 
4 48 51 0 (58.798931 -45.200729 -7.998134 ) (64 -43.059093 -7.998134 ) (64 -43.059093 -16 ) (63.250881 -43.367542 -16 ) 
4 48 50 0 (13.141214 -64 -10.698046 ) (13.141214 -64 -8.005949 ) (13.151225 -63.997013 -7.998133 ) (18.004848 -61.998444 -7.998133 ) 
3 48 74 0 (13.142863 -64 -16 ) (24.857151 -64 -16 ) (13.142864 -64 -8 ) 
5 49 51 0 (64 -0.996264 -8 ) (64 -43.053249 -8 ) (63.994514 -43.053730 -7.989031 ) (62.650967 -41.987289 -5.301932 ) (62 0 -4 ) 
3 50 59 0 (0 -62 -4 ) (16.880152 -59.748898 -3.499756 ) (17.004866 -59.998970 -4 ) 
4 50 57 0 (0 -62 -4 ) (0 -59.882221 0 ) (16.007450 -58 0 ) (16.880152 -59.748898 -3.499756 ) 
3 50 52 0 (17.974836 -62.002956 -8.001290 ) (13.124878 -64 -10.695712 ) (0.996561 -64 -8 ) 
3 50 74 0 (13.142864 -64 -10.698416 ) (13.142864 -64 -8 ) (1 -64 -8 ) 
3 51 75 0 (64 -37 -16 ) (64 -43.058830 -16 ) (63.250912 -43.367279 -16 ) 
4 51 63 0 (62 -18 -8 ) (60.965187 -26.797663 -8 ) (59.257618 -25.943878 -4.584640 ) (60 -16.997267 -4 ) 
4 51 62 0 (60.965187 -26.797663 -8 ) (60.267014 -32.732559 -8 ) (58.756821 -31.977461 -4.979044 ) (59.257618 -25.943878 -4.584640 ) 
4 51 58 0 (60.267014 -32.732559 -8 ) (59.766399 -36.988075 -8 ) (58.415092 -36.094601 -5.248173 ) (58.756821 -31.977461 -4.979044 ) 
3 51 56 0 (59.766399 -36.988075 -8 ) (58.249355 -38.091381 -5.378699 ) (58.415092 -36.094601 -5.248173 ) 
3 51 55 0 (58.249355 -38.091381 -5.378699 ) (57.451309 -38.671776 -4 ) (60 -16.997267 -4 ) 
4 51 54 0 (59.766399 -36.988075 -8 ) (58.800472 -45.199020 -7.998698 ) (56.873932 -43.581486 -4 ) (57.451309 -38.671776 -4 ) 
5 51 53 0 (63.998775 -1.010401 -8.001301 ) (64 -1.011014 -8.003753 ) (64 -37.005497 -16 ) (63.251942 -43.366131 -16 ) (58.800472 -45.199020 -7.998698 ) 
3 52 75 0 (18 -62 -16 ) (13.142864 -64 -16 ) (1 -64 -16 ) 
4 52 74 0 (1 -64 -16 ) (13.142863 -64 -16 ) (13.142864 -64 -10.698416 ) (1 -64 -8 ) 
4 53 75 0 (64 -1 -16 ) (64 -37 -16 ) (63.250912 -43.367279 -16 ) (58.799999 -45.200008 -16 ) 
4 53 65 0 (62 -18.001575 -8 ) (62 -18.001577 -16 ) (60.964363 -26.799007 -16 ) (60.964363 -26.799006 -12.291430 ) 
4 53 64 0 (60.964363 -26.799007 -16 ) (60.266144 -32.733864 -16 ) (60.266144 -32.733864 -15.186482 ) (60.964363 -26.799006 -12.291430 ) 
4 53 63 0 (60.964363 -26.799004 -8 ) (62 -18.001575 -8 ) (60.266144 -32.733864 -15.186482 ) (60.266144 -32.733860 -13.306465 ) 
3 53 62 0 (60.266144 -32.733856 -8 ) (60.964363 -26.799004 -8 ) (60.266144 -32.733860 -13.306465 ) 
4 53 60 0 (60.266144 -32.733856 -8 ) (60.266144 -32.733864 -16 ) (59.765575 -36.988678 -16 ) (59.765575 -36.988678 -13.005670 ) 
3 53 58 0 (59.765575 -36.988678 -8 ) (60.266144 -32.733856 -8 ) (59.765575 -36.988678 -13.005670 ) 
4 53 54 0 (58.799515 -45.200203 -16 ) (58.799515 -45.200203 -8 ) (59.765575 -36.988678 -8 ) (59.765575 -36.988678 -16 ) 
3 54 75 0 (59.766083 -36.988308 -16 ) (58.799999 -45.200008 -16 ) (35 -55 -16 ) 
5 54 60 0 (59.768127 -36.992500 -13.014169 ) (59.768127 -36.992500 -16 ) (45.980797 -47.019207 -16 ) (45.980789 -47.019215 -8.008102 ) (46.003059 -47.003017 -8.008102 ) 
3 54 58 0 (59.768127 -36.992500 -8.008334 ) (59.768127 -36.992500 -13.014169 ) (46.003059 -47.003017 -8.008102 ) 
5 54 56 0 (59.768127 -36.992500 -8 ) (59.768127 -36.992500 -8.008334 ) (35.015491 -54.993622 -8.007917 ) (43.860203 -48.561390 -3.374891 ) (58.250973 -38.095837 -5.379385 ) 
4 54 55 0 (43.860203 -48.561390 -3.374891 ) (46.939556 -46.321957 -1.761868 ) (57.452805 -38.676296 -4 ) (58.250973 -38.095837 -5.379385 ) 
3 55 68 0 (35.810650 -26.876589 0 ) (36.990829 -24.009352 0 ) (38.244102 -24.790773 -0.312868 ) 
5 55 66 0 (33.203979 -33.209461 0 ) (35.810650 -26.876589 0 ) (38.244099 -24.790775 -0.312867 ) (53 -34 -4 ) (44.693165 -44.694061 -3.223991 ) 
3 55 63 0 (60 -17.001610 -4 ) (59.257301 -25.944281 -4.584607 ) (53 -34 -4 ) 
4 55 62 0 (59.257301 -25.944281 -4.584607 ) (58.756222 -31.978043 -4.979028 ) (44.810291 -44.620659 -3.241270 ) (44.693165 -44.694061 -3.223991 ) 
4 55 61 0 (29.870117 -41.309048 0 ) (33.203979 -33.209461 0 ) (44.693165 -44.694061 -3.223991 ) (37.064713 -49.474731 -2.098628 ) 
4 55 59 0 (28.762619 -44 0 ) (29.870117 -41.309048 0 ) (37.064713 -49.474731 -2.098628 ) (33.989178 -51.402138 -1.644920 ) 
3 55 58 0 (58.756222 -31.978043 -4.979028 ) (58.414314 -36.095158 -5.248159 ) (44.810291 -44.620659 -3.241270 ) 
4 55 57 0 (33.389099 -51.778198 -1.556396 ) (24.428478 -54.529453 0 ) (28.762619 -44 0 ) (33.989178 -51.402138 -1.644920 ) 
4 55 56 0 (58.249237 -38.082943 -5.378099 ) (43.823387 -48.574474 -3.368757 ) (33.389099 -51.778198 -1.556396 ) (58.414314 -36.095158 -5.248159 ) 
3 56 67 0 (45.004326 -44.995831 -4 ) (33.995140 -53.002007 -4 ) (39.929176 -48.392731 -3.569365 ) 
4 56 66 0 (44.722569 -44.669453 -3.221505 ) (44.814289 -44.611984 -3.235037 ) (45.004326 -44.995831 -4 ) (39.929176 -48.392731 -3.569365 ) 
4 56 61 0 (37.084450 -49.455227 -2.094627 ) (44.722569 -44.669453 -3.221505 ) (33.995140 -53.002007 -4 ) (33.660980 -52.339157 -2.672432 ) 
4 56 59 0 (34.007584 -51.383083 -1.640686 ) (37.084450 -49.455227 -2.094627 ) (33.660980 -52.339157 -2.672432 ) (33.429024 -51.879036 -1.750897 ) 
4 56 58 0 (44.814289 -44.611984 -3.235037 ) (58.410759 -36.092918 -5.240972 ) (59.761600 -36.986073 -7.991037 ) (45.995480 -46.997799 -7.991039 ) 
3 56 57 0 (33.377899 -51.777622 -1.547786 ) (34.007584 -51.383083 -1.640686 ) (33.429024 -51.879036 -1.750897 ) 
4 57 125 0 (0 -46.882351 0 ) (0 -44 0 ) (0 -62 -4 ) (0 -61.448051 -2.896104 ) 
3 57 120 0 (0 -60 0 ) (0 -46.882351 0 ) (0 -61.448051 -2.896104 ) 
6 57 59 0 (33.992188 -51.402901 -1.644438 ) (33.447441 -51.869827 -1.748199 ) (16.874819 -59.749634 -3.499268 ) (0 -62 -4 ) (6.971991 -44.003296 0 ) (28.768639 -44.003296 0 ) 
6 58 62 0 (44.976543 -44.988243 -3.953052 ) (44.798691 -44.632534 -3.241637 ) (58.757175 -31.978582 -4.981011 ) (60.265671 -32.730736 -7.997541 ) (60.265190 -32.734810 -8.002336 ) (47 -46 -8 ) 
3 58 60 0 (59.762566 -36.987309 -13.006341 ) (45.997143 -47.002861 -8 ) (60.265190 -32.734810 -8.002336 ) 
6 59 61 0 (37.066494 -49.474545 -2.098856 ) (33.670792 -52.334797 -2.671913 ) (17 -60 -4 ) (7.016342 -44.018356 -0.004989 ) (7.025072 -43.995907 0 ) (29.873167 -41.308022 0 ) 
3 60 75 0 (60.266666 -32.733334 -16 ) (59.766083 -36.988308 -16 ) (46 -47 -16 ) 
5 60 64 0 (47 -46 -8 ) (57 -36 -12 ) (60.266666 -32.733337 -15.186991 ) (60.266666 -32.733337 -16 ) (47 -46 -16 ) 
3 60 63 0 (57 -36 -12 ) (60.266666 -32.733337 -13.306674 ) (60.266666 -32.733337 -15.186991 ) 
3 60 62 0 (47 -46 -8 ) (60.266666 -32.733337 -8 ) (60.266666 -32.733337 -13.306674 ) 
5 61 67 0 (23.974148 -37.022160 0 ) (27.751753 -35.466343 0 ) (39.913643 -48.403111 -3.568044 ) (33.995895 -53 -3.997443 ) (33.955872 -53.016632 -3.997442 ) 
4 61 66 0 (27.751753 -35.466343 0 ) (33.203022 -33.221226 0 ) (44.681904 -44.699020 -3.222053 ) (39.913643 -48.403111 -3.568044 ) 
3 62 66 0 (44.994610 -45.003605 -4 ) (44.689060 -44.696548 -3.223274 ) (53.002670 -33.993515 -4 ) 
3 62 64 0 (57.006557 -35.985630 -12.001060 ) (47.020847 -45.971340 -8.006777 ) (55.006798 -34.990658 -8.004894 ) 
5 62 63 0 (60.268032 -32.724155 -13.305651 ) (57.006557 -35.985630 -12.001060 ) (53.002670 -33.993515 -4 ) (59.257496 -25.940987 -4.584379 ) (60.965595 -26.793350 -8 ) 
3 63 65 0 (62 -18 -8.008483 ) (60.964443 -26.798895 -12.299461 ) (55 -35 -8.008960 ) 
4 63 64 0 (60.266068 -32.733932 -15.194030 ) (56.991795 -36.005665 -12 ) (54.994793 -35.007164 -8.005211 ) (60.964443 -26.798895 -12.299461 ) 
3 64 75 0 (60.964912 -26.798258 -16 ) (60.266666 -32.733334 -16 ) (47 -46 -16 ) 
5 64 65 0 (54.992588 -35.018002 -8.009500 ) (55.005257 -35 -8.009500 ) (60.963818 -26.807566 -12.296757 ) (60.963818 -26.807566 -16 ) (54.992279 -35.018757 -16 ) 
3 65 75 0 (62 -18 -16 ) (60.964912 -26.798258 -16 ) (55 -35 -16 ) 
3 66 68 0 (31.011421 -30.984303 0 ) (35.821663 -26.861677 0 ) (38.249470 -24.780924 -0.312368 ) 
4 66 67 0 (45 -45 -4 ) (39.929092 -48.394630 -3.569821 ) (27.765537 -35.445484 0 ) (30.996902 -31.002256 0 ) 
5 69 71 0 (37.004425 -23.989258 -1 ) (30.970165 -31.025574 -0.799075 ) (24.028467 -36.975601 -0.511727 ) (14.398754 -40.940777 0 ) (24.673462 -15.992063 0 ) 
4 69 70 0 (44 0 -0.815127 ) (44 -7 -1 ) (29.333326 -4.677133 0 ) (31.259525 0 0 ) 
5 71 73 0 (26.266493 -35.057293 -0.935406 ) (24 -37 -0.904072 ) (17.828638 -39.541149 -0.695987 ) (13.221867 -29.333336 0 ) (17.888340 -23.889116 0 ) 
4 71 72 0 (17.828638 -39.541149 -0.695987 ) (7 -44 -0.330871 ) (0.650444 -44 0 ) (13.221867 -29.333336 0 ) 
4 72 146 0 (0 -31.254902 0 ) (0 -29.333334 0 ) (0 -44 -1 ) (0 -44 -0.815558 ) 
3 72 144 0 (0 -44 0 ) (0 -31.254902 0 ) (0 -44 -0.815558 ) 
4 72 73 0 (4.657173 -29.337242 0 ) (13.234606 -29.337242 0 ) (17.837896 -39.537338 -0.695461 ) (7 -44 -1 ) 
4 74 149 0 (0 -320 0 ) (0 -64 0 ) (0 -64 -16 ) (0 -320 -16 ) 
4 74 75 0 (0 -320 -16 ) (0 -64 -16 ) (64 -64 -16 ) (64 -320 -16 ) 
4 75 151 0 (0 -320 -16 ) (0 0 -16 ) (0 0 -192 ) (0 -320 -192 ) 
5 76 114 0 (-256 0 0 ) (-29.333328 0 0 ) (0 0 2 ) (0 0 448 ) (-256 0 448 ) 
3 76 108 0 (-29.333332 0 0 ) (-31.254902 0 0 ) (-29.333332 4.666668 0 ) 
7 76 107 0 (-31.254902 0 0 ) (-44 0 0 ) (-44 7 0 ) (-37 24 0 ) (-31 31 0 ) (-29.333332 32.428574 0 ) (-29.333332 4.666668 0 ) 
3 76 106 0 (-37 24 0 ) (-35.818184 26.870129 0 ) (-31 31 0 ) 
3 76 105 0 (-29.333332 33.291676 0 ) (-29.333332 32.428574 0 ) (-31 31 0 ) 
5 76 104 0 (-35.818184 26.870129 0 ) (-33.208336 33.208328 0 ) (-29.333332 34.803921 0 ) (-29.333332 33.291676 0 ) (-31 31 0 ) 
4 76 99 0 (-33.208336 33.208328 0 ) (-29.872728 41.309093 0 ) (-29.333332 41.372551 0 ) (-29.333332 34.803921 0 ) 
3 76 97 0 (-29.872728 41.309093 0 ) (-29.333332 42.619053 0 ) (-29.333332 41.372551 0 ) 
4 76 93 0 (-44 7 0 ) (-39.119999 48.480000 0 ) (-29.333332 52.509804 0 ) (-29.333332 42.619053 0 ) 
3 76 85 0 (-44 0 0 ) (-44.823532 0 0 ) (-44 7 0 ) 
4 76 84 0 (-39.119999 48.480000 0 ) (-37.764706 60 0 ) (-29.333332 60 0 ) (-29.333332 52.509804 0 ) 
4 76 83 0 (-44.823532 0 0 ) (-64 0 0 ) (-64 60 0 ) (-37.764706 60 0 ) 
4 76 82 0 (-64 60 0 ) (-64 64 0 ) (-29.333332 64 0 ) (-29.333332 60 0 ) 
4 76 112 0 (-64 0 0 ) (-256 0 0 ) (-256 64 0 ) (-64 64 0 ) 
4 76 81 0 (-256 64 0 ) (-256 256 0 ) (-29.333328 256 0 ) (-29.333332 64 0 ) 
4 76 77 0 (-29.337507 4.656528 0 ) (-29.337523 256 0 ) (0 256 2 ) (0 0 2 ) 
4 77 107 0 (-29.333332 4.666669 0 ) (-29.333332 32.428577 0 ) (-24 37 0 ) (-14.390279 40.956944 0 ) 
4 77 105 0 (-29.333332 32.428577 0 ) (-29.333332 33.291672 0 ) (-27.763369 35.450378 0 ) (-24 37 0 ) 
3 77 104 0 (-29.333332 33.291672 0 ) (-29.333332 34.803921 0 ) (-27.763369 35.450378 0 ) 
4 77 99 0 (-29.333332 34.803921 0 ) (-29.333332 41.372551 0 ) (-13.449698 43.241211 0 ) (-14.390279 40.956944 0 ) 
5 77 97 0 (-29.333332 41.372551 0 ) (-29.333332 42.619053 0 ) (-28.764708 44 0 ) (-13.137258 44 0 ) (-13.449698 43.241211 0 ) 
5 77 95 0 (-28.764708 44 0 ) (-24.429169 54.529163 0 ) (-16 58 0 ) (-6.933336 59.066666 0 ) (-13.137258 44 0 ) 
3 77 93 0 (-29.333332 42.619053 0 ) (-29.333332 52.509804 0 ) (-24.429169 54.529163 0 ) 
4 77 88 0 (-16 58 0 ) (-11.142858 60 0 ) (-6.549023 60 0 ) (-6.933336 59.066666 0 ) 
3 77 84 0 (-29.333332 52.509804 0 ) (-29.333332 60 0 ) (-11.142858 60 0 ) 
4 77 82 0 (-29.333332 60 0 ) (-29.333332 64 0 ) (-4.901964 64 0 ) (-6.549023 60 0 ) 
5 77 81 0 (-29.333332 64 0 ) (-29.333328 256 0 ) (0 256 0 ) (0 75.904770 0 ) (-4.901964 64 0 ) 
3 77 79 0 (0 0.003194 2 ) (-24.673103 15.992490 0 ) (-19.179485 29.333332 0 ) 
3 77 78 0 (0 0.003194 2 ) (-19.179485 29.333332 0 ) (0 75.909279 0 ) 
4 78 110 0 (-0.666670 44 0 ) (0 44 0 ) (0 29.333330 0 ) (-13.238100 29.333328 0 ) 
5 78 109 0 (-19.176474 29.333326 0 ) (-14.390279 40.956944 0 ) (-7 44 0 ) (-0.666670 44 0 ) (-13.238100 29.333328 0 ) 
3 78 99 0 (-14.390279 40.956944 0 ) (-13.449698 43.241211 0 ) (-7 44 0 ) 
3 78 97 0 (-13.449698 43.241211 0 ) (-13.137258 44 0 ) (-7 44 0 ) 
4 78 95 0 (-13.137258 44 0 ) (-6.933334 59.066669 0 ) (0 59.882355 0 ) (0 44 0 ) 
4 78 88 0 (-6.933334 59.066669 0 ) (-6.549023 60 0 ) (0 60 0 ) (0 59.882355 0 ) 
4 78 82 0 (-6.549023 60 0 ) (-4.901963 64 0 ) (0 64 0 ) (0 60 0 ) 
3 78 81 0 (-4.901963 64 0 ) (0 75.904770 0 ) (0 64 0 ) 
3 78 80 0 (0 0 2 ) (-13.234745 29.337240 0 ) (-4.657177 29.337240 0 ) 
3 78 79 0 (0 0 2 ) (-19.178135 29.337240 0 ) (-13.234745 29.337240 0 ) 
3 79 109 0 (-24.666666 16 0 ) (-19.176474 29.333326 0 ) (-13.238100 29.333328 0 ) 
5 79 80 0 (-13.230665 29.333946 0 ) (0 0.016692 1.998862 ) (0 0 2 ) (-0.017778 0 1.998681 ) (-17.902349 23.883347 0 ) 
3 80 111 0 (-17.913418 23.878788 0 ) (-13.238100 29.333328 0 ) (-4.666676 29.333330 0 ) 
4 81 113 0 (-256 64 -16 ) (-256 256 -16 ) (0 256 -16 ) (0 64 -16 ) 
4 81 90 0 (-13.142864 64 -16 ) (-1 64 -16 ) (-1 64 -8 ) (-13.142865 64 -10.698416 ) 
3 81 88 0 (-1 64 -8 ) (-13.142865 64 -8 ) (-13.142865 64 -10.698416 ) 
3 81 86 0 (-24.857151 64 -16 ) (-13.142864 64 -16 ) (-13.142865 64 -8 ) 
4 81 84 0 (-64 64 -16 ) (-24.857151 64 -16 ) (-13.142865 64 -8 ) (-64 64 -8 ) 
4 81 82 0 (0 64 -8 ) (0 64 0 ) (-64 64 0 ) (-64 64 -8 ) 
4 81 112 0 (-256 64 0 ) (-256 64 -16 ) (-64 64 -16 ) (-64 64 0 ) 
5 82 88 0 (-13.148308 64 -8.003717 ) (-1.016737 64 -8.003716 ) (0 61.969273 -3.941957 ) (0 59.998440 0 ) (-11.146655 59.998440 0 ) 
5 82 84 0 (-64 63.095406 -6.194395 ) (-64 64 -8.003720 ) (-13.148308 64 -8.003717 ) (-11.146655 59.998440 0 ) (-37.764889 59.998440 0 ) 
3 82 83 0 (-64 59.998440 0 ) (-64 63.095406 -6.194395 ) (-37.764889 59.998440 0 ) 
3 82 112 0 (-64 64 0 ) (-64 64 -8 ) (-64 60 0 ) 
3 83 122 0 (-44.823528 0 0 ) (-64 0 0 ) (-64 0 -4.465753 ) 
6 83 93 0 (-46.927853 46.325203 -1.758379 ) (-39.123848 48.478416 0 ) (-44 7.030979 0 ) (-44.045940 7.013114 -0.010208 ) (-60.001232 16.985161 -4 ) (-57.449730 38.672924 -4 ) 
3 83 92 0 (-56.872261 43.581425 -4 ) (-46.927853 46.325203 -1.758379 ) (-57.449730 38.672924 -4 ) 
4 83 89 0 (-62.650482 41.987144 -5.300962 ) (-56.872261 43.581425 -4 ) (-61.995647 0.032644 -4 ) (-62 0.030952 -4 ) 
5 83 87 0 (-64 0 -4.464905 ) (-64 41.614796 -5.605032 ) (-62.650482 41.987144 -5.300962 ) (-62 0.030952 -4 ) (-62.079590 0 -4.017686 ) 
3 83 85 0 (-44 7.030979 0 ) (-44.827175 0 0 ) (-62.079590 0 -4.017686 ) 
4 83 84 0 (-64 41.614796 -5.605032 ) (-64 63.098774 -6.193633 ) (-37.768143 60.001957 0 ) (-39.123848 48.478416 0 ) 
4 83 112 0 (-64 0 -4.465754 ) (-64 0 0 ) (-64 60 0 ) (-64 63.097221 -6.194445 ) 
3 84 113 0 (-64 47.882359 -16 ) (-64 64 -16 ) (-24.857151 64 -16 ) 
3 84 99 0 (-33.681858 52.324238 -2.669531 ) (-34.014221 52.988953 -3.998968 ) (-16.984461 60.001827 -4 ) 
4 84 97 0 (-33.451317 51.863159 -1.747369 ) (-33.681858 52.324238 -2.669531 ) (-16.984461 60.001827 -4 ) (-16.859577 59.752056 -3.500458 ) 
5 84 95 0 (-15.984469 58.001827 0 ) (-24.431431 54.523666 0 ) (-33.404095 51.768719 -1.558487 ) (-33.451317 51.863159 -1.747369 ) (-16.859577 59.752056 -3.500458 ) 
3 84 94 0 (-33.404095 51.768719 -1.558487 ) (-43.855274 48.559807 -3.373781 ) (-35.014488 54.989468 -8 ) 
4 84 93 0 (-24.431431 54.523666 0 ) (-39.120689 48.475151 0 ) (-46.937019 46.318535 -1.761156 ) (-43.855274 48.559807 -3.373781 ) 
4 84 92 0 (-46.937019 46.318535 -1.761156 ) (-56.873280 43.577007 -4 ) (-58.804245 45.198284 -8.007636 ) (-35 55 -8.007874 ) 
5 84 89 0 (-56.873280 43.577007 -4 ) (-62.650883 41.982899 -5.301764 ) (-64 43.054253 -8 ) (-64 43.058826 -8.007585 ) (-58.804245 45.198284 -8.007636 ) 
4 84 88 0 (-13.143593 64 -8.008092 ) (-11.141596 59.995949 0 ) (-15.984469 58.001827 0 ) (-17.986465 62.005848 -8.008043 ) 
3 84 87 0 (-62.650883 41.982899 -5.301764 ) (-64 41.610661 -5.605744 ) (-64 43.054253 -8 ) 
4 84 86 0 (-13.143593 64 -8.008092 ) (-64 43.058826 -8.007585 ) (-64 47.877781 -16 ) (-24.846027 64 -16 ) 
5 84 112 0 (-64 64 -8 ) (-64 64 -16 ) (-64 47.882362 -16 ) (-64 41.615326 -5.605900 ) (-64 63.097221 -6.194445 ) 
3 85 122 0 (-44 0 0 ) (-44.823528 0 0 ) (-62 0 -4 ) 
4 86 113 0 (-64 43.058830 -16 ) (-64 47.882359 -16 ) (-24.857151 64 -16 ) (-13.142864 64 -16 ) 
4 86 92 0 (-34.998821 55 -7.998133 ) (-58.798931 45.200729 -7.998134 ) (-58.799980 45.200184 -16 ) (-35 55 -16 ) 
3 86 91 0 (-58.798931 45.200729 -7.998134 ) (-63.250881 43.367542 -16 ) (-58.799980 45.200184 -16 ) 
4 86 90 0 (-13.141214 64 -16 ) (-13.141214 64 -10.698046 ) (-18.004848 61.998444 -7.998133 ) (-17.998022 62 -16 ) 
4 86 89 0 (-58.798931 45.200729 -7.998134 ) (-64 43.059093 -7.998134 ) (-64 43.059093 -16 ) (-63.250881 43.367542 -16 ) 
4 86 88 0 (-13.141214 64 -10.698046 ) (-13.141214 64 -8.005949 ) (-13.151225 63.997013 -7.998133 ) (-18.004848 61.998444 -7.998133 ) 
3 86 112 0 (-64 47.882362 -16 ) (-64 43.058823 -16 ) (-64 43.058823 -8 ) 
3 87 129 0 (-62 0 -4 ) (-64 0 -4.465753 ) (-64 0 -8 ) 
5 87 89 0 (-64 0.996264 -8 ) (-64 43.053249 -8 ) (-63.994514 43.053730 -7.989031 ) (-62.650967 41.987289 -5.301932 ) (-62 0 -4 ) 
4 87 112 0 (-64 0 -8 ) (-64 0 -4.465754 ) (-64 41.615326 -5.605900 ) (-64 43.058823 -8 ) 
3 88 97 0 (0 62 -4 ) (-16.880152 59.748898 -3.499756 ) (-17.004866 59.998970 -4 ) 
4 88 95 0 (0 62 -4 ) (0 59.882221 0 ) (-16.007450 58 0 ) (-16.880152 59.748898 -3.499756 ) 
3 88 90 0 (-17.974836 62.002956 -8.001290 ) (-13.124878 64 -10.695712 ) (-0.996561 64 -8 ) 
3 89 113 0 (-64 37 -16 ) (-64 43.058830 -16 ) (-63.250912 43.367279 -16 ) 
4 89 101 0 (-62 18 -8 ) (-60.965187 26.797663 -8 ) (-59.257618 25.943878 -4.584640 ) (-60 16.997267 -4 ) 
4 89 100 0 (-60.965187 26.797663 -8 ) (-60.267014 32.732559 -8 ) (-58.756821 31.977461 -4.979044 ) (-59.257618 25.943878 -4.584640 ) 
4 89 96 0 (-60.267014 32.732559 -8 ) (-59.766399 36.988075 -8 ) (-58.415092 36.094601 -5.248173 ) (-58.756821 31.977461 -4.979044 ) 
3 89 94 0 (-59.766399 36.988075 -8 ) (-58.249355 38.091381 -5.378699 ) (-58.415092 36.094601 -5.248173 ) 
3 89 93 0 (-58.249355 38.091381 -5.378699 ) (-57.451309 38.671776 -4 ) (-60 16.997267 -4 ) 
4 89 92 0 (-59.766399 36.988075 -8 ) (-58.800472 45.199020 -7.998698 ) (-56.873932 43.581486 -4 ) (-57.451309 38.671776 -4 ) 
5 89 91 0 (-63.998775 1.010401 -8.001301 ) (-64 1.011014 -8.003753 ) (-64 37.005497 -16 ) (-63.251942 43.366131 -16 ) (-58.800472 45.199020 -7.998698 ) 
4 89 112 0 (-64 43.058823 -16 ) (-64 37 -16 ) (-64 1 -8 ) (-64 43.058823 -8 ) 
3 90 113 0 (-18 62 -16 ) (-13.142864 64 -16 ) (-1 64 -16 ) 
4 91 113 0 (-64 1 -16 ) (-64 37 -16 ) (-63.250912 43.367279 -16 ) (-58.799999 45.200008 -16 ) 
4 91 103 0 (-62 18.001575 -8 ) (-62 18.001577 -16 ) (-60.964363 26.799007 -16 ) (-60.964363 26.799006 -12.291430 ) 
4 91 102 0 (-60.964363 26.799007 -16 ) (-60.266144 32.733864 -16 ) (-60.266144 32.733864 -15.186482 ) (-60.964363 26.799006 -12.291430 ) 
4 91 101 0 (-60.964363 26.799004 -8 ) (-62 18.001575 -8 ) (-60.266144 32.733864 -15.186482 ) (-60.266144 32.733860 -13.306465 ) 
3 91 100 0 (-60.266144 32.733856 -8 ) (-60.964363 26.799004 -8 ) (-60.266144 32.733860 -13.306465 ) 
4 91 98 0 (-60.266144 32.733856 -8 ) (-60.266144 32.733864 -16 ) (-59.765575 36.988678 -16 ) (-59.765575 36.988678 -13.005670 ) 
3 91 96 0 (-59.765575 36.988678 -8 ) (-60.266144 32.733856 -8 ) (-59.765575 36.988678 -13.005670 ) 
4 91 92 0 (-58.799515 45.200203 -16 ) (-58.799515 45.200203 -8 ) (-59.765575 36.988678 -8 ) (-59.765575 36.988678 -16 ) 
3 91 112 0 (-64 37 -16 ) (-64 1 -16 ) (-64 1 -8 ) 
3 92 113 0 (-59.766083 36.988308 -16 ) (-58.799999 45.200008 -16 ) (-35 55 -16 ) 
5 92 98 0 (-59.768127 36.992500 -13.014169 ) (-59.768127 36.992500 -16 ) (-45.980797 47.019207 -16 ) (-45.980789 47.019215 -8.008102 ) (-46.003059 47.003017 -8.008102 ) 
3 92 96 0 (-59.768127 36.992500 -8.008334 ) (-59.768127 36.992500 -13.014169 ) (-46.003059 47.003017 -8.008102 ) 
5 92 94 0 (-59.768127 36.992500 -8 ) (-59.768127 36.992500 -8.008334 ) (-35.015491 54.993622 -8.007917 ) (-43.860203 48.561390 -3.374891 ) (-58.250973 38.095837 -5.379385 ) 
4 92 93 0 (-43.860203 48.561390 -3.374891 ) (-46.939556 46.321957 -1.761868 ) (-57.452805 38.676296 -4 ) (-58.250973 38.095837 -5.379385 ) 
3 93 106 0 (-38.244102 24.790773 -0.312868 ) (-35.810650 26.876589 0 ) (-36.990829 24.009352 0 ) 
5 93 104 0 (-53 34 -4 ) (-44.693165 44.694061 -3.223991 ) (-33.203979 33.209461 0 ) (-35.810650 26.876589 0 ) (-38.244099 24.790775 -0.312867 ) 
3 93 101 0 (-60 17.001610 -4 ) (-59.257301 25.944281 -4.584607 ) (-53 34 -4 ) 
4 93 100 0 (-59.257301 25.944281 -4.584607 ) (-58.756222 31.978043 -4.979028 ) (-44.810291 44.620659 -3.241270 ) (-44.693165 44.694061 -3.223991 ) 
4 93 99 0 (-44.693165 44.694061 -3.223991 ) (-37.064713 49.474731 -2.098628 ) (-29.870117 41.309048 0 ) (-33.203979 33.209461 0 ) 
4 93 97 0 (-37.064713 49.474731 -2.098628 ) (-33.989178 51.402138 -1.644920 ) (-28.762619 44 0 ) (-29.870117 41.309048 0 ) 
3 93 96 0 (-58.756222 31.978043 -4.979028 ) (-58.414314 36.095158 -5.248159 ) (-44.810291 44.620659 -3.241270 ) 
4 93 95 0 (-33.989178 51.402138 -1.644920 ) (-33.389099 51.778198 -1.556396 ) (-24.428478 54.529453 0 ) (-28.762619 44 0 ) 
4 93 94 0 (-58.414314 36.095158 -5.248159 ) (-58.249237 38.082943 -5.378099 ) (-43.823387 48.574474 -3.368757 ) (-33.389099 51.778198 -1.556396 ) 
3 94 105 0 (-45.004326 44.995831 -4 ) (-33.995140 53.002007 -4 ) (-39.929176 48.392731 -3.569365 ) 
4 94 104 0 (-44.722569 44.669453 -3.221505 ) (-44.814289 44.611984 -3.235037 ) (-45.004326 44.995831 -4 ) (-39.929176 48.392731 -3.569365 ) 
4 94 99 0 (-37.084450 49.455227 -2.094627 ) (-44.722569 44.669453 -3.221505 ) (-33.995140 53.002007 -4 ) (-33.660980 52.339157 -2.672432 ) 
4 94 97 0 (-34.007584 51.383083 -1.640686 ) (-37.084450 49.455227 -2.094627 ) (-33.660980 52.339157 -2.672432 ) (-33.429024 51.879036 -1.750897 ) 
4 94 96 0 (-44.814289 44.611984 -3.235037 ) (-58.410759 36.092918 -5.240972 ) (-59.761600 36.986073 -7.991037 ) (-45.995480 46.997799 -7.991039 ) 
3 94 95 0 (-33.377899 51.777622 -1.547786 ) (-34.007584 51.383083 -1.640686 ) (-33.429024 51.879036 -1.750897 ) 
6 95 97 0 (-6.971991 44.003296 0 ) (-28.768639 44.003296 0 ) (-33.992188 51.402901 -1.644438 ) (-33.447441 51.869827 -1.748199 ) (-16.874819 59.749634 -3.499268 ) (0 62 -4 ) 
6 96 100 0 (-44.976543 44.988243 -3.953052 ) (-44.798691 44.632534 -3.241637 ) (-58.757175 31.978582 -4.981011 ) (-60.265671 32.730736 -7.997541 ) (-60.265190 32.734810 -8.002336 ) (-47 46 -8 ) 
3 96 98 0 (-59.762566 36.987309 -13.006341 ) (-45.997143 47.002861 -8 ) (-60.265190 32.734810 -8.002336 ) 
6 97 99 0 (-37.066494 49.474545 -2.098856 ) (-33.670792 52.334797 -2.671913 ) (-17 60 -4 ) (-7.016342 44.018356 -0.004989 ) (-7.025072 43.995907 0 ) (-29.873167 41.308022 0 ) 
3 98 113 0 (-60.266666 32.733334 -16 ) (-59.766083 36.988308 -16 ) (-46 47 -16 ) 
5 98 102 0 (-47 46 -8 ) (-57 36 -12 ) (-60.266666 32.733337 -15.186991 ) (-60.266666 32.733337 -16 ) (-47 46 -16 ) 
3 98 101 0 (-57 36 -12 ) (-60.266666 32.733337 -13.306674 ) (-60.266666 32.733337 -15.186991 ) 
3 98 100 0 (-47 46 -8 ) (-60.266666 32.733337 -8 ) (-60.266666 32.733337 -13.306674 ) 
5 99 105 0 (-39.913643 48.403111 -3.568044 ) (-33.995895 53 -3.997443 ) (-33.955872 53.016632 -3.997442 ) (-23.974148 37.022160 0 ) (-27.751753 35.466343 0 ) 
4 99 104 0 (-44.681904 44.699020 -3.222053 ) (-39.913643 48.403111 -3.568044 ) (-27.751753 35.466343 0 ) (-33.203022 33.221226 0 ) 
3 100 104 0 (-44.994610 45.003605 -4 ) (-44.689060 44.696548 -3.223274 ) (-53.002670 33.993515 -4 ) 
3 100 102 0 (-57.006557 35.985630 -12.001060 ) (-47.020847 45.971340 -8.006777 ) (-55.006798 34.990658 -8.004894 ) 
5 100 101 0 (-60.268032 32.724155 -13.305651 ) (-57.006557 35.985630 -12.001060 ) (-53.002670 33.993515 -4 ) (-59.257496 25.940987 -4.584379 ) (-60.965595 26.793350 -8 ) 
3 101 103 0 (-62 18 -8.008483 ) (-60.964443 26.798895 -12.299461 ) (-55 35 -8.008960 ) 
4 101 102 0 (-60.266068 32.733932 -15.194030 ) (-56.991795 36.005665 -12 ) (-54.994793 35.007164 -8.005211 ) (-60.964443 26.798895 -12.299461 ) 
3 102 113 0 (-60.964912 26.798258 -16 ) (-60.266666 32.733334 -16 ) (-47 46 -16 ) 
5 102 103 0 (-54.992588 35.018002 -8.009500 ) (-55.005257 35 -8.009500 ) (-60.963818 26.807566 -12.296757 ) (-60.963818 26.807566 -16 ) (-54.992279 35.018757 -16 ) 
3 103 113 0 (-62 18 -16 ) (-60.964912 26.798258 -16 ) (-55 35 -16 ) 
3 104 106 0 (-31.011421 30.984303 0 ) (-35.821663 26.861677 0 ) (-38.249470 24.780924 -0.312368 ) 
4 104 105 0 (-45 45 -4 ) (-39.929092 48.394630 -3.569821 ) (-27.765537 35.445484 0 ) (-30.996902 31.002256 0 ) 
3 107 145 0 (-31.254900 0 0 ) (-44 0 0 ) (-44 0 -0.815558 ) 
5 107 109 0 (-37.004425 23.989258 -1 ) (-30.970165 31.025574 -0.799075 ) (-24.028467 36.975601 -0.511727 ) (-14.398754 40.940777 0 ) (-24.673462 15.992063 0 ) 
4 107 108 0 (-44 0 -0.815127 ) (-44 7 -1 ) (-29.333326 4.677133 0 ) (-31.259525 0 0 ) 
4 108 145 0 (-29.333334 0 0 ) (-31.254900 0 0 ) (-44 0 -0.815558 ) (-44 0 -1 ) 
5 109 111 0 (-26.266493 35.057293 -0.935406 ) (-24 37 -0.904072 ) (-17.828640 39.541149 -0.695987 ) (-13.221868 29.333334 0 ) (-17.888336 23.889118 0 ) 
4 109 110 0 (-17.828640 39.541149 -0.695987 ) (-7 44 -0.330871 ) (-0.650444 44 0 ) (-13.221868 29.333334 0 ) 
4 110 111 0 (-4.657173 29.337242 0 ) (-13.234606 29.337242 0 ) (-17.837896 39.537338 -0.695461 ) (-7 44 -1 ) 
4 112 150 0 (-256 0 -16 ) (-64 0 -16 ) (-64 0 0 ) (-256 0 0 ) 
4 112 113 0 (-64 0 -16 ) (-256 0 -16 ) (-256 64 -16 ) (-64 64 -16 ) 
4 113 151 0 (-256 0 -192 ) (0 0 -192 ) (0 0 -16 ) (-256 0 -16 ) 
4 114 150 0 (-256 0 0 ) (-64 0 0 ) (-64 -320 0 ) (-256 -320 0 ) 
5 114 145 0 (-44 0 0 ) (-29.333328 0 0 ) (-29.333328 -19.176472 0 ) (-40.956940 -14.390280 0 ) (-44 -7 0 ) 
5 114 144 0 (-29.333328 -19.176472 0 ) (-29.333328 -32.428581 0 ) (-31 -31 0 ) (-37 -24 0 ) (-40.956940 -14.390280 0 ) 
3 114 143 0 (-29.333328 -32.428581 0 ) (-29.333328 -32.944450 0 ) (-31 -31 0 ) 
3 114 142 0 (-35.450375 -27.763369 0 ) (-37 -24 0 ) (-31 -31 0 ) 
5 114 141 0 (-29.333328 -32.944450 0 ) (-29.333328 -34.803925 0 ) (-33.208332 -33.208336 0 ) (-35.450375 -27.763369 0 ) (-31 -31 0 ) 
3 114 126 0 (-33.208332 -33.208336 0 ) (-41.309093 -29.872726 0 ) (-44 -7 0 ) 
3 114 124 0 (-41.309093 -29.872726 0 ) (-44 -28.764704 0 ) (-44 -7 0 ) 
4 114 122 0 (-64 0 0 ) (-44 0 0 ) (-44 -28.764704 0 ) (-64 -20.529409 0 ) 
4 114 120 0 (-29.333328 -34.803925 0 ) (-29.333328 -56.431374 0 ) (-64 -52.352943 0 ) (-64 -20.529409 0 ) 
4 114 119 0 (-29.333328 -56.431374 0 ) (-29.333328 -64 0 ) (-64 -64 0 ) (-64 -52.352943 0 ) 
4 114 149 0 (-29.333328 -64 0 ) (-29.333332 -320 0 ) (-64 -320 0 ) (-64 -64 0 ) 
3 114 116 0 (-29.333893 -29.333324 0 ) (-29.333893 -4.665304 0 ) (0 0 2 ) 
4 114 115 0 (0 -320 2 ) (-29.333883 -320 0 ) (-29.333893 -29.333324 0 ) (0 0 2 ) 
3 115 146 0 (0 -29.333332 0 ) (0 -31.254902 0 ) (-4.666672 -29.333330 0 ) 
7 115 144 0 (0 -31.254902 0 ) (0 -44 0 ) (-7 -44 0 ) (-24 -37 0 ) (-29.333328 -32.428581 0 ) (-29.333328 -29.333324 0 ) (-4.666672 -29.333330 0 ) 
4 115 143 0 (-24 -37 0 ) (-26.870132 -35.818180 0 ) (-29.333328 -32.944450 0 ) (-29.333328 -32.428581 0 ) 
3 115 141 0 (-26.870132 -35.818180 0 ) (-29.333328 -34.803921 0 ) (-29.333328 -32.944450 0 ) 
3 115 125 0 (0 -44 0 ) (0 -46.882351 0 ) (-7 -44 0 ) 
4 115 120 0 (0 -46.882351 0 ) (0 -59.882351 0 ) (-29.333328 -56.431374 0 ) (-29.333328 -34.803921 0 ) 
4 115 119 0 (0 -59.882351 0 ) (0 -64 0 ) (-29.333328 -64 0 ) (-29.333328 -56.431374 0 ) 
4 115 149 0 (0 -64 0 ) (0 -320 0 ) (-29.333332 -320 0 ) (-29.333328 -64 0 ) 
3 115 117 0 (-4.657196 -29.337233 0 ) (-19.174864 -29.337233 0 ) (0 0 2 ) 
3 115 116 0 (-19.174864 -29.337233 0 ) (-29.337490 -29.337233 0 ) (0 0 2 ) 
3 116 147 0 (-29.333328 -19.176472 0 ) (-29.333328 -4.666678 0 ) (-22.138889 -22.138887 0 ) 
4 116 144 0 (-19.176474 -29.333326 0 ) (-29.333328 -29.333324 0 ) (-29.333328 -19.176472 0 ) (-22.138889 -22.138887 0 ) 
3 116 118 0 (-0.003363 0 2 ) (-22.139492 -22.138639 0 ) (-24.667570 -15.998945 0 ) 
3 116 117 0 (-0.003363 0 2 ) (-19.178080 -29.330727 0 ) (-22.139492 -22.138639 0 ) 
3 117 144 0 (-4.666672 -29.333330 0 ) (-19.176474 -29.333326 0 ) (-22.138889 -22.138887 0 ) 
4 117 118 0 (-22.141642 -22.133745 0 ) (-0.007813 0 2 ) (0 0 2 ) (-17.918550 -23.872801 0 ) 
4 118 148 0 (-17.913422 -23.878786 0 ) (-22.138889 -22.138887 0 ) (-23.878786 -17.913420 0 ) (-20.666664 -20.666670 0 ) 
3 119 151 0 (-37 -64 -16 ) (-64 -64 -16 ) (-64 -60.823532 -16 ) 
4 119 150 0 (-64 -60.823532 -16 ) (-64 -64 -16 ) (-64 -64 0 ) (-64 -52.352943 0 ) 
5 119 130 0 (-17.984840 -62.001781 -7.992597 ) (-18 -62 -7.992597 ) (-24.324242 -59.395905 -4.479533 ) (-17.002466 -60.003948 -4 ) (-16.987612 -60.005695 -4 ) 
4 119 128 0 (-18 -62 -7.992597 ) (-63.770580 -56.615223 -7.993058 ) (-56.706669 -56.706673 -6.596025 ) (-24.324242 -59.395905 -4.479533 ) 
3 119 127 0 (-17.002466 -60.003948 -4 ) (-11.698414 -60.444427 -3.654318 ) (-0.032250 -62 -4 ) 
4 119 126 0 (-63.770580 -56.615223 -7.993058 ) (-64 -56.588234 -7.993060 ) (-64 -56.100990 -7.072712 ) (-56.706669 -56.706673 -6.596025 ) 
4 119 125 0 (-11.698414 -60.444427 -3.654318 ) (0 -61.415936 -2.889719 ) (0 -61.935616 -3.871234 ) (-0.032250 -62 -4 ) 
4 119 123 0 (0 -64 -7.770230 ) (-1 -64 -7.992425 ) (-1.032182 -63.996212 -7.992425 ) (0 -61.935616 -3.871234 ) 
4 119 121 0 (-1 -64 -7.992425 ) (-37.038250 -64 -16 ) (-64 -60.827202 -16 ) (-64 -56.588234 -7.993060 ) 
4 119 120 0 (-64 -56.100990 -7.072712 ) (-64 -52.356613 0 ) (0 -59.885925 0 ) (0 -61.415936 -2.889719 ) 
5 119 149 0 (-64 -64 0 ) (-64 -64 -16 ) (-37 -64 -16 ) (0 -64 -7.777776 ) (0 -64 0 ) 
3 120 150 0 (-64 -56.096889 -7.071897 ) (-64 -52.352943 0 ) (-64 -20.529409 0 ) 
3 120 143 0 (-26.871159 -35.816982 0 ) (-24.001745 -36.998508 0 ) (-24.784691 -38.251194 -0.313174 ) 
5 120 141 0 (-44.694500 -44.693146 -3.224077 ) (-33.208721 -33.207390 0 ) (-26.871159 -35.816982 0 ) (-24.784689 -38.251198 -0.313174 ) (-34 -53 -4 ) 
3 120 132 0 (-47.459373 -47.458012 -4 ) (-44.694500 -44.693146 -3.224077 ) (-34 -53 -4 ) 
5 120 130 0 (-17 -60.004829 -4.001126 ) (-24.322145 -59.396767 -4.479695 ) (-49.167633 -49.166267 -4.479692 ) (-47.459373 -47.458012 -4 ) (-16.997688 -60.001064 -4 ) 
3 120 128 0 (-24.322145 -59.396767 -4.479695 ) (-56.708614 -56.707233 -6.596457 ) (-49.167633 -49.166267 -4.479692 ) 
3 120 127 0 (-11.696669 -60.445248 -3.654500 ) (-17 -60.004829 -4.001126 ) (-6.998175 -44 0 ) 
5 120 126 0 (-56.708614 -56.707233 -6.596457 ) (-64 -56.101719 -7.073019 ) (-64 -49.858868 -5.831750 ) (-41.309189 -29.871895 0 ) (-33.208721 -33.207390 0 ) 
4 120 125 0 (0 -61.416599 -2.890012 ) (-11.696669 -60.445248 -3.654500 ) (-6.998175 -44 0 ) (0 -46.881607 0 ) 
4 120 124 0 (-64 -49.858868 -5.831750 ) (-64 -42.881538 -4.444444 ) (-44 -28.763912 0 ) (-41.309189 -29.871895 0 ) 
3 120 122 0 (-64 -42.881538 -4.444444 ) (-64 -20.528597 0 ) (-44 -28.763912 0 ) 
4 121 151 0 (-1 -64 -16 ) (-37 -64 -16 ) (-64 -60.823532 -16 ) (-64 -56.588234 -16 ) 
3 121 150 0 (-64 -56.588234 -16 ) (-64 -60.823532 -16 ) (-64 -56.588234 -8 ) 
4 121 128 0 (-64 -56.587776 -16 ) (-64 -56.587776 -7.998412 ) (-18.001572 -62 -7.998412 ) (-18.001570 -62 -16 ) 
3 121 149 0 (-37 -64 -16 ) (-1 -64 -16 ) (-1 -64 -8 ) 
4 122 150 0 (-64 -42.882347 -4.444444 ) (-64 -20.529409 0 ) (-64 0 0 ) (-64 0 -4.444444 ) 
5 122 124 0 (-44.016632 -28.769091 0 ) (-64 -42.876629 -4.442064 ) (-64 0 -4.442064 ) (-61.762779 0 -3.944757 ) (-44.016628 -6.858650 0 ) 
3 123 149 0 (0 -64 -8 ) (0 -64 -7.777776 ) (-1 -64 -8 ) 
4 124 150 0 (-64 -49.859810 -5.831776 ) (-64 -42.882347 -4.444444 ) (-64 0 -4.444444 ) (-64 0 -4.465753 ) 
5 124 137 0 (-62 -0.013989 -4 ) (-61.998051 -0.014753 -4 ) (-60 -16.993900 -4 ) (-60.002106 -16.994900 -4 ) (-62.189533 -12.237625 -4.379063 ) 
4 124 133 0 (-60.002106 -16.994900 -4 ) (-61.920242 -18.193712 -4.479534 ) (-62.268753 -17.347334 -4.537505 ) (-62.189533 -12.237625 -4.379063 ) 
3 124 131 0 (-61.920242 -18.193712 -4.479534 ) (-62.285412 -18.421938 -4.570826 ) (-62.268753 -17.347334 -4.537505 ) 
5 124 129 0 (-62.035992 0 -4.008028 ) (-62 -0.013989 -4 ) (-62.285412 -18.421938 -4.570826 ) (-64 -19.493534 -5 ) (-64 0 -4.465398 ) 
5 124 126 0 (-44.018883 -7.005580 -0.004212 ) (-44 -7.012949 0 ) (-41.310196 -29.875465 0 ) (-64 -49.858646 -5.831398 ) (-64 -19.493534 -5 ) 
4 125 127 0 (0 -61.991425 -3.997443 ) (-0.061381 -61.991425 -3.997443 ) (-11.696403 -60.440086 -3.652701 ) (-6.998341 -44.002930 0 ) 
5 126 150 0 (-64 -56.588234 -8.036465 ) (-64 -56.588234 -8 ) (-64 -56.096889 -7.071897 ) (-64 -49.859810 -5.831776 ) (-64 -19.499981 -5 ) 
4 126 142 0 (-37.009003 -23.989500 0 ) (-35.457142 -27.758446 0 ) (-48.398327 -39.923306 -3.569066 ) (-53 -34 -3.998972 ) 
4 126 141 0 (-35.457142 -27.758446 0 ) (-33.213543 -33.207390 0 ) (-44.696327 -44.689278 -3.223173 ) (-48.398327 -39.923306 -3.569066 ) 
5 126 139 0 (-44.696327 -44.689278 -3.223173 ) (-44.697578 -44.690529 -3.223525 ) (-44.810005 -44.620071 -3.240111 ) (-50.899483 -39.099735 -3.998954 ) (-53 -34 -3.998972 ) 
3 126 136 0 (-44.810005 -44.620071 -3.240111 ) (-49.953716 -41.396580 -3.998946 ) (-50.899483 -39.099735 -3.998954 ) 
4 126 133 0 (-61.915565 -18.205067 -4.478683 ) (-59.996979 -17.005932 -4 ) (-49.953716 -41.396580 -3.998946 ) (-53.205139 -39.358955 -4.478618 ) 
4 126 132 0 (-44.697578 -44.690529 -3.223525 ) (-47.463432 -47.456169 -4 ) (-50.219425 -46.609982 -4.478595 ) (-53.205139 -39.358955 -4.478618 ) 
4 126 131 0 (-62.285595 -18.436338 -4.571191 ) (-61.915565 -18.205067 -4.478683 ) (-50.219425 -46.609982 -4.478595 ) (-63.382484 -42.568451 -6.764970 ) 
4 126 130 0 (-47.463432 -47.456169 -4 ) (-49.171909 -49.164513 -4.479453 ) (-63.415710 -43.299416 -6.831420 ) (-63.382484 -42.568451 -6.764970 ) 
4 126 129 0 (-64 -19.507858 -5 ) (-62.285595 -18.436338 -4.571191 ) (-63.415710 -43.299416 -6.831420 ) (-64 -43.058826 -6.927900 ) 
5 126 128 0 (-49.171909 -49.164513 -4.479453 ) (-56.710243 -56.702259 -6.595435 ) (-63.812088 -56.610340 -8 ) (-64 -56.588234 -8.035544 ) (-64 -43.058826 -6.927900 ) 
3 128 151 0 (-18 -62 -16 ) (-64 -56.588234 -16 ) (-64 -43.058826 -16 ) 
4 128 150 0 (-64 -43.058826 -16 ) (-64 -56.588234 -16 ) (-64 -56.588234 -8.036465 ) (-64 -43.058826 -6.928794 ) 
4 128 134 0 (-35 -54.998383 -7.998314 ) (-35.004295 -54.996880 -16 ) (-49.167229 -49.165302 -16 ) (-49.167229 -49.165302 -14.554154 ) 
3 128 132 0 (-49.167233 -49.165302 -8 ) (-35 -54.998383 -7.998314 ) (-49.167229 -49.165302 -14.554154 ) 
4 128 131 0 (-64 -43.057922 -16 ) (-64 -43.057922 -8 ) (-49.167233 -49.165302 -8 ) (-49.167229 -49.165302 -16 ) 
5 128 130 0 (-64 -43.057922 -8 ) (-63.416828 -43.298035 -6.833661 ) (-49.157413 -49.169136 -4.479266 ) (-24.332108 -59.391106 -4.479223 ) (-18 -61.998657 -7.997325 ) 
3 128 129 0 (-64 -43.057922 -8 ) (-64 -43.057922 -6.929949 ) (-63.416828 -43.298035 -6.833661 ) 
5 129 150 0 (-64 -43.058826 -8 ) (-64 -43.058826 -6.928794 ) (-64 -19.499981 -5 ) (-64 0 -4.465753 ) (-64 0 -8 ) 
4 129 137 0 (-64 -1 -8 ) (-62 0 -4 ) (-62.189919 -12.237815 -4.379836 ) (-62.650791 -12.468253 -5.301581 ) 
3 129 135 0 (-64 -13.142862 -8 ) (-64 -1 -8 ) (-62.650791 -12.468253 -5.301581 ) 
3 129 133 0 (-64 -13.142862 -8 ) (-62.189919 -12.237815 -4.379836 ) (-62.269135 -17.346392 -4.538265 ) 
5 129 131 0 (-64 -43.058819 -8 ) (-64 -13.142862 -8 ) (-62.269135 -17.346392 -4.538265 ) (-62.285805 -18.421473 -4.571606 ) (-63.383015 -42.568863 -6.766026 ) 
4 129 130 0 (-63.416264 -43.300564 -6.832520 ) (-64 -43.060204 -8 ) (-64 -43.058819 -8 ) (-63.383015 -42.568863 -6.766026 ) 
5 130 132 0 (-35.015923 -54.995296 -8.010084 ) (-49.165871 -49.168613 -8.010085 ) (-50.221378 -46.605228 -4.479533 ) (-47.454735 -47.454739 -3.998991 ) (-34.013222 -52.989735 -4 ) 
5 130 131 0 (-49.165871 -49.168613 -8.010085 ) (-64 -43.060196 -8.010087 ) (-64 -43.054108 -8 ) (-63.382786 -42.563965 -6.765557 ) (-50.221378 -46.605228 -4.479533 ) 
3 131 151 0 (-49.166672 -49.166668 -16 ) (-64 -43.058826 -16 ) (-64 -13.142864 -16 ) 
4 131 150 0 (-64 -13.142864 -16 ) (-64 -43.058826 -16 ) (-64 -43.058826 -8 ) (-64 -13.142864 -8 ) 
4 131 140 0 (-52.894161 -40.105843 -16 ) (-54.991802 -35.011276 -16 ) (-54.991039 -35.012325 -8 ) (-52.893677 -40.106331 -10.357482 ) 
4 131 139 0 (-54.996777 -34.998394 -7.993558 ) (-52.896820 -40.098408 -7.993640 ) (-52.893475 -40.106533 -8 ) (-52.893677 -40.106331 -10.357482 ) 
4 131 138 0 (-51.789082 -42.789764 -16 ) (-52.894161 -40.105843 -16 ) (-52.893475 -40.106533 -8 ) (-51.788616 -42.790100 -10.104966 ) 
4 131 136 0 (-52.896820 -40.098408 -7.993640 ) (-51.790985 -42.784069 -7.993684 ) (-51.788452 -42.790222 -8 ) (-51.788616 -42.790100 -10.104966 ) 
5 131 135 0 (-62.001583 -17.986540 -16 ) (-64 -13.132965 -16 ) (-64 -13.132965 -8.013200 ) (-63.989998 -13.157211 -7.993206 ) (-62.001614 -17.986256 -7.993284 ) 
4 131 134 0 (-49.162792 -49.168266 -14.553767 ) (-49.162792 -49.168266 -16 ) (-51.789082 -42.789764 -16 ) (-51.788452 -42.790222 -8 ) 
5 131 133 0 (-63.989998 -13.157211 -7.993206 ) (-62.260212 -17.349638 -4.536051 ) (-61.901115 -18.223658 -4.476250 ) (-53.199402 -39.362862 -4.478219 ) (-51.790985 -42.784069 -7.993684 ) 
4 131 132 0 (-50.215687 -46.611240 -4.478894 ) (-49.162792 -49.168266 -8 ) (-49.162792 -49.168266 -14.553767 ) (-53.199402 -39.362862 -4.478219 ) 
4 132 141 0 (-33.996319 -53.004086 -4 ) (-44.996155 -45.003994 -4 ) (-44.806271 -44.624222 -3.240658 ) (-44.694355 -44.694359 -3.224148 ) 
4 132 136 0 (-45.995781 -47.003254 -7.998714 ) (-51.792744 -42.787373 -7.998850 ) (-49.953579 -41.398460 -4 ) (-44.806271 -44.624222 -3.240658 ) 
3 132 134 0 (-35 -55 -7.998457 ) (-49.165836 -49.167011 -14.553615 ) (-51.792744 -42.787373 -7.998850 ) 
3 132 133 0 (-51.792744 -42.787373 -7.998850 ) (-53.203213 -39.361950 -4.479397 ) (-49.953579 -41.398460 -4 ) 
4 133 139 0 (-52.896259 -40.111301 -8.010087 ) (-54.993122 -35.018921 -8.010087 ) (-52.987873 -34.015617 -3.998868 ) (-50.890965 -39.108189 -3.998874 ) 
4 133 137 0 (-62.002068 -17.982420 -8 ) (-62.652176 -12.456499 -5.304401 ) (-62.189503 -12.225200 -4.379067 ) (-60.002041 -16.982624 -4 ) 
4 133 136 0 (-49.946445 -41.402054 -3.998877 ) (-51.791153 -42.795132 -8.010087 ) (-52.896259 -40.111301 -8.010087 ) (-50.890965 -39.108189 -3.998874 ) 
4 133 135 0 (-62 -18.003105 -8.010085 ) (-64 -13.145067 -8.010085 ) (-64 -13.130299 -8 ) (-62.652176 -12.456499 -5.304401 ) 
3 134 151 0 (-35 -55 -16 ) (-49.166672 -49.166668 -16 ) (-51.793900 -42.786259 -16 ) 
5 134 138 0 (-51.790562 -42.794365 -16 ) (-51.790562 -42.794365 -10.113241 ) (-45.996975 -47.007885 -8.006484 ) (-45.979172 -47.020832 -8.006484 ) (-45.979168 -47.020836 -16 ) 
3 134 136 0 (-51.790562 -42.794365 -10.113241 ) (-51.790562 -42.794365 -8.006484 ) (-45.996975 -47.007885 -8.006484 ) 
3 135 151 0 (-62 -18 -16 ) (-64 -13.142864 -16 ) (-64 -1 -16 ) 
4 135 150 0 (-64 -1 -16 ) (-64 -13.142864 -16 ) (-64 -13.142864 -8 ) (-64 -1 -8 ) 
4 135 137 0 (-64 -1.008333 -8.003094 ) (-62.650047 -12.475099 -5.304832 ) (-62 -17.993921 -7.994369 ) (-62 -17.993921 -8 ) 
5 136 139 0 (-52.895130 -40.104877 -7.993501 ) (-50.898499 -39.106560 -4 ) (-44.827942 -44.612354 -3.243994 ) (-45.053532 -45.063744 -4.146506 ) (-46.975346 -46.024658 -7.990140 ) 
5 136 138 0 (-46.017639 -46.992851 -8.003575 ) (-51.791412 -42.792282 -10.103860 ) (-52.897503 -40.106064 -7.998249 ) (-52.895130 -40.104877 -7.993501 ) (-46.014145 -46.985859 -7.989594 ) 
3 138 151 0 (-46 -47 -16 ) (-51.793900 -42.786259 -16 ) (-52.900009 -40.099991 -16 ) 
4 138 140 0 (-52.900005 -40.099995 -16 ) (-52.900005 -40.099995 -10.360001 ) (-47 -46 -8 ) (-47 -46 -16 ) 
4 138 139 0 (-52.900005 -40.099995 -10.360001 ) (-52.900005 -40.099995 -8 ) (-52.891994 -40.108006 -7.992188 ) (-46.980476 -46.019524 -7.992189 ) 
4 139 142 0 (-45.015202 -44.984169 -4 ) (-45.015991 -44.984562 -4 ) (-52.996922 -34.007473 -4 ) (-48.396023 -39.932278 -3.570274 ) 
4 139 141 0 (-44.972881 -44.963001 -3.914513 ) (-45.015202 -44.984169 -4 ) (-48.396023 -39.932278 -3.570274 ) (-44.700745 -44.690872 -3.225132 ) 
5 139 140 0 (-47.012245 -45.983170 -7.996095 ) (-47.015301 -45.984699 -8.002214 ) (-52.900002 -40.099998 -10.356358 ) (-54.996922 -35.007473 -8 ) (-54.995193 -35.006607 -7.996541 ) 
3 140 151 0 (-47 -46 -16 ) (-52.900009 -40.099991 -16 ) (-55 -35 -16 ) 
3 141 143 0 (-30.994017 -31.004353 0 ) (-26.866653 -35.819611 0 ) (-24.782200 -38.251472 -0.312871 ) 
5 141 142 0 (-45.009499 -44.990032 -4 ) (-48.394989 -39.932377 -3.570076 ) (-35.451946 -27.759550 0 ) (-31.004478 -30.993845 0 ) (-45 -45 -4 ) 
5 144 148 0 (-24.010759 -36.995571 -1 ) (-30.980896 -31.022291 -0.801722 ) (-31.003645 -30.995750 -0.800623 ) (-22.142099 -22.133307 0 ) (-16.013248 -24.656794 0 ) 
4 144 147 0 (-31.003645 -30.995750 -0.800623 ) (-36.898537 -24.118374 -0.515809 ) (-29.333860 -19.172176 0 ) (-22.142099 -22.133307 0 ) 
4 144 146 0 (0 -44 -0.816067 ) (-7 -44 -1 ) (-4.651229 -29.334982 0 ) (0 -31.250074 0 ) 
5 144 145 0 (-36.898537 -24.118374 -0.515809 ) (-37.012016 -23.985981 -0.510327 ) (-40.956715 -14.406004 -0.001242 ) (-40.958817 -14.385727 0 ) (-29.333860 -19.172176 0 ) 
5 145 147 0 (-29.351334 -19.191132 0 ) (-36.898518 -24.122953 -0.514920 ) (-37 -23.998907 -0.521992 ) (-44 -7.001188 -1 ) (-29.351332 -4.622953 0 ) 
4 147 148 0 (-23.879511 -17.912800 0 ) (-22.140226 -22.136938 0 ) (-31.001778 -30.998486 -0.800541 ) (-35.040829 -26.285883 -0.934835 ) 
4 149 151 0 (0 -64 -16 ) (0 -320 -16 ) (-64 -320 -16 ) (-64 -64 -16 ) 
4 149 150 0 (-64 -64 -16 ) (-64 -320 -16 ) (-64 -320 0 ) (-64 -64 0 ) 
4 150 151 0 (-256 0 -16 ) (-64 0 -16 ) (-64 -320 -16 ) (-256 -320 -16 ) 
3 0 (0 29.333637 0 ) (4.665925 29.333637 0 ) (0 0 2 ) 
4 0 (0 256 448 ) (256 256 448 ) (256 256 0 ) (0 256 0 ) 
4 0 (256 256 448 ) (0 256 448 ) (0 0 448 ) (256 0 448 ) 
5 0 (256 256 448 ) (256 0 448 ) (256 0 2 ) (256 29.333328 0 ) (256 256 0 ) 
4 1 (0 0.122801 1.991192 ) (4.646080 29.327383 0 ) (16.032379 24.638914 0 ) (0 0 2 ) 
3 1 (256 0 2 ) (256 0 0 ) (256 29.333328 0 ) 
3 2 (0.001358 0 2 ) (29.337240 4.657177 0 ) (29.337240 0 0 ) 
3 3 (0.023500 0.010884 1.998398 ) (16.010675 24.657795 0 ) (23.878727 17.913565 0 ) 
3 4 (29.329346 4.666158 0 ) (0 0 2 ) (23.875532 17.910955 0 ) 
4 5 (0 64 -16 ) (1 64 -16 ) (1 64 -8 ) (0 64 -8 ) 
4 5 (256 256 0 ) (256 64 0 ) (256 64 -16 ) (256 256 -16 ) 
4 5 (0 256 0 ) (256 256 0 ) (256 256 -16 ) (0 256 -16 ) 
4 6 (64 1 -16 ) (64 0 -16 ) (64 0 -8 ) (64 1 -8 ) 
4 6 (256 64 0 ) (256 0 0 ) (256 0 -16 ) (256 64 -16 ) 
3 7 (64 1 -8 ) (64 0 -8 ) (61.984890 0 -3.971462 ) 
6 8 (7.009053 43.996273 0 ) (6.977360 44 0 ) (0 61.941143 -3.986922 ) (0 62 -4 ) (4.924898 61.420956 -4 ) (12.428228 52.667068 -2.167693 ) 
3 8 (4.924898 61.420956 -4 ) (17.010687 60 -4 ) (12.428228 52.667068 -2.167693 ) 
5 9 (62 17.995251 -7.998081 ) (54.998547 35 -7.997803 ) (54.996590 35.004692 -8 ) (54.996590 35.004696 -16 ) (62 17.995251 -16 ) 
3 10 (0 61.870361 -3.970566 ) (6.948481 44.002819 0 ) (0 44.002819 0 ) 
6 11 (54.990376 35.021500 -8.008817 ) (62 17.997374 -8.008815 ) (62.002438 17.979294 -8 ) (60.002399 16.979620 -4 ) (59.994591 16.996603 -3.998647 ) (52.985508 34.018661 -3.998646 ) 
3 12 (0 64 -8 ) (1 64 -8 ) (0 62 -4 ) 
4 13 (64 1.008332 -16 ) (64 1.008333 -8.001851 ) (62 18 -8 ) (62 18 -16 ) 
4 14 (2.906979 63.775196 -7.998938 ) (0.996135 64 -7.998927 ) (0.996135 64 -16 ) (2.906978 63.775196 -16 ) 
4 14 (18.001560 62 -8 ) (2.906979 63.775196 -7.998938 ) (2.906978 63.775196 -16 ) (18.001566 62 -16 ) 
4 15 (60 16.998781 -4 ) (62 17.998894 -8 ) (64 1.002973 -8 ) (62 0.002810 -4 ) 
5 16 (0.984277 63.997543 -7.993279 ) (2.910647 63.770912 -7.993279 ) (4.925852 61.419838 -4 ) (0 62 -4 ) (0 62.028709 -4.055644 ) 
4 16 (2.910647 63.770912 -7.993279 ) (18 61.995621 -7.993278 ) (17.003490 59.998894 -4 ) (4.925852 61.419838 -4 ) 
4 17 (47.014313 45.980324 -7.992851 ) (54.990200 35.013481 -7.992953 ) (52.993717 34.015263 -4 ) (45.018372 44.982311 -4 ) 
4 18 (7.019360 43.998173 0 ) (7.020502 44 0 ) (15.833332 44 -0.721990 ) (23.985802 37.012173 0 ) 
4 18 (15.833332 44 -0.721990 ) (19.857141 44 -1.051431 ) (24.770651 38.267574 -0.313881 ) (23.985802 37.012173 0 ) 
3 18 (7.020502 44 0 ) (12.433201 52.661266 -2.165814 ) (19.857141 44 -1.051431 ) 
4 18 (12.433201 52.661266 -2.165814 ) (17.015078 59.993069 -3.998799 ) (33.975647 53.009182 -3.998588 ) (22.976938 40.360237 -0.583129 ) 
3 18 (33.975647 53.009182 -3.998588 ) (24.770651 38.267574 -0.313881 ) (22.976938 40.360237 -0.583129 ) 
4 19 (54.996300 35.009003 -16 ) (54.996300 35.009003 -8.006851 ) (47.006954 45.993053 -8.006851 ) (47.006954 45.993053 -16 ) 
4 20 (44.009521 0 0 ) (44.009521 6.919071 0 ) (55.445076 2.480745 -2.541476 ) (57.571720 0 -3.014109 ) 
3 20 (55.445076 2.480745 -2.541476 ) (61.837982 0 -3.962257 ) (57.571720 0 -3.014109 ) 
4 21 (47.002708 45.997292 -16 ) (47.002708 45.997292 -8 ) (46 47 -8 ) (46 47 -16 ) 
3 22 (55.335102 2.609050 -2.520000 ) (43.995098 7.019049 0 ) (48.921692 10.091359 -1.231378 ) 
4 22 (61.998276 0.017817 -4 ) (55.335102 2.609050 -2.520000 ) (48.921692 10.091359 -1.231378 ) (60 17 -4 ) 
4 23 (46 47 -8.002067 ) (46.997593 46.002407 -8.002067 ) (47.003643 45.994087 -8 ) (44.988663 44.988651 -3.971261 ) 
3 24 (44 7.014093 0 ) (37.011620 23.986446 0 ) (44 15.833332 -0.722024 ) 
4 24 (48.931564 10.079838 -1.231542 ) (44.048573 7.027971 -0.010794 ) (44 7.014093 0 ) (44 15.833332 -0.722024 ) 
3 24 (38.936943 21.740234 -0.198920 ) (37.011620 23.986446 0 ) (53.008900 33.976379 -3.998630 ) 
4 24 (60 16.997314 -3.998535 ) (48.931564 10.079838 -1.231542 ) (38.936943 21.740234 -0.198920 ) (53.008900 33.976379 -3.998630 ) 
4 25 (45.974751 47.026173 -16 ) (45.974751 47.026173 -8.011453 ) (35.021748 54.991051 -8.010077 ) (35.022774 54.990627 -16 ) 
6 26 (35.006283 54.995804 -16 ) (35.006283 54.995804 -8 ) (35 54.998661 -7.997334 ) (18 61.998661 -7.997324 ) (17.994534 62 -8 ) (17.994534 62 -16 ) 
7 27 (34.991329 55 -7.994656 ) (35.007843 54.993553 -8.002295 ) (46.002758 46.997250 -8.002295 ) (46.008446 46.991562 -8 ) (45.024796 45.012371 -4.049557 ) (45.005005 44.992531 -4 ) (33.989223 53.004440 -4 ) 
6 28 (17.984381 62.001835 -8.003263 ) (35.006680 54.993820 -8.003263 ) (34.005558 52.991581 -3.998781 ) (16.996954 59.995125 -3.998781 ) (16.981655 60.002159 -4 ) (17.978537 62.002522 -8 ) 
4 29 (33.981068 52.992691 -3.996998 ) (34.042286 52.969624 -4 ) (45 45 -4 ) (31.065786 31.039997 -0.015693 ) 
4 29 (34.039272 52.970303 -3.998328 ) (31.040525 30.979494 0 ) (30.987314 31.025103 0 ) (24.810091 38.231861 -0.311255 ) 
3 30 (31.027658 31.004217 -0.005111 ) (45.009884 44.986443 -4 ) (53.001270 33.998272 -4 ) 
5 30 (37.001827 24.009584 0 ) (31.023991 30.979214 0 ) (31.093884 31.091639 -0.026480 ) (52.947788 34.071720 -4 ) (52.985645 34.018478 -3.998650 ) 
3 31 (24.790348 38.247673 -0.312782 ) (30.993084 31.010153 0 ) (24.008455 36.996517 0 ) 
4 32 (7 44 -1 ) (24.010759 36.995571 -1 ) (16.011356 24.656950 0 ) (4.652986 29.333353 0 ) 
3 32 (37.001415 23.998348 -0.510596 ) (37.001415 23.998348 0 ) (40.957253 14.390855 0 ) 
5 32 (37.005009 23.987835 -0.510019 ) (30.981960 31.015463 -0.801016 ) (30.981621 31.015753 0 ) (30.987040 31.009430 0 ) (37.005058 23.987719 -0.149978 ) 
5 32 (7 44 -1 ) (0 44 -0.815558 ) (0 44 0 ) (6.976653 44 0 ) (7 44 -0.001911 ) 
4 32 (23.994982 37.002068 -1 ) (23.994987 37.002064 0 ) (31.007206 30.991590 0 ) (31.007206 30.991590 -0.800154 ) 
4 32 (7.001100 44 0 ) (23.991926 37.004246 0 ) (23.991926 37.004246 -1 ) (7 44 -1 ) 
4 33 (0 44 -1 ) (6.986685 44 -1 ) (4.653972 29.337236 0 ) (0 29.337236 0 ) 
5 34 (15.995370 24.667801 0 ) (23.996553 37.002960 -1 ) (31 31 -1 ) (35.043156 26.282990 -0.934936 ) (23.880585 17.909039 0 ) 
4 34 (37.005009 23.987835 -0.510019 ) (37.004955 23.987961 -0.902821 ) (30.982044 31.015390 -1 ) (30.981960 31.015463 -0.801016 ) 
3 34 (44 6.998956 -0.329971 ) (44 6.998934 0 ) (44 0.681542 0 ) 
5 34 (37.001415 23.998348 -0.903203 ) (37.001415 23.998348 -0.510596 ) (40.957253 14.390855 0 ) (44 7 0 ) (44 7 -0.330075 ) 
4 35 (29.337242 0 0 ) (29.337242 4.657173 0 ) (44 7 -1 ) (44 0 -1 ) 
3 35 (39.536030 17.842554 -0.695639 ) (44 7 -0.330075 ) (44 7 -1 ) 
5 35 (44 7 -1 ) (44 6.998956 -0.329971 ) (44 0.681542 0 ) (44 0 0 ) (44 0 -1 ) 
4 36 (37.001415 23.998348 -1 ) (37.001415 23.998348 -0.903203 ) (39.536030 17.842554 -0.695639 ) (44 7 -1 ) 
6 36 (44 6.987530 -1 ) (29.342354 4.655586 0 ) (23.881510 17.921671 0 ) (35.036926 26.290257 -0.934337 ) (37 24 -1 ) (44 7 -1 ) 
4 37 (0 256 -16 ) (256 256 -16 ) (256 256 -192 ) (0 256 -192 ) 
10 37 (64 1 -16 ) (62 18 -16 ) (55 35 -16 ) (47 46 -16 ) (46 47 -16 ) (35 55 -16 ) (18 62 -16 ) (2.906545 63.775700 -16 ) (57.571426 0 -16 ) (64 0 -16 ) 
5 37 (19.857143 44 -16 ) (2.906545 63.775700 -16 ) (1 64 -16 ) (0 64 -16 ) (0 44 -16 ) 
3 37 (44 15.833331 -16 ) (44 0 -16 ) (57.571426 0 -16 ) 
3 37 (44 7 -16 ) (44 15.833331 -16 ) (37 24 -16 ) 
3 37 (31 31 -16 ) (19.857143 44 -16 ) (15.833335 44 -16 ) 
7 37 (44 7 -16 ) (37 24 -16 ) (31 31 -16 ) (15.833335 44 -16 ) (0 44 -16 ) (0 0 -16 ) (44 0 -16 ) 
4 37 (256 0 -192 ) (0 0 -192 ) (0 256 -192 ) (256 256 -192 ) 
4 37 (256 0 -16 ) (256 0 -192 ) (256 256 -192 ) (256 256 -16 ) 
3 38 (29.333633 0 0 ) (29.333633 -4.665934 0 ) (0 0 2 ) 
4 38 (256 0 448 ) (256 -320 448 ) (256 -320 0 ) (256 0 0 ) 
4 38 (256 -320 448 ) (256 0 448 ) (0 0 448 ) (0 -320 448 ) 
5 38 (29.333332 -320 0 ) (256 -320 0 ) (256 -320 448 ) (0 -320 448 ) (0 -320 2 ) 
3 39 (0 -0.002339 2 ) (29.336752 -4.669605 0 ) (24.675575 -15.989605 0 ) 
3 39 (0 -320 0 ) (29.333332 -320 0 ) (0 -320 2 ) 
3 40 (0 0 2 ) (4.657173 -29.337242 0 ) (0 -29.337242 0 ) 
5 41 (0 -0.016692 1.998862 ) (0 0 2 ) (0.017778 0 1.998681 ) (24.668179 -15.989443 0 ) (17.902079 -23.883457 0 ) 
5 42 (4.663438 -29.330809 0 ) (0 -0.017858 1.998605 ) (0 -0.002814 2 ) (0.073509 -0.077190 1.993262 ) (17.926580 -23.875536 0 ) 
4 43 (64 0 -16 ) (64 -1 -16 ) (64 -1 -8 ) (64 0 -8 ) 
4 43 (64 -320 -16 ) (256 -320 -16 ) (256 -320 0 ) (64 -320 0 ) 
4 43 (256 0 0 ) (256 -320 0 ) (256 -320 -16 ) (256 0 -16 ) 
3 44 (1.001022 -64 -8 ) (0 -64 -8 ) (0 -61.984852 -3.971387 ) 
4 45 (44.029812 -7.008514 -0.006625 ) (61.997215 -0.020883 -4 ) (61.420193 -4.925551 -4 ) (52.681564 -12.415803 -2.169559 ) 
3 45 (61.420193 -4.925551 -4 ) (60 -16.990278 -4 ) (52.681564 -12.415803 -2.169559 ) 
6 46 (34.015247 -52.988155 -3.998893 ) (35.016262 -54.988178 -8 ) (35 -55 -8.008538 ) (17.983772 -62.006706 -8.009053 ) (16.982384 -60.002075 -4 ) (16.997059 -59.995327 -3.998831 ) 
3 47 (61.956547 0 -3.989409 ) (44.004440 -6.981197 0 ) (44.004440 0 0 ) 
4 48 (18.004848 -61.998444 -7.998133 ) (34.998821 -55 -7.998133 ) (35 -55 -16 ) (17.998022 -62 -16 ) 
3 49 (64 0 -8 ) (64 -0.996264 -8 ) (62 0 -4 ) 
6 50 (18 -61.992897 -7.987716 ) (17.974836 -62.002956 -8.001290 ) (0.996561 -64 -8 ) (0 -62.004562 -4.009120 ) (0 -62 -4 ) (17.004866 -59.998970 -4 ) 
4 51 (61.997887 -0.009963 -4 ) (63.998775 -1.010401 -8.001301 ) (63.775719 -2.906529 -8.001189 ) (61.419777 -4.925908 -4 ) 
4 51 (63.775719 -2.906529 -8.001189 ) (62 -18 -8 ) (60 -16.997267 -4 ) (61.419777 -4.925908 -4 ) 
5 52 (1.006435 -64 -16 ) (1.006435 -64 -8 ) (18 -62 -8 ) (18.006311 -62 -8.003933 ) (18.006311 -62 -16 ) 
4 53 (63.775188 -2.906980 -8 ) (64 -0.996091 -8 ) (64 -0.996091 -16 ) (63.775188 -2.906980 -16 ) 
4 53 (62 -18.001575 -8 ) (63.775188 -2.906980 -8 ) (63.775188 -2.906980 -16 ) (62 -18.001577 -16 ) 
4 54 (45.980797 -47.019207 -16 ) (35.015491 -54.993622 -16 ) (35.015491 -54.993622 -8.007917 ) (45.980789 -47.019215 -8.008102 ) 
4 55 (36.990829 -24.009352 0 ) (43.991844 -7 0 ) (44 -7.005559 -0.001745 ) (44 -15.833336 -0.724064 ) 
4 55 (36.990829 -24.009352 0 ) (44 -15.833336 -0.724064 ) (44 -19.857145 -1.053306 ) (38.244102 -24.790773 -0.312868 ) 
3 55 (44 -7.005559 -0.001745 ) (52.672382 -12.423673 -2.168919 ) (44 -19.857145 -1.053306 ) 
4 55 (40.330727 -23.002237 -0.581291 ) (52.672382 -12.423673 -2.168919 ) (60 -17.001610 -4 ) (53 -34 -4 ) 
3 55 (38.244099 -24.790775 -0.312867 ) (40.330727 -23.002237 -0.581291 ) (53 -34 -4 ) 
4 56 (45.004326 -44.995831 -4 ) (45.995480 -46.997799 -7.991039 ) (35 -54.994720 -7.991041 ) (33.995140 -53.002007 -4 ) 
4 57 (0 -57.571556 -3.015230 ) (0 -44.003296 0 ) (6.971991 -44.003296 0 ) (2.568243 -55.370075 -2.526002 ) 
3 57 (0 -62 -4 ) (0 -57.571556 -3.015230 ) (2.568243 -55.370075 -2.526002 ) 
4 58 (45.997143 -47.002861 -8 ) (45.987400 -47.009949 -7.996466 ) (44.976543 -44.988243 -3.953052 ) (47 -46 -8 ) 
3 59 (2.618580 -55.326931 -2.518006 ) (7.016342 -44.018356 -0.004989 ) (10.083591 -48.928352 -1.232440 ) 
4 59 (17 -60 -4 ) (0.024570 -61.997269 -4 ) (2.618580 -55.326931 -2.518006 ) (10.083591 -48.928352 -1.232440 ) 
4 60 (46 -47 -16 ) (46 -47 -8 ) (47 -46 -8 ) (47 -46 -16 ) 
3 61 (7.031577 -44 0 ) (23.974148 -37.022160 0 ) (15.833334 -44 -0.720734 ) 
4 61 (10.099072 -48.915081 -1.228408 ) (7.035309 -44.013062 -0.002903 ) (7.031577 -44 0 ) (15.833334 -44 -0.720734 ) 
3 61 (21.723160 -38.951576 -0.199288 ) (23.974148 -37.022160 0 ) (33.955872 -53.016632 -3.997442 ) 
4 61 (17.020710 -59.989700 -3.997062 ) (10.099072 -48.915081 -1.228408 ) (21.723160 -38.951576 -0.199288 ) (33.955872 -53.016632 -3.997442 ) 
6 62 (47.020847 -45.971340 -8.006777 ) (46.981865 -46.010323 -7.991183 ) (45.007080 -45.016136 -4.031223 ) (44.994610 -45.003605 -4 ) (53.002670 -33.993515 -4 ) (55.006798 -34.990658 -8.004894 ) 
7 63 (54.994793 -35.007164 -8.005211 ) (52.991577 -34.005554 -3.998781 ) (59.995129 -16.996933 -3.998781 ) (60.002159 -16.981649 -4 ) (62.001865 -17.982531 -8 ) (62 -18 -8.008483 ) (55 -35 -8.008960 ) 
4 64 (47.022850 -45.977158 -16 ) (47.022850 -45.977158 -8.009499 ) (54.992588 -35.018002 -8.009500 ) (54.992279 -35.018757 -16 ) 
4 65 (54.998779 -35 -16 ) (54.998779 -35 -8 ) (62 -17.994530 -8 ) (62 -17.994530 -16 ) 
4 66 (31.006905 -30.988503 0 ) (52.998901 -34.001770 -4 ) (45 -45 -4 ) (30.996902 -31.002256 0 ) 
5 66 (52.944256 -34.076267 -4 ) (30.948233 -31.075689 0 ) (31.050142 -30.956799 0 ) (38.227882 -24.804447 -0.310002 ) (52.982128 -34.023010 -3.998330 ) 
3 67 (30.985073 -31.008507 0 ) (44.986202 -45.009636 -4 ) (34.008804 -52.993210 -4 ) 
6 67 (23.986597 -37.009258 0 ) (31.015909 -30.981140 0 ) (31.044880 -31.003597 -0.007756 ) (34.040550 -52.971867 -4.001987 ) (34 -53 -4.001029 ) (33.987457 -53.005165 -4 ) 
3 68 (38.226276 -24.807123 -0.309902 ) (31.047619 -30.959913 0 ) (36.986729 -24.032219 0 ) 
4 69 (44 -7 -1 ) (37.004425 -23.989258 -1 ) (24.673462 -15.992063 0 ) (29.333326 -4.677133 0 ) 
3 69 (23.998348 -37.001415 -0.510597 ) (23.998348 -37.001415 -0.007813 ) (14.455336 -40.930702 -0.003472 ) 
6 69 (23.985472 -37.005981 -0.509894 ) (31.018629 -30.978268 -0.801121 ) (31.019089 -30.977732 0 ) (31.011421 -30.984303 0 ) (30.954468 -31.033113 0 ) (23.985296 -37.006054 -0.149608 ) 
5 69 (44 -7 -1 ) (44 0 -0.815558 ) (44 0 0 ) (44 -6.976641 0 ) (44 -7 -0.001912 ) 
4 69 (37.002064 -23.994987 -1 ) (37.002060 -23.994993 0 ) (30.991575 -31.007225 0 ) (30.991575 -31.007225 -0.800154 ) 
4 69 (44 -7.005736 0 ) (36.998295 -24.006374 0 ) (36.998295 -24.006374 -1 ) (44 -7.008577 -1 ) 
4 70 (44 -6.986680 -1 ) (29.337240 -4.653969 0 ) (29.337240 0 0 ) (44 0 -1 ) 
5 71 (24.683918 -15.960938 0 ) (37.027683 -23.967707 -1 ) (31 -31 -1 ) (26.266493 -35.057293 -0.935406 ) (17.888340 -23.889116 0 ) 
4 71 (23.985472 -37.005981 -0.509894 ) (23.985662 -37.005901 -0.902742 ) (31.018515 -30.978401 -1 ) (31.018629 -30.978268 -0.801121 ) 
3 71 (7 -44 -0.330024 ) (7 -44 0 ) (0.666658 -44 0 ) 
5 71 (23.998348 -37.001415 -0.903202 ) (23.998348 -37.001415 -0.510597 ) (14.455336 -40.930702 -0.003472 ) (7 -44 0 ) (7 -44 -0.330075 ) 
4 72 (0 -29.337242 0 ) (4.657173 -29.337242 0 ) (7 -44 -1 ) (0 -44 -1 ) 
3 72 (17.842562 -39.536030 -0.695638 ) (7 -44 -0.330075 ) (7 -44 -1 ) 
5 72 (7 -44 -1 ) (7 -44 -0.330024 ) (0.666658 -44 0 ) (0 -44 0 ) (0 -44 -1 ) 
4 73 (23.998348 -37.001415 -1 ) (23.998348 -37.001415 -0.903202 ) (17.842562 -39.536030 -0.695638 ) (7 -44 -1 ) 
6 73 (6.979958 -44 -1 ) (4.648089 -29.341097 0 ) (17.927923 -23.875729 0 ) (26.296700 -35.031403 -0.934358 ) (24 -37 -1 ) (7 -44 -1 ) 
4 74 (0 -64 -8 ) (1 -64 -8 ) (1 -64 -16 ) (0 -64 -16 ) 
4 74 (0 -320 -16 ) (64 -320 -16 ) (64 -320 0 ) (0 -320 0 ) 
4 75 (256 0 -16 ) (256 -320 -16 ) (256 -320 -192 ) (256 0 -192 ) 
10 75 (1 -64 -16 ) (18 -62 -16 ) (35 -55 -16 ) (46 -47 -16 ) (47 -46 -16 ) (55 -35 -16 ) (62 -18 -16 ) (63.775700 -2.906545 -16 ) (0 -57.571426 -16 ) (0 -64 -16 ) 
5 75 (44 -19.857143 -16 ) (63.775700 -2.906545 -16 ) (64 -1 -16 ) (64 0 -16 ) (44 0 -16 ) 
3 75 (15.833331 -44 -16 ) (0 -44 -16 ) (0 -57.571426 -16 ) 
3 75 (7 -44 -16 ) (15.833331 -44 -16 ) (24 -37 -16 ) 
3 75 (31 -31 -16 ) (44 -19.857143 -16 ) (44 -15.833335 -16 ) 
7 75 (7 -44 -16 ) (24 -37 -16 ) (31 -31 -16 ) (44 -15.833335 -16 ) (44 0 -16 ) (0 0 -16 ) (0 -44 -16 ) 
4 75 (0 -320 -192 ) (0 0 -192 ) (256 0 -192 ) (256 -320 -192 ) 
4 75 (0 -320 -192 ) (256 -320 -192 ) (256 -320 -16 ) (0 -320 -16 ) 
3 76 (-29.337507 0 0 ) (-29.337507 4.656528 0 ) (0 0 2 ) 
5 76 (0 256 448 ) (0 256 2 ) (-29.333328 256 0 ) (-256 256 0 ) (-256 256 448 ) 
4 76 (0 256 448 ) (-256 256 448 ) (-256 0 448 ) (0 0 448 ) 
4 76 (-256 256 0 ) (-256 0 0 ) (-256 0 448 ) (-256 256 448 ) 
3 77 (0 0.003194 2 ) (-29.335537 4.670120 0 ) (-24.673103 15.992490 0 ) 
3 77 (0 256 2 ) (0 256 0 ) (-29.333328 256 0 ) 
3 78 (0 0 2 ) (-4.657177 29.337240 0 ) (0 29.337240 0 ) 
5 79 (0 0.016692 1.998862 ) (0 0 2 ) (-0.017778 0 1.998681 ) (-24.668179 15.989444 0 ) (-17.902349 23.883347 0 ) 
5 80 (-0.073509 0.077190 1.993262 ) (-17.926580 23.875534 0 ) (-4.663561 29.330833 0 ) (0 0.017856 1.998605 ) (0 0.002814 2 ) 
4 81 (-1 64 -16 ) (0 64 -16 ) (0 64 -8 ) (-1 64 -8 ) 
4 81 (-256 256 -16 ) (-256 64 -16 ) (-256 64 0 ) (-256 256 0 ) 
4 81 (0 256 0 ) (0 256 -16 ) (-256 256 -16 ) (-256 256 0 ) 
3 82 (-1.016737 64 -8.003716 ) (0 64 -8.003716 ) (0 61.969273 -3.941957 ) 
4 83 (-44.045940 7.013114 -0.010208 ) (-61.995647 0.032644 -4 ) (-61.419991 4.925723 -4 ) (-52.685226 12.412663 -2.170030 ) 
3 83 (-61.419991 4.925723 -4 ) (-60.001232 16.985161 -4 ) (-52.685226 12.412663 -2.170030 ) 
5 84 (-34.014221 52.988953 -3.998968 ) (-35.014488 54.989468 -8 ) (-35 55 -8.007874 ) (-17.986465 62.005848 -8.008043 ) (-16.984461 60.001827 -4 ) 
3 85 (-61.956547 0 -3.989409 ) (-44.004440 6.981197 0 ) (-44.004440 0 0 ) 
4 86 (-18.004848 61.998444 -7.998133 ) (-34.998821 55 -7.998133 ) (-35 55 -16 ) (-17.998022 62 -16 ) 
3 87 (-64 0 -8 ) (-64 0.996264 -8 ) (-62 0 -4 ) 
6 88 (-18 61.992897 -7.987716 ) (-17.974836 62.002956 -8.001290 ) (-0.996561 64 -8 ) (0 62.004562 -4.009120 ) (0 62 -4 ) (-17.004866 59.998970 -4 ) 
4 89 (-61.997887 0.009963 -4 ) (-63.998775 1.010401 -8.001301 ) (-63.775719 2.906529 -8.001189 ) (-61.419777 4.925908 -4 ) 
4 89 (-63.775719 2.906529 -8.001189 ) (-62 18 -8 ) (-60 16.997267 -4 ) (-61.419777 4.925908 -4 ) 
5 90 (-1.006435 64 -16 ) (-1.006435 64 -8 ) (-18 62 -8 ) (-18.006311 62 -8.003933 ) (-18.006311 62 -16 ) 
4 91 (-63.775188 2.906980 -8 ) (-64 0.996091 -8 ) (-64 0.996091 -16 ) (-63.775188 2.906980 -16 ) 
4 91 (-62 18.001575 -8 ) (-63.775188 2.906980 -8 ) (-63.775188 2.906980 -16 ) (-62 18.001577 -16 ) 
4 92 (-45.980797 47.019207 -16 ) (-35.015491 54.993622 -16 ) (-35.015491 54.993622 -8.007917 ) (-45.980789 47.019215 -8.008102 ) 
4 93 (-43.991844 7 0 ) (-44 7.005559 -0.001745 ) (-44 15.833336 -0.724064 ) (-36.990829 24.009352 0 ) 
4 93 (-44 15.833336 -0.724064 ) (-44 19.857145 -1.053306 ) (-38.244102 24.790773 -0.312868 ) (-36.990829 24.009352 0 ) 
3 93 (-44 7.005559 -0.001745 ) (-52.672382 12.423673 -2.168919 ) (-44 19.857145 -1.053306 ) 
4 93 (-52.672382 12.423673 -2.168919 ) (-60 17.001610 -4 ) (-53 34 -4 ) (-40.330727 23.002237 -0.581291 ) 
3 93 (-53 34 -4 ) (-38.244099 24.790775 -0.312867 ) (-40.330727 23.002237 -0.581291 ) 
4 94 (-45.004326 44.995831 -4 ) (-45.995480 46.997799 -7.991039 ) (-35 54.994720 -7.991041 ) (-33.995140 53.002007 -4 ) 
4 95 (0 44.003296 0 ) (-6.971991 44.003296 0 ) (-2.568243 55.370075 -2.526002 ) (0 57.571556 -3.015230 ) 
3 95 (-2.568243 55.370075 -2.526002 ) (0 62 -4 ) (0 57.571556 -3.015230 ) 
4 96 (-45.997143 47.002861 -8 ) (-45.987400 47.009949 -7.996466 ) (-44.976543 44.988243 -3.953052 ) (-47 46 -8 ) 
3 97 (-2.618580 55.326931 -2.518006 ) (-7.016342 44.018356 -0.004989 ) (-10.083591 48.928352 -1.232440 ) 
4 97 (-17 60 -4 ) (-0.024570 61.997269 -4 ) (-2.618580 55.326931 -2.518006 ) (-10.083591 48.928352 -1.232440 ) 
4 98 (-46 47 -16 ) (-46 47 -8 ) (-47 46 -8 ) (-47 46 -16 ) 
3 99 (-7.031577 44 0 ) (-23.974148 37.022160 0 ) (-15.833334 44 -0.720734 ) 
4 99 (-10.099072 48.915081 -1.228408 ) (-7.035309 44.013062 -0.002903 ) (-7.031577 44 0 ) (-15.833334 44 -0.720734 ) 
3 99 (-33.955872 53.016632 -3.997442 ) (-21.723160 38.951576 -0.199288 ) (-23.974148 37.022160 0 ) 
4 99 (-33.955872 53.016632 -3.997442 ) (-17.020710 59.989700 -3.997062 ) (-10.099072 48.915081 -1.228408 ) (-21.723160 38.951576 -0.199288 ) 
6 100 (-47.020847 45.971340 -8.006777 ) (-46.981865 46.010323 -7.991183 ) (-45.007080 45.016136 -4.031223 ) (-44.994610 45.003605 -4 ) (-53.002670 33.993515 -4 ) (-55.006798 34.990658 -8.004894 ) 
7 101 (-54.994793 35.007164 -8.005211 ) (-52.991577 34.005554 -3.998781 ) (-59.995129 16.996933 -3.998781 ) (-60.002159 16.981649 -4 ) (-62.001865 17.982531 -8 ) (-62 18 -8.008483 ) (-55 35 -8.008960 ) 
4 102 (-47.022850 45.977158 -16 ) (-47.022850 45.977158 -8.009499 ) (-54.992588 35.018002 -8.009500 ) (-54.992279 35.018757 -16 ) 
4 103 (-54.998779 35 -16 ) (-54.998779 35 -8 ) (-62 17.994530 -8 ) (-62 17.994530 -16 ) 
4 104 (-31.006905 30.988503 0 ) (-52.998901 34.001770 -4 ) (-45 45 -4 ) (-30.996902 31.002256 0 ) 
5 104 (-52.944256 34.076267 -4 ) (-30.948233 31.075689 0 ) (-31.050142 30.956799 0 ) (-38.227882 24.804447 -0.310002 ) (-52.982128 34.023010 -3.998330 ) 
3 105 (-30.985073 31.008507 0 ) (-44.986202 45.009636 -4 ) (-34.008804 52.993210 -4 ) 
6 105 (-23.986597 37.009258 0 ) (-31.015909 30.981140 0 ) (-31.044880 31.003597 -0.007756 ) (-34.040550 52.971867 -4.001987 ) (-34 53 -4.001029 ) (-33.987457 53.005165 -4 ) 
3 106 (-38.226276 24.807123 -0.309902 ) (-31.047619 30.959913 0 ) (-36.986729 24.032219 0 ) 
4 107 (-44 7 -1 ) (-37.004425 23.989258 -1 ) (-24.673462 15.992063 0 ) (-29.333326 4.677133 0 ) 
3 107 (-23.998348 37.001415 -0.510597 ) (-23.998348 37.001415 -0.007813 ) (-14.455336 40.930702 -0.003472 ) 
6 107 (-23.985472 37.005981 -0.509894 ) (-31.018629 30.978268 -0.801121 ) (-31.019089 30.977732 0 ) (-31.011421 30.984303 0 ) (-30.954468 31.033113 0 ) (-23.985296 37.006054 -0.149608 ) 
4 107 (-44 0 -0.815558 ) (-44 0 0 ) (-44 7 0 ) (-44 7 -1 ) 
4 107 (-37.002064 23.994987 -1 ) (-37.002060 23.994993 0 ) (-30.991575 31.007225 0 ) (-30.991575 31.007225 -0.800154 ) 
4 107 (-44 7.005736 0 ) (-36.998295 24.006374 0 ) (-36.998295 24.006374 -1 ) (-44 7.008577 -1 ) 
4 108 (-44 0 -1 ) (-44 6.986680 -1 ) (-29.337240 4.653969 0 ) (-29.337240 0 0 ) 
5 109 (-24.683918 15.960938 0 ) (-37.027683 23.967707 -1 ) (-31 31 -1 ) (-26.266493 35.057293 -0.935406 ) (-17.888336 23.889118 0 ) 
4 109 (-23.985472 37.005981 -0.509894 ) (-23.985662 37.005901 -0.902742 ) (-31.018515 30.978401 -1 ) (-31.018629 30.978268 -0.801121 ) 
3 109 (-6.998956 44 -0.329971 ) (-6.998934 44 0 ) (-0.681542 44 0 ) 
5 109 (-23.998348 37.001415 -0.903202 ) (-23.998348 37.001415 -0.510597 ) (-14.455336 40.930702 -0.003472 ) (-7 44 0 ) (-7 44 -0.330075 ) 
4 110 (0 29.337242 0 ) (-4.657173 29.337242 0 ) (-7 44 -1 ) (0 44 -1 ) 
3 110 (-17.842564 39.536026 -0.695638 ) (-7 44 -0.330075 ) (-7 44 -1 ) 
5 110 (-7 44 -1 ) (-6.998956 44 -0.329971 ) (-0.681542 44 0 ) (0 44 0 ) (0 44 -1 ) 
4 111 (-23.998348 37.001415 -1 ) (-23.998348 37.001415 -0.903202 ) (-17.842564 39.536026 -0.695638 ) (-7 44 -1 ) 
6 111 (-6.979958 44 -1 ) (-4.648089 29.341097 0 ) (-17.927923 23.875729 0 ) (-26.296700 35.031403 -0.934358 ) (-24 37 -1 ) (-7 44 -1 ) 
4 112 (-64 1 -8 ) (-64 0 -8 ) (-64 0 -16 ) (-64 1 -16 ) 
4 112 (-256 64 -16 ) (-256 0 -16 ) (-256 0 0 ) (-256 64 0 ) 
4 113 (-256 256 -16 ) (0 256 -16 ) (0 256 -192 ) (-256 256 -192 ) 
10 113 (0 57.571426 -16 ) (0 64 -16 ) (-1 64 -16 ) (-18 62 -16 ) (-35 55 -16 ) (-46 47 -16 ) (-47 46 -16 ) (-55 35 -16 ) (-62 18 -16 ) (-63.775700 2.906545 -16 ) 
5 113 (-44 19.857143 -16 ) (-63.775700 2.906545 -16 ) (-64 1 -16 ) (-64 0 -16 ) (-44 0 -16 ) 
3 113 (0 44 -16 ) (0 57.571426 -16 ) (-15.833331 44 -16 ) 
3 113 (-7 44 -16 ) (-15.833331 44 -16 ) (-24 37 -16 ) 
3 113 (-31 31 -16 ) (-44 19.857143 -16 ) (-44 15.833335 -16 ) 
7 113 (0 44 -16 ) (-7 44 -16 ) (-24 37 -16 ) (-31 31 -16 ) (-44 15.833335 -16 ) (-44 0 -16 ) (0 0 -16 ) 
4 113 (0 0 -192 ) (-256 0 -192 ) (-256 256 -192 ) (0 256 -192 ) 
4 113 (-256 256 -16 ) (-256 256 -192 ) (-256 0 -192 ) (-256 0 -16 ) 
3 114 (-29.333893 -4.665304 0 ) (-29.333893 0 0 ) (0 0 2 ) 
4 114 (-256 0 0 ) (-256 -320 0 ) (-256 -320 448 ) (-256 0 448 ) 
4 114 (-256 -320 448 ) (0 -320 448 ) (0 0 448 ) (-256 0 448 ) 
5 114 (-256 -320 0 ) (-29.333328 -320 0 ) (0 -320 2 ) (0 -320 448 ) (-256 -320 448 ) 
3 115 (0 -29.337233 0 ) (-4.657196 -29.337233 0 ) (0 0 2 ) 
3 115 (-29.333328 -320 0 ) (0 -320 0 ) (0 -320 2 ) 
3 116 (-29.333874 -4.666355 0 ) (-0.003363 0 2 ) (-24.667570 -15.998945 0 ) 
5 117 (-0.007813 0 2 ) (0 0 2 ) (0 -0.113004 1.992548 ) (-4.649281 -29.337048 0 ) (-17.918550 -23.872801 0 ) 
3 118 (-23.878786 -17.913420 0 ) (-24.666666 -16 0 ) (-20.666664 -20.666670 0 ) 
5 118 (-24.672947 -15.960935 0 ) (-0.065756 0 1.995117 ) (0 0 1.998610 ) (0 -0.044281 1.996653 ) (-17.883442 -23.883118 0 ) 
4 119 (-1.032182 -63.996212 -7.992425 ) (-2.906544 -63.775700 -7.992445 ) (-4.921496 -61.424923 -4 ) (-0.032250 -62 -4 ) 
4 119 (-2.906544 -63.775700 -7.992445 ) (-17.984840 -62.001781 -7.992597 ) (-16.987612 -60.005695 -4 ) (-4.921496 -61.424923 -4 ) 
3 120 (-24.001745 -36.998508 0 ) (-6.998175 -44 0 ) (-15.833333 -44 -0.723350 ) 
4 120 (-24.001745 -36.998508 0 ) (-15.833333 -44 -0.723350 ) (-19.857145 -44 -1.052787 ) (-24.784691 -38.251194 -0.313174 ) 
3 120 (-6.998175 -44 0 ) (-12.420273 -52.676353 -2.169045 ) (-19.857145 -44 -1.052787 ) 
4 120 (-22.994823 -40.339375 -0.581829 ) (-12.420273 -52.676353 -2.169045 ) (-16.997688 -60.001064 -4 ) (-34 -53 -4 ) 
3 120 (-24.784689 -38.251198 -0.313174 ) (-22.994823 -40.339375 -0.581829 ) (-34 -53 -4 ) 
4 121 (-2.906981 -63.775192 -7.998412 ) (-0.996104 -64 -7.998412 ) (-0.996104 -64 -16 ) (-2.906981 -63.775192 -16 ) 
4 121 (-18.001572 -62 -7.998412 ) (-2.906981 -63.775192 -7.998412 ) (-2.906981 -63.775192 -16 ) (-18.001570 -62 -16 ) 
4 122 (-57.571426 0 -3.013069 ) (-44.016628 0 0 ) (-44.016628 -6.858650 0 ) (-55.495110 -2.422370 -2.551529 ) 
3 122 (-61.762779 0 -3.944757 ) (-57.571426 0 -3.013069 ) (-55.495110 -2.422370 -2.551529 ) 
4 123 (0 -64 -8.001723 ) (-1 -64 -8.001723 ) (-1.013710 -63.997757 -7.997463 ) (0 -61.979912 -3.961775 ) 
3 124 (-55.339657 -2.603731 -2.519949 ) (-44.018883 -7.005580 -0.004212 ) (-48.933739 -10.077305 -1.232921 ) 
4 124 (-61.998051 -0.014753 -4 ) (-55.339657 -2.603731 -2.519949 ) (-48.933739 -10.077305 -1.232921 ) (-60 -16.993900 -4 ) 
3 125 (0 -61.991425 -3.997443 ) (-6.998341 -44.002930 0 ) (0 -44.002930 0 ) 
3 126 (-44 -7.010728 0 ) (-37.009003 -23.989500 0 ) (-44 -15.833335 -0.722302 ) 
4 126 (-48.925926 -10.086420 -1.231242 ) (-44.009007 -7.013301 -0.002001 ) (-44 -7.010728 0 ) (-44 -15.833335 -0.722302 ) 
3 126 (-38.933468 -21.744289 -0.198834 ) (-37.009003 -23.989500 0 ) (-53 -34 -3.998972 ) 
4 126 (-59.996979 -17.005932 -4 ) (-48.925926 -10.086420 -1.231242 ) (-38.933468 -21.744289 -0.198834 ) (-53 -34 -3.998972 ) 
6 127 (-6.984208 -43.997383 0 ) (0 -61.956837 -3.990990 ) (0 -62 -4.001187 ) (-4.924659 -61.421234 -4.001147 ) (-12.432032 -52.662632 -2.167122 ) (-7.015199 -43.993736 0 ) 
3 127 (-4.924659 -61.421234 -4.001147 ) (-17.016020 -59.998672 -4.001047 ) (-12.432032 -52.662632 -2.167122 ) 
5 128 (-35 -54.998383 -7.998314 ) (-18 -61.998657 -7.997325 ) (-17.994520 -62 -8 ) (-17.994520 -62 -16 ) (-35.004295 -54.996880 -16 ) 
3 129 (-64 -1 -8 ) (-64 0 -8 ) (-62 0 -4 ) 
6 130 (-18.007246 -62 -8.010082 ) (-35.015923 -54.995296 -8.010084 ) (-34.013222 -52.989735 -4 ) (-16.996765 -59.996834 -4 ) (-16.986523 -60.001545 -4 ) (-17.986595 -62.001579 -8 ) 
5 131 (-54.991802 -35.011276 -16 ) (-62.001583 -17.986540 -16 ) (-62.001614 -17.986256 -7.993284 ) (-54.996777 -34.998394 -7.993558 ) (-54.991039 -35.012325 -8 ) 
5 132 (-33.996319 -53.004086 -4 ) (-34.995255 -55.001949 -7.996243 ) (-35 -55 -7.998457 ) (-45.995781 -47.003254 -7.998714 ) (-44.996155 -45.003994 -4 ) 
6 133 (-54.993122 -35.018921 -8.010087 ) (-62 -18.003105 -8.010085 ) (-62.002068 -17.982420 -8 ) (-60.002041 -16.982624 -4 ) (-59.995388 -16.997091 -3.998845 ) (-52.987873 -34.015617 -3.998868 ) 
4 134 (-45.979172 -47.020832 -8.006484 ) (-35.017994 -54.992599 -8.006484 ) (-35.017994 -54.992599 -16 ) (-45.979168 -47.020836 -16 ) 
4 135 (-64 -1.008332 -16 ) (-64 -1.008333 -8.003094 ) (-62 -17.993921 -8 ) (-62 -17.993921 -16 ) 
3 136 (-45.053532 -45.063744 -4.146506 ) (-46.014145 -46.985859 -7.989594 ) (-46.975346 -46.024658 -7.990140 ) 
4 137 (-60.003864 -16.990629 -4 ) (-62.003956 -17.990683 -8 ) (-64 -1.023508 -8 ) (-62 -0.023646 -4 ) 
6 138 (-47 -46 -8 ) (-46.980476 -46.019524 -7.992189 ) (-46.019527 -46.980473 -7.992189 ) (-46 -47 -8 ) (-46 -47 -16 ) (-47 -46 -16 ) 
4 139 (-45.015991 -44.984562 -4 ) (-47.012245 -45.983170 -7.996095 ) (-54.995193 -35.006607 -7.996541 ) (-52.996922 -34.007473 -4 ) 
4 140 (-54.993652 -35.015427 -16 ) (-54.993652 -35.015427 -8 ) (-47.018990 -45.981705 -8 ) (-47.018990 -45.981705 -16 ) 
5 141 (-45.009499 -44.990032 -4 ) (-31.004478 -30.993845 0 ) (-30.988926 -31.005154 0 ) (-34 -53 -4 ) (-45 -45 -4 ) 
4 141 (-34.039272 -52.970295 -3.998327 ) (-31.040525 -30.979492 0 ) (-30.987314 -31.025103 0 ) (-24.810085 -38.231865 -0.311256 ) 
3 142 (-31.027658 -31.004217 -0.005111 ) (-45.009888 -44.986443 -4 ) (-53 -34 -4 ) 
5 142 (-31.093884 -31.091639 -0.026480 ) (-52.947788 -34.071720 -4 ) (-52.985573 -34.018585 -3.998653 ) (-36.994228 -24.014088 0 ) (-31.023991 -30.979214 0 ) 
3 143 (-24.807968 -38.227116 -0.310138 ) (-30.963108 -31.045132 0 ) (-24.032984 -36.986416 0 ) 
4 144 (-7 -44 -1 ) (-24.010759 -36.995571 -1 ) (-16.013248 -24.656794 0 ) (-4.651229 -29.334982 0 ) 
3 144 (-37 -24 -0.510677 ) (-37 -24 0 ) (-40.956898 -14.390087 0 ) 
4 144 (0 -44 -0.815558 ) (0 -44 0 ) (-6.998052 -44 0 ) (-7 -44 -1 ) 
4 144 (-37.002087 -23.994940 -0.510396 ) (-30.993893 -31.004498 -0.800629 ) (-30.994017 -31.004353 0 ) (-37.002087 -23.994940 -0.150225 ) 
4 144 (-23.994982 -37.002068 -1 ) (-23.994986 -37.002064 0 ) (-31.007206 -30.991590 0 ) (-31.007206 -30.991590 -0.800154 ) 
4 144 (-7.001100 -44 0 ) (-23.991926 -37.004246 0 ) (-23.991926 -37.004246 -1 ) (-7 -44 -1 ) 
4 145 (-44 -7.001188 -1 ) (-44 0 -1 ) (-29.351332 0 0 ) (-29.351332 -4.622953 0 ) 
5 145 (-37 -24 -0.522711 ) (-37 -24 -0.510677 ) (-40.956898 -14.390087 0 ) (-44 -7 0 ) (-44 -7 -1 ) 
4 145 (-44 -7 -1 ) (-44 -7 0 ) (-44 0 0 ) (-44 0 -1 ) 
4 146 (0 -44 -1 ) (-6.980337 -44 -1 ) (-4.647830 -29.337992 0 ) (0 -29.337992 0 ) 
5 147 (-44 -7 -1 ) (-29.333660 -4.666495 0 ) (-23.879511 -17.912800 0 ) (-35.040829 -26.285883 -0.934835 ) (-37 -24 -1 ) 
3 147 (-37 -24 -1 ) (-37 -24 -0.522711 ) (-44 -7 -1 ) 
3 147 (-37.002087 -23.994940 -0.510396 ) (-37.002087 -23.994940 -1 ) (-30.993893 -31.004498 -0.800629 ) 
3 148 (-20.666664 -20.666670 0 ) (-17.913422 -23.878786 0 ) (-16 -24.666664 0 ) 
5 148 (-35.037106 -26.290043 -0.935234 ) (-23.871130 -17.913532 0 ) (-15.992536 -24.667116 0 ) (-23.995014 -37.004272 -1 ) (-30.995600 -31.005135 -1 ) 
4 149 (-1 -64 -8 ) (0 -64 -8 ) (0 -64 -16 ) (-1 -64 -16 ) 
4 149 (-64 -320 -16 ) (0 -320 -16 ) (0 -320 0 ) (-64 -320 0 ) 
4 150 (-256 -320 -16 ) (-64 -320 -16 ) (-64 -320 0 ) (-256 -320 0 ) 
4 150 (-64 0 -8 ) (-64 -1 -8 ) (-64 -1 -16 ) (-64 0 -16 ) 
4 150 (-256 0 -16 ) (-256 -320 -16 ) (-256 -320 0 ) (-256 0 0 ) 
4 151 (-256 0 -192 ) (-256 -320 -192 ) (-256 -320 -16 ) (-256 0 -16 ) 
10 151 (-64 -1 -16 ) (-62 -18 -16 ) (-55 -35 -16 ) (-47 -46 -16 ) (-46 -47 -16 ) (-35 -55 -16 ) (-18 -62 -16 ) (-2.906546 -63.775700 -16 ) (-57.571426 0 -16 ) (-64 0 -16 ) 
3 151 (-44 -15.833333 -16 ) (-44 0 -16 ) (-57.571426 0 -16 ) 
5 151 (-19.857143 -44 -16 ) (-2.906546 -63.775700 -16 ) (-1 -64 -16 ) (0 -64 -16 ) (0 -44 -16 ) 
3 151 (-44 -7 -16 ) (-44 -15.833333 -16 ) (-37 -24 -16 ) 
3 151 (-31 -31 -16 ) (-19.857143 -44 -16 ) (-15.833335 -44 -16 ) 
7 151 (-44 -7 -16 ) (-37 -24 -16 ) (-31 -31 -16 ) (-15.833335 -44 -16 ) (0 -44 -16 ) (0 0 -16 ) (-44 0 -16 ) 
4 151 (-256 0 -192 ) (0 0 -192 ) (0 -320 -192 ) (-256 -320 -192 ) 
4 151 (-256 -320 -16 ) (-256 -320 -192 ) (0 -320 -192 ) (0 -320 -16 ) 
