PRT1
8
12
24
4 0 4 0 (0 0 0 ) (0 0 448 ) (0 256 448 ) (0 256 0 ) 
4 0 2 0 (0 0 448 ) (0 0 0 ) (256 0 0 ) (256 0 448 ) 
4 0 1 0 (256 0 0 ) (0 0 0 ) (0 256 0 ) (256 256 0 ) 
4 1 5 0 (0 0 -192 ) (0 0 0 ) (0 256 0 ) (0 256 -192 ) 
4 1 3 0 (0 0 0 ) (0 0 -192 ) (256 0 -192 ) (256 0 0 ) 
4 2 6 0 (0 -320 448 ) (0 0 448 ) (0 0 0 ) (0 -320 0 ) 
4 2 3 0 (0 -320 0 ) (0 0 0 ) (256 0 0 ) (256 -320 0 ) 
4 3 7 0 (0 -320 0 ) (0 0 0 ) (0 0 -192 ) (0 -320 -192 ) 
4 4 6 0 (-256 0 0 ) (0 0 0 ) (0 0 448 ) (-256 0 448 ) 
4 4 5 0 (0 0 0 ) (-256 0 0 ) (-256 256 0 ) (0 256 0 ) 
4 5 7 0 (-256 0 -192 ) (0 0 -192 ) (0 0 0 ) (-256 0 0 ) 
4 6 7 0 (-256 0 0 ) (0 0 0 ) (0 -320 0 ) (-256 -320 0 ) 
4 0 (256 256 448 ) (256 0 448 ) (256 0 0 ) (256 256 0 ) 
4 0 (256 256 448 ) (0 256 448 ) (0 0 448 ) (256 0 448 ) 
4 0 (0 256 448 ) (256 256 448 ) (256 256 0 ) (0 256 0 ) 
4 1 (256 0 -192 ) (0 0 -192 ) (0 256 -192 ) (256 256 -192 ) 
4 1 (256 256 -192 ) (0 256 -192 ) (0 256 0 ) (256 256 0 ) 
4 1 (256 0 0 ) (256 0 -192 ) (256 256 -192 ) (256 256 0 ) 
4 2 (0 -320 0 ) (256 -320 0 ) (256 -320 448 ) (0 -320 448 ) 
4 2 (256 -320 448 ) (256 0 448 ) (0 0 448 ) (0 -320 448 ) 
4 2 (256 0 448 ) (256 -320 448 ) (256 -320 0 ) (256 0 0 ) 
4 3 (0 -320 -192 ) (0 0 -192 ) (256 0 -192 ) (256 -320 -192 ) 
4 3 (256 -320 -192 ) (256 0 -192 ) (256 0 0 ) (256 -320 0 ) 
4 3 (0 -320 -192 ) (256 -320 -192 ) (256 -320 0 ) (0 -320 0 ) 
4 4 (-256 256 0 ) (-256 0 0 ) (-256 0 448 ) (-256 256 448 ) 
4 4 (0 256 448 ) (-256 256 448 ) (-256 0 448 ) (0 0 448 ) 
4 4 (0 256 448 ) (0 256 0 ) (-256 256 0 ) (-256 256 448 ) 
4 5 (0 0 -192 ) (-256 0 -192 ) (-256 256 -192 ) (0 256 -192 ) 
4 5 (-256 256 -192 ) (-256 256 0 ) (0 256 0 ) (0 256 -192 ) 
4 5 (-256 256 0 ) (-256 256 -192 ) (-256 0 -192 ) (-256 0 0 ) 
4 6 (-256 -320 0 ) (0 -320 0 ) (0 -320 448 ) (-256 -320 448 ) 
4 6 (-256 -320 448 ) (0 -320 448 ) (0 0 448 ) (-256 0 448 ) 
4 6 (-256 0 0 ) (-256 -320 0 ) (-256 -320 448 ) (-256 0 448 ) 
4 7 (-256 -320 -192 ) (-256 0 -192 ) (0 0 -192 ) (0 -320 -192 ) 
4 7 (-256 -320 0 ) (-256 0 0 ) (-256 0 -192 ) (-256 -320 -192 ) 
4 7 (-256 -320 0 ) (-256 -320 -192 ) (0 -320 -192 ) (0 -320 0 ) 
