PRT1
190
656
591
4 0 45 0 (18 0 0 ) (256 0 0 ) (256 0 448 ) (18 0 448 ) 
4 0 22 0 (256 0 0 ) (18 0 0 ) (18 62 0 ) (256 62 0 ) 
4 0 21 0 (18 62 0 ) (18 256 0 ) (256 256 0 ) (256 62 0 ) 
3 0 6 0 (18 28 36 ) (18 20 36 ) (18 28 48 ) 
3 0 5 0 (18 16 40 ) (18 16 52 ) (18 24 52 ) 
3 0 4 0 (18 18 36 ) (18 16 36 ) (18 16 38 ) 
3 0 3 0 (18 26 52 ) (18 28 52 ) (18 28 50 ) 
4 0 2 0 (18 256 52 ) (18 256 36 ) (18 28 36 ) (18 28 52 ) 
4 0 7 0 (18 256 36 ) (18 256 0 ) (18 16 0 ) (18 16 36 ) 
4 0 8 0 (18 16 0 ) (18 0 0 ) (18 0 52 ) (18 16 52 ) 
4 0 1 0 (18 256 448 ) (18 256 52 ) (18 0 52 ) (18 0 448 ) 
4 1 46 0 (18 0 52 ) (18 0 448 ) (16 0 448 ) (16 0 52 ) 
4 1 9 0 (16 0 52 ) (16 0 448 ) (16 256 448 ) (16 256 52 ) 
4 1 5 0 (16 16 52 ) (16 24 52 ) (18 24 52 ) (18 16 52 ) 
4 1 3 0 (16 26 52 ) (16 28 52 ) (18 28 52 ) (18 26 52 ) 
4 1 2 0 (16 28 52 ) (16 256 52 ) (18 256 52 ) (18 28 52 ) 
4 1 8 0 (16 0 52 ) (16 16 52 ) (18 16 52 ) (18 0 52 ) 
5 2 10 0 (16 28 52 ) (16 256 52 ) (16 256 36 ) (16 40 36 ) (16 28 48 ) 
4 2 6 0 (16 28 36 ) (18 28 36 ) (18 28 48 ) (16 28 48 ) 
4 2 3 0 (18 28 50 ) (18 28 52 ) (16 28 52 ) (16 28 50 ) 
4 2 7 0 (16 28 36 ) (16 256 36 ) (18 256 36 ) (18 28 36 ) 
3 3 14 0 (16 26 52 ) (16 28 52 ) (16 28 50 ) 
3 4 13 0 (16 16 36 ) (16 16 38 ) (16 18 36 ) 
4 4 7 0 (18 16 36 ) (16 16 36 ) (16 18 36 ) (18 18 36 ) 
4 4 8 0 (18 16 36 ) (18 16 38 ) (16 16 38 ) (16 16 36 ) 
3 5 12 0 (16 16 40 ) (16 16 52 ) (16 24 52 ) 
4 5 8 0 (18 16 40 ) (18 16 52 ) (16 16 52 ) (16 16 40 ) 
4 6 7 0 (16 20 36 ) (16 28 36 ) (18 28 36 ) (18 20 36 ) 
4 7 22 0 (16 16 0 ) (16 62 0 ) (18 62 0 ) (18 16 0 ) 
4 7 21 0 (16 62 0 ) (16 256 0 ) (18 256 0 ) (18 62 0 ) 
7 7 20 0 (16 40 0 ) (16 16 0 ) (16 16 36 ) (16 20 36 ) (16 32 24 ) (16 38 15 ) (16 40 4 ) 
3 7 19 0 (16 40 36 ) (16 46.399998 36 ) (16 49 23 ) 
3 7 18 0 (16 46.399998 36 ) (16 52 36 ) (16 52 8 ) 
4 7 17 0 (16 256 0 ) (16 52 0 ) (16 52 36 ) (16 256 36 ) 
4 7 8 0 (18 16 0 ) (18 16 36 ) (16 16 36 ) (16 16 0 ) 
4 8 47 0 (18 0 36 ) (18 0 52 ) (16 0 52 ) (16 0 36 ) 
4 8 52 0 (16 0 0 ) (18 0 0 ) (18 0 36 ) (16 0 36 ) 
4 8 22 0 (18 0 0 ) (16 0 0 ) (16 16 0 ) (18 16 0 ) 
4 8 20 0 (16 16 0 ) (16 0 0 ) (16 0 36 ) (16 16 36 ) 
3 8 16 0 (16 16 40 ) (16 16 36 ) (16 13.333335 36 ) 
5 8 15 0 (16 0 36 ) (16 0 52 ) (16 16 52 ) (16 16 40 ) (16 13.333335 36 ) 
4 9 88 0 (0 16 448 ) (0 256 448 ) (0 256 52 ) (0 16 52 ) 
4 9 96 0 (0 0 52 ) (0 0 448 ) (0 16 448 ) (0 16 52 ) 
4 9 54 0 (0 0 448 ) (0 0 52 ) (16 0 52 ) (16 0 448 ) 
4 9 15 0 (16 16 52 ) (16 0 52 ) (8 12 52 ) (10.666666 16 52 ) 
4 9 14 0 (16 28 52 ) (16 26 52 ) (0 26 52 ) (0 28 52 ) 
3 9 12 0 (16 24 52 ) (16 16 52 ) (10.666666 16 52 ) 
3 9 11 0 (16 0 52 ) (0 0 52 ) (0 24 52 ) 
4 9 10 0 (0 256 52 ) (16 256 52 ) (16 28 52 ) (0 28 52 ) 
5 10 89 0 (0 28 52 ) (0 256 52 ) (0 256 36 ) (0 40 36 ) (0 28 48 ) 
4 10 19 0 (16 46.399998 36 ) (16 40 36 ) (0 40 36 ) (0 46.399998 36 ) 
4 10 18 0 (16 52 36 ) (16 46.399998 36 ) (0 46.399998 36 ) (0 52 36 ) 
4 10 17 0 (0 256 36 ) (16 256 36 ) (16 52 36 ) (0 52 36 ) 
4 10 14 0 (16 28 50 ) (16 28 52 ) (0 28 52 ) (0 28 50 ) 
3 11 91 0 (0 16 52 ) (0 24 52 ) (0 16 40 ) 
5 11 96 0 (0 0 36 ) (0 0 52 ) (0 16 52 ) (0 16 40 ) (0 13.333332 36 ) 
4 11 55 0 (0 0 52 ) (0 0 36 ) (8.888888 0 36 ) (16 0 52 ) 
3 11 20 0 (8.888889 0 36 ) (0 0 36 ) (0 13.333332 36 ) 
5 11 16 0 (8.002098 1.336481 36 ) (0 13.339060 36 ) (0 16 39.991669 ) (0.003702 16 40 ) (8.001678 12 51.997482 ) 
5 11 15 0 (8.893127 0 36 ) (8.002098 1.336481 36 ) (8.001678 12.002518 52 ) (16 0.005037 52 ) (16 0 51.992443 ) 
3 12 15 0 (16 16 40 ) (16 16 52 ) (10.666665 16 52 ) 
3 13 90 0 (0 18 36 ) (0 16 36 ) (0 16 38 ) 
4 13 20 0 (16 18 36 ) (16 16 36 ) (0 16 36 ) (0 18 36 ) 
4 13 16 0 (0 16 38 ) (0 16 36 ) (16 16 36 ) (16 16 38 ) 
3 14 92 0 (0 26 52 ) (0 28 52 ) (0 28 50 ) 
3 15 56 0 (8.888888 0 36 ) (16 0 36 ) (16 0 52 ) 
4 15 20 0 (16 13.333335 36 ) (16 0 36 ) (8.888889 0 36 ) (8 1.333334 36 ) 
4 15 16 0 (16 16 40 ) (16 13.333778 36 ) (8 1.333900 36 ) (8 12 51.998608 ) 
3 16 96 0 (0 16 36 ) (0 13.333332 36 ) (0 16 40 ) 
5 16 20 0 (16 16 36 ) (16 13.333335 36 ) (8 1.333334 36 ) (0 13.333332 36 ) (0 16 36 ) 
4 17 89 0 (0 52 36 ) (0 256 36 ) (0 256 0 ) (0 52 0 ) 
4 17 29 0 (0 52 0 ) (0 60 0 ) (2 60 0 ) (2 52 0 ) 
4 17 28 0 (0 60 0 ) (0 62 0 ) (2 62 0 ) (2 60 0 ) 
4 17 25 0 (2 62 0 ) (16 62 0 ) (16 52 0 ) (2 52 0 ) 
4 17 21 0 (0 62 0 ) (0 256 0 ) (16 256 0 ) (16 62 0 ) 
4 17 18 0 (16 52 8 ) (16 52 36 ) (0 52 36 ) (0 52 8 ) 
3 18 89 0 (0 46.399998 36 ) (0 52 36 ) (0 52 8 ) 
4 18 19 0 (16 49 22.998844 ) (16 46.400604 36 ) (0 46.400604 36 ) (0 49 22.998846 ) 
3 19 89 0 (0 40 36 ) (0 46.399998 36 ) (0 49 23 ) 
5 20 94 0 (0 16 36 ) (0 20 36 ) (0 28 28 ) (0 28 0 ) (0 16 0 ) 
6 20 89 0 (0 28 28 ) (0 32 24 ) (0 38 15 ) (0 40 4 ) (0 40 0 ) (0 28 0 ) 
4 20 96 0 (0 0 0 ) (0 0 36 ) (0 16 36 ) (0 16 0 ) 
4 20 62 0 (0 0 36 ) (0 0 0 ) (16 0 0 ) (16 0 36 ) 
4 20 32 0 (16 0 0 ) (0 0 0 ) (0 32 0 ) (16 32 0 ) 
4 20 30 0 (0 36 0 ) (0 40 0 ) (16 40 0 ) (16 36 0 ) 
4 20 31 0 (0 32 0 ) (0 36 0 ) (16 36 0 ) (16 32 0 ) 
4 21 108 0 (0 256 -40 ) (0 256 -44 ) (0 62 -44 ) (0 62 -40 ) 
4 21 97 0 (0 62 0 ) (0 256 0 ) (0 256 -40 ) (0 62 -40 ) 
4 21 41 0 (40 64 -44 ) (56 64 -44 ) (56 62 -44 ) (42 62 -44 ) 
4 21 40 0 (0 64 -44 ) (0 256 -44 ) (56 256 -44 ) (56 64 -44 ) 
4 21 39 0 (56 256 -44 ) (256 256 -44 ) (256 62 -44 ) (56 62 -44 ) 
4 21 36 0 (14 62 -44 ) (16 62 -44 ) (16 62 -40 ) (14 62 -40 ) 
4 21 37 0 (0 62 -44 ) (2 62 -44 ) (2 62 -40 ) (0 62 -40 ) 
4 21 34 0 (16 62 -44 ) (40 62 -44 ) (40 62 -40 ) (16 62 -40 ) 
4 21 33 0 (40 62 -44 ) (256 62 -44 ) (256 62 -40 ) (40 62 -40 ) 
4 21 28 0 (2 62 0 ) (0 62 0 ) (0 62 -40 ) (2 62 -40 ) 
4 21 26 0 (14 62 -40 ) (16 62 -40 ) (16 62 -36 ) (14 62 -36 ) 
4 21 25 0 (16 62 0 ) (2 62 0 ) (2 62 -36 ) (16 62 -36 ) 
4 21 24 0 (24 62 -36 ) (16 62 -36 ) (16 62 -40 ) (24 62 -40 ) 
4 21 23 0 (256 62 -40 ) (256 62 -36 ) (24 62 -36 ) (24 62 -40 ) 
4 21 22 0 (256 62 -36 ) (256 62 0 ) (16 62 0 ) (16 62 -36 ) 
4 22 66 0 (256 0 -36 ) (256 0 0 ) (16 0 0 ) (16 0 -36 ) 
4 22 32 0 (16 32 -36 ) (16 0 -36 ) (16 0 0 ) (16 32 0 ) 
4 22 30 0 (16 36 -28 ) (16 36 0 ) (16 40 0 ) (16 40 -20 ) 
4 22 27 0 (16 60 -36 ) (16 52 -32 ) (16 52 -6 ) (16 60 -30 ) 
3 22 26 0 (16 62 -36 ) (16 60 -36 ) (16 60 -30 ) 
4 22 25 0 (16 62 0 ) (16 62 -36 ) (16 52 -6 ) (16 52 0 ) 
4 22 31 0 (16 36 -36 ) (16 32 -36 ) (16 32 0 ) (16 36 0 ) 
4 22 24 0 (16 32 -36 ) (16 62 -36 ) (24 62 -36 ) (24 32 -36 ) 
4 22 23 0 (24 62 -36 ) (256 62 -36 ) (256 0 -36 ) (24 0 -36 ) 
4 23 67 0 (24 0 -40 ) (256 0 -40 ) (256 0 -36 ) (24 0 -36 ) 
3 23 35 0 (40 48 -40 ) (40 40 -40 ) (32 48 -40 ) 
4 23 34 0 (24 62 -40 ) (40 62 -40 ) (40 48 -40 ) (24 48 -40 ) 
4 23 33 0 (40 62 -40 ) (256 62 -40 ) (256 0 -40 ) (40 0 -40 ) 
4 23 24 0 (24 62 -40 ) (24 32 -40 ) (24 32 -36 ) (24 62 -36 ) 
4 24 34 0 (16 62 -40 ) (24 62 -40 ) (24 48 -40 ) (16 48 -40 ) 
4 24 26 0 (16 62 -36 ) (16 62 -40 ) (16 60 -40 ) (16 60 -36 ) 
4 24 31 0 (16 36 -40 ) (16 32 -40 ) (16 32 -36 ) (16 36 -36 ) 
4 25 29 0 (2 60 -30 ) (2 52 -6 ) (2 52 0 ) (2 60 0 ) 
4 25 28 0 (2 62 0 ) (2 62 -36 ) (2 60 -30 ) (2 60 0 ) 
4 25 27 0 (16 60 -30.007504 ) (16 52 -6.004441 ) (14 52 -6.004441 ) (14 60 -30.007065 ) 
4 25 26 0 (14 62 -36.007721 ) (16 62 -36.008270 ) (16 60 -30.007504 ) (14 60 -30.007065 ) 
4 26 36 0 (14 62 -40 ) (16 62 -40 ) (16 60 -40 ) (14 60 -40 ) 
4 26 27 0 (14 60 -30 ) (14 60 -36 ) (16 60 -36 ) (16 60 -30 ) 
4 28 97 0 (0 60 0 ) (0 62 0 ) (0 62 -40 ) (0 60 -40 ) 
4 28 37 0 (0 62 -40 ) (2 62 -40 ) (2 60 -40 ) (0 60 -40 ) 
4 28 29 0 (2 60 -36 ) (2 60 0 ) (0 60 0 ) (0 60 -36 ) 
4 29 97 0 (0 52 0 ) (0 60 0 ) (0 60 -36 ) (0 52 -32 ) 
4 30 97 0 (0 36 0 ) (0 40 0 ) (0 40 -20 ) (0 36 -28 ) 
4 30 31 0 (16 36 -28 ) (16 36 0 ) (0 36 0 ) (0 36 -28 ) 
4 31 97 0 (0 32 0 ) (0 36 0 ) (0 36 -40 ) (0 32 -40 ) 
4 31 32 0 (16 32 -36 ) (16 32 0 ) (0 32 0 ) (0 32 -36 ) 
4 32 98 0 (0 0 -36 ) (0 0 0 ) (0 32 0 ) (0 32 -36 ) 
4 32 72 0 (0 0 0 ) (0 0 -36 ) (16 0 -36 ) (16 0 0 ) 
4 33 69 0 (40 0 -44 ) (256 0 -44 ) (256 0 -40 ) (40 0 -40 ) 
3 33 41 0 (42 62 -44 ) (56 62 -44 ) (56 48 -44 ) 
4 33 39 0 (256 0 -44 ) (56 0 -44 ) (56 62 -44 ) (256 62 -44 ) 
4 33 35 0 (40 40 -40 ) (40 48 -40 ) (40 48 -44 ) (40 40 -44 ) 
4 33 34 0 (40 48 -40 ) (40 62 -40 ) (40 62 -44 ) (40 48 -44 ) 
4 34 36 0 (16 60 -40 ) (16 62 -40 ) (16 62 -44 ) (16 60 -44 ) 
4 34 35 0 (32 48 -44 ) (40 48 -44 ) (40 48 -40 ) (32 48 -40 ) 
4 37 108 0 (0 60 -40 ) (0 62 -40 ) (0 62 -44 ) (0 60 -44 ) 
4 38 43 0 (0 36 -44 ) (0 48 -44 ) (16 48 -44 ) (16 36 -44 ) 
4 39 82 0 (56 0 -52 ) (256 0 -52 ) (256 0 -44 ) (56 0 -44 ) 
4 39 44 0 (256 0 -52 ) (56 0 -52 ) (56 256 -52 ) (256 256 -52 ) 
4 39 41 0 (56 64 -52 ) (56 48 -52 ) (56 48 -44 ) (56 64 -44 ) 
4 39 40 0 (56 256 -44 ) (56 256 -52 ) (56 64 -52 ) (56 64 -44 ) 
4 40 118 0 (0 64 -44 ) (0 256 -44 ) (0 256 -52 ) (0 64 -52 ) 
4 40 44 0 (0 64 -52 ) (0 256 -52 ) (56 256 -52 ) (56 64 -52 ) 
4 40 41 0 (40 64 -52 ) (56 64 -52 ) (56 64 -44 ) (40 64 -44 ) 
3 41 44 0 (40 64 -52 ) (56 64 -52 ) (56 48 -52 ) 
4 42 44 0 (0 48 -52 ) (0 60 -52 ) (16 60 -52 ) (16 48 -52 ) 
4 42 43 0 (0 48 -52 ) (16 48 -52 ) (16 48 -44 ) (0 48 -44 ) 
4 43 119 0 (0 0 -52 ) (0 0 -44 ) (0 48 -44 ) (0 48 -52 ) 
4 43 83 0 (0 0 -44 ) (0 0 -52 ) (40 0 -52 ) (40 0 -44 ) 
5 43 44 0 (40 0 -52 ) (0 0 -52 ) (0 48 -52 ) (32 48 -52 ) (40 40 -52 ) 
4 44 138 0 (0 0 -53 ) (0 0 -52 ) (0 25 -52 ) (0 25 -53 ) 
4 44 137 0 (0 25 -52 ) (0 256 -52 ) (0 256 -53 ) (0 25 -53 ) 
4 44 141 0 (0 0 -192 ) (0 0 -53 ) (0 256 -53 ) (0 256 -192 ) 
4 44 87 0 (0 0 -52 ) (0 0 -192 ) (256 0 -192 ) (256 0 -52 ) 
4 45 66 0 (18 0 0 ) (256 0 0 ) (256 -320 0 ) (18 -320 0 ) 
3 45 51 0 (18 -28 36 ) (18 -28 48 ) (18 -20 36 ) 
3 45 50 0 (18 -24 52 ) (18 -16 52 ) (18 -16 40 ) 
3 45 49 0 (18 -28 50 ) (18 -28 52 ) (18 -26 52 ) 
3 45 48 0 (18 -16 38 ) (18 -16 36 ) (18 -18 36 ) 
4 45 47 0 (18 -16 52 ) (18 0 52 ) (18 0 36 ) (18 -16 36 ) 
4 45 52 0 (18 0 0 ) (18 -28 0 ) (18 -28 36 ) (18 0 36 ) 
4 45 53 0 (18 -28 0 ) (18 -320 0 ) (18 -320 52 ) (18 -28 52 ) 
4 45 46 0 (18 -320 52 ) (18 -320 448 ) (18 0 448 ) (18 0 52 ) 
4 46 54 0 (16 0 448 ) (16 0 52 ) (16 -320 52 ) (16 -320 448 ) 
4 46 50 0 (18 -16 52 ) (18 -24 52 ) (16 -24 52 ) (16 -16 52 ) 
4 46 49 0 (18 -26 52 ) (18 -28 52 ) (16 -28 52 ) (16 -26 52 ) 
4 46 47 0 (18 0 52 ) (18 -16 52 ) (16 -16 52 ) (16 0 52 ) 
4 46 53 0 (18 -28 52 ) (18 -320 52 ) (16 -320 52 ) (16 -28 52 ) 
3 47 57 0 (16 -16 40 ) (16 -16 52 ) (16 -12 52 ) 
5 47 56 0 (16 0 52 ) (16 0 36 ) (16 -16 36 ) (16 -16 40 ) (16 -12 52 ) 
4 47 50 0 (18 -16 40 ) (18 -16 52 ) (16 -16 52 ) (16 -16 40 ) 
4 47 48 0 (16 -16 36 ) (18 -16 36 ) (18 -16 38 ) (16 -16 38 ) 
4 47 52 0 (16 -16 36 ) (16 0 36 ) (18 0 36 ) (18 -16 36 ) 
3 48 60 0 (16 -16 36 ) (16 -18 36 ) (16 -16 38 ) 
4 48 52 0 (16 -18 36 ) (16 -16 36 ) (18 -16 36 ) (18 -18 36 ) 
3 49 59 0 (16 -28 50 ) (16 -28 52 ) (16 -26 52 ) 
4 49 53 0 (18 -28 50 ) (18 -28 52 ) (16 -28 52 ) (16 -28 50 ) 
3 50 58 0 (16 -24 52 ) (16 -16 52 ) (16 -16 40 ) 
4 51 52 0 (18 -28 36 ) (16 -28 36 ) (16 -20 36 ) (18 -20 36 ) 
4 51 53 0 (18 -28 36 ) (18 -28 48 ) (16 -28 48 ) (16 -28 36 ) 
4 52 66 0 (16 -28 0 ) (16 0 0 ) (18 0 0 ) (18 -28 0 ) 
5 52 62 0 (16 0 36 ) (16 0 0 ) (16 -28 0 ) (16 -28 28 ) (16 -20 36 ) 
4 52 53 0 (18 -28 0 ) (18 -28 36 ) (16 -28 36 ) (16 -28 0 ) 
4 53 66 0 (16 -320 0 ) (16 -28 0 ) (18 -28 0 ) (18 -320 0 ) 
3 53 64 0 (16 -49 23 ) (16 -46.399998 36 ) (16 -40 36 ) 
3 53 63 0 (16 -52 8 ) (16 -52 36 ) (16 -46.399998 36 ) 
6 53 62 0 (16 -28 0 ) (16 -40 0 ) (16 -40 4 ) (16 -38 15 ) (16 -32 24 ) (16 -28 28 ) 
4 53 65 0 (16 -52 0 ) (16 -320 0 ) (16 -320 36 ) (16 -52 36 ) 
5 53 61 0 (16 -320 36 ) (16 -320 52 ) (16 -28 52 ) (16 -28 48 ) (16 -40 36 ) 
4 54 142 0 (0 0 448 ) (0 0 52 ) (0 -320 52 ) (0 -320 448 ) 
4 54 61 0 (16 -320 52 ) (0 -320 52 ) (0 -28 52 ) (16 -28 52 ) 
4 54 59 0 (0 -28 52 ) (0 -26 52 ) (16 -26 52 ) (16 -28 52 ) 
3 54 58 0 (10.666666 -16 52 ) (16 -16 52 ) (16 -24 52 ) 
4 54 57 0 (8 -12 52 ) (16 -12 52 ) (16 -16 52 ) (10.666666 -16 52 ) 
3 54 56 0 (8 -12 52 ) (16 0 52 ) (16 -12 52 ) 
3 54 55 0 (0 -24 52 ) (0 0 52 ) (16 0 52 ) 
3 55 146 0 (0 -16 40 ) (0 -24 52 ) (0 -16 52 ) 
5 55 143 0 (0 0 52 ) (0 0 36 ) (0 -13.333332 36 ) (0 -16 40 ) (0 -16 52 ) 
3 55 62 0 (0 -13.333332 36 ) (0 0 36 ) (8.888888 0 36 ) 
7 55 56 0 (0 -13.337395 36 ) (8.891596 0 36 ) (16 0 51.993973 ) (16 -0.004018 52 ) (8.003177 -12 52 ) (0.002949 -16 40 ) (0 -16 39.993362 ) 
3 56 143 0 (0 -13.333332 36 ) (0 -16 36 ) (0 -16 40 ) 
5 56 62 0 (0 -16 36 ) (0 -13.333332 36 ) (8.888888 0 36 ) (16 0 36 ) (16 -16 36 ) 
4 56 60 0 (0 -16 38 ) (0 -16 36 ) (16 -16 36 ) (16 -16 38 ) 
4 56 57 0 (8 -11.996276 52 ) (7.998577 -11.996805 51.998409 ) (16 -15.997456 39.996181 ) (16 -11.996276 52 ) 
3 57 58 0 (16 -16 40 ) (16 -16 52 ) (10.666665 -16 52 ) 
3 59 145 0 (0 -28 50 ) (0 -28 52 ) (0 -26 52 ) 
4 59 61 0 (16 -28 50 ) (16 -28 52 ) (0 -28 52 ) (0 -28 50 ) 
3 60 144 0 (0 -16 36 ) (0 -18 36 ) (0 -16 38 ) 
4 60 62 0 (0 -18 36 ) (0 -16 36 ) (16 -16 36 ) (16 -18 36 ) 
5 61 149 0 (0 -40 36 ) (0 -320 36 ) (0 -320 52 ) (0 -28 52 ) (0 -28 48 ) 
4 61 64 0 (0 -46.399998 36 ) (0 -40 36 ) (16 -40 36 ) (16 -46.399998 36 ) 
4 61 63 0 (0 -52 36 ) (0 -46.399998 36 ) (16 -46.399998 36 ) (16 -52 36 ) 
4 61 65 0 (16 -320 36 ) (0 -320 36 ) (0 -52 36 ) (16 -52 36 ) 
5 62 148 0 (0 0 36 ) (0 0 0 ) (0 -28 0 ) (0 -28 28 ) (0 -20 36 ) 
6 62 149 0 (0 -28 0 ) (0 -40 0 ) (0 -40 4 ) (0 -38 15 ) (0 -32 24 ) (0 -28 28 ) 
4 62 74 0 (0 -40 0 ) (0 -36 0 ) (16 -36 0 ) (16 -40 0 ) 
4 62 72 0 (0 -36 0 ) (0 0 0 ) (16 0 0 ) (16 -36 0 ) 
3 63 149 0 (0 -52 8 ) (0 -52 36 ) (0 -46.399998 36 ) 
4 63 64 0 (0 -49 23 ) (0 -46.400318 36 ) (16 -46.400318 36 ) (16 -49 23 ) 
4 63 65 0 (16 -52 8 ) (16 -52 36 ) (0 -52 36 ) (0 -52 8 ) 
3 64 149 0 (0 -49 23 ) (0 -46.399998 36 ) (0 -40 36 ) 
4 65 149 0 (0 -52 0 ) (0 -320 0 ) (0 -320 36 ) (0 -52 36 ) 
4 65 79 0 (0 -60 0 ) (0 -52 0 ) (2 -52 0 ) (2 -60 0 ) 
4 65 80 0 (0 -62 0 ) (0 -60 0 ) (2 -60 0 ) (2 -62 0 ) 
4 65 76 0 (2 -52 0 ) (16 -52 0 ) (16 -62 0 ) (2 -62 0 ) 
4 65 81 0 (0 -320 0 ) (0 -62 0 ) (16 -62 0 ) (16 -320 0 ) 
4 66 77 0 (16 -52 -6 ) (16 -52 -32 ) (16 -60 -36 ) (16 -60 -30 ) 
3 66 78 0 (16 -60 -36 ) (16 -62 -36 ) (16 -60 -30 ) 
4 66 76 0 (16 -62 0 ) (16 -52 0 ) (16 -52 -6 ) (16 -62 -36 ) 
4 66 81 0 (16 -320 -36 ) (16 -320 0 ) (16 -62 0 ) (16 -62 -36 ) 
4 66 74 0 (16 -40 0 ) (16 -36 0 ) (16 -36 -28 ) (16 -40 -20 ) 
4 66 72 0 (16 -36 0 ) (16 0 0 ) (16 0 -36 ) (16 -36 -36 ) 
4 66 68 0 (16 -320 -36 ) (16 -32 -36 ) (24 -32 -36 ) (24 -320 -36 ) 
4 66 67 0 (24 0 -36 ) (256 0 -36 ) (256 -320 -36 ) (24 -320 -36 ) 
3 67 70 0 (40 -40 -40 ) (40 -48 -40 ) (32 -48 -40 ) 
4 67 71 0 (40 -320 -40 ) (24 -320 -40 ) (24 -48 -40 ) (40 -48 -40 ) 
4 67 69 0 (256 -320 -40 ) (40 -320 -40 ) (40 0 -40 ) (256 0 -40 ) 
4 67 68 0 (24 -32 -40 ) (24 -320 -40 ) (24 -320 -36 ) (24 -32 -36 ) 
4 68 78 0 (16 -62 -36 ) (16 -60 -36 ) (16 -60 -40 ) (16 -62 -40 ) 
4 68 81 0 (16 -320 -40 ) (16 -320 -36 ) (16 -62 -36 ) (16 -62 -40 ) 
4 68 73 0 (16 -36 -36 ) (16 -32 -36 ) (16 -32 -40 ) (16 -36 -40 ) 
4 68 71 0 (24 -320 -40 ) (16 -320 -40 ) (16 -48 -40 ) (24 -48 -40 ) 
4 69 84 0 (256 -48 -44 ) (256 -64 -44 ) (40 -64 -44 ) (56 -48 -44 ) 
4 69 86 0 (256 -64 -44 ) (256 -320 -44 ) (40 -320 -44 ) (40 -64 -44 ) 
4 69 82 0 (56 0 -44 ) (256 0 -44 ) (256 -48 -44 ) (56 -48 -44 ) 
4 69 70 0 (40 -40 -44 ) (40 -48 -44 ) (40 -48 -40 ) (40 -40 -40 ) 
4 69 71 0 (40 -48 -44 ) (40 -320 -44 ) (40 -320 -40 ) (40 -48 -40 ) 
4 70 71 0 (40 -48 -44 ) (40 -48 -40 ) (32 -48 -40 ) (32 -48 -44 ) 
4 71 86 0 (40 -64 -44 ) (40 -320 -44 ) (16 -320 -44 ) (16 -64 -44 ) 
4 71 78 0 (16 -60 -44 ) (16 -62 -44 ) (16 -62 -40 ) (16 -60 -40 ) 
4 71 81 0 (16 -62 -44 ) (16 -320 -44 ) (16 -320 -40 ) (16 -62 -40 ) 
4 72 154 0 (0 -36 0 ) (0 -32 0 ) (0 -32 -36 ) (0 -36 -36 ) 
4 72 151 0 (0 -32 0 ) (0 0 0 ) (0 0 -36 ) (0 -32 -36 ) 
4 72 74 0 (16 -36 -28 ) (16 -36 0 ) (0 -36 0 ) (0 -36 -28 ) 
4 72 73 0 (16 -36 -36 ) (0 -36 -36 ) (0 -32 -36 ) (16 -32 -36 ) 
4 73 154 0 (0 -32 -40 ) (0 -36 -40 ) (0 -36 -36 ) (0 -32 -36 ) 
4 74 154 0 (0 -40 0 ) (0 -36 0 ) (0 -36 -28 ) (0 -40 -20 ) 
4 75 83 0 (0 -48 -44 ) (0 -36 -44 ) (16 -36 -44 ) (16 -48 -44 ) 
4 76 79 0 (2 -52 0 ) (2 -52 -6 ) (2 -60 -30 ) (2 -60 0 ) 
4 76 80 0 (2 -60 -30 ) (2 -62 -36 ) (2 -62 0 ) (2 -60 0 ) 
4 76 77 0 (14 -60 -30 ) (14 -52 -6 ) (16 -52 -6 ) (16 -60 -30 ) 
4 76 78 0 (16 -62 -36 ) (14 -62 -36 ) (14 -60 -30 ) (16 -60 -30 ) 
4 76 81 0 (16 -62 -36 ) (16 -62 0 ) (2 -62 0 ) (2 -62 -36 ) 
4 77 78 0 (14 -60 -30 ) (14 -60 -36 ) (16 -60 -36 ) (16 -60 -30 ) 
4 78 81 0 (14 -62 -44 ) (16 -62 -44 ) (16 -62 -36 ) (14 -62 -36 ) 
4 79 154 0 (0 -60 0 ) (0 -52 0 ) (0 -52 -32 ) (0 -60 -36 ) 
4 79 80 0 (2 -60 -36 ) (2 -60 0 ) (0 -60 0 ) (0 -60 -36 ) 
4 80 162 0 (0 -60 -40 ) (0 -60 -44 ) (0 -62 -44 ) (0 -62 -40 ) 
4 80 154 0 (0 -62 0 ) (0 -60 0 ) (0 -60 -40 ) (0 -62 -40 ) 
4 80 81 0 (0 -62 -44 ) (2 -62 -44 ) (2 -62 0 ) (0 -62 0 ) 
4 81 162 0 (0 -62 -40 ) (0 -62 -44 ) (0 -320 -44 ) (0 -320 -40 ) 
4 81 154 0 (0 -320 0 ) (0 -62 0 ) (0 -62 -40 ) (0 -320 -40 ) 
4 81 86 0 (0 -320 -44 ) (0 -64 -44 ) (16 -64 -44 ) (16 -320 -44 ) 
4 82 87 0 (56 0 -52 ) (256 0 -52 ) (256 -48 -52 ) (56 -48 -52 ) 
4 82 84 0 (56 -48 -52 ) (256 -48 -52 ) (256 -48 -44 ) (56 -48 -44 ) 
4 83 187 0 (0 -24 -44 ) (0 0 -44 ) (0 0 -46.666668 ) (0 -24 -48.666668 ) 
4 83 186 0 (0 0 -46.666668 ) (0 0 -52 ) (0 -24 -52 ) (0 -24 -48.666668 ) 
4 83 163 0 (0 -48 -44 ) (0 -24 -44 ) (0 -24 -52 ) (0 -48 -52 ) 
5 83 87 0 (0 -48 -52 ) (0 0 -52 ) (40 0 -52 ) (40 -40 -52 ) (32 -48 -52 ) 
4 83 85 0 (0 -48 -52 ) (16 -48 -52 ) (16 -48 -44 ) (0 -48 -44 ) 
4 84 87 0 (56 -48 -52 ) (256 -48 -52 ) (256 -64 -52 ) (40 -64 -52 ) 
4 84 86 0 (40 -64 -52 ) (256 -64 -52 ) (256 -64 -44 ) (40 -64 -44 ) 
4 85 87 0 (0 -60 -52 ) (0 -48 -52 ) (16 -48 -52 ) (16 -60 -52 ) 
4 86 169 0 (0 -320 -44 ) (0 -64 -44 ) (0 -64 -52 ) (0 -320 -52 ) 
4 86 87 0 (0 -320 -52 ) (0 -64 -52 ) (256 -64 -52 ) (256 -320 -52 ) 
4 87 186 0 (0 -24 -52 ) (0 0 -52 ) (0 0 -192 ) (0 -24 -192 ) 
4 87 170 0 (0 -320 -52 ) (0 -24 -52 ) (0 -24 -192 ) (0 -320 -192 ) 
4 88 92 0 (-2 26 52 ) (-2 28 52 ) (0 28 52 ) (0 26 52 ) 
4 88 91 0 (0 16 52 ) (-2 16 52 ) (-2 24 52 ) (0 24 52 ) 
4 88 89 0 (-2 28 52 ) (-2 256 52 ) (0 256 52 ) (0 28 52 ) 
4 88 95 0 (-2 256 448 ) (-2 256 52 ) (-2 16 52 ) (-2 16 448 ) 
4 88 96 0 (0 16 52 ) (0 16 448 ) (-2 16 448 ) (-2 16 52 ) 
4 89 98 0 (0 32 0 ) (0 28 0 ) (-2 28 0 ) (-2 32 0 ) 
4 89 97 0 (-2 256 0 ) (0 256 0 ) (0 32 0 ) (-2 32 0 ) 
4 89 92 0 (0 28 52 ) (-2 28 52 ) (-2 28 50 ) (0 28 50 ) 
4 89 93 0 (-2 28 48 ) (-2 28 36 ) (0 28 36 ) (0 28 48 ) 
4 89 94 0 (-2 28 36 ) (-2 28 0 ) (0 28 0 ) (0 28 36 ) 
4 89 95 0 (-2 256 52 ) (-2 256 0 ) (-2 28 0 ) (-2 28 52 ) 
4 90 94 0 (0 16 36 ) (-2 16 36 ) (-2 18 36 ) (0 18 36 ) 
4 90 96 0 (0 16 36 ) (0 16 38 ) (-2 16 38 ) (-2 16 36 ) 
3 90 95 0 (-2 16 36 ) (-2 16 38 ) (-2 18 36 ) 
3 91 95 0 (-2 16 40 ) (-2 16 52 ) (-2 24 52 ) 
4 91 96 0 (0 16 40 ) (0 16 52 ) (-2 16 52 ) (-2 16 40 ) 
3 92 95 0 (-2 26 52 ) (-2 28 52 ) (-2 28 50 ) 
4 93 94 0 (-2 20 36 ) (-2 28 36 ) (0 28 36 ) (0 20 36 ) 
3 93 95 0 (-2 28 48 ) (-2 28 36 ) (-2 20 36 ) 
4 94 98 0 (0 28 0 ) (0 16 0 ) (-2 16 0 ) (-2 28 0 ) 
4 94 95 0 (-2 28 0 ) (-2 16 0 ) (-2 16 36 ) (-2 28 36 ) 
4 94 96 0 (-2 16 0 ) (0 16 0 ) (0 16 36 ) (-2 16 36 ) 
4 95 100 0 (-256 16 0 ) (-256 256 0 ) (-24 256 0 ) (-24 16 0 ) 
4 95 98 0 (-2 32 0 ) (-2 16 0 ) (-24 16 0 ) (-24 32 0 ) 
4 95 97 0 (-24 256 0 ) (-2 256 0 ) (-2 32 0 ) (-24 32 0 ) 
4 95 96 0 (-256 16 448 ) (-256 16 0 ) (-2 16 0 ) (-2 16 448 ) 
4 96 150 0 (-256 0 0 ) (-2 0 0 ) (-2 0 448 ) (-256 0 448 ) 
4 96 143 0 (0 0 36 ) (0 0 52 ) (-2 0 52 ) (-2 0 36 ) 
4 96 148 0 (-2 0 0 ) (0 0 0 ) (0 0 36 ) (-2 0 36 ) 
4 96 142 0 (0 0 52 ) (0 0 448 ) (-2 0 448 ) (-2 0 52 ) 
4 96 100 0 (-24 0 0 ) (-256 0 0 ) (-256 16 0 ) (-24 16 0 ) 
4 96 98 0 (0 0 0 ) (-24 0 0 ) (-24 16 0 ) (0 16 0 ) 
4 97 109 0 (-24 46 -40 ) (-24 256 -40 ) (-9 256 -40 ) (-9 51 -40 ) 
4 97 108 0 (-9 256 -40 ) (0 256 -40 ) (0 54 -40 ) (-9 51 -40 ) 
4 97 107 0 (-22.499998 46.499996 -40 ) (-18 48 -40 ) (-8 48 -40 ) (-20 44 -40 ) 
4 97 104 0 (-24 46 -40 ) (-22.499998 46.499996 -40 ) (-11 35 -40 ) (-12 34 -40 ) 
3 97 103 0 (-11 35 -40 ) (-8 32 -40 ) (-14 32 -40 ) 
3 97 102 0 (-18 48 -40 ) (0 54 -40 ) (0 48 -40 ) 
4 97 100 0 (-24 256 0 ) (-24 256 -40 ) (-24 32 -40 ) (-24 32 0 ) 
4 97 99 0 (-24 32 -36 ) (-24 32 -40 ) (-8 32 -40 ) (-8 32 -36 ) 
4 97 98 0 (-24 32 0 ) (-24 32 -36 ) (0 32 -36 ) (0 32 0 ) 
4 98 151 0 (0 0 -36 ) (0 0 0 ) (-24 0 0 ) (-24 0 -36 ) 
4 98 100 0 (-24 0 -36 ) (-24 0 0 ) (-24 32 0 ) (-24 32 -36 ) 
3 98 99 0 (-24 16 -36 ) (-24 32 -36 ) (-8 32 -36 ) 
4 99 103 0 (-24 16 -40 ) (-24 22 -40 ) (-14 32 -40 ) (-8 32 -40 ) 
4 99 100 0 (-24 32 -40 ) (-24 16 -40 ) (-24 16 -36 ) (-24 32 -36 ) 
4 100 153 0 (-256 0 -40 ) (-24 0 -40 ) (-24 0 0 ) (-256 0 0 ) 
4 100 116 0 (-24 0 -40 ) (-40 0 -40 ) (-40 16 -40 ) (-24 16 -40 ) 
4 100 117 0 (-40 0 -40 ) (-256 0 -40 ) (-256 16 -40 ) (-40 16 -40 ) 
5 100 114 0 (-256 17 -40 ) (-256 245 -40 ) (-41 30 -40 ) (-43 24 -40 ) (-64 17 -40 ) 
4 100 113 0 (-37 26 -40 ) (-36 25 -40 ) (-42 23 -40 ) (-41.500004 24.499992 -40 ) 
3 100 112 0 (-44 17 -40 ) (-64 17 -40 ) (-41.500004 24.499992 -40 ) 
4 100 115 0 (-256 16 -40 ) (-256 17 -40 ) (-28 17 -40 ) (-27 16 -40 ) 
5 100 109 0 (-256 246 -40 ) (-256 256 -40 ) (-24 256 -40 ) (-24 46 -40 ) (-48 38 -40 ) 
3 100 106 0 (-24 46 -40 ) (-40 30 -40 ) (-48 38 -40 ) 
3 100 105 0 (-24 22 -40 ) (-28 18 -40 ) (-33 23 -40 ) 
4 100 103 0 (-24 22 -40 ) (-24 16 -40 ) (-26 16 -40 ) (-28 18 -40 ) 
4 100 101 0 (-256 245 -40 ) (-256 246 -40 ) (-26 16 -40 ) (-27 16 -40 ) 
4 101 132 0 (-38.250000 28.249998 -44 ) (-36.500000 26.500000 -44 ) (-36.750000 25.750000 -44 ) (-38.500000 27.499998 -44 ) 
4 101 120 0 (-256 245 -44 ) (-256 246 -44 ) (-50.250011 40.250011 -44 ) (-50.500000 39.500000 -44 ) 
4 101 116 0 (-26 16 -40.250004 ) (-26 16 -40 ) (-27 16 -40 ) (-27 16 -40.375000 ) 
4 101 114 0 (-256 245 -40 ) (-256 245 -44 ) (-41 30 -44 ) (-41 30 -40 ) 
4 101 113 0 (-37 26 -44 ) (-36 25 -44 ) (-36 25 -40 ) (-37 26 -40 ) 
4 101 115 0 (-28 17 -44 ) (-27 16 -44 ) (-27 16 -40 ) (-28 17 -40 ) 
4 101 111 0 (-48 38 -44 ) (-60 50 -44 ) (-60 50 -43 ) (-48 38 -43 ) 
4 101 110 0 (-60 50 -44 ) (-256 245.998672 -44 ) (-256 245.998672 -43 ) (-60 50 -43 ) 
4 101 109 0 (-256 245.998672 -43 ) (-256 245.998672 -40 ) (-48 38 -40 ) (-48 38 -43 ) 
4 101 106 0 (-40 30 -44 ) (-48 38 -44 ) (-48 38 -40 ) (-40 30 -40 ) 
4 101 105 0 (-28 18 -44 ) (-33 23 -44 ) (-33 23 -40 ) (-28 18 -40 ) 
4 101 103 0 (-26 16 -40 ) (-26 16 -44 ) (-28 18 -44 ) (-28 18 -40 ) 
3 102 123 0 (-9 48 -44 ) (-18 48 -44 ) (-9 51 -44 ) 
4 102 121 0 (-8 48 -44 ) (-9 48 -44 ) (-9 51 -44 ) (-8 51.333328 -44 ) 
4 102 109 0 (-18.007902 48 -43 ) (-18.007908 48 -40 ) (-9 51.002647 -40 ) (-9 51.002644 -43 ) 
4 102 108 0 (0 54.002651 -44 ) (-9 51.002644 -44 ) (-9 51.002647 -40 ) (0 54.002655 -40 ) 
4 102 107 0 (-18.011717 48 -40 ) (-18.011717 48 -44 ) (-8 48 -44 ) (-8 48 -40 ) 
3 103 116 0 (-24 16 -40 ) (-26 16 -40 ) (-26 16 -40.250004 ) 
4 103 105 0 (-24 22 -44 ) (-28.002954 17.997046 -44 ) (-28.002954 17.997046 -40 ) (-24 22 -40 ) 
4 103 104 0 (-10.998519 35.001480 -40 ) (-10.998519 35.001480 -44 ) (-12 34 -44 ) (-12 34 -40 ) 
4 104 129 0 (-24 46 -44 ) (-22.499996 46.499996 -44 ) (-21.500000 45.500000 -44 ) (-22.500002 44.500000 -44 ) 
3 104 128 0 (-20 44 -44 ) (-21 43 -44 ) (-21.500002 43.500000 -44 ) 
4 104 126 0 (-21.500000 45.500000 -44 ) (-20 44 -44 ) (-21.500002 43.500000 -44 ) (-22.500002 44.500000 -44 ) 
4 104 111 0 (-22.501970 46.501972 -44 ) (-24.001970 46.001972 -44 ) (-24.001970 46.001972 -43 ) (-22.501970 46.501972 -43 ) 
4 104 109 0 (-24.001970 46.001972 -43 ) (-24.001970 46.001972 -40 ) (-22.501972 46.501972 -40 ) (-22.501970 46.501972 -43 ) 
4 104 107 0 (-20 44 -44 ) (-22.499035 46.498196 -44 ) (-22.499035 46.498196 -40 ) (-20 44 -40 ) 
3 106 129 0 (-47.250000 38.250000 -44 ) (-24 46 -44 ) (-39.500000 30.499998 -44 ) 
4 106 111 0 (-24.001970 46.001972 -44 ) (-47.998840 38.002991 -44 ) (-47.998840 38.002991 -43 ) (-24.001970 46.001972 -43 ) 
4 106 109 0 (-47.998840 38.002991 -43 ) (-47.998840 38.002991 -40 ) (-24.001970 46.001972 -40 ) (-24.001970 46.001972 -43 ) 
4 107 129 0 (-21.500000 45.500000 -44 ) (-22.499996 46.499996 -44 ) (-21.749996 46.749996 -44 ) (-21 46 -44 ) 
4 107 126 0 (-20 44 -44 ) (-21.500000 45.500000 -44 ) (-21 46 -44 ) (-19.250000 44.250000 -44 ) 
5 107 123 0 (-21.749996 46.749996 -44 ) (-18 48 -44 ) (-9 48 -44 ) (-9 47.666664 -44 ) (-19.250000 44.250000 -44 ) 
3 107 121 0 (-9 48 -44 ) (-8 48 -44 ) (-9 47.666664 -44 ) 
4 107 111 0 (-21.001970 47.001972 -44 ) (-22.501970 46.501972 -44 ) (-22.501970 46.501972 -43 ) (-21.001972 47.001972 -43 ) 
4 107 109 0 (-22.501970 46.501972 -43 ) (-22.501972 46.501972 -40 ) (-18.007908 48 -40 ) (-18.007902 48 -43 ) 
4 108 121 0 (-8 167 -44 ) (-8 51.333324 -44 ) (-9 51 -44 ) (-9 164 -44 ) 
4 108 120 0 (-9 256 -44 ) (-8 256 -44 ) (-8 167 -44 ) (-9 164 -44 ) 
4 108 118 0 (-8 256 -44 ) (0 256 -44 ) (0 64 -44 ) (-8 64 -44 ) 
4 108 110 0 (-9 256 -43 ) (-9 256 -44 ) (-9 67 -44 ) (-9 67 -43 ) 
4 108 109 0 (-9 256 -40 ) (-9 256 -43 ) (-9 51 -43 ) (-9 51 -40 ) 
4 109 111 0 (-21 47 -43 ) (-48 38 -43 ) (-60 50 -43 ) (-33 59 -43 ) 
5 109 110 0 (-9 256 -43 ) (-9 67 -43 ) (-60 50 -43 ) (-256 246 -43 ) (-256 256 -43 ) 
3 110 122 0 (-9 164 -44 ) (-9 67 -44 ) (-45.375000 54.875004 -44 ) 
6 110 120 0 (-256 246 -44 ) (-256 256 -44 ) (-9 256 -44 ) (-9 164 -44 ) (-45.375000 54.875004 -44 ) (-60 50 -44 ) 
4 110 111 0 (-33 59 -43 ) (-60 50 -43 ) (-60 50 -44 ) (-33 59 -44 ) 
5 111 129 0 (-21.749996 46.749996 -44 ) (-47.250000 38.250000 -44 ) (-50 41 -44 ) (-45.374996 54.875004 -44 ) (-33.750004 58.750004 -44 ) 
4 111 124 0 (-21 47 -44 ) (-21.749996 46.749996 -44 ) (-33.750004 58.750004 -44 ) (-33 59 -44 ) 
3 111 120 0 (-50.249996 40.249996 -44 ) (-60 50 -44 ) (-45.374996 54.875004 -44 ) 
3 112 120 0 (-58 17 -44 ) (-64 17 -44 ) (-57.249996 19.249998 -44 ) 
4 112 114 0 (-43 24 -44 ) (-64.003693 17 -44 ) (-64.003693 17 -40 ) (-43 24 -40 ) 
4 112 113 0 (-41.998886 23 -44 ) (-41.499886 24.496443 -44 ) (-41.499886 24.496443 -40 ) (-41.998886 23 -40 ) 
4 112 115 0 (-64 17 -44 ) (-44 17 -44 ) (-44 17 -40 ) (-64 17 -40 ) 
5 113 132 0 (-37 26 -44 ) (-36.750000 25.750002 -44 ) (-37.125004 24.624998 -44 ) (-39.750000 23.749998 -44 ) (-39.250000 25.249992 -44 ) 
5 114 120 0 (-256 17 -44 ) (-256 245 -44 ) (-50.499992 39.499992 -44 ) (-57.249996 19.249998 -44 ) (-64 17 -44 ) 
4 114 115 0 (-256 17 -40 ) (-256 17 -44 ) (-64 17 -44 ) (-64 17 -40 ) 
4 115 133 0 (-58 17 -44 ) (-39.666664 17 -44 ) (-40 16 -44 ) (-58.333332 16 -44 ) 
4 115 120 0 (-256 16 -44 ) (-256 17 -44 ) (-58 17 -44 ) (-58.333332 16 -44 ) 
4 115 116 0 (-27 16 -40.375000 ) (-27 16 -40 ) (-40 16 -40 ) (-40 16 -42 ) 
4 115 117 0 (-256 16 -40 ) (-256 16 -44 ) (-40 16 -44 ) (-40 16 -40 ) 
3 116 155 0 (-24 0 -40 ) (-40 0 -40 ) (-40 0 -42 ) 
4 116 117 0 (-40 16 -40 ) (-40 16 -42 ) (-40 0 -42 ) (-40 0 -40 ) 
4 117 156 0 (-256 0 -44 ) (-40 0 -44 ) (-40 0 -40 ) (-256 0 -40 ) 
4 117 136 0 (-56 0 -44 ) (-256 0 -44 ) (-256 16 -44 ) (-56 16 -44 ) 
4 118 137 0 (-8 64 -52 ) (-8 256 -52 ) (0 256 -52 ) (0 64 -52 ) 
4 118 121 0 (-8 167 -52 ) (-8 64 -52 ) (-8 64 -44 ) (-8 167 -44 ) 
4 118 120 0 (-8 256 -52 ) (-8 167 -52 ) (-8 167 -44 ) (-8 256 -44 ) 
4 119 187 0 (0 0 -46.666668 ) (0 0 -44 ) (-8 0 -44 ) (-8 0 -47.333332 ) 
4 119 186 0 (-8 0 -52 ) (0 0 -52 ) (0 0 -46.666668 ) (-8 0 -47.333332 ) 
4 119 138 0 (0 0 -52 ) (-8 0 -52 ) (-8 33 -52 ) (0 25 -52 ) 
4 119 137 0 (-8 33 -52 ) (-8 48 -52 ) (0 48 -52 ) (0 25 -52 ) 
4 119 135 0 (-8 16 -52 ) (-8 0 -52 ) (-8 0 -44 ) (-8 16 -44 ) 
4 119 134 0 (-8 32 -52 ) (-8 16 -52 ) (-8 16 -44 ) (-8 32 -44 ) 
5 120 140 0 (-256 256 -52 ) (-231 256 -52 ) (-41.499996 66.500000 -52 ) (-49.499996 42.500000 -52 ) (-256 249 -52 ) 
4 120 139 0 (-49.499996 42.500000 -52 ) (-58.333328 16 -52 ) (-256 16 -52 ) (-256 249 -52 ) 
4 120 137 0 (-231 256 -52 ) (-8 256 -52 ) (-8 167 -52 ) (-41.499996 66.500000 -52 ) 
4 120 136 0 (-256 16 -52 ) (-58.333332 16 -52 ) (-58.333328 16 -44 ) (-256 16 -44 ) 
4 120 133 0 (-58.334743 16 -44 ) (-58.334743 16 -52 ) (-58.001411 17 -52 ) (-58.001411 17 -44 ) 
4 120 130 0 (-50.001099 41.001099 -52 ) (-45.376686 54.874435 -52 ) (-45.376686 54.874435 -45 ) (-50.001099 41.001099 -45 ) 
4 120 129 0 (-45.376686 54.874435 -45 ) (-45.376686 54.874435 -44 ) (-50.001099 41.001099 -44 ) (-50.001099 41.001099 -45 ) 
4 120 122 0 (-45.376686 54.874435 -52 ) (-9 164.005219 -52 ) (-9 164.005219 -44 ) (-45.376686 54.874435 -44 ) 
4 120 121 0 (-9 164.005219 -52 ) (-8 167.005234 -52 ) (-8 167.005234 -44 ) (-9 164.005219 -44 ) 
4 121 137 0 (-8 167 -52 ) (-8 48 -52 ) (-9 47.666664 -52 ) (-9 164 -52 ) 
4 121 125 0 (-9 67 -52 ) (-9 51 -52 ) (-9 51 -51 ) (-9 67 -51 ) 
4 121 123 0 (-9 51 -52 ) (-9 47.666656 -52 ) (-9 47.666664 -44 ) (-9 51 -44 ) 
4 121 122 0 (-9 163.996094 -44 ) (-9 163.996094 -52 ) (-9 67 -52 ) (-9 67 -44 ) 
3 122 140 0 (-45.374996 54.875000 -52 ) (-41.499996 66.500000 -52 ) (-33.750000 58.749996 -52 ) 
4 122 137 0 (-41.499996 66.500000 -52 ) (-9 164 -52 ) (-9 67 -52 ) (-33.750000 58.749996 -52 ) 
4 122 130 0 (-45.375217 54.874340 -45 ) (-45.375217 54.874340 -52 ) (-33.749512 58.749512 -52 ) (-33.749512 58.749512 -45 ) 
4 122 129 0 (-45.375217 54.874340 -44 ) (-45.375217 54.874340 -45 ) (-33.749512 58.749512 -45 ) (-33.749512 58.749512 -44 ) 
4 122 124 0 (-33 59 -44 ) (-33.749512 58.749512 -44 ) (-33.749512 58.749512 -51 ) (-33 59 -51 ) 
4 122 125 0 (-33.749512 58.749512 -52 ) (-9 67 -52 ) (-9 67 -51 ) (-33.749512 58.749512 -51 ) 
4 123 137 0 (-9 51 -52 ) (-9 47.666664 -52 ) (-19.249996 44.250000 -52 ) (-21.749996 46.750000 -52 ) 
4 123 129 0 (-21 46 -45 ) (-21 46 -44 ) (-21.749872 46.750042 -44 ) (-21.749872 46.750042 -45 ) 
4 123 126 0 (-21 46 -52 ) (-19.249844 44.250050 -52 ) (-19.249844 44.250050 -44 ) (-21 46 -44 ) 
4 123 124 0 (-21.001970 47.001968 -51 ) (-21.746994 46.753605 -51 ) (-21.746994 46.753605 -44 ) (-21.001970 47.001968 -44 ) 
4 123 125 0 (-9 51.003006 -51 ) (-9 51.003006 -52 ) (-21.746994 46.753605 -52 ) (-21.746994 46.753605 -51 ) 
4 124 130 0 (-33.749203 58.749203 -45 ) (-33.749203 58.749203 -51 ) (-33 58 -51 ) (-33 58 -45 ) 
4 124 129 0 (-33.749203 58.749203 -44 ) (-33.749203 58.749203 -45 ) (-21.749872 46.750042 -45 ) (-21.749872 46.750042 -44 ) 
4 124 125 0 (-21.002962 47.002960 -51 ) (-21.750000 46.753906 -51 ) (-33.747070 58.750977 -51 ) (-33 59 -51 ) 
4 125 137 0 (-33.749996 58.750000 -52 ) (-9 67 -52 ) (-9 51 -52 ) (-21.749996 46.750000 -52 ) 
4 125 130 0 (-33.749203 58.749203 -51 ) (-33.749203 58.749203 -52 ) (-33 58 -52 ) (-33 58 -51 ) 
3 126 138 0 (-24.500004 42.500000 -52 ) (-21 46 -52 ) (-19.249998 44.250000 -52 ) 
4 126 129 0 (-21.001333 45.998665 -44 ) (-21.001333 45.998665 -45 ) (-24.499998 42.500000 -45 ) (-24.499998 42.500000 -44 ) 
4 126 128 0 (-24.493549 42.504753 -44 ) (-24.493549 42.504753 -52 ) (-19.995256 44.004742 -52 ) (-19.995256 44.004742 -44 ) 
3 127 138 0 (-36.250000 27.249998 -52 ) (-38 29 -52 ) (-34.499996 32.500011 -52 ) 
4 127 132 0 (-38 29 -52 ) (-36.249966 27.250101 -52 ) (-36.249966 27.250101 -44 ) (-38 29 -44 ) 
4 127 131 0 (-37 30 -52 ) (-38.001381 28.998619 -52 ) (-38.001381 28.998619 -45 ) (-37 30 -45 ) 
4 127 129 0 (-38.001381 28.998619 -45 ) (-38.001381 28.998619 -44 ) (-34.499996 32.500000 -44 ) (-34.499996 32.500000 -45 ) 
4 127 128 0 (-36.001812 27.998188 -52 ) (-34.502567 32.494255 -52 ) (-34.502567 32.494255 -44 ) (-36.001812 27.998188 -44 ) 
4 128 138 0 (-36 28 -52 ) (-34.499996 32.500011 -52 ) (-24.500004 42.500000 -52 ) (-20 44 -52 ) 
4 128 129 0 (-34.499996 32.500000 -45 ) (-34.499996 32.500000 -44 ) (-24.499998 42.500000 -44 ) (-24.499998 42.500000 -45 ) 
4 129 131 0 (-37 30 -45 ) (-38 29 -45 ) (-50 41 -45 ) (-49 42 -45 ) 
4 129 130 0 (-33.745525 58.745525 -45 ) (-33 58 -45 ) (-50 41 -45 ) (-45.376213 54.871349 -45 ) 
5 130 140 0 (-49.499996 42.499996 -52 ) (-45.374996 54.875000 -52 ) (-33.749996 58.750000 -52 ) (-33 58 -52 ) (-49 42 -52 ) 
3 130 139 0 (-50 41 -52 ) (-49.499996 42.499996 -52 ) (-49 42 -52 ) 
4 130 131 0 (-49 42 -45 ) (-50 41 -45 ) (-50 41 -52 ) (-49 42 -52 ) 
4 131 139 0 (-38 29 -52 ) (-50 41 -52 ) (-49 42 -52 ) (-37 30 -52 ) 
4 132 138 0 (-39.666664 17 -52 ) (-42 17 -52 ) (-38 29 -52 ) (-36.250000 27.250000 -52 ) 
4 132 133 0 (-42 17 -52 ) (-39.666668 17 -52 ) (-39.666668 17 -44 ) (-42 17 -44 ) 
4 133 139 0 (-51 16 -52 ) (-58.333328 16 -52 ) (-58 17 -52 ) (-50 17 -52 ) 
4 133 138 0 (-40 16 -52 ) (-51 16 -52 ) (-50 17 -52 ) (-39.666664 17 -52 ) 
4 133 136 0 (-58.333332 16 -52 ) (-56 16 -52 ) (-56 16 -44 ) (-58.333328 16 -44 ) 
3 134 138 0 (-8 32 -52 ) (-8 16 -52 ) (-24 16 -52 ) 
4 134 135 0 (-24 16 -52 ) (-8 16 -52 ) (-8 16 -44 ) (-24 16 -44 ) 
4 135 181 0 (-40 0 -52 ) (-8 0 -52 ) (-8 0 -44 ) (-40 0 -44 ) 
4 135 138 0 (-8 0 -52 ) (-40 0 -52 ) (-40 16 -52 ) (-8 16 -52 ) 
4 136 174 0 (-65.666672 0 -52 ) (-56 0 -52 ) (-56 0 -44 ) (-65.666664 0 -44 ) 
4 136 172 0 (-256 0 -52 ) (-65.666672 0 -52 ) (-65.666664 0 -44 ) (-256 0 -44 ) 
5 136 139 0 (-67 0 -52 ) (-256 0 -52 ) (-256 16 -52 ) (-56 16 -52 ) (-56 11 -52 ) 
3 136 138 0 (-56 0 -52 ) (-67 0 -52 ) (-56 11 -52 ) 
4 137 140 0 (-230.998291 256 -52 ) (-230.998291 256 -53 ) (-33 58 -53 ) (-32.998775 58.001221 -52 ) 
4 137 138 0 (-21 46 -53 ) (0 25.001709 -53 ) (0 25.002567 -52 ) (-20.998758 46.001247 -52 ) 
3 137 141 0 (-231 256 -53 ) (0 256 -53 ) (0 25 -53 ) 
4 138 186 0 (0 0 -53 ) (0 0 -52 ) (-8 0 -52 ) (-8 0 -53 ) 
4 138 182 0 (-8 0 -52 ) (-67 0 -52 ) (-67 0 -53 ) (-8 0 -53 ) 
4 138 139 0 (-37 30 -53 ) (-67 0 -53 ) (-67 0 -52 ) (-37 30 -52 ) 
4 138 141 0 (0 0 -53 ) (-67 0 -53 ) (-21 46 -53 ) (0 25 -53 ) 
4 139 182 0 (-67 0 -52 ) (-256 0 -52 ) (-256 0 -53 ) (-67 0 -53 ) 
4 139 140 0 (-49 42 -53 ) (-256 249 -53 ) (-256 249 -52 ) (-49 42 -52 ) 
4 139 141 0 (-67 0 -53 ) (-256 0 -53 ) (-256 249 -53 ) (-37 30 -53 ) 
5 140 141 0 (-256 249 -53 ) (-256 256 -53 ) (-231 256 -53 ) (-33 58 -53 ) (-49 42 -53 ) 
4 141 186 0 (-8 0 -192 ) (0 0 -192 ) (0 0 -53 ) (-8 0 -53 ) 
4 141 185 0 (-256 0 -192 ) (-8 0 -192 ) (-8 0 -53 ) (-256 0 -53 ) 
4 142 150 0 (-2 -320 52 ) (-2 -320 448 ) (-2 0 448 ) (-2 0 52 ) 
4 142 146 0 (-2 -24 52 ) (-2 -16 52 ) (0 -16 52 ) (0 -24 52 ) 
4 142 145 0 (-2 -28 52 ) (-2 -26 52 ) (0 -26 52 ) (0 -28 52 ) 
4 142 143 0 (-2 -16 52 ) (-2 0 52 ) (0 0 52 ) (0 -16 52 ) 
4 142 149 0 (0 -320 52 ) (-2 -320 52 ) (-2 -28 52 ) (0 -28 52 ) 
4 143 150 0 (-2 -16 52 ) (-2 0 52 ) (-2 0 36 ) (-2 -16 36 ) 
4 143 146 0 (0 -16 40 ) (0 -16 52 ) (-2 -16 52 ) (-2 -16 40 ) 
4 143 144 0 (-2 -16 36 ) (0 -16 36 ) (0 -16 38 ) (-2 -16 38 ) 
4 143 148 0 (-2 -16 36 ) (-2 0 36 ) (0 0 36 ) (0 -16 36 ) 
3 144 150 0 (-2 -16 38 ) (-2 -16 36 ) (-2 -18 36 ) 
4 144 148 0 (-2 -18 36 ) (-2 -16 36 ) (0 -16 36 ) (0 -18 36 ) 
3 145 150 0 (-2 -28 50 ) (-2 -28 52 ) (-2 -26 52 ) 
4 145 149 0 (0 -28 52 ) (-2 -28 52 ) (-2 -28 50 ) (0 -28 50 ) 
3 146 150 0 (-2 -24 52 ) (-2 -16 52 ) (-2 -16 40 ) 
3 147 150 0 (-2 -28 36 ) (-2 -28 48 ) (-2 -20 36 ) 
4 147 149 0 (-2 -28 48 ) (-2 -28 36 ) (0 -28 36 ) (0 -28 48 ) 
4 147 148 0 (0 -28 36 ) (-2 -28 36 ) (-2 -20 36 ) (0 -20 36 ) 
4 148 151 0 (-2 0 0 ) (0 0 0 ) (0 -28 0 ) (-2 -28 0 ) 
4 148 150 0 (-2 0 0 ) (-2 -28 0 ) (-2 -28 36 ) (-2 0 36 ) 
4 148 149 0 (-2 -28 36 ) (-2 -28 0 ) (0 -28 0 ) (0 -28 36 ) 
4 149 154 0 (0 -32 0 ) (0 -320 0 ) (-2 -320 0 ) (-2 -32 0 ) 
4 149 151 0 (0 -28 0 ) (0 -32 0 ) (-2 -32 0 ) (-2 -28 0 ) 
4 149 150 0 (-2 -28 0 ) (-2 -320 0 ) (-2 -320 52 ) (-2 -28 52 ) 
4 150 154 0 (-2 -32 0 ) (-2 -320 0 ) (-256 -320 0 ) (-256 -32 0 ) 
4 150 151 0 (-24 0 0 ) (-2 0 0 ) (-2 -32 0 ) (-24 -32 0 ) 
4 150 153 0 (-256 0 0 ) (-24 0 0 ) (-24 -32 0 ) (-256 -32 0 ) 
4 151 154 0 (0 -32 -36 ) (0 -32 0 ) (-24 -32 0 ) (-24 -32 -36 ) 
3 151 152 0 (-8 -32 -36 ) (-24 -32 -36 ) (-24 -16 -36 ) 
4 151 153 0 (-24 -32 -36 ) (-24 -32 0 ) (-24 0 0 ) (-24 0 -36 ) 
4 152 154 0 (-24 -32 -40 ) (-8 -32 -40 ) (-8 -32 -36 ) (-24 -32 -36 ) 
4 152 153 0 (-24 -16 -40 ) (-24 -32 -40 ) (-24 -32 -36 ) (-24 -16 -36 ) 
4 153 161 0 (-40.250000 -29.250000 -40 ) (-80 -16 -40 ) (-43 -16 -40 ) (-39 -28 -40 ) 
4 153 158 0 (-24 -16 -40 ) (-36 -28 -40 ) (-37.500000 -26.500000 -40 ) (-27 -16 -40 ) 
3 153 160 0 (-32 -32 -40 ) (-40.250000 -29.250000 -40 ) (-37.500000 -26.500000 -40 ) 
4 153 157 0 (-32 -32 -40 ) (-256 -32 -40 ) (-256 -16 -40 ) (-80 -16 -40 ) 
4 153 155 0 (-40 0 -40 ) (-24 0 -40 ) (-24 -16 -40 ) (-40 -16 -40 ) 
4 153 156 0 (-256 0 -40 ) (-40 0 -40 ) (-40 -16 -40 ) (-256 -16 -40 ) 
4 153 154 0 (-256 -32 0 ) (-256 -32 -40 ) (-24 -32 -40 ) (-24 -32 0 ) 
4 154 162 0 (0 -48 -40 ) (0 -320 -40 ) (-256 -320 -40 ) (-256 -48 -40 ) 
3 154 159 0 (-8 -32 -40 ) (-8 -40 -40 ) (-14 -38 -40 ) 
5 154 157 0 (-8 -48 -40 ) (-256 -48 -40 ) (-256 -32 -40 ) (-32 -32 -40 ) (-8 -40 -40 ) 
3 155 158 0 (-24 -16 -40 ) (-27 -16 -40 ) (-27 -16 -40.375000 ) 
4 155 156 0 (-40 -16 -42 ) (-40 -16 -40 ) (-40 0 -40 ) (-40 0 -42 ) 
4 156 180 0 (-49.933334 -16 -44 ) (-60.333336 -16 -44 ) (-61 -14 -44 ) (-49 -14 -44 ) 
4 156 175 0 (-44 -16 -44 ) (-49.933334 -16 -44 ) (-49 -14 -44 ) (-47.428574 -14 -44 ) 
3 156 173 0 (-47.428574 -14 -44 ) (-56 -14 -44 ) (-56 -9 -44 ) 
4 156 174 0 (-65.666664 0 -44 ) (-56 0 -44 ) (-56 -14 -44 ) (-61 -14 -44 ) 
4 156 172 0 (-256 0 -44 ) (-65.666664 0 -44 ) (-60.333336 -16 -44 ) (-256 -16 -44 ) 
4 156 161 0 (-120 -16 -44 ) (-43 -16 -44 ) (-43 -16 -40 ) (-80 -16 -40 ) 
4 156 157 0 (-256 -16 -40 ) (-256 -16 -44 ) (-120 -16 -44 ) (-80 -16 -40 ) 
3 157 188 0 (-24 -48 -44 ) (-56 -48 -44 ) (-48 -40 -44 ) 
4 157 177 0 (-52.875000 -38.375000 -44 ) (-50.624996 -39.125000 -44 ) (-50 -41 -44 ) (-51.500000 -42.500000 -44 ) 
6 157 172 0 (-57 -48 -44 ) (-256 -48 -44 ) (-256 -16 -44 ) (-120 -16 -44 ) (-52.875000 -38.375000 -44 ) (-51.500000 -42.500000 -44 ) 
4 157 171 0 (-56 -48 -44 ) (-57 -48 -44 ) (-48.750000 -39.750000 -44 ) (-48 -40 -44 ) 
5 157 162 0 (-256 -48 -40 ) (-256 -48 -44 ) (-24 -48 -44 ) (-8 -48 -42.400002 ) (-8 -48 -40 ) 
4 157 161 0 (-120.003296 -16 -44 ) (-80.004074 -16 -40 ) (-40.252117 -29.252115 -40 ) (-50.252804 -39.252808 -44 ) 
5 157 159 0 (-14.002842 -38.002842 -40 ) (-8 -40.004009 -40 ) (-8 -48 -42.398579 ) (-16 -48 -43.198578 ) (-20 -44 -42.398701 ) 
5 157 160 0 (-40.252117 -29.252115 -40 ) (-31.995316 -32.004688 -40 ) (-16 -48 -43.198578 ) (-24.014208 -48 -44 ) (-50.252804 -39.252808 -44 ) 
4 158 178 0 (-36.500000 -27.500002 -44 ) (-37.500000 -26.500002 -44 ) (-36.750000 -25.750002 -44 ) (-36.250000 -27.250000 -44 ) 
3 158 171 0 (-36 -28 -44 ) (-36.500000 -27.500002 -44 ) (-36.250000 -27.250000 -44 ) 
4 158 160 0 (-37.499413 -26.500587 -40 ) (-37.499413 -26.500587 -44 ) (-36 -28 -44 ) (-36 -28 -40 ) 
4 159 162 0 (-16 -48 -44 ) (-8 -48 -44 ) (-8 -48 -42.400002 ) (-16 -48 -43.200001 ) 
4 159 160 0 (-20 -44 -44 ) (-16 -48 -44 ) (-16 -48 -43.206219 ) (-20 -44 -42.406284 ) 
4 160 188 0 (-24 -48 -44 ) (-48 -40 -44 ) (-36 -28 -44 ) (-20 -44 -44 ) 
4 160 178 0 (-38.499996 -27.500000 -44 ) (-37.500000 -26.500002 -44 ) (-36.500000 -27.500000 -44 ) (-38 -29 -44 ) 
4 160 171 0 (-48 -40 -44 ) (-48.750000 -39.750000 -44 ) (-36.500000 -27.500000 -44 ) (-36 -28 -44 ) 
3 160 162 0 (-24 -48 -44 ) (-16 -48 -44 ) (-16 -48 -43.200001 ) 
4 160 161 0 (-50.245670 -39.247173 -44 ) (-40.245182 -29.246920 -40 ) (-39 -28.001326 -40 ) (-39 -28.001324 -44 ) 
3 161 180 0 (-56 -29 -44 ) (-60.333336 -16 -44 ) (-49.933334 -16 -44 ) 
4 161 179 0 (-53 -32 -44 ) (-54.833332 -26.499992 -44 ) (-50.400002 -17 -44 ) (-45 -17 -44 ) 
4 161 177 0 (-50.625000 -39.125000 -44 ) (-52.875004 -38.375000 -44 ) (-56 -29 -44 ) (-54.833332 -26.499992 -44 ) 
4 161 176 0 (-50.400002 -17 -44 ) (-49.933334 -16 -44 ) (-43 -16 -44 ) (-42.666672 -17 -44 ) 
3 161 172 0 (-52.875004 -38.375000 -44 ) (-120 -16 -44 ) (-60.333336 -16 -44 ) 
4 162 188 0 (-256 -280 -44 ) (-256 -248 -44 ) (-56 -48 -44 ) (-24 -48 -44 ) 
3 162 172 0 (-256 -247 -44 ) (-256 -48 -44 ) (-57 -48 -44 ) 
4 162 171 0 (-256 -248 -44 ) (-256 -247 -44 ) (-57 -48 -44 ) (-56 -48 -44 ) 
3 162 166 0 (-19.800005 -64 -44 ) (-40 -64 -44 ) (-27.375002 -51.375000 -44 ) 
4 162 165 0 (-20 -60 -44 ) (-22.750006 -59.083328 -44 ) (-27.375002 -51.375000 -44 ) (-26 -50 -44 ) 
3 162 164 0 (-8 -64 -44 ) (-19.800005 -64 -44 ) (-22.750006 -59.083328 -44 ) 
5 162 169 0 (0 -64 -44 ) (0 -320 -44 ) (-256 -320 -44 ) (-256 -280 -44 ) (-40 -64 -44 ) 
4 163 187 0 (-8 -32.001770 -44 ) (0 -24.001770 -44 ) (0 -24.001675 -48.666805 ) (-8 -32.001652 -50 ) 
4 163 186 0 (0 -24.001675 -48.666805 ) (0 -24.001608 -52 ) (-8 -32.001614 -52 ) (-8 -32.001652 -50 ) 
4 163 170 0 (-8 -31.998901 -52 ) (0 -23.998903 -52 ) (0 -48 -52 ) (-8 -48 -52 ) 
3 164 170 0 (-8 -64 -52 ) (-19.800005 -64 -52 ) (-22.750010 -59.083328 -52 ) 
4 164 168 0 (-21.006781 -61.997730 -52 ) (-19.805347 -64 -52 ) (-19.805347 -64 -45 ) (-21.006781 -61.997730 -45 ) 
4 164 166 0 (-19.805347 -64 -45 ) (-19.805347 -64 -44 ) (-22.756912 -59.081024 -44 ) (-22.756912 -59.081024 -45 ) 
4 164 165 0 (-20 -60 -52 ) (-22.749697 -59.083435 -52 ) (-22.749697 -59.083435 -44 ) (-20 -60 -44 ) 
4 164 169 0 (-19.800001 -64 -52 ) (-8 -64 -52 ) (-8 -64 -44 ) (-19.800001 -64 -44 ) 
4 165 188 0 (-27.374338 -51.376106 -44 ) (-26 -50.001106 -44 ) (-26 -50.001095 -45 ) (-27.374346 -51.376091 -45.229206 ) 
4 165 170 0 (-27.375416 -51.374317 -52 ) (-26 -50 -52 ) (-20 -60 -52 ) (-22.750010 -59.083328 -52 ) 
4 165 167 0 (-27.378632 -51.378632 -45 ) (-27.378632 -51.378632 -52 ) (-27.003616 -52.003616 -52 ) (-27.003616 -52.003616 -45 ) 
4 165 166 0 (-27.378632 -51.378632 -44 ) (-27.378632 -51.378632 -45 ) (-22.756912 -59.081024 -45 ) (-22.756912 -59.081024 -44 ) 
4 166 188 0 (-39.998238 -64 -44 ) (-27.374338 -51.376106 -44 ) (-27.374346 -51.376095 -45 ) (-39.998253 -64 -45 ) 
4 166 168 0 (-20.994389 -62.001862 -45 ) (-19.795311 -64 -45 ) (-39 -64 -45 ) (-33 -58 -45 ) 
4 166 167 0 (-27.372841 -51.372841 -45 ) (-26.997803 -51.997803 -45 ) (-39 -64 -45 ) (-40 -64 -45 ) 
4 166 169 0 (-40.007812 -64 -44 ) (-40.007812 -64 -45 ) (-19.800001 -64 -45 ) (-19.800001 -64 -44 ) 
4 167 189 0 (-32 -56 -52 ) (-39.998367 -64 -52 ) (-39.998291 -64 -47.333191 ) (-32 -56 -46 ) 
4 167 188 0 (-27.374346 -51.376095 -45 ) (-27.374348 -51.376091 -45.229206 ) (-39.998291 -64 -47.333191 ) (-39.998253 -64 -45 ) 
4 167 170 0 (-40.001102 -64 -52 ) (-27.375416 -51.374317 -52 ) (-27 -52 -52 ) (-39 -64 -52 ) 
4 167 168 0 (-33 -58 -45 ) (-39 -64 -45 ) (-39 -64 -52 ) (-33 -58 -52 ) 
4 167 169 0 (-40.007812 -64 -45 ) (-40.007812 -64 -52 ) (-39 -64 -52 ) (-39 -64 -45 ) 
4 168 170 0 (-21 -62 -52 ) (-19.800005 -64 -52 ) (-39 -64 -52 ) (-33 -58 -52 ) 
4 168 169 0 (-39 -64 -52 ) (-19.800001 -64 -52 ) (-19.800001 -64 -45 ) (-39 -64 -45 ) 
3 169 189 0 (-39.998291 -64 -47.333191 ) (-39.998367 -64 -52 ) (-68 -92 -52 ) 
5 169 188 0 (-256 -280.001770 -52 ) (-256 -280.001770 -44 ) (-39.998238 -64 -44 ) (-39.998291 -64 -47.333191 ) (-68 -92 -52 ) 
5 169 170 0 (-256 -320 -52 ) (-256 -279.998901 -52 ) (-40.001102 -64 -52 ) (0 -64 -52 ) (0 -320 -52 ) 
5 170 189 0 (-256 -280.001770 -91.333481 ) (-256 -280.001770 -83.333481 ) (-68 -92 -52 ) (-32 -56 -52 ) (-32 -56 -54 ) 
3 170 188 0 (-256 -280.001770 -83.333481 ) (-256 -280.001770 -52 ) (-68 -92 -52 ) 
5 170 186 0 (0 -23.998758 -192 ) (-256 -280.001770 -192 ) (-256 -280.001770 -91.333481 ) (-20 -44 -52 ) (0 -24.001608 -52 ) 
3 171 189 0 (-84 -76 -52 ) (-48 -40 -52 ) (-48 -40 -46 ) 
4 171 188 0 (-256 -247.997940 -44 ) (-256 -247.997940 -52 ) (-84 -76 -52 ) (-36 -28 -44 ) 
4 171 184 0 (-72.622993 -64.620697 -52 ) (-256 -247.992310 -52 ) (-256 -247 -52 ) (-71.750008 -62.750008 -52 ) 
4 171 183 0 (-36 -28 -52 ) (-72.622993 -64.620697 -52 ) (-71.750008 -62.750008 -52 ) (-36.250000 -27.250000 -52 ) 
4 171 178 0 (-36.253513 -27.253513 -44 ) (-36.253513 -27.253513 -52 ) (-38 -29 -52 ) (-38 -29 -44 ) 
4 171 177 0 (-50 -41 -52 ) (-51.500000 -42.500000 -52 ) (-51.500004 -42.500004 -44 ) (-50 -41 -44 ) 
4 171 172 0 (-51.500000 -42.500000 -52 ) (-256 -247 -52 ) (-256 -247 -44 ) (-51.500004 -42.500004 -44 ) 
5 172 184 0 (-256 -247 -52 ) (-256 -14 -52 ) (-61 -14 -52 ) (-56 -29 -52 ) (-71.750008 -62.750008 -52 ) 
3 172 183 0 (-56 -29 -52 ) (-51.500000 -42.500000 -52 ) (-71.750008 -62.750008 -52 ) 
4 172 182 0 (-256 -14 -52 ) (-256 0 -52 ) (-65.666664 0 -52 ) (-61 -14 -52 ) 
4 172 180 0 (-61.002602 -14 -46.667027 ) (-61.002602 -14 -44 ) (-56.001518 -29.003250 -44 ) (-56.001518 -29.003250 -45 ) 
4 172 177 0 (-51.502213 -42.501171 -44 ) (-51.502213 -42.501171 -52 ) (-56.001518 -29.003250 -52 ) (-56.001518 -29.003250 -44 ) 
4 172 174 0 (-61.002602 -14 -52 ) (-65.669266 0 -52 ) (-65.669266 0 -44 ) (-61.002602 -14 -44 ) 
3 173 182 0 (-47.428574 -14 -52 ) (-56 -14 -52 ) (-56 -9 -52 ) 
4 173 180 0 (-49 -14 -45 ) (-49 -14 -44 ) (-56 -14 -44 ) (-56 -14 -45.972221 ) 
4 173 175 0 (-49 -14 -52 ) (-47.428574 -14 -52 ) (-47.428574 -14 -44 ) (-49 -14 -44 ) 
4 173 174 0 (-56 -9 -52 ) (-56 -14 -52 ) (-56 -14 -44 ) (-56 -9 -44 ) 
4 174 182 0 (-65.666664 0 -52 ) (-56 0 -52 ) (-56 -14 -52 ) (-61 -14 -52 ) 
4 174 180 0 (-61 -14 -44 ) (-61 -14 -46.666668 ) (-56 -14 -45.972221 ) (-56 -14 -44 ) 
4 175 183 0 (-44 -16 -52 ) (-49.933334 -16 -52 ) (-49 -14 -52 ) (-47.428574 -14 -52 ) 
4 175 180 0 (-48.998112 -14 -44 ) (-48.998112 -14 -45 ) (-49.931572 -16 -45 ) (-49.931572 -16 -44 ) 
4 175 176 0 (-49.937500 -16 -44 ) (-49.937500 -16 -52 ) (-44 -16 -52 ) (-44 -16 -44 ) 
4 176 183 0 (-40 -16 -52 ) (-39.666664 -17 -52 ) (-50.400002 -17 -52 ) (-49.933334 -16 -52 ) 
4 176 180 0 (-50.398300 -17 -45 ) (-50.398300 -17 -44 ) (-49.931572 -16 -44 ) (-49.931572 -16 -45 ) 
4 176 179 0 (-50.402344 -17 -44 ) (-50.402344 -17 -52 ) (-45 -17 -52 ) (-45 -17 -44 ) 
4 176 178 0 (-42 -17 -52 ) (-39.666664 -17 -52 ) (-39.666664 -17 -44 ) (-42 -17 -44 ) 
4 177 183 0 (-50 -41 -52 ) (-51.500000 -42.500000 -52 ) (-56 -29 -52 ) (-54.833332 -26.499992 -52 ) 
4 177 180 0 (-56 -29 -45 ) (-56 -29 -44 ) (-54.832874 -26.501371 -44 ) (-54.832874 -26.501371 -45 ) 
4 177 179 0 (-53.001793 -32.003361 -52 ) (-54.835690 -26.502415 -52 ) (-54.835690 -26.502415 -44 ) (-53.001793 -32.003361 -44 ) 
4 178 183 0 (-39.666664 -17 -52 ) (-36.250000 -27.250000 -52 ) (-38 -29 -52 ) (-42 -17 -52 ) 
4 179 183 0 (-53 -32 -52 ) (-54.833332 -26.499992 -52 ) (-50.400002 -17 -52 ) (-45 -17 -52 ) 
4 179 180 0 (-54.832874 -26.501371 -45 ) (-54.832874 -26.501371 -44 ) (-50.398300 -17 -44 ) (-50.398300 -17 -45 ) 
4 181 187 0 (-8 0 -47.333366 ) (-8 0 -44 ) (-24 -16 -44 ) (-24 -16 -50 ) 
4 181 186 0 (-24 -16 -52 ) (-8 0 -52 ) (-8 0 -47.333366 ) (-24 -16 -50 ) 
4 181 183 0 (-22 -14 -52 ) (-24 -16 -52 ) (-40 -16 -52 ) (-40 -14 -52 ) 
4 181 182 0 (-8 0 -52 ) (-22 -14 -52 ) (-40 -14 -52 ) (-40 0 -52 ) 
4 182 186 0 (-22 -14 -53 ) (-8 0 -53 ) (-8 0 -52 ) (-22 -14 -52 ) 
4 182 184 0 (-256 -14 -53 ) (-61 -14 -53 ) (-61 -14 -52 ) (-256 -14 -52 ) 
4 182 183 0 (-49 -14 -53 ) (-22 -14 -53 ) (-22 -14 -52 ) (-49 -14 -52 ) 
4 182 185 0 (-8 0 -53 ) (-22 -14 -53 ) (-256 -14 -53 ) (-256 0 -53 ) 
4 183 189 0 (-72.624229 -64.623352 -53 ) (-48 -40 -53 ) (-48 -40 -52 ) (-72.624245 -64.623375 -52 ) 
4 183 186 0 (-42 -34 -53 ) (-22 -14 -53 ) (-22 -14 -52 ) (-36 -28 -52 ) 
4 183 184 0 (-56 -29.002359 -53 ) (-72.621460 -64.621468 -53 ) (-72.622704 -64.620079 -52 ) (-56 -29.001659 -52 ) 
3 183 185 0 (-22 -14 -53 ) (-72.622993 -64.620697 -53 ) (-49 -14 -53 ) 
4 184 189 0 (-90 -82 -53 ) (-72.624229 -64.623352 -53 ) (-72.624245 -64.623375 -52 ) (-84 -76 -52 ) 
4 184 188 0 (-256 -247.997940 -52 ) (-256 -247.997940 -53 ) (-90 -82 -53 ) (-84 -76 -52 ) 
5 184 185 0 (-72.622993 -64.620697 -53 ) (-256 -247.992310 -53 ) (-256 -14 -53 ) (-61 -14 -53 ) (-56 -29 -53 ) 
5 185 189 0 (-256 -247.997940 -80.666496 ) (-256 -247.997940 -88.666496 ) (-48 -40 -54 ) (-48 -40 -53 ) (-90 -82 -53 ) 
3 185 188 0 (-256 -247.997940 -53 ) (-256 -247.997940 -80.666496 ) (-90 -82 -53 ) 
5 185 186 0 (-256 -247.997940 -88.666496 ) (-256 -247.997940 -192 ) (-8.002067 0 -192 ) (-8 0 -53 ) (-42 -34 -53 ) 
4 186 189 0 (-48.003799 -39.996201 -54 ) (-256 -247.993149 -88.666176 ) (-256 -279.998840 -91.332489 ) (-32 -56 -54 ) 
5 186 187 0 (-8.007742 0 -47.334423 ) (-36.003822 -27.996181 -52 ) (-20 -44 -52 ) (0 -23.998848 -48.665825 ) (0 0 -46.666813 ) 
4 188 189 0 (-256 -247.989548 -80.666222 ) (-48.002041 -39.997967 -46 ) (-32 -56 -46 ) (-256 -280 -83.333839 ) 
8 0 (18 20 36 ) (18 18 36 ) (18 16 38 ) (18 16 40 ) (18 24 52 ) (18 26 52 ) (18 28 50 ) (18 28 48 ) 
4 0 (18 256 0 ) (18 256 448 ) (256 256 448 ) (256 256 0 ) 
4 0 (256 256 448 ) (256 0 448 ) (256 0 0 ) (256 256 0 ) 
4 0 (18 0 448 ) (256 0 448 ) (256 256 448 ) (18 256 448 ) 
4 1 (16 24 52 ) (16 26 52 ) (18 26 52 ) (18 24 52 ) 
4 1 (18 0 448 ) (18 256 448 ) (16 256 448 ) (16 0 448 ) 
4 1 (18 256 52 ) (16 256 52 ) (16 256 448 ) (18 256 448 ) 
3 2 (16 40 36 ) (16 28 36 ) (16 28 48 ) 
4 2 (18 28 48 ) (18 28 50 ) (16 28 50 ) (16 28 48 ) 
4 2 (18 256 52 ) (18 256 36 ) (16 256 36 ) (16 256 52 ) 
4 3 (16 28 50.001587 ) (18 28 50.001587 ) (18 26.001459 52 ) (16 26.001459 52 ) 
4 4 (18 17.995008 36 ) (16 17.995008 36 ) (16 16 37.997086 ) (18 16 37.997086 ) 
4 5 (18 16 39.996262 ) (16 16 39.996262 ) (16 24.001410 52 ) (18 24.001410 52 ) 
3 6 (16 28 48 ) (16 28 36 ) (16 20 36 ) 
4 6 (18 28 47.992188 ) (16 28 47.992188 ) (16 20.005209 36 ) (18 20.005209 36 ) 
3 7 (16 38 15 ) (16 40 12 ) (16 40 4 ) 
3 7 (16 20 36 ) (16 24 36 ) (16 32 24 ) 
3 7 (16 24 36 ) (16 40 36 ) (16 40 12 ) 
5 7 (16 52 0 ) (16 40 0 ) (16 40 36 ) (16 49 23 ) (16 52 8 ) 
4 7 (18 18 36 ) (18 20 36 ) (16 20 36 ) (16 18 36 ) 
4 7 (18 256 36 ) (18 256 0 ) (16 256 0 ) (16 256 36 ) 
4 8 (16 16 38 ) (16 16 40 ) (18 16 40 ) (18 16 38 ) 
3 9 (8 12 52 ) (5.333333 16 52 ) (10.666666 16 52 ) 
6 9 (16 26 52 ) (16 24 52 ) (10.666666 16 52 ) (5.333333 16 52 ) (0 24 52 ) (0 26 52 ) 
4 9 (16 256 448 ) (16 256 52 ) (0 256 52 ) (0 256 448 ) 
4 9 (0 0 448 ) (16 0 448 ) (16 256 448 ) (0 256 448 ) 
4 10 (16 28 48 ) (16 28 50 ) (0 28 50 ) (0 28 48 ) 
4 10 (16 256 52 ) (16 256 36 ) (0 256 36 ) (0 256 52 ) 
4 10 (0 40 36 ) (16 40 36 ) (16 28 47.998932 ) (0 28 47.998932 ) 
4 11 (0.003702 16 40 ) (5.336690 16 52 ) (8.001678 12.002518 52 ) (8.001678 12 51.997482 ) 
3 11 (0 16 39.991669 ) (0 24.005035 52 ) (5.336690 16 52 ) 
3 12 (16 16 40.009106 ) (10.670329 16 52 ) (16 23.994698 52 ) 
4 13 (16 17.998850 36 ) (0 17.998972 36 ) (0 16 37.998825 ) (16 16 37.998825 ) 
4 14 (16 26 52 ) (0 26 52 ) (0 28 50 ) (16 28 50 ) 
4 15 (10.666232 16 52 ) (16 16 40 ) (8 12 51.998608 ) (8 12.001391 52 ) 
4 16 (16 16 40 ) (16 16 38 ) (0 16 38 ) (0 16 40 ) 
4 16 (7.997492 11.998746 51.995949 ) (16 16 39.992252 ) (0 16 39.992252 ) (0 15.998278 39.997421 ) 
4 17 (0 52 0 ) (16 52 0 ) (16 52 8 ) (0 52 8 ) 
4 17 (16 256 36 ) (16 256 0 ) (0 256 0 ) (0 256 36 ) 
4 18 (0 52 8.002621 ) (16 52 8.002621 ) (16 49 22.998844 ) (0 49 22.998846 ) 
4 19 (0 48.995728 23.008776 ) (16 48.995728 23.008776 ) (16 40 36 ) (0 40 36 ) 
4 20 (16 31.988523 24.011475 ) (0 31.988523 24.011475 ) (0 20 36 ) (16 20 36 ) 
4 20 (0 20 36 ) (0 18 36 ) (16 18 36 ) (16 20 36 ) 
4 20 (0 40 4 ) (16 40 4 ) (16 40 0 ) (0 40 0 ) 
4 20 (0 37.998596 15.007723 ) (0 32.009613 23.990389 ) (16 32.009613 23.990389 ) (16 37.998596 15.007723 ) 
4 20 (16 40 4.005357 ) (0 40 4.005357 ) (0 38 15.001997 ) (16 38 15.001997 ) 
4 21 (0 62 -44 ) (0 64 -44 ) (16 64 -44 ) (16 62 -44 ) 
4 21 (16 64 -44 ) (40 64 -44 ) (42 62 -44 ) (16 62 -44 ) 
4 21 (2 62 -44 ) (14 62 -44 ) (14 62 -40 ) (2 62 -40 ) 
4 21 (2 62 -36 ) (2 62 -40 ) (14 62 -40 ) (14 62 -36 ) 
4 21 (256 256 0 ) (256 62 0 ) (256 62 -44 ) (256 256 -44 ) 
4 21 (0 256 0 ) (256 256 0 ) (256 256 -44 ) (0 256 -44 ) 
4 22 (16 40 -36 ) (16 36 -36 ) (16 36 -28 ) (16 40 -20 ) 
4 22 (16 52 -36 ) (16 40 -36 ) (16 40 0 ) (16 52 0 ) 
3 22 (16 60 -36 ) (16 52 -36 ) (16 52 -32 ) 
4 22 (16 0 -36 ) (16 32 -36 ) (24 32 -36 ) (24 0 -36 ) 
4 22 (256 62 -36 ) (256 62 0 ) (256 0 0 ) (256 0 -36 ) 
5 23 (40 40 -40 ) (40 0 -40 ) (24 0 -40 ) (24 48 -40 ) (32 48 -40 ) 
4 23 (24 32 -40 ) (24 0 -40 ) (24 0 -36 ) (24 32 -36 ) 
4 23 (256 62 -40 ) (256 62 -36 ) (256 0 -36 ) (256 0 -40 ) 
4 24 (24 48 -40 ) (24 32 -40 ) (16 32 -40 ) (16 48 -40 ) 
4 24 (16 40 -40 ) (16 36 -40 ) (16 36 -36 ) (16 40 -36 ) 
4 24 (16 52 -40 ) (16 40 -40 ) (16 40 -36 ) (16 52 -36 ) 
4 24 (16 60 -40 ) (16 52 -40 ) (16 52 -36 ) (16 60 -36 ) 
4 24 (24 32 -40 ) (24 32 -36 ) (16 32 -36 ) (16 32 -40 ) 
4 25 (16 52 -6 ) (16 52 0 ) (2 52 0 ) (2 52 -6 ) 
4 25 (2 52 -6.004442 ) (2 60 -30.004438 ) (14 60 -30.007065 ) (14 52 -6.004441 ) 
4 25 (2 60 -30.004438 ) (2 62 -36.004436 ) (14 62 -36.007721 ) (14 60 -30.007065 ) 
4 26 (14 60 -29.984381 ) (14 62 -35.984383 ) (14 62 -40 ) (14 60 -40 ) 
4 26 (14 60 -36 ) (14 60 -40 ) (16 60 -40 ) (16 60 -36 ) 
4 27 (16 52 -32 ) (16 52 -6 ) (14 52 -6 ) (14 52 -32 ) 
4 27 (14 52 -5.984375 ) (14 60 -29.984381 ) (14 60 -36 ) (14 52 -32 ) 
4 27 (16 52 -32 ) (14 52 -32 ) (14 60 -36 ) (16 60 -36 ) 
4 28 (0 60 -40 ) (2 60 -40 ) (2 60 -36 ) (0 60 -36 ) 
4 28 (2 60 -30 ) (2 60 -40 ) (2 62 -40 ) (2 62 -36 ) 
4 29 (2 52 -32 ) (2 52 0 ) (0 52 0 ) (0 52 -32 ) 
4 29 (2 60 -36 ) (2 60 -30 ) (2 52 -6 ) (2 52 -32 ) 
4 29 (0 60 -36 ) (2 60 -36 ) (2 52 -32 ) (0 52 -32 ) 
4 30 (0 40 -20 ) (0 40 0 ) (16 40 0 ) (16 40 -20 ) 
4 30 (16 36 -28 ) (0 36 -28 ) (0 40 -20 ) (16 40 -20 ) 
4 31 (16 36 -40 ) (16 32 -40 ) (0 32 -40 ) (0 36 -40 ) 
4 31 (0 32 -40 ) (16 32 -40 ) (16 32 -36 ) (0 32 -36 ) 
4 31 (0 36 -28 ) (16 36 -28 ) (16 36 -40 ) (0 36 -40 ) 
4 32 (0 32 -36 ) (16 32 -36 ) (16 0 -36 ) (0 0 -36 ) 
4 33 (56 0 -44 ) (40 0 -44 ) (40 48 -44 ) (56 48 -44 ) 
4 33 (40 48 -44 ) (40 62 -44 ) (42 62 -44 ) (56 48 -44 ) 
4 33 (40 0 -40 ) (40 40 -40 ) (40 40 -44 ) (40 0 -44 ) 
4 33 (256 62 -40 ) (256 0 -40 ) (256 0 -44 ) (256 62 -44 ) 
4 34 (16 48 -44 ) (16 62 -44 ) (40 62 -44 ) (40 48 -44 ) 
4 34 (16 48 -40 ) (16 60 -40 ) (16 60 -44 ) (16 48 -44 ) 
4 34 (16 48 -40 ) (16 48 -44 ) (32 48 -44 ) (32 48 -40 ) 
3 35 (32 48 -44 ) (40 48 -44 ) (40 40 -44 ) 
4 35 (32 48 -40 ) (32 48 -44 ) (40 40 -44 ) (40 40 -40 ) 
4 36 (14 62 -44 ) (16 62 -44 ) (16 60 -44 ) (14 60 -44 ) 
4 36 (14 60 -44 ) (16 60 -44 ) (16 60 -40 ) (14 60 -40 ) 
4 36 (14 60 -44 ) (14 60 -40 ) (14 62 -40 ) (14 62 -44 ) 
4 37 (0 60 -44 ) (0 62 -44 ) (2 62 -44 ) (2 60 -44 ) 
4 37 (2 62 -44 ) (2 62 -40 ) (2 60 -40 ) (2 60 -44 ) 
4 37 (0 60 -44 ) (2 60 -44 ) (2 60 -40 ) (0 60 -40 ) 
4 38 (0 36 -40 ) (0 48 -40 ) (0 48 -44 ) (0 36 -44 ) 
4 38 (0 48 -40 ) (16 48 -40 ) (16 48 -44 ) (0 48 -44 ) 
4 38 (0 36 -44 ) (16 36 -44 ) (16 36 -40 ) (0 36 -40 ) 
4 38 (16 36 -44 ) (16 48 -44 ) (16 48 -40 ) (16 36 -40 ) 
4 38 (0 48 -40 ) (0 40 -40 ) (16 40 -40 ) (16 48 -40 ) 
4 38 (0 40 -40 ) (0 36 -40 ) (16 36 -40 ) (16 40 -40 ) 
4 39 (56 48 -52 ) (56 0 -52 ) (56 0 -44 ) (56 48 -44 ) 
4 39 (56 256 -44 ) (256 256 -44 ) (256 256 -52 ) (56 256 -52 ) 
4 39 (256 0 -44 ) (256 0 -52 ) (256 256 -52 ) (256 256 -44 ) 
4 40 (0 64 -52 ) (16 64 -52 ) (16 64 -44 ) (0 64 -44 ) 
4 40 (16 64 -52 ) (40 64 -52 ) (40 64 -44 ) (16 64 -44 ) 
4 40 (0 256 -44 ) (56 256 -44 ) (56 256 -52 ) (0 256 -52 ) 
4 41 (40.001457 64 -44 ) (40.001457 64 -52 ) (56 48 -52 ) (56 48 -44 ) 
4 42 (0 48 -44 ) (0 60 -44 ) (0 60 -52 ) (0 48 -52 ) 
4 42 (16 48 -44 ) (16 60 -44 ) (0 60 -44 ) (0 48 -44 ) 
4 42 (16 60 -44 ) (16 48 -44 ) (16 48 -52 ) (16 60 -52 ) 
4 42 (0 60 -44 ) (16 60 -44 ) (16 60 -52 ) (0 60 -52 ) 
4 43 (40 40 -44 ) (40 0 -44 ) (40 0 -52 ) (40 40 -52 ) 
4 43 (16 48 -44 ) (32 48 -44 ) (32 48 -52 ) (16 48 -52 ) 
4 43 (16 36 -44 ) (0 36 -44 ) (0 0 -44 ) (16 0 -44 ) 
5 43 (40 40 -44 ) (32 48 -44 ) (16 48 -44 ) (16 0 -44 ) (40 0 -44 ) 
4 43 (40 40 -44 ) (40 40 -52 ) (32 48 -52 ) (32 48 -44 ) 
4 44 (256 0 -192 ) (0 0 -192 ) (0 256 -192 ) (256 256 -192 ) 
4 44 (16 48 -52 ) (56 48 -52 ) (40 64 -52 ) (16 64 -52 ) 
4 44 (16 60 -52 ) (16 64 -52 ) (0 64 -52 ) (0 60 -52 ) 
4 44 (56 48 -52 ) (40 48 -52 ) (40 0 -52 ) (56 0 -52 ) 
3 44 (40 40 -52 ) (40 48 -52 ) (32 48 -52 ) 
4 44 (256 256 -192 ) (0 256 -192 ) (0 256 -52 ) (256 256 -52 ) 
4 44 (256 0 -52 ) (256 0 -192 ) (256 256 -192 ) (256 256 -52 ) 
8 45 (18 -28 48 ) (18 -28 50 ) (18 -26 52 ) (18 -24 52 ) (18 -16 40 ) (18 -16 38 ) (18 -18 36 ) (18 -20 36 ) 
4 45 (256 0 448 ) (256 -320 448 ) (256 -320 0 ) (256 0 0 ) 
4 45 (18 -320 0 ) (256 -320 0 ) (256 -320 448 ) (18 -320 448 ) 
4 45 (256 0 448 ) (18 0 448 ) (18 -320 448 ) (256 -320 448 ) 
4 46 (18 -24 52 ) (18 -26 52 ) (16 -26 52 ) (16 -24 52 ) 
4 46 (18 0 448 ) (16 0 448 ) (16 -320 448 ) (18 -320 448 ) 
4 46 (16 -320 448 ) (16 -320 52 ) (18 -320 52 ) (18 -320 448 ) 
4 47 (18 -16 38 ) (18 -16 40 ) (16 -16 40 ) (16 -16 38 ) 
4 48 (16 -18.002188 36 ) (18 -18.002188 36 ) (18 -16 38.001587 ) (16 -16 38.001587 ) 
4 49 (18 -28 50 ) (16 -28 50 ) (16 -26 52 ) (18 -26 52 ) 
4 50 (16 -16 39.997887 ) (18 -16 39.997887 ) (18 -24.002495 52 ) (16 -24.002495 52 ) 
3 51 (16 -20 36 ) (16 -28 36 ) (16 -28 48 ) 
4 51 (16 -28 47.992516 ) (18 -28 47.992516 ) (18 -20.002823 36 ) (16 -20.002823 36 ) 
3 52 (16 -28 28 ) (16 -28 36 ) (16 -20 36 ) 
4 52 (18 -20 36 ) (18 -18 36 ) (16 -18 36 ) (16 -20 36 ) 
5 53 (16 -40 0 ) (16 -52 0 ) (16 -52 8 ) (16 -49 23 ) (16 -40 36 ) 
3 53 (16 -40 4 ) (16 -40 12 ) (16 -38 15 ) 
3 53 (16 -40 12 ) (16 -40 16 ) (16 -32 24 ) 
4 53 (16 -40 16 ) (16 -40 36 ) (16 -28 36 ) (16 -28 28 ) 
3 53 (16 -28 48 ) (16 -28 36 ) (16 -40 36 ) 
4 53 (16 -28 48 ) (16 -28 50 ) (18 -28 50 ) (18 -28 48 ) 
4 53 (16 -320 52 ) (16 -320 0 ) (18 -320 0 ) (18 -320 52 ) 
6 54 (0 -26 52 ) (0 -24 52 ) (5.333333 -16 52 ) (10.666666 -16 52 ) (16 -24 52 ) (16 -26 52 ) 
3 54 (5.333333 -16 52 ) (8 -12 52 ) (10.666666 -16 52 ) 
4 54 (0 -320 448 ) (0 -320 52 ) (16 -320 52 ) (16 -320 448 ) 
4 54 (16 0 448 ) (0 0 448 ) (0 -320 448 ) (16 -320 448 ) 
3 55 (5.336677 -16 52 ) (0 -24.005512 52 ) (0 -16 39.993362 ) 
3 55 (8.003177 -12 52 ) (5.336677 -16 52 ) (0.002949 -16 40 ) 
4 56 (0 -16 40 ) (0 -16 38 ) (16 -16 38 ) (16 -16 40 ) 
5 56 (7.998577 -11.996805 51.998409 ) (0 -15.996094 40 ) (0 -16 39.988548 ) (16 -16 39.988548 ) (16 -15.997456 39.996181 ) 
3 57 (7.997613 -12.002712 52 ) (15.991808 -16 40.008381 ) (10.662200 -16 52 ) 
3 58 (10.670138 -16 52 ) (16 -16 40.007812 ) (16 -23.993023 52 ) 
4 59 (16 -28 49.997818 ) (0 -28 50 ) (0 -25.998901 52 ) (16 -25.997644 52 ) 
4 60 (16 -16 38.004349 ) (0 -16 38.004349 ) (0 -18.004427 36 ) (16 -18.004826 36 ) 
4 61 (0 -320 52 ) (0 -320 36 ) (16 -320 36 ) (16 -320 52 ) 
4 61 (0 -28 48 ) (0 -28 50 ) (16 -28 50 ) (16 -28 48 ) 
4 61 (16 -40 36 ) (0 -40 36 ) (0 -28 47.998932 ) (16 -28 47.998932 ) 
4 62 (0 -40 0 ) (16 -40 0 ) (16 -40 4 ) (0 -40 4 ) 
4 62 (16 -37.997925 15.011424 ) (16 -32.016636 23.982861 ) (0 -32.016636 23.982861 ) (0 -37.997925 15.011424 ) 
4 62 (16 -20 36 ) (16 -18 36 ) (0 -18 36 ) (0 -20 36 ) 
4 62 (16 -31.998131 24.002804 ) (16 -20 36 ) (0 -20 36 ) (0 -31.998131 24.002804 ) 
4 62 (0 -40 4.005294 ) (16 -40 4.005294 ) (16 -38.001129 14.996716 ) (0 -38.001129 14.996716 ) 
4 63 (16 -52 8.001330 ) (0 -52 8.001330 ) (0 -49 23 ) (16 -49 23 ) 
4 64 (16 -48.995728 23.008776 ) (0 -48.995728 23.008776 ) (0 -40 36 ) (16 -40 36 ) 
4 65 (0 -52 8 ) (16 -52 8 ) (16 -52 0 ) (0 -52 0 ) 
4 65 (0 -320 36 ) (0 -320 0 ) (16 -320 0 ) (16 -320 36 ) 
3 66 (16 -52 -32 ) (16 -52 -36 ) (16 -60 -36 ) 
4 66 (16 -36 -28 ) (16 -36 -36 ) (16 -40 -36 ) (16 -40 -20 ) 
4 66 (16 -48 0 ) (16 -40 0 ) (16 -40 -36 ) (16 -48 -36 ) 
4 66 (16 -52 0 ) (16 -48 0 ) (16 -48 -36 ) (16 -52 -36 ) 
4 66 (16 -32 -36 ) (16 0 -36 ) (24 0 -36 ) (24 -32 -36 ) 
4 66 (256 0 -36 ) (256 0 0 ) (256 -320 0 ) (256 -320 -36 ) 
4 66 (256 -320 0 ) (16 -320 0 ) (16 -320 -36 ) (256 -320 -36 ) 
5 67 (24 -48 -40 ) (24 0 -40 ) (40 0 -40 ) (40 -40 -40 ) (32 -48 -40 ) 
4 67 (24 0 -40 ) (24 -32 -40 ) (24 -32 -36 ) (24 0 -36 ) 
4 67 (24 -320 -40 ) (256 -320 -40 ) (256 -320 -36 ) (24 -320 -36 ) 
4 67 (256 0 -36 ) (256 -320 -36 ) (256 -320 -40 ) (256 0 -40 ) 
4 68 (16 -60 -36 ) (16 -52 -36 ) (16 -52 -40 ) (16 -60 -40 ) 
4 68 (16 -40 -36 ) (16 -36 -36 ) (16 -36 -40 ) (16 -40 -40 ) 
4 68 (16 -48 -36 ) (16 -40 -36 ) (16 -40 -40 ) (16 -48 -40 ) 
4 68 (16 -52 -36 ) (16 -48 -36 ) (16 -48 -40 ) (16 -52 -40 ) 
4 68 (16 -48 -40 ) (16 -32 -40 ) (24 -32 -40 ) (24 -48 -40 ) 
4 68 (16 -320 -36 ) (16 -320 -40 ) (24 -320 -40 ) (24 -320 -36 ) 
4 68 (16 -32 -36 ) (24 -32 -36 ) (24 -32 -40 ) (16 -32 -40 ) 
3 69 (40 -64 -44 ) (40 -48 -44 ) (56 -48 -44 ) 
4 69 (40 0 -44 ) (56 0 -44 ) (56 -48 -44 ) (40 -48 -44 ) 
4 69 (40 0 -44 ) (40 -40 -44 ) (40 -40 -40 ) (40 0 -40 ) 
4 69 (256 0 -40 ) (256 -320 -40 ) (256 -320 -44 ) (256 0 -44 ) 
4 69 (40 -320 -44 ) (256 -320 -44 ) (256 -320 -40 ) (40 -320 -40 ) 
3 70 (40 -40 -44 ) (40 -48 -44 ) (32 -48 -44 ) 
4 70 (40 -40 -40 ) (40 -40 -44 ) (32 -48 -44 ) (32 -48 -40 ) 
4 71 (40 -48 -44 ) (40 -64 -44 ) (16 -64 -44 ) (16 -48 -44 ) 
4 71 (16 -52 -44 ) (16 -60 -44 ) (16 -60 -40 ) (16 -52 -40 ) 
4 71 (16 -48 -44 ) (16 -52 -44 ) (16 -52 -40 ) (16 -48 -40 ) 
4 71 (32 -48 -44 ) (16 -48 -44 ) (16 -48 -40 ) (32 -48 -40 ) 
4 71 (16 -320 -44 ) (40 -320 -44 ) (40 -320 -40 ) (16 -320 -40 ) 
4 72 (16 -36 -36 ) (16 -36 -28 ) (0 -36 -28 ) (0 -36 -36 ) 
4 72 (0 -32 -36 ) (0 0 -36 ) (16 0 -36 ) (16 -32 -36 ) 
4 73 (16 -36 -40 ) (16 -36 -36 ) (0 -36 -36 ) (0 -36 -40 ) 
4 73 (16 -36 -40 ) (0 -36 -40 ) (0 -32 -40 ) (16 -32 -40 ) 
4 73 (0 -32 -36 ) (16 -32 -36 ) (16 -32 -40 ) (0 -32 -40 ) 
4 74 (16 -40 -20 ) (16 -40 0 ) (0 -40 0 ) (0 -40 -20 ) 
4 74 (0 -36 -28 ) (16 -36 -28 ) (16 -40 -20 ) (0 -40 -20 ) 
4 75 (0 -36 -40 ) (0 -36 -44 ) (0 -48 -44 ) (0 -48 -40 ) 
4 75 (16 -40 -40 ) (16 -36 -40 ) (0 -36 -40 ) (0 -40 -40 ) 
4 75 (16 -40 -40 ) (0 -40 -40 ) (0 -48 -40 ) (16 -48 -40 ) 
4 75 (0 -48 -44 ) (16 -48 -44 ) (16 -48 -40 ) (0 -48 -40 ) 
4 75 (16 -36 -40 ) (16 -48 -40 ) (16 -48 -44 ) (16 -36 -44 ) 
4 75 (0 -36 -40 ) (16 -36 -40 ) (16 -36 -44 ) (0 -36 -44 ) 
4 76 (2 -60 -30 ) (2 -52 -6 ) (14 -52 -6 ) (14 -60 -30 ) 
4 76 (14 -62 -36 ) (2 -62 -36 ) (2 -60 -30 ) (14 -60 -30 ) 
4 76 (2 -52 -6 ) (2 -52 0 ) (16 -52 0 ) (16 -52 -6 ) 
4 77 (14 -60 -29.976562 ) (14 -52 -5.976562 ) (14 -52 -32 ) (14 -60 -36 ) 
4 77 (14 -52 -32 ) (14 -52 -6 ) (16 -52 -6 ) (16 -52 -32 ) 
4 77 (16 -60 -36 ) (14 -60 -36 ) (14 -52 -32 ) (16 -52 -32 ) 
4 78 (16 -60 -44 ) (16 -62 -44 ) (14 -62 -44 ) (14 -60 -44 ) 
4 78 (14 -62 -44 ) (14 -62 -35.976562 ) (14 -60 -29.976562 ) (14 -60 -44 ) 
4 78 (16 -60 -36 ) (16 -60 -44 ) (14 -60 -44 ) (14 -60 -36 ) 
4 79 (2 -60 -30 ) (2 -60 -36 ) (2 -52 -32 ) (2 -52 -6 ) 
4 79 (0 -52 -32 ) (0 -52 0 ) (2 -52 0 ) (2 -52 -32 ) 
4 79 (2 -60 -36 ) (0 -60 -36 ) (0 -52 -32 ) (2 -52 -32 ) 
4 80 (0 -62 -44 ) (0 -60 -44 ) (2 -60 -44 ) (2 -62 -44 ) 
4 80 (0 -60 -36 ) (2 -60 -36 ) (2 -60 -44 ) (0 -60 -44 ) 
4 80 (2 -60 -30 ) (2 -62 -36 ) (2 -62 -44 ) (2 -60 -44 ) 
4 81 (0 -64 -44 ) (0 -62 -44 ) (16 -62 -44 ) (16 -64 -44 ) 
4 81 (2 -62 -36 ) (14 -62 -36 ) (14 -62 -44 ) (2 -62 -44 ) 
4 81 (0 -320 -44 ) (16 -320 -44 ) (16 -320 0 ) (0 -320 0 ) 
4 82 (56 0 -52 ) (56 -48 -52 ) (56 -48 -44 ) (56 0 -44 ) 
4 82 (256 0 -44 ) (256 -48 -44 ) (256 -48 -52 ) (256 0 -52 ) 
4 83 (16 -48 -52 ) (32 -48 -52 ) (32 -48 -44 ) (16 -48 -44 ) 
4 83 (40 0 -44 ) (40 -40 -44 ) (40 -40 -52 ) (40 0 -52 ) 
5 83 (16 -48 -44 ) (32 -48 -44 ) (40 -40 -44 ) (40 0 -44 ) (16 0 -44 ) 
4 83 (16 -36 -44 ) (16 0 -44 ) (0 0 -44 ) (0 -36 -44 ) 
4 83 (32 -48 -44 ) (32 -48 -52 ) (40 -40 -52 ) (40 -40 -44 ) 
4 84 (256 -48 -44 ) (256 -64 -44 ) (256 -64 -52 ) (256 -48 -52 ) 
4 84 (56.001019 -48 -44 ) (56.001019 -48 -52 ) (40.001453 -64 -52 ) (40.001453 -64 -44 ) 
4 85 (0 -60 -44 ) (0 -48 -44 ) (0 -48 -52 ) (0 -60 -52 ) 
4 85 (16 -52 -44 ) (16 -48 -44 ) (0 -48 -44 ) (0 -52 -44 ) 
4 85 (14 -60 -44 ) (16 -60 -44 ) (16 -52 -44 ) (14 -52 -44 ) 
4 85 (2 -60 -44 ) (14 -60 -44 ) (14 -52 -44 ) (2 -52 -44 ) 
4 85 (2 -60 -44 ) (2 -52 -44 ) (0 -52 -44 ) (0 -60 -44 ) 
4 85 (16 -60 -44 ) (16 -60 -52 ) (16 -48 -52 ) (16 -48 -44 ) 
4 85 (0 -60 -52 ) (16 -60 -52 ) (16 -60 -44 ) (0 -60 -44 ) 
4 86 (0 -64 -44 ) (16 -64 -44 ) (16 -64 -52 ) (0 -64 -52 ) 
4 86 (16 -64 -44 ) (40 -64 -44 ) (40 -64 -52 ) (16 -64 -52 ) 
4 86 (256 -64 -44 ) (256 -320 -44 ) (256 -320 -52 ) (256 -64 -52 ) 
4 86 (0 -320 -52 ) (256 -320 -52 ) (256 -320 -44 ) (0 -320 -44 ) 
4 87 (0 -320 -192 ) (0 0 -192 ) (256 0 -192 ) (256 -320 -192 ) 
4 87 (40 -48 -52 ) (56 -48 -52 ) (56 0 -52 ) (40 0 -52 ) 
3 87 (32 -48 -52 ) (40 -48 -52 ) (40 -40 -52 ) 
4 87 (16 -64 -52 ) (40 -64 -52 ) (56 -48 -52 ) (16 -48 -52 ) 
4 87 (16 -64 -52 ) (16 -60 -52 ) (0 -60 -52 ) (0 -64 -52 ) 
4 87 (256 -320 -192 ) (256 0 -192 ) (256 0 -52 ) (256 -320 -52 ) 
4 87 (0 -320 -192 ) (256 -320 -192 ) (256 -320 -52 ) (0 -320 -52 ) 
4 88 (-2 24 52 ) (-2 26 52 ) (0 26 52 ) (0 24 52 ) 
4 88 (-2 16 448 ) (0 16 448 ) (0 256 448 ) (-2 256 448 ) 
4 88 (-2 256 52 ) (-2 256 448 ) (0 256 448 ) (0 256 52 ) 
4 89 (-2 28 50 ) (-2 28 48 ) (0 28 48 ) (0 28 50 ) 
4 89 (-2 256 52 ) (0 256 52 ) (0 256 0 ) (-2 256 0 ) 
3 89 (0 28 48 ) (0 28 36 ) (0 40 36 ) 
5 89 (0 40 0 ) (0 52 0 ) (0 52 8 ) (0 49 23 ) (0 40 36 ) 
4 89 (0 28 30 ) (0 40 12 ) (0 40 36 ) (0 28 36 ) 
3 89 (0 28 28 ) (0 32 24 ) (0 28 30 ) 
3 89 (0 40 4 ) (0 40 12 ) (0 38 15 ) 
4 90 (0 17.998199 36 ) (-2 17.998199 36 ) (-2 16 37.997997 ) (0 16 37.997997 ) 
4 91 (0 16 39.996246 ) (-2 16 39.996246 ) (-2 24.001507 52 ) (0 24.001507 52 ) 
4 92 (-2 28 50 ) (0 28 50 ) (0 26 52 ) (-2 26 52 ) 
4 93 (0 28 47.990829 ) (-2 28 47.990829 ) (-2 20.004904 36 ) (0 20.004904 36 ) 
3 93 (0 20 36 ) (0 28 36 ) (0 28 48 ) 
4 94 (0 18 36 ) (0 20 36 ) (-2 20 36 ) (-2 18 36 ) 
4 94 (0 28 28 ) (0 28 30 ) (0 24 36 ) (0 20 36 ) 
3 94 (0 28 30 ) (0 28 36 ) (0 24 36 ) 
8 95 (-2 18 36 ) (-2 20 36 ) (-2 28 48 ) (-2 28 50 ) (-2 26 52 ) (-2 24 52 ) (-2 16 40 ) (-2 16 38 ) 
4 95 (-2 256 448 ) (-2 256 0 ) (-256 256 0 ) (-256 256 448 ) 
4 95 (-256 256 0 ) (-256 16 0 ) (-256 16 448 ) (-256 256 448 ) 
4 95 (-2 16 448 ) (-2 256 448 ) (-256 256 448 ) (-256 16 448 ) 
4 96 (-2 16 38 ) (-2 16 40 ) (0 16 40 ) (0 16 38 ) 
4 96 (-256 16 0 ) (-256 0 0 ) (-256 0 448 ) (-256 16 448 ) 
4 96 (0 16 448 ) (-256 16 448 ) (-256 0 448 ) (0 0 448 ) 
5 97 (-8 48 -40 ) (0 48 -40 ) (0 32 -40 ) (-8 32 -40 ) (-20 44 -40 ) 
4 97 (-24 32 -40 ) (-24 46 -40 ) (-12 34 -40 ) (-14 32 -40 ) 
4 97 (-8 32 -40 ) (0 32 -40 ) (0 32 -36 ) (-8 32 -36 ) 
4 97 (0 52 -32 ) (0 52 -40 ) (0 60 -40 ) (0 60 -36 ) 
4 97 (0 40 -40 ) (0 52 -40 ) (0 52 0 ) (0 40 0 ) 
4 97 (0 36 -28 ) (0 36 -40 ) (0 40 -40 ) (0 40 -20 ) 
4 97 (-24 256 0 ) (0 256 0 ) (0 256 -40 ) (-24 256 -40 ) 
5 98 (0 0 -36 ) (-24 0 -36 ) (-24 16 -36 ) (-8 32 -36 ) (0 32 -36 ) 
3 99 (-24 22 -40 ) (-24 32 -40 ) (-14 32 -40 ) 
4 99 (-8.001282 32 -40 ) (-8.001282 32 -36 ) (-24 16.001282 -36 ) (-24 16.001282 -40 ) 
3 100 (-41 30 -40 ) (-37 26 -40 ) (-43 24 -40 ) 
4 100 (-36 25 -40 ) (-28 17 -40 ) (-44 17 -40 ) (-42 23 -40 ) 
4 100 (-24 46 -40 ) (-24 22 -40 ) (-33 23 -40 ) (-40 30 -40 ) 
4 100 (-256 256 0 ) (-24 256 0 ) (-24 256 -40 ) (-256 256 -40 ) 
4 100 (-24 16 -36 ) (-24 0 -36 ) (-24 0 -40 ) (-24 16 -40 ) 
4 100 (-256 256 0 ) (-256 256 -40 ) (-256 0 -40 ) (-256 0 0 ) 
4 101 (-27 17 -44 ) (-26 16 -44 ) (-27 16 -44 ) (-28 17 -44 ) 
4 101 (-50.250011 40.250011 -44 ) (-38.250000 28.249998 -44 ) (-38.500000 27.499998 -44 ) (-50.500000 39.500000 -44 ) 
4 101 (-36.500000 26.500000 -44 ) (-27 17 -44 ) (-28 17 -44 ) (-36.750000 25.750000 -44 ) 
4 101 (-27 16 -44 ) (-26 16 -44 ) (-26 16 -40.250004 ) (-27 16 -40.375000 ) 
4 101 (-41 30 -44 ) (-37 26 -44 ) (-37 26 -40 ) (-41 30 -40 ) 
4 101 (-36 25 -44 ) (-28 17 -44 ) (-28 17 -40 ) (-36 25 -40 ) 
4 101 (-33 23 -44 ) (-40 30 -44 ) (-40 30 -40 ) (-33 23 -40 ) 
4 101 (-256 246 -44 ) (-256 245 -44 ) (-256 245 -40 ) (-256 246 -40 ) 
4 102 (0 54 -44 ) (0 48 -44 ) (-8 48 -44 ) (-8 51.333328 -44 ) 
4 102 (-9 51.002644 -44 ) (-18.007900 48 -44 ) (-18.007902 48 -43 ) (-9 51.002644 -43 ) 
4 102 (-8 48 -44 ) (0 48 -44 ) (0 48 -40 ) (-8 48 -40 ) 
4 102 (0 48 -44 ) (0 54 -44 ) (0 54 -40 ) (0 48 -40 ) 
4 103 (-24 16 -44 ) (-26 16 -44 ) (-27 17 -44 ) (-23 17 -44 ) 
4 103 (-27 17 -44 ) (-28 18 -44 ) (-27.500000 18.500000 -44 ) (-26 17 -44 ) 
6 103 (-27.500000 18.500000 -44 ) (-11 35 -44 ) (-9 33 -44 ) (-9 31 -44 ) (-23 17 -44 ) (-26 17 -44 ) 
3 103 (-9 33 -44 ) (-8 32 -44 ) (-9 31 -44 ) 
4 103 (-26 16 -44 ) (-24 16 -44 ) (-24 16 -40 ) (-26 16 -40.250004 ) 
4 103 (-8 32 -44 ) (-11 35 -44 ) (-11 35 -40 ) (-8 32 -40 ) 
4 103 (-12 34 -44 ) (-24 22 -44 ) (-24 22 -40 ) (-12 34 -40 ) 
4 103 (-24 16 -40 ) (-24 16 -44 ) (-8.001282 31.998718 -44 ) (-8.001282 31.998718 -40 ) 
4 104 (-20 44 -44 ) (-11 35 -44 ) (-12 34 -44 ) (-21 43 -44 ) 
4 104 (-11 35 -44 ) (-20 44 -44 ) (-20 44 -40 ) (-11 35 -40 ) 
4 104 (-24 46 -40 ) (-24 46 -44 ) (-12 34 -44 ) (-12 34 -40 ) 
4 105 (-28 18 -44 ) (-33 23 -44 ) (-31.875002 22.875000 -44 ) (-27.500000 18.500000 -44 ) 
3 105 (-31.875002 22.875000 -44 ) (-24 22 -44 ) (-27.500000 18.500000 -44 ) 
4 105 (-24.002760 22 -40 ) (-24.002760 22 -44 ) (-33 23 -44 ) (-33 23 -40 ) 
4 106 (-40 30 -44 ) (-48 38 -44 ) (-47.250000 38.250000 -44 ) (-39.500000 30.499998 -44 ) 
4 106 (-40 30 -40 ) (-40 30 -44 ) (-24 46 -44 ) (-24 46 -40 ) 
4 107 (-18.007900 48 -44 ) (-21.001970 47.001972 -44 ) (-21.001972 47.001972 -43 ) (-18.007902 48 -43 ) 
4 107 (-20.002127 44.001896 -40 ) (-20.002127 44.001896 -44 ) (-8.007902 48 -44 ) (-8.007902 48 -40 ) 
4 108 (0 64 -44 ) (0 54 -44 ) (-8 51.333324 -44 ) (-8 64 -44 ) 
4 108 (-9 67 -44 ) (-9 51 -44 ) (-9 51 -43 ) (-9 67 -43 ) 
4 108 (0 54 -44 ) (0 60 -44 ) (0 60 -40 ) (0 54 -40 ) 
4 108 (-9 256 -40 ) (0 256 -40 ) (0 256 -44 ) (-9 256 -44 ) 
4 109 (-9 67 -43 ) (-9 51 -43 ) (-21 47 -43 ) (-33 59 -43 ) 
4 109 (-256 256 -43 ) (-256 256 -40 ) (-9 256 -40 ) (-9 256 -43 ) 
4 109 (-256 256 -40 ) (-256 256 -43 ) (-256 246 -43 ) (-256 246 -40 ) 
4 110 (-9 67 -44 ) (-9 67 -43 ) (-33 59 -43 ) (-33 59 -44 ) 
4 110 (-256 256 -43 ) (-256 256 -44 ) (-256 246 -44 ) (-256 246 -43 ) 
4 110 (-256 256 -43 ) (-9 256 -43 ) (-9 256 -44 ) (-256 256 -44 ) 
4 111 (-47.250000 38.250000 -44 ) (-48 38 -44 ) (-50.249996 40.249996 -44 ) (-50 41 -44 ) 
4 111 (-33.003372 59.003372 -44 ) (-33.003372 59.003372 -43 ) (-21 47 -43 ) (-21 47 -44 ) 
4 112 (-44 17 -44 ) (-58 17 -44 ) (-57.249996 19.249998 -44 ) (-41.500004 24.499992 -44 ) 
4 112 (-41.499729 24.500807 -44 ) (-43 24 -44 ) (-43 24 -40 ) (-41.499729 24.500807 -40 ) 
4 112 (-44 17 -40 ) (-44 17 -44 ) (-41.998886 23 -44 ) (-41.998886 23 -40 ) 
4 113 (-39.750000 23.749998 -44 ) (-42 23 -44 ) (-41.500004 24.499992 -44 ) (-39.250000 25.249992 -44 ) 
3 113 (-36.750000 25.750002 -44 ) (-36 25 -44 ) (-37.125004 24.624998 -44 ) 
4 113 (-36.998260 26.001194 -40 ) (-36.998260 26.001194 -44 ) (-41.499729 24.500807 -44 ) (-41.499729 24.500807 -40 ) 
4 113 (-41.996769 23.002378 -40 ) (-41.996769 23.002378 -44 ) (-36.001556 25 -44 ) (-36.001556 25 -40 ) 
4 114 (-50.499992 39.499992 -44 ) (-41 30 -44 ) (-43 24 -44 ) (-57.249996 19.249998 -44 ) 
4 114 (-256 245 -44 ) (-256 17 -44 ) (-256 17 -40 ) (-256 245 -40 ) 
4 114 (-42.996803 24.001783 -40 ) (-42.996803 24.001783 -44 ) (-41 29.997002 -44 ) (-41 29.997002 -40 ) 
4 115 (-39.666664 17 -44 ) (-28 17 -44 ) (-27 16 -44 ) (-40 16 -44 ) 
4 115 (-40 16 -44 ) (-27 16 -44 ) (-27 16 -40.375000 ) (-40 16 -42 ) 
4 115 (-44 17 -40 ) (-28.011717 17 -40 ) (-28.011717 17 -44 ) (-44 17 -44 ) 
4 115 (-256 17 -44 ) (-256 16 -44 ) (-256 16 -40 ) (-256 17 -40 ) 
4 116 (-40 0 -42 ) (-40 16 -42 ) (-24 16 -40 ) (-24 0 -40 ) 
4 117 (-40 0 -44 ) (-56 0 -44 ) (-56 16 -44 ) (-40 16 -44 ) 
4 117 (-40 0 -42 ) (-40 0 -44 ) (-40 16 -44 ) (-40 16 -42 ) 
4 117 (-256 16 -44 ) (-256 0 -44 ) (-256 0 -40 ) (-256 16 -40 ) 
4 118 (0 256 -44 ) (0 256 -52 ) (-8 256 -52 ) (-8 256 -44 ) 
4 118 (-8 64 -44 ) (-8 64 -52 ) (0 64 -52 ) (0 64 -44 ) 
4 119 (-8 48 -52 ) (-8 32 -52 ) (-8 32 -44 ) (-8 48 -44 ) 
4 119 (0 48 -44 ) (0 48 -52 ) (-8 48 -52 ) (-8 48 -44 ) 
4 119 (0 16 -44 ) (-8 16 -44 ) (-8 0 -44 ) (0 0 -44 ) 
4 119 (-8 48 -44 ) (-8 32 -44 ) (0 24 -44 ) (0 48 -44 ) 
4 119 (-8 32 -44 ) (-8 16 -44 ) (0 16 -44 ) (0 24 -44 ) 
4 120 (-58.001411 17 -52 ) (-50.001099 41.001099 -52 ) (-50.001099 41.001099 -44 ) (-58.001411 17 -44 ) 
4 120 (-256 256 -44 ) (-8 256 -44 ) (-8 256 -52 ) (-256 256 -52 ) 
4 120 (-256 256 -44 ) (-256 256 -52 ) (-256 16 -52 ) (-256 16 -44 ) 
4 121 (-9 51 -51 ) (-9 51 -44 ) (-9 67 -44 ) (-9 67 -51 ) 
4 121 (-8 64 -44 ) (-8 48 -44 ) (-8 48 -52 ) (-8 64 -52 ) 
4 121 (-9 47.668159 -44 ) (-9 47.668159 -52 ) (-8 48.001461 -52 ) (-8 48.001461 -44 ) 
4 122 (-9 67 -51 ) (-9 67 -44 ) (-33 59 -44 ) (-33 59 -51 ) 
4 123 (-21.749872 46.750042 -52 ) (-21 46 -52 ) (-21 46 -45 ) (-21.749872 46.750042 -45 ) 
4 123 (-9 51.003006 -44 ) (-9 51.003006 -51 ) (-21.001970 47.001968 -51 ) (-21.001970 47.001968 -44 ) 
4 123 (-19.249853 44.252655 -44 ) (-19.249853 44.252655 -52 ) (-9 47.670017 -52 ) (-9 47.670017 -44 ) 
4 124 (-33 58 -51 ) (-21.749872 46.750042 -51 ) (-21.749872 46.750042 -45 ) (-33 58 -45 ) 
4 124 (-20.996368 46.996368 -44 ) (-20.996368 46.996368 -51 ) (-33 59 -51 ) (-33 59 -44 ) 
4 125 (-33 58 -52 ) (-21.749872 46.750042 -52 ) (-21.749872 46.750042 -51 ) (-33 58 -51 ) 
4 125 (-9 67 -51 ) (-33 59 -51 ) (-21.002962 47.002960 -51 ) (-9 51.004612 -51 ) 
4 126 (-21.001333 45.998665 -45 ) (-21.001333 45.998665 -52 ) (-24.499998 42.500000 -52 ) (-24.499998 42.500000 -45 ) 
4 126 (-19.995256 44.004742 -52 ) (-19.252077 44.252560 -52 ) (-19.252077 44.252560 -44 ) (-19.995256 44.004742 -44 ) 
3 126 (-24.500004 42.500000 -44 ) (-21.500002 43.500000 -44 ) (-22.500002 44.500000 -44 ) 
4 127 (-34.500000 32.500000 -52 ) (-37 30 -52 ) (-37 30 -45 ) (-34.499996 32.500000 -45 ) 
4 127 (-36.249668 27.254894 -44 ) (-36.249668 27.254894 -52 ) (-36.001812 27.998188 -52 ) (-36.001812 27.998188 -44 ) 
3 127 (-34.500000 32.500000 -44 ) (-38 29 -44 ) (-36.250000 27.250000 -44 ) 
4 128 (-24.499998 42.500000 -52 ) (-34.500000 32.500000 -52 ) (-34.499996 32.500000 -45 ) (-24.499998 42.500000 -45 ) 
5 128 (-24.500004 42.500000 -44 ) (-34.500000 32.500000 -44 ) (-36 28 -44 ) (-21 43 -44 ) (-21.500002 43.500000 -44 ) 
4 128 (-35.996811 28.003191 -44 ) (-35.996811 28.003191 -52 ) (-20 44 -52 ) (-20 44 -44 ) 
4 129 (-50 41 -44 ) (-50 41 -45 ) (-38 29 -45 ) (-38 29 -44 ) 
4 129 (-33 58 -45 ) (-21.003195 45.996803 -45 ) (-37 30 -45 ) (-49 42 -45 ) 
4 129 (-38 29 -44 ) (-22.500002 44.500000 -44 ) (-24 46 -44 ) (-39.500000 30.500000 -44 ) 
4 130 (-32.998573 58.001427 -52 ) (-32.998573 58.001427 -45 ) (-49 42 -45 ) (-49 42 -52 ) 
4 131 (-50 41 -45 ) (-50 41 -52 ) (-38 29 -52 ) (-38 29 -45 ) 
4 131 (-49 42 -52 ) (-49 42 -45 ) (-37 30 -45 ) (-37 30 -52 ) 
4 132 (-39.667545 17 -44 ) (-39.667545 17 -52 ) (-36.252537 27.246300 -52 ) (-36.252537 27.246300 -44 ) 
4 132 (-36.250000 27.250000 -44 ) (-38 29 -44 ) (-38.250000 28.249998 -44 ) (-36.500000 26.500000 -44 ) 
4 132 (-37.125004 24.624998 -44 ) (-39.750000 23.749998 -44 ) (-42 17 -44 ) (-39.666664 17 -44 ) 
3 132 (-39.250000 25.249992 -44 ) (-37 26 -44 ) (-38.500000 27.500000 -44 ) 
4 132 (-38 28.994051 -44 ) (-38 28.994051 -52 ) (-41.996876 17 -52 ) (-41.996876 17 -44 ) 
4 133 (-56 16 -52 ) (-40 16 -52 ) (-40 16 -44 ) (-56 16 -44 ) 
4 133 (-42 17 -44 ) (-42 17 -52 ) (-57.998318 17 -52 ) (-57.998318 17 -44 ) 
4 133 (-40.001350 16 -44 ) (-40.001350 16 -52 ) (-39.668045 17 -52 ) (-39.668045 17 -44 ) 
4 134 (-23 17 -44 ) (-23 17 -52 ) (-24 16 -52 ) (-24 16 -44 ) 
4 134 (-23 17 -44 ) (-9 31 -44 ) (-9 31 -52 ) (-23 17 -52 ) 
4 134 (-9 31 -44 ) (-8 32 -44 ) (-8 32 -52 ) (-9 31 -52 ) 
3 134 (-8 32 -44 ) (-24 16 -44 ) (-8 16 -44 ) 
4 135 (-40 16 -44 ) (-40 16 -52 ) (-40 0 -52 ) (-40 0 -44 ) 
4 135 (-40 16 -44 ) (-24 16 -44 ) (-24 16 -52 ) (-40 16 -52 ) 
4 135 (-8 16 -44 ) (-40 16 -44 ) (-40 0 -44 ) (-8 0 -44 ) 
4 136 (-256 16 -44 ) (-256 16 -52 ) (-256 0 -52 ) (-256 0 -44 ) 
4 136 (-56 0 -44 ) (-56 0 -52 ) (-56 16 -52 ) (-56 16 -44 ) 
4 137 (-33 58 -53 ) (-21 46 -53 ) (-20.998758 46.001247 -52 ) (-32.998775 58.001221 -52 ) 
4 137 (0 48 -52 ) (0 64 -52 ) (-8 64 -52 ) (-8 48 -52 ) 
4 137 (-9 47.666664 -52 ) (-9 34 -52 ) (-8 33 -52 ) (-8 48 -52 ) 
3 137 (-19.249996 44.250000 -52 ) (-9 34 -52 ) (-9 47.666664 -52 ) 
4 137 (-231 256 -53 ) (-231 256 -52 ) (0 256 -52 ) (0 256 -53 ) 
4 138 (-21.001333 45.998665 -52 ) (-21.001333 45.998665 -53 ) (-37 30 -53 ) (-37 30 -52 ) 
5 138 (-40 16 -52 ) (-51 16 -52 ) (-56 11 -52 ) (-56 0 -52 ) (-40 0 -52 ) 
4 138 (-39.666664 17 -52 ) (-40 16 -52 ) (-24 16 -52 ) (-23 17 -52 ) 
3 138 (-38 29 -52 ) (-50 17 -52 ) (-42 17 -52 ) 
3 138 (-36.250000 27.250000 -52 ) (-39.666664 17 -52 ) (-26 17 -52 ) 
8 138 (-9 34 -52 ) (-19.249998 44.250000 -52 ) (-20 44 -52 ) (-36 28 -52 ) (-36.250000 27.249998 -52 ) (-26 17 -52 ) (-23 17 -52 ) (-9 31 -52 ) 
4 138 (-9 34 -52 ) (-9 31 -52 ) (-8 32 -52 ) (-8 33 -52 ) 
4 139 (-37.001945 30.001944 -52 ) (-37.001945 30.001944 -53 ) (-49 42 -53 ) (-49 42 -52 ) 
4 139 (-38 29 -52 ) (-50 41 -52 ) (-58 17 -52 ) (-50 17 -52 ) 
3 139 (-51 16 -52 ) (-56 16 -52 ) (-56 11 -52 ) 
4 139 (-256 249 -53 ) (-256 0 -53 ) (-256 0 -52 ) (-256 249 -52 ) 
4 140 (-256 256 -52 ) (-256 256 -53 ) (-256 249 -53 ) (-256 249 -52 ) 
4 140 (-231 256 -53 ) (-256 256 -53 ) (-256 256 -52 ) (-231 256 -52 ) 
4 140 (-49.005150 41.994850 -52 ) (-49.005150 41.994850 -53 ) (-32.997791 58.002209 -53 ) (-32.997791 58.002209 -52 ) 
4 141 (-49 42 -53 ) (-37 30 -53 ) (-21 46 -53 ) (-33 58 -53 ) 
4 141 (-256 256 -53 ) (-256 256 -192 ) (-256 0 -192 ) (-256 0 -53 ) 
4 141 (-256 256 -192 ) (-256 256 -53 ) (0 256 -53 ) (0 256 -192 ) 
4 141 (0 0 -192 ) (-256 0 -192 ) (-256 256 -192 ) (0 256 -192 ) 
4 142 (-2 -26 52 ) (-2 -24 52 ) (0 -24 52 ) (0 -26 52 ) 
4 142 (-2 -320 448 ) (0 -320 448 ) (0 0 448 ) (-2 0 448 ) 
4 142 (0 -320 52 ) (0 -320 448 ) (-2 -320 448 ) (-2 -320 52 ) 
4 143 (0 -16 38 ) (0 -16 40 ) (-2 -16 40 ) (-2 -16 38 ) 
4 144 (-2 -18 36 ) (0 -18 36 ) (0 -16 38 ) (-2 -16 38 ) 
4 145 (0 -28 50 ) (-2 -28 50 ) (-2 -26 52 ) (0 -26 52 ) 
4 146 (-2 -16 39.997887 ) (0 -16 39.997887 ) (0 -24.002497 52 ) (-2 -24.002497 52 ) 
4 147 (-2 -28 47.996460 ) (0 -28 47.996460 ) (0 -20.004786 36 ) (-2 -20.004786 36 ) 
3 147 (0 -28 48 ) (0 -28 36 ) (0 -20 36 ) 
4 148 (0 -20 36 ) (0 -18 36 ) (-2 -18 36 ) (-2 -20 36 ) 
3 148 (0 -28 28 ) (0 -20 36 ) (0 -28 36 ) 
4 149 (0 -28 50 ) (0 -28 48 ) (-2 -28 48 ) (-2 -28 50 ) 
4 149 (-2 -320 0 ) (0 -320 0 ) (0 -320 52 ) (-2 -320 52 ) 
3 149 (0 -28 48 ) (0 -40 36 ) (0 -28 36 ) 
4 149 (0 -28 28 ) (0 -28 36 ) (0 -40 36 ) (0 -40 16 ) 
3 149 (0 -32 24 ) (0 -40 16 ) (0 -40 12 ) 
3 149 (0 -38 15 ) (0 -40 12 ) (0 -40 4 ) 
5 149 (0 -40 36 ) (0 -49 23 ) (0 -52 8 ) (0 -52 0 ) (0 -40 0 ) 
4 150 (-256 -320 448 ) (-2 -320 448 ) (-2 0 448 ) (-256 0 448 ) 
4 150 (-256 -320 0 ) (-2 -320 0 ) (-2 -320 448 ) (-256 -320 448 ) 
8 150 (-2 -20 36 ) (-2 -18 36 ) (-2 -16 38 ) (-2 -16 40 ) (-2 -24 52 ) (-2 -26 52 ) (-2 -28 50 ) (-2 -28 48 ) 
4 150 (-256 0 0 ) (-256 -320 0 ) (-256 -320 448 ) (-256 0 448 ) 
5 151 (0 -32 -36 ) (-8 -32 -36 ) (-24 -16 -36 ) (-24 0 -36 ) (0 0 -36 ) 
3 152 (-8 -32 -40 ) (-24 -32 -40 ) (-24 -16 -40 ) 
4 152 (-24 -16 -40 ) (-24 -16 -36 ) (-8 -32 -36 ) (-8 -32 -40 ) 
3 153 (-43 -16 -40 ) (-27 -16 -40 ) (-39 -28 -40 ) 
4 153 (-24 -16 -40 ) (-24 -32 -40 ) (-32 -32 -40 ) (-36 -28 -40 ) 
4 153 (-24 0 -36 ) (-24 -16 -36 ) (-24 -16 -40 ) (-24 0 -40 ) 
4 153 (-256 0 -40 ) (-256 -32 -40 ) (-256 -32 0 ) (-256 0 0 ) 
3 154 (-32 -32 -40 ) (-8 -32 -40 ) (-14 -38 -40 ) 
4 154 (0 -32 -40 ) (0 -48 -40 ) (-8 -48 -40 ) (-8 -32 -40 ) 
4 154 (0 -52 -40 ) (0 -48 -40 ) (0 -48 0 ) (0 -52 0 ) 
4 154 (0 -48 -40 ) (0 -40 -40 ) (0 -40 0 ) (0 -48 0 ) 
4 154 (0 -40 -20 ) (0 -40 -40 ) (0 -36 -40 ) (0 -36 -28 ) 
4 154 (0 -60 -36 ) (0 -60 -40 ) (0 -52 -40 ) (0 -52 -32 ) 
4 154 (-256 -32 -40 ) (-256 -320 -40 ) (-256 -320 0 ) (-256 -32 0 ) 
4 154 (-8 -32 -36 ) (0 -32 -36 ) (0 -32 -40 ) (-8 -32 -40 ) 
4 154 (-256 -320 0 ) (-256 -320 -40 ) (0 -320 -40 ) (0 -320 0 ) 
4 155 (-27 -16 -40 ) (-40 -16 -40 ) (-40 -16 -42 ) (-27 -16 -40.375000 ) 
4 155 (-24.001793 -16 -40 ) (-40 -16 -42 ) (-40 0 -42 ) (-24.001793 0 -40 ) 
3 156 (-45.333328 0 -44 ) (-40 0 -44 ) (-40 -16 -44 ) 
4 156 (-40.666664 -14 -44 ) (-40 -16 -44 ) (-44 -16 -44 ) (-47.428574 -14 -44 ) 
5 156 (-56 0 -44 ) (-45.333328 0 -44 ) (-40.666664 -14 -44 ) (-47.428574 -14 -44 ) (-56 -9 -44 ) 
4 156 (-43 -16 -44 ) (-40 -16 -44 ) (-40 -16 -40 ) (-43 -16 -40 ) 
4 156 (-40 0 -42 ) (-40 -16 -42 ) (-40 -16 -44 ) (-40 0 -44 ) 
4 156 (-256 0 -44 ) (-256 -16 -44 ) (-256 -16 -40 ) (-256 0 -40 ) 
3 157 (-50.624996 -39.125000 -44 ) (-48.750000 -39.750000 -44 ) (-50 -41 -44 ) 
3 157 (-31.995316 -32.004688 -40 ) (-14.002842 -38.002842 -40 ) (-20 -44 -42.398701 ) 
3 157 (-8 -40 -40 ) (-8 -48 -40 ) (-8 -48 -42.400002 ) 
4 157 (-256 -16 -44 ) (-256 -48 -44 ) (-256 -48 -40 ) (-256 -16 -40 ) 
4 158 (-36 -28 -44 ) (-36.750000 -25.750002 -44 ) (-27 -16 -44 ) (-24 -16 -44 ) 
4 158 (-37.499100 -26.500900 -40 ) (-26.997950 -16 -40 ) (-26.997950 -16 -44 ) (-37.499100 -26.500902 -44 ) 
4 158 (-36.004868 -28.004868 -40 ) (-36.004868 -28.004868 -44 ) (-24 -16 -44 ) (-24 -16 -40 ) 
4 158 (-27 -16 -40.375000 ) (-24 -16 -40 ) (-24 -16 -44 ) (-27 -16 -44 ) 
4 159 (-8 -48 -44 ) (-16 -48 -44 ) (-20 -44 -44 ) (-8 -32 -44 ) 
5 159 (-8 -32 -40 ) (-8 -40 -40 ) (-8 -48 -42.400002 ) (-8 -48 -44 ) (-8 -32 -44 ) 
5 159 (-20 -44 -44 ) (-20 -44 -42.406250 ) (-13.983717 -37.983715 -40 ) (-8 -32 -40 ) (-8 -32 -44 ) 
4 160 (-48.750000 -39.750000 -44 ) (-50.250000 -39.250000 -44 ) (-38.499996 -27.500000 -44 ) (-38 -29 -44 ) 
3 160 (-16 -48 -44 ) (-24 -48 -44 ) (-20 -44 -44 ) 
4 160 (-39 -28.001326 -40 ) (-37.499100 -26.500900 -40 ) (-37.499100 -26.500902 -44 ) (-39 -28.001324 -44 ) 
5 160 (-36 -28 -40 ) (-32.031025 -31.969229 -40 ) (-20 -44 -42.406284 ) (-20 -44 -44 ) (-36 -28 -44 ) 
6 161 (-50.250000 -39.250000 -44 ) (-50.625000 -39.125000 -44 ) (-53 -32 -44 ) (-45 -17 -44 ) (-42.666672 -17 -44 ) (-39 -28 -44 ) 
4 161 (-39 -28 -40 ) (-39 -28 -44 ) (-43 -16 -44 ) (-43 -16 -40 ) 
6 162 (0 -48 -44 ) (0 -64 -44 ) (-8 -64 -44 ) (-20 -60 -44 ) (-26 -50 -44 ) (-24 -48 -44 ) 
4 162 (-256 -48 -44 ) (-256 -320 -44 ) (-256 -320 -40 ) (-256 -48 -40 ) 
4 162 (0 -60 -40 ) (0 -60 -44 ) (0 -52 -44 ) (0 -52 -40 ) 
4 162 (0 -52 -40 ) (0 -52 -44 ) (0 -48 -44 ) (0 -48 -40 ) 
4 162 (-8 -48 -40 ) (0 -48 -40 ) (0 -48 -44 ) (-8 -48 -44 ) 
4 162 (-256 -320 -40 ) (-256 -320 -44 ) (0 -320 -44 ) (0 -320 -40 ) 
4 163 (-8 -48 -52 ) (0 -48 -52 ) (0 -48 -44 ) (-8 -48 -44 ) 
4 163 (-8 -32 -44 ) (-8 -48 -44 ) (0 -48 -44 ) (0 -24 -44 ) 
4 163 (-8 -32.001957 -44 ) (-8 -32.001957 -52 ) (-8 -48 -52 ) (-8 -48 -44 ) 
4 164 (-22.756912 -59.081024 -52 ) (-21.006781 -61.997730 -52 ) (-21.006781 -61.997730 -45 ) (-22.756912 -59.081024 -45 ) 
4 164 (-8 -64 -44 ) (-8 -64 -52 ) (-20 -60 -52 ) (-20 -60 -44 ) 
4 165 (-26 -50.001095 -45 ) (-26 -50.001015 -52 ) (-27.374393 -51.376019 -52 ) (-27.374346 -51.376091 -45.229206 ) 
4 165 (-27.003616 -52.003616 -52 ) (-22.756912 -59.081024 -52 ) (-22.756912 -59.081024 -45 ) (-27.003616 -52.003616 -45 ) 
4 165 (-20.002962 -59.997669 -44 ) (-20.002962 -59.997669 -52 ) (-26.001865 -50.001865 -52 ) (-26.001865 -50.001865 -44 ) 
3 166 (-26.997803 -51.997803 -45 ) (-20.994389 -62.001862 -45 ) (-33 -58 -45 ) 
4 167 (-27.374348 -51.376091 -45.229206 ) (-27.374393 -51.376019 -52 ) (-32 -56 -52 ) (-32 -56 -46 ) 
4 167 (-26.998543 -51.998543 -52 ) (-26.998543 -51.998543 -45 ) (-33 -58 -45 ) (-33 -58 -52 ) 
4 168 (-33.002659 -58.001717 -52 ) (-33.002659 -58.001717 -45 ) (-20.998053 -62.003250 -45 ) (-20.998053 -62.003250 -52 ) 
4 169 (-8 -64 -44 ) (0 -64 -44 ) (0 -64 -52 ) (-8 -64 -52 ) 
4 169 (-256 -320 -44 ) (-256 -280 -44 ) (-256 -280 -52 ) (-256 -320 -52 ) 
4 169 (-256 -320 -44 ) (-256 -320 -52 ) (0 -320 -52 ) (0 -320 -44 ) 
3 170 (-32 -56 -52 ) (-20 -44 -52 ) (-32 -56 -54 ) 
4 170 (-256 -280 -192 ) (-256 -320 -192 ) (-256 -320 -52 ) (-256 -280 -52 ) 
4 170 (0 -24 -192 ) (0 -320 -192 ) (-256 -320 -192 ) (-256 -280 -192 ) 
3 170 (-8 -48 -52 ) (-8 -31.998901 -52 ) (-24.001099 -48 -52 ) 
6 170 (-20 -60 -52 ) (-8 -64 -52 ) (0 -64 -52 ) (0 -48 -52 ) (-24.001099 -48 -52 ) (-26 -50 -52 ) 
3 170 (-33 -58 -52 ) (-21 -62 -52 ) (-27 -52 -52 ) 
4 170 (0 -320 -52 ) (-256 -320 -52 ) (-256 -320 -192 ) (0 -320 -192 ) 
4 171 (-48 -40 -52 ) (-36 -28 -52 ) (-36 -28 -44 ) (-48 -40 -46 ) 
4 171 (-36.003014 -27.994867 -44 ) (-36.003014 -27.994867 -52 ) (-36.250977 -27.250977 -52 ) (-36.250977 -27.250977 -44 ) 
4 171 (-38 -29 -52 ) (-50 -41 -52 ) (-50 -41 -44 ) (-38 -29 -44 ) 
4 171 (-256 -248 -52 ) (-256 -248 -44 ) (-256 -247 -44 ) (-256 -247 -52 ) 
4 172 (-56.001518 -29.003250 -52 ) (-61.002602 -14 -52 ) (-61.002602 -14 -46.667027 ) (-56.001518 -29.003250 -45 ) 
4 172 (-256 -247 -44 ) (-256 0 -44 ) (-256 0 -52 ) (-256 -247 -52 ) 
4 173 (-56 -14 -52 ) (-49 -14 -52 ) (-49 -14 -45 ) (-56 -14 -45.972221 ) 
4 173 (-47.419472 -14 -44 ) (-47.419472 -14 -52 ) (-56 -8.996309 -52 ) (-56 -8.996309 -44 ) 
4 174 (-61 -14 -46.666668 ) (-61 -14 -52 ) (-56 -14 -52 ) (-56 -14 -45.972221 ) 
4 174 (-56 0 -44 ) (-56 -9 -44 ) (-56 -9 -52 ) (-56 0 -52 ) 
4 175 (-48.998112 -14 -45 ) (-48.998112 -14 -52 ) (-49.931572 -16 -52 ) (-49.931572 -16 -45 ) 
4 175 (-43.992191 -16 -44 ) (-43.992191 -16 -52 ) (-47.420761 -14 -52 ) (-47.420761 -14 -44 ) 
4 176 (-39.667969 -17 -52 ) (-40.001301 -16 -52 ) (-40.001305 -16 -44 ) (-39.667973 -17 -44 ) 
4 176 (-49.931572 -16 -52 ) (-50.398300 -17 -52 ) (-50.398300 -17 -45 ) (-49.931572 -16 -45 ) 
4 176 (-45 -17 -52 ) (-42 -17 -52 ) (-42 -17 -44 ) (-45 -17 -44 ) 
4 176 (-44 -16 -44 ) (-40 -16 -44 ) (-40 -16 -52 ) (-44 -16 -52 ) 
4 176 (-42.666672 -17 -44 ) (-39.666668 -17 -44 ) (-40 -16 -44 ) (-43 -16 -44 ) 
4 177 (-54.832874 -26.501371 -52 ) (-56 -29 -52 ) (-56 -29 -45 ) (-54.832874 -26.501371 -45 ) 
4 177 (-50.001602 -41.002712 -44 ) (-50.001602 -41.002712 -52 ) (-53.001793 -32.003361 -52 ) (-53.001793 -32.003361 -44 ) 
4 178 (-36.250977 -27.250977 -52 ) (-39.667969 -17 -52 ) (-39.667973 -17 -44 ) (-36.250977 -27.250977 -44 ) 
4 178 (-41.997929 -17 -44 ) (-41.997929 -17 -52 ) (-37.997887 -29 -52 ) (-37.997887 -29 -44 ) 
4 178 (-42 -17 -44 ) (-38.500000 -27.500000 -44 ) (-36.750000 -25.750002 -44 ) (-39.666668 -17 -44 ) 
4 179 (-50.398300 -17 -52 ) (-54.832874 -26.501371 -52 ) (-54.832874 -26.501371 -45 ) (-50.398300 -17 -45 ) 
4 179 (-53 -31.996136 -44 ) (-53 -31.996136 -52 ) (-45.001637 -17 -52 ) (-45.001637 -17 -44 ) 
3 180 (-60.997513 -14 -46.667191 ) (-49.009270 -14 -45.001480 ) (-56.003860 -28.988413 -45.001480 ) 
4 181 (-40 0 -52 ) (-40 -16 -52 ) (-40 -16 -44 ) (-40 0 -44 ) 
4 181 (-40 -16 -44 ) (-24 -16 -44 ) (-8 0 -44 ) (-40 0 -44 ) 
4 181 (-40 -16 -44 ) (-40 -16 -52 ) (-24 -16 -52 ) (-24 -16 -44 ) 
4 182 (-61 -14 -53 ) (-49 -14 -53 ) (-49 -14 -52 ) (-61 -14 -52 ) 
4 182 (-256 -14 -52 ) (-256 0 -52 ) (-256 0 -53 ) (-256 -14 -53 ) 
5 182 (-56 -9 -52 ) (-47.428574 -14 -52 ) (-40.666664 -14 -52 ) (-45.333324 0 -52 ) (-56 0 -52 ) 
4 182 (-40 -14 -52 ) (-40 0 -52 ) (-45.333324 0 -52 ) (-40.666664 -14 -52 ) 
4 183 (-48 -40 -53 ) (-42 -34 -53 ) (-36 -28 -52 ) (-48 -40 -52 ) 
4 183 (-48.998112 -14 -52 ) (-48.998112 -14 -53 ) (-56 -29.002359 -53 ) (-56 -29.001659 -52 ) 
3 183 (-40 -16 -52 ) (-36 -28 -52 ) (-24 -16 -52 ) 
3 183 (-40 -14 -52 ) (-40.666664 -14 -52 ) (-40 -16 -52 ) 
5 183 (-42 -17 -52 ) (-45 -17 -52 ) (-53 -32 -52 ) (-50 -41 -52 ) (-38 -29 -52 ) 
4 183 (-47.428574 -14 -52 ) (-44 -16 -52 ) (-40 -16 -52 ) (-40.666664 -14 -52 ) 
4 184 (-256 -248 -53 ) (-256 -248 -52 ) (-256 -14 -52 ) (-256 -14 -53 ) 
4 184 (-56.002281 -29 -52 ) (-56.002281 -29 -53 ) (-61.003616 -14 -53 ) (-61.003616 -14 -52 ) 
3 185 (-48 -40 -54 ) (-42 -34 -53 ) (-48 -40 -53 ) 
3 185 (-56 -29 -53 ) (-49 -14 -53 ) (-61 -14 -53 ) 
4 185 (-256 0 -192 ) (-256 -248 -192 ) (-256 -248 -53 ) (-256 0 -53 ) 
3 185 (-256 0 -192 ) (-8 0 -192 ) (-256 -248 -192 ) 
4 186 (-36.003822 -27.996181 -52 ) (-48.003799 -39.996201 -54 ) (-32 -56 -54 ) (-20 -44 -52 ) 
3 186 (-20 -44 -52 ) (-8 -32.001614 -52 ) (-8 -32.001652 -50 ) 
4 186 (-256 -248 -192 ) (-256 -280 -192 ) (-256 -280 -91.333328 ) (-256 -248 -88.666672 ) 
5 186 (-8 0 -192 ) (0 0 -192 ) (0 -24 -192 ) (-256 -280 -192 ) (-256 -248 -192 ) 
3 186 (-24 -16 -50 ) (-24 -16 -52 ) (-36 -28 -52 ) 
4 187 (-36 -28 -44 ) (-36 -28 -52 ) (-20 -44 -52 ) (-20 -44 -44 ) 
4 187 (-36 -28 -44 ) (-24 -16 -44 ) (-24 -16 -50 ) (-36 -28 -52 ) 
5 187 (-8 -32 -44 ) (-8 -16 -44 ) (-24 -16 -44 ) (-36 -28 -44 ) (-20 -44 -44 ) 
4 187 (-8 -16 -44 ) (-8 -32 -44 ) (0 -24 -44 ) (0 -16 -44 ) 
4 187 (-24 -16 -44 ) (0 -16 -44 ) (0 0 -44 ) (-8 0 -44 ) 
4 187 (-20 -44 -52 ) (-8 -32.001652 -50 ) (-8 -32.001770 -44 ) (-20 -44 -44 ) 
4 188 (-48.002041 -39.997967 -46 ) (-35.997948 -27.994240 -44 ) (-19.996094 -43.996094 -44 ) (-32 -56 -46 ) 
4 188 (-26 -50.001095 -45 ) (-23.998241 -48 -44.666519 ) (-23.998230 -48 -44 ) (-26 -50.001106 -44 ) 
3 188 (-23.998241 -48 -44.666519 ) (-20 -44 -44 ) (-23.998230 -48 -44 ) 
4 188 (-256 -280 -83.333336 ) (-256 -280 -44 ) (-256 -248 -44 ) (-256 -248 -80.666664 ) 
4 189 (-256 -280 -91.333328 ) (-256 -280 -83.333336 ) (-256 -248 -80.666664 ) (-256 -248 -88.666672 ) 
4 189 (-31.995495 -56.004505 -53.998585 ) (-48 -40 -53.998585 ) (-48 -40 -45.996094 ) (-32 -56 -45.996094 ) 
