PRT1
48
128
101
4 0 24 0 (0 3 448 ) (0 256 448 ) (0 256 0 ) (0 3 0 ) 
4 0 11 0 (0 3 0 ) (0 256 0 ) (256 256 0 ) (256 3 0 ) 
4 0 5 0 (0 3 0 ) (1 3 0 ) (1 3 35 ) (0 3 35 ) 
4 0 3 0 (1 3 0 ) (3 3 0 ) (3 3 38 ) (1 3 38 ) 
4 0 2 0 (3 3 38 ) (3 3 448 ) (0 3 448 ) (0 3 38 ) 
4 0 1 0 (3 3 0 ) (256 3 0 ) (256 3 448 ) (3 3 448 ) 
4 1 12 0 (3 0 0 ) (256 0 0 ) (256 0 448 ) (3 0 448 ) 
4 1 11 0 (256 0 0 ) (3 0 0 ) (3 3 0 ) (256 3 0 ) 
4 1 9 0 (3 1 0 ) (3 0 0 ) (3 0 35 ) (3 1 35 ) 
3 1 8 0 (3 0 38 ) (3 0 38.499996 ) (3 1 38 ) 
4 1 7 0 (3 0 38.499996 ) (3 0 40 ) (3 1 39.333340 ) (3 1 38 ) 
4 1 3 0 (3 3 38 ) (3 3 0 ) (3 1 0 ) (3 1 39.333340 ) 
4 1 2 0 (3 3 448 ) (3 3 38 ) (3 0 40 ) (3 0 448 ) 
3 2 27 0 (0 0 40 ) (0 3 40 ) (0 3 38 ) 
4 2 25 0 (0 0 40 ) (0 0 448 ) (0 3 448 ) (0 3 40 ) 
4 2 13 0 (0 0 448 ) (0 0 40 ) (3 0 40 ) (3 0 448 ) 
4 2 7 0 (3 1 39.333935 ) (3 0 40 ) (0 0 40 ) (0.332126 1 39.333935 ) 
3 2 4 0 (1 3 38 ) (3 1 39.333935 ) (0.332126 1 39.333935 ) 
3 2 3 0 (1 3 38 ) (3 3 38 ) (3 1 39.333935 ) 
3 3 11 0 (1 3 0 ) (3 3 0 ) (3 1 0 ) 
3 3 6 0 (3 1 30 ) (3 1 35 ) (1 3 35 ) 
4 3 5 0 (3 1 0 ) (3 1 30 ) (1 3 35 ) (1 3 0 ) 
3 3 4 0 (3 1 38 ) (3 1 39.330658 ) (1.003933 2.996174 38 ) 
3 4 7 0 (2.996093 1 38.001945 ) (2.996093 1 39.328125 ) (0.343749 1 39.328125 ) 
4 5 29 0 (0 3 35 ) (0 3 0 ) (0 1 0 ) (0 1 30 ) 
4 5 11 0 (0 1 0 ) (0 3 0 ) (1 3 0 ) (3 1 0 ) 
4 5 9 0 (1 1 0 ) (2.996094 1 0 ) (2.996093 1 30 ) (1 1 30 ) 
3 5 6 0 (1.003125 1 30.007812 ) (2.997685 1 30.007812 ) (1.003125 2.996005 34.997826 ) 
3 6 9 0 (2.996093 1 30 ) (2.996093 1 34.990231 ) (1 1 30 ) 
3 7 15 0 (0 0 40 ) (3 0 38.499996 ) (3 0 40 ) 
4 7 10 0 (0.007412 0 40 ) (0.011260 0.011543 39.992496 ) (1 0.341134 39.333336 ) (1 0 39.503899 ) 
5 7 8 0 (2.976563 1 38.015625 ) (3 1 38.003906 ) (3 0 38.503906 ) (1 0 39.503899 ) (1 0.341134 39.333336 ) 
4 8 16 0 (3 0 38 ) (3 0 38.499996 ) (1 0 39.500004 ) (1 0 39.333332 ) 
4 9 17 0 (1 0 0 ) (3 0 0 ) (3 0 35 ) (1 0 30 ) 
4 9 11 0 (3 0 0 ) (1 0 0 ) (1 1 0 ) (3 1 0 ) 
4 11 35 0 (0 0 -192 ) (0 0 0 ) (0 256 0 ) (0 256 -192 ) 
4 11 23 0 (0 0 0 ) (0 0 -192 ) (256 0 -192 ) (256 0 0 ) 
4 12 23 0 (3 0 0 ) (256 0 0 ) (256 -3 0 ) (3 -3 0 ) 
4 12 17 0 (3 0 0 ) (3 -1 0 ) (3 -1 35 ) (3 0 35 ) 
3 12 16 0 (3 -1 38 ) (3 0 38.499996 ) (3 0 38 ) 
4 12 15 0 (3 -1 38 ) (3 -1 39.333340 ) (3 0 40 ) (3 0 38.499996 ) 
4 12 14 0 (3 -1 0 ) (3 -3 0 ) (3 -3 38 ) (3 -1 39.333340 ) 
4 12 13 0 (3 -3 38 ) (3 -3 448 ) (3 0 448 ) (3 0 40 ) 
4 12 22 0 (3 -3 0 ) (256 -3 0 ) (256 -3 448 ) (3 -3 448 ) 
3 13 40 0 (0 0 40 ) (0 -3 38 ) (0 -3 38.499996 ) 
3 13 38 0 (0 0 40 ) (0 -3 38.499996 ) (0 -3 40 ) 
4 13 36 0 (0 -3 448 ) (0 0 448 ) (0 0 40 ) (0 -3 40 ) 
3 13 19 0 (3 -1 39.333939 ) (1 -3 38 ) (0.332117 -1 39.333939 ) 
4 13 15 0 (0 0 40 ) (3 0 40 ) (3 -1 39.333939 ) (0.332116 -1 39.333939 ) 
3 13 14 0 (3 -1 39.333939 ) (3 -3 38 ) (1 -3 38 ) 
4 13 22 0 (3 -3 38 ) (3 -3 448 ) (0 -3 448 ) (0 -3 38 ) 
3 14 23 0 (3 -1 0 ) (3 -3 0 ) (1 -3 0 ) 
3 14 21 0 (3 -0.994583 34.986458 ) (3 -0.994583 29.986458 ) (1 -2.994667 34.986668 ) 
4 14 20 0 (0.994669 -3 0 ) (0.994668 -3 35 ) (3 -0.994583 29.986458 ) (3 -0.994584 0 ) 
3 14 19 0 (1 -2.994576 38.002663 ) (3 -0.994583 39.334339 ) (3 -0.994583 38.002708 ) 
4 14 22 0 (1 -3 0 ) (3 -3 0 ) (3 -3 38 ) (1 -3 38 ) 
3 15 19 0 (2.996093 -1 38.001945 ) (2.996093 -1 39.328125 ) (0.343749 -1 39.328125 ) 
3 15 18 0 (0 0 40 ) (1 0 39.499676 ) (1 -0.332899 39.333336 ) 
5 15 16 0 (3 -0.992868 38.002590 ) (2.994821 -1 38.002590 ) (1 -0.332899 39.333336 ) (1 0 39.499676 ) (3 0 38.499023 ) 
4 17 23 0 (1 0 0 ) (3 0 0 ) (3 -1 0 ) (1 -1 0 ) 
3 17 21 0 (2.996093 -1 30 ) (2.996093 -1 34.990231 ) (1 -1 30 ) 
4 17 20 0 (1 -1 0 ) (2.996094 -1 0 ) (2.996093 -1 30 ) (1 -1 30 ) 
4 20 41 0 (0 -1 0 ) (0 -3 0 ) (0 -3 35 ) (0 -1 30 ) 
4 20 23 0 (0 -3 0 ) (0 -1 0 ) (3 -1 0 ) (1 -3 0 ) 
3 20 21 0 (1.001815 -3 35.007324 ) (3 -1 30.006510 ) (1.002604 -1 30.006510 ) 
4 20 22 0 (0 -3 0 ) (1 -3 0 ) (1 -3 35 ) (0 -3 35 ) 
4 22 46 0 (0 -320 448 ) (0 -3 448 ) (0 -3 0 ) (0 -320 0 ) 
4 22 23 0 (0 -320 0 ) (0 -3 0 ) (256 -3 0 ) (256 -320 0 ) 
4 23 47 0 (0 -320 0 ) (0 0 0 ) (0 0 -192 ) (0 -320 -192 ) 
4 24 35 0 (-256 3 0 ) (-256 256 0 ) (0 256 0 ) (0 3 0 ) 
4 24 29 0 (-1 3 0 ) (0 3 0 ) (0 3 35 ) (-1 3 35 ) 
4 24 27 0 (0 3 38 ) (0 3 40 ) (-1 3 39.333340 ) (-1 3 38 ) 
4 24 26 0 (-3 3 0 ) (-1 3 0 ) (-1 3 39.333340 ) (-3 3 38 ) 
4 24 25 0 (0 3 40 ) (0 3 448 ) (-3 3 448 ) (-3 3 38 ) 
4 24 34 0 (-256 3 448 ) (-256 3 0 ) (-3 3 0 ) (-3 3 448 ) 
4 25 36 0 (0 0 40 ) (0 0 448 ) (-3 0 448 ) (-3 0 38 ) 
3 25 31 0 (-3 1 38 ) (-1 3 39.333935 ) (-1 0.332118 39.333939 ) 
3 25 30 0 (0 0 40 ) (-1 0.332118 39.333939 ) (-1 1 39.333939 ) 
4 25 27 0 (-1 3 39.333935 ) (0 3 40 ) (0 0 40 ) (-1 1 39.333939 ) 
3 25 26 0 (-3 1 38 ) (-3 3 38 ) (-1 3 39.333935 ) 
4 25 34 0 (-3 3 448 ) (-3 3 38 ) (-3 0 38 ) (-3 0 448 ) 
3 26 35 0 (-3 1 0 ) (-3 3 0 ) (-1 3 0 ) 
3 26 33 0 (-0.994668 3 29.986671 ) (-0.994668 3 34.986671 ) (-2.994583 1 34.986458 ) 
4 26 32 0 (-0.994669 3 0 ) (-0.994668 3 29.986671 ) (-3 0.994583 35 ) (-3 0.994584 0 ) 
3 26 31 0 (-0.994668 3 38.002663 ) (-0.994668 3 39.329075 ) (-2.986606 1.007977 38.002705 ) 
4 26 34 0 (-3 3 38 ) (-3 3 0 ) (-3 1 0 ) (-3 1 38 ) 
3 27 31 0 (-1 2.996095 39.335938 ) (-1 2.996095 38.002602 ) (-1 0.996092 39.335938 ) 
5 27 30 0 (0 0 40 ) (-0.001840 0 40 ) (-1 0.998163 39.334557 ) (-1 1 39.333336 ) (-0.332154 1 39.333920 ) 
4 27 28 0 (-1 1 39.333336 ) (-1 3 38.002602 ) (-0.994795 3 38.002602 ) (-0.332154 1 39.333920 ) 
3 28 31 0 (-1 2.996095 38.002602 ) (-1 1 39 ) (-1 1 39.333332 ) 
3 28 30 0 (-0.335931 1 39.332031 ) (-1 1 39.332031 ) (-1 1 39 ) 
4 29 35 0 (-1 1 0 ) (-1 3 0 ) (0 3 0 ) (0 1 0 ) 
3 29 33 0 (-1 2.996095 34.990238 ) (-1 2.996095 30 ) (-1 1 30 ) 
4 29 32 0 (-1 2.996095 30 ) (-1 2.996094 0 ) (-1 1 0 ) (-1 1 30 ) 
4 30 31 0 (-1 0.328119 39.335938 ) (-1 0.996092 39.335938 ) (-1 1 39.333332 ) (-1 1 39 ) 
4 32 44 0 (-1 0 27.499996 ) (-1 0 30 ) (-3 0 35 ) (-3 0 32.500000 ) 
4 32 43 0 (-3 0 0 ) (-1 0 0 ) (-1 0 27.499996 ) (-3 0 32.500000 ) 
4 32 35 0 (-1 0 0 ) (-3 0 0 ) (-3 1 0 ) (-1 3 0 ) 
3 32 33 0 (-1 1.003125 30.007812 ) (-1 2.997685 30.007812 ) (-2.996005 1.003126 34.997826 ) 
4 32 34 0 (-3 1 0 ) (-3 0 0 ) (-3 0 35 ) (-3 1 35 ) 
4 34 45 0 (-256 0 0 ) (-3 0 0 ) (-3 0 448 ) (-256 0 448 ) 
4 34 35 0 (-3 0 0 ) (-256 0 0 ) (-256 3 0 ) (-3 3 0 ) 
4 35 47 0 (-256 0 -192 ) (0 0 -192 ) (0 0 0 ) (-256 0 0 ) 
3 36 42 0 (-1 -3 39.333939 ) (-3 -1 38 ) (-1 -0.332125 39.333935 ) 
4 36 38 0 (0 -3 40 ) (-1 -3 39.333939 ) (-1 -0.332125 39.333935 ) (0 0 40 ) 
3 36 37 0 (-1 -3 39.333939 ) (-3 -3 38 ) (-3 -1 38 ) 
4 36 45 0 (-3 -3 38 ) (-3 -3 448 ) (-3 0 448 ) (-3 0 38 ) 
4 36 46 0 (0 -3 40 ) (0 -3 448 ) (-3 -3 448 ) (-3 -3 38 ) 
3 37 47 0 (-1 -3 0 ) (-3 -3 0 ) (-3 -1 0 ) 
4 37 43 0 (-3 -1 0 ) (-3 -1 35 ) (-1 -3 35 ) (-1 -3 0 ) 
3 37 42 0 (-2.996286 -1.003821 38 ) (-1 -3 39.330730 ) (-1 -3 38 ) 
4 37 46 0 (-3 -3 0 ) (-1 -3 0 ) (-1 -3 39.333340 ) (-3 -3 38 ) 
4 37 45 0 (-3 -1 0 ) (-3 -3 0 ) (-3 -3 38 ) (-3 -1 38 ) 
3 38 42 0 (-1 -2.996093 38.001945 ) (-1 -2.996093 39.328125 ) (-1 -0.343749 39.328125 ) 
4 38 40 0 (0 -3 38.500000 ) (-1 -3 38 ) (-0.333333 -1 39.333332 ) (0 -1 39.500004 ) 
3 38 39 0 (0 0 40 ) (0 -1 39.500004 ) (-0.333333 -1 39.333332 ) 
4 38 46 0 (0 -3 38.499996 ) (0 -3 40 ) (-1 -3 39.333340 ) (-1 -3 38 ) 
3 40 46 0 (0 -3 38 ) (0 -3 38.499996 ) (-1 -3 38 ) 
4 41 47 0 (0 -1 0 ) (0 -3 0 ) (-1 -3 0 ) (-1 -1 0 ) 
4 41 43 0 (-1 -1 0 ) (-1 -2.996094 0 ) (-1 -2.996093 34.990231 ) (-1 -1 30 ) 
4 41 46 0 (-1 -3 0 ) (0 -3 0 ) (0 -3 35 ) (-1 -3 35 ) 
4 43 47 0 (-3 0 0 ) (-1 0 0 ) (-1 -3 0 ) (-3 -1 0 ) 
5 43 44 0 (-3 0 32.493080 ) (-3 -1 34.993431 ) (-2.997373 -1.002627 34.993431 ) (-1 -1.002626 30 ) (-1 0 27.493435 ) 
4 43 45 0 (-3 0 0 ) (-3 -1 0 ) (-3 -1 35 ) (-3 0 32.500000 ) 
3 44 45 0 (-3 -1 35 ) (-3 0 35 ) (-3 0 32.500000 ) 
4 45 47 0 (-256 0 0 ) (-3 0 0 ) (-3 -3 0 ) (-256 -3 0 ) 
4 45 46 0 (-256 -3 448 ) (-256 -3 0 ) (-3 -3 0 ) (-3 -3 448 ) 
4 46 47 0 (0 -3 0 ) (0 -320 0 ) (-256 -320 0 ) (-256 -3 0 ) 
4 0 (1 3 35 ) (1 3 38 ) (0 3 38 ) (0 3 35 ) 
4 0 (0 256 448 ) (256 256 448 ) (256 256 0 ) (0 256 0 ) 
4 0 (256 3 448 ) (256 256 448 ) (0 256 448 ) (0 3 448 ) 
4 0 (256 256 448 ) (256 3 448 ) (256 3 0 ) (256 256 0 ) 
4 1 (3 0 35 ) (3 0 38 ) (3 1 38 ) (3 1 35 ) 
4 1 (256 3 448 ) (256 0 448 ) (256 0 0 ) (256 3 0 ) 
4 1 (256 3 448 ) (3 3 448 ) (3 0 448 ) (256 0 448 ) 
3 2 (0 0 40 ) (0 1 39.333935 ) (0.332126 1 39.333935 ) 
4 2 (0 3 38 ) (1 3 38 ) (0.332126 1 39.333935 ) (0 1 39.333935 ) 
4 2 (3 3 448 ) (0 3 448 ) (0 0 448 ) (3 0 448 ) 
5 3 (3 1 35 ) (3 1 38 ) (1.003933 2.996174 38 ) (1 3 37.997395 ) (1 3 35 ) 
3 4 (2.994821 1 38.006496 ) (0.341145 1 39.333336 ) (1.009717 2.982471 38.006496 ) 
4 5 (0 1 0 ) (1 1 0 ) (1 1 30 ) (0 1 30 ) 
5 5 (0 1 30.007812 ) (1.003125 1 30.007812 ) (1.003125 2.996005 34.997826 ) (1 3 35.007812 ) (0 3 35.007812 ) 
4 6 (0.996422 3 35.005859 ) (0.996422 1 30.005859 ) (3 1 35.005337 ) (1 3 35.014790 ) 
4 7 (0.011260 0.011543 39.992496 ) (0.340748 1 39.333530 ) (1 1 39.003906 ) (1 0.341134 39.333336 ) 
3 7 (1 1 39.003906 ) (2.976563 1 38.015625 ) (1 0.341134 39.333336 ) 
4 8 (1 0 39.335350 ) (1 0.328125 39.335350 ) (3 0.994792 38.002018 ) (3 0 38.002018 ) 
4 9 (1 1 30 ) (1 1 0 ) (1 0 0 ) (1 0 30 ) 
4 9 (1 1 30.005220 ) (1 0 30.005220 ) (3 0 35.006981 ) (3 1 35.006981 ) 
3 10 (0.015625 0 39.992176 ) (1 0.328125 39.335350 ) (1 0 39.335350 ) 
4 11 (256 0 -192 ) (0 0 -192 ) (0 256 -192 ) (256 256 -192 ) 
4 11 (1 1 0 ) (0 1 0 ) (0 0 0 ) (1 0 0 ) 
4 11 (256 256 -192 ) (0 256 -192 ) (0 256 0 ) (256 256 0 ) 
4 11 (256 0 0 ) (256 0 -192 ) (256 256 -192 ) (256 256 0 ) 
4 12 (3 -1 35 ) (3 -1 38 ) (3 0 38 ) (3 0 35 ) 
4 12 (3 -3 448 ) (256 -3 448 ) (256 0 448 ) (3 0 448 ) 
4 12 (256 0 448 ) (256 -3 448 ) (256 -3 0 ) (256 0 0 ) 
4 13 (1 -3 38 ) (0 -3 38 ) (0 -1 39.333939 ) (0.332117 -1 39.333939 ) 
3 13 (0 0 40 ) (0.332116 -1 39.333939 ) (0 -1 39.333939 ) 
4 13 (3 -3 448 ) (3 0 448 ) (0 0 448 ) (0 -3 448 ) 
6 14 (0.994668 -3 35 ) (0.994668 -3 38 ) (1 -2.994576 38.002663 ) (3 -0.994583 38.002708 ) (3 -0.994583 34.986458 ) (1 -2.994667 34.986668 ) 
4 15 (1 -1 39 ) (0.333332 -1 39.333336 ) (0 0 40 ) (1 -0.332899 39.333336 ) 
3 15 (2.994821 -1 38.002590 ) (1 -1 39 ) (1 -0.332899 39.333336 ) 
4 16 (3 -0.994851 38.002598 ) (1 -0.328125 39.335350 ) (1 0 39.335350 ) (3 0 38.002598 ) 
4 17 (1 0 0 ) (1 -1 0 ) (1 -1 30 ) (1 0 30 ) 
4 17 (1 0 30.005219 ) (1 -1 30.005219 ) (3 -1 35.006981 ) (3 0 35.006981 ) 
3 18 (1 0 39.335350 ) (1 -0.328125 39.335350 ) (0.015625 0 39.991600 ) 
5 19 (0.319354 -1 39.336418 ) (3 -1 37.996094 ) (3 -1.009085 37.991550 ) (1.009085 -3 37.991550 ) (0.992144 -3 38 ) 
4 20 (0 -3 35.007324 ) (1.001815 -3 35.007324 ) (1.002604 -1 30.006510 ) (0 -1 30.006510 ) 
4 20 (0 -1 30 ) (1 -1 30 ) (1 -1 0 ) (0 -1 0 ) 
4 21 (0.993659 -1 30.002853 ) (0.993659 -3 34.998348 ) (1 -3 35.014187 ) (3 -1 35.014183 ) 
4 22 (0 -3 35 ) (0 -3 38 ) (1 -3 38 ) (1 -3 35 ) 
4 22 (256 -3 448 ) (256 -320 448 ) (256 -320 0 ) (256 -3 0 ) 
4 22 (256 -320 448 ) (256 -3 448 ) (0 -3 448 ) (0 -320 448 ) 
4 22 (0 -320 0 ) (256 -320 0 ) (256 -320 448 ) (0 -320 448 ) 
4 23 (0 -320 -192 ) (0 0 -192 ) (256 0 -192 ) (256 -320 -192 ) 
4 23 (1 -1 0 ) (1 0 0 ) (0 0 0 ) (0 -1 0 ) 
4 23 (256 -320 -192 ) (256 0 -192 ) (256 0 0 ) (256 -320 0 ) 
4 23 (0 -320 -192 ) (256 -320 -192 ) (256 -320 0 ) (0 -320 0 ) 
4 24 (0 3 35 ) (0 3 38 ) (-1 3 38 ) (-1 3 35 ) 
4 24 (0 256 448 ) (0 256 0 ) (-256 256 0 ) (-256 256 448 ) 
4 24 (0 3 448 ) (0 256 448 ) (-256 256 448 ) (-256 3 448 ) 
4 24 (-256 256 0 ) (-256 3 0 ) (-256 3 448 ) (-256 256 448 ) 
4 25 (-3 0 38 ) (-3 1 38 ) (-1 0.332118 39.333939 ) (-1 0 39.333939 ) 
3 25 (0 0 40 ) (-1 0 39.333939 ) (-1 0.332118 39.333939 ) 
4 25 (0 3 448 ) (-3 3 448 ) (-3 0 448 ) (0 0 448 ) 
6 26 (-0.994668 3 34.986671 ) (-0.994668 3 38.002663 ) (-2.986606 1.007977 38.002705 ) (-3 0.994583 37.993786 ) (-3 0.994583 35 ) (-2.994583 1 34.986458 ) 
4 27 (0 0 40 ) (-0.001840 0 40 ) (-0.332154 1 39.333920 ) (0 1 39.334209 ) 
4 27 (-0.994795 3 38.002602 ) (0 3 38.002602 ) (0 1 39.334209 ) (-0.332154 1 39.333920 ) 
3 28 (-0.334658 1 39.328766 ) (-1 1 38.996094 ) (-1 2.991752 38 ) 
4 29 (-1 1 30 ) (-1 1 0 ) (0 1 0 ) (0 1 30 ) 
4 29 (0 3 35.007393 ) (-1 3 35.007393 ) (-1 1 30.006510 ) (0 1 30.006510 ) 
5 30 (-1 0.336251 39.331875 ) (-1 1 39 ) (-0.327527 1 39.336239 ) (0 0.017420 39.991291 ) (0 0 40 ) 
4 31 (-2.997111 1.002889 38.002308 ) (-1.003193 3 38.002308 ) (-1 3 38.003906 ) (-1 0.341150 39.333332 ) 
5 32 (-1 0 30.007812 ) (-1 1.003125 30.007812 ) (-2.996005 1.003126 34.997826 ) (-3 1 35.007812 ) (-3 0 35.007812 ) 
4 32 (-1 1 30 ) (-1 0 30 ) (-1 0 0 ) (-1 1 0 ) 
4 33 (-3 0.996422 35.005859 ) (-1 0.996422 30.005859 ) (-1 3 35.005337 ) (-3 1 35.014790 ) 
4 34 (-3 1 35 ) (-3 1 38 ) (-3 0 38 ) (-3 0 35 ) 
4 34 (-256 3 0 ) (-256 0 0 ) (-256 0 448 ) (-256 3 448 ) 
4 34 (-3 3 448 ) (-256 3 448 ) (-256 0 448 ) (-3 0 448 ) 
4 35 (0 0 -192 ) (-256 0 -192 ) (-256 256 -192 ) (0 256 -192 ) 
4 35 (0 1 0 ) (-1 1 0 ) (-1 0 0 ) (0 0 0 ) 
4 35 (-256 256 -192 ) (-256 256 0 ) (0 256 0 ) (0 256 -192 ) 
4 35 (-256 256 0 ) (-256 256 -192 ) (-256 0 -192 ) (-256 0 0 ) 
4 36 (-3 -1 38 ) (-3 0 38 ) (-1 0 39.333935 ) (-1 -0.332125 39.333935 ) 
3 36 (-1 -0.332125 39.333935 ) (-1 0 39.333935 ) (0 0 40 ) 
4 36 (-3 -3 448 ) (0 -3 448 ) (0 0 448 ) (-3 0 448 ) 
5 37 (-3 -1 35 ) (-3 -1 37.997467 ) (-2.996286 -1.003821 38 ) (-1 -3 38 ) (-1 -3 35 ) 
3 38 (-1 -3 38 ) (-1 -1 39 ) (-0.333333 -1 39.333332 ) 
4 38 (-1 -1 39 ) (-1 -0.333338 39.333332 ) (0 0 40 ) (-0.333333 -1 39.333332 ) 
3 39 (0 -1 39.335350 ) (-0.328125 -1 39.335350 ) (0 -0.015625 39.991596 ) 
4 40 (0 -3 38.002598 ) (-0.994851 -3 38.002598 ) (-0.328125 -1 39.335350 ) (0 -1 39.335350 ) 
4 41 (0 -1 30 ) (0 -1 0 ) (-1 -1 0 ) (-1 -1 30 ) 
4 41 (0 -1 30.005219 ) (-1 -1 30.005219 ) (-1 -3 35.006981 ) (0 -3 35.006981 ) 
3 42 (-1 -0.323173 39.334507 ) (-1 -2.988398 38.001896 ) (-2.997155 -0.991244 38.001896 ) 
3 43 (-2.997373 -1.002627 34.993431 ) (-1 -3 34.993431 ) (-1 -1.002626 30 ) 
4 43 (-1 0 27.500000 ) (-1 -1 30 ) (-1 -1 0 ) (-1 0 0 ) 
3 44 (-1 0 27.500000 ) (-1 0 30 ) (-1 -1 30 ) 
5 44 (-2.996094 -1.003905 34.998047 ) (-1 -1.003905 30.007812 ) (-1 0 30.007812 ) (-3 0 35.007824 ) (-3 -1 35.007824 ) 
4 45 (-3 0 35 ) (-3 0 38 ) (-3 -1 38 ) (-3 -1 35 ) 
4 45 (-256 -3 448 ) (-3 -3 448 ) (-3 0 448 ) (-256 0 448 ) 
4 45 (-256 0 0 ) (-256 -3 0 ) (-256 -3 448 ) (-256 0 448 ) 
4 46 (-1 -3 35 ) (-1 -3 38 ) (0 -3 38 ) (0 -3 35 ) 
4 46 (-256 -3 0 ) (-256 -320 0 ) (-256 -320 448 ) (-256 -3 448 ) 
4 46 (-256 -3 448 ) (-256 -320 448 ) (0 -320 448 ) (0 -3 448 ) 
4 46 (-256 -320 0 ) (0 -320 0 ) (0 -320 448 ) (-256 -320 448 ) 
4 47 (-256 -320 -192 ) (-256 0 -192 ) (0 0 -192 ) (0 -320 -192 ) 
4 47 (-1 -1 0 ) (0 -1 0 ) (0 0 0 ) (-1 0 0 ) 
4 47 (-256 -320 0 ) (-256 0 0 ) (-256 0 -192 ) (-256 -320 -192 ) 
4 47 (-256 -320 0 ) (-256 -320 -192 ) (0 -320 -192 ) (0 -320 0 ) 
