PRT1
29
83
82
4 0 15 0 (0 0 37 ) (0 256 37 ) (0 256 0 ) (0 55.500000 0 ) 
4 0 14 0 (0 0 37 ) (0 0 448 ) (0 256 448 ) (0 256 37 ) 
4 0 7 0 (0 0 448 ) (0 0 37 ) (256 0 37 ) (256 0 448 ) 
4 0 6 0 (0 55.500000 0 ) (0 256 0 ) (256 256 0 ) (256 55.500000 0 ) 
4 0 3 0 (0.992909 3.007094 35 ) (0.991041 3.001492 35.003731 ) (0 3.001492 35.003731 ) (0 3.790967 34.477413 ) 
4 0 2 0 (0 55.507088 0 ) (18.492907 55.507088 0 ) (0.992909 3.007094 35 ) (0 3.790967 34.477413 ) 
5 0 1 0 (18.492907 55.507088 0 ) (256 55.507080 0 ) (256 0 37.004719 ) (0 0 37.004726 ) (0 0.028369 36.985813 ) 
4 1 8 0 (0 0 37 ) (74 0 0 ) (256 0 0 ) (256 0 37 ) 
4 1 6 0 (256 0 0 ) (74 0 0 ) (18.499994 55.500000 0 ) (256 55.500000 0 ) 
4 1 4 0 (0 0 37 ) (2.996249 1 35.002499 ) (73.001053 1 0 ) (74.001053 0 0 ) 
4 1 2 0 (1 3 35 ) (18.499928 55.501209 0 ) (73.001053 1 0 ) (3 1 35 ) 
4 2 17 0 (0 3.789474 34.473682 ) (0 55.500000 0 ) (0 1 0 ) (0 1 27.499998 ) 
4 2 6 0 (0 1 0 ) (0 55.500000 0 ) (18.499994 55.500000 0 ) (73 1 0 ) 
4 2 5 0 (1 1 0 ) (55.500000 1 0 ) (3 1 35 ) (1 1 30 ) 
3 2 4 0 (55.500000 1 0 ) (73 1 0 ) (3 1 35 ) 
4 2 3 0 (0 1 27.526501 ) (0.989547 1 30 ) (0.989846 3 35 ) (0 3.781456 34.479027 ) 
4 3 17 0 (0 3 35 ) (0 3.789474 34.473682 ) (0 1 27.499998 ) (0 1 30 ) 
3 4 9 0 (0 0 37 ) (55.500000 0 0 ) (74 0 0 ) 
4 4 6 0 (74 0 0 ) (55.500000 0 0 ) (55.499996 1 0 ) (73 1 0 ) 
5 4 5 0 (3 0.992182 35.002041 ) (3.024275 1 34.986420 ) (55.503910 1 0 ) (55.503910 0 0 ) (3 0 35 ) 
4 5 10 0 (1 0 0 ) (55.500000 0 0 ) (3 0 35 ) (1 0 30 ) 
4 5 6 0 (55.500000 0 0 ) (1 0 0 ) (1 1 0 ) (55.499996 1 0 ) 
4 6 21 0 (0 0 -192 ) (0 0 0 ) (0 256 0 ) (0 256 -192 ) 
4 6 13 0 (0 0 0 ) (0 0 -192 ) (256 0 -192 ) (256 0 0 ) 
3 7 24 0 (0 0 37 ) (0 -55.500000 0 ) (0 -74 0 ) 
4 7 23 0 (0 0 37 ) (0 -74 0 ) (0 -320 0 ) (0 -320 37 ) 
4 7 22 0 (0 -320 448 ) (0 0 448 ) (0 0 37 ) (0 -320 37 ) 
4 7 13 0 (0 -320 0 ) (0 -55.499992 0 ) (256 -55.500000 0 ) (256 -320 0 ) 
4 7 12 0 (0 -3.791035 34.477592 ) (0 -3.001563 35.003906 ) (0.990612 -3.001563 35.003906 ) (0.992568 -3.007431 35 ) 
4 7 11 0 (18.492569 -55.507423 0 ) (0 -55.507423 0 ) (0 -3.791035 34.477592 ) (0.992568 -3.007431 35 ) 
5 7 8 0 (0 0 37.004951 ) (256 0 37.004959 ) (256 -55.507435 0 ) (18.492569 -55.507423 0 ) (0 -0.029727 36.985134 ) 
4 8 13 0 (74 0 0 ) (256 0 0 ) (256 -55.500000 0 ) (18.500000 -55.499992 0 ) 
4 8 11 0 (18.503012 -55.499985 0 ) (1.002392 -2.998110 35.001247 ) (3 -1 35.001274 ) (73.004570 -1 0 ) 
5 8 9 0 (0.004528 -0.004513 36.996979 ) (0.003023 0 37 ) (74.004601 0 0 ) (73.004570 -1 0 ) (2.990820 -1 35.006119 ) 
4 9 13 0 (55.500000 0 0 ) (74 0 0 ) (73 -1 0 ) (55.499996 -1 0 ) 
3 9 11 0 (55.500000 -1 0 ) (73 -1 0 ) (3 -1 35 ) 
5 9 10 0 (55.503239 -1 0 ) (3.024275 -1 34.986420 ) (3 -0.992182 35.002056 ) (3 0 35.002037 ) (55.503239 0 0 ) 
4 10 13 0 (1 0 0 ) (55.500000 0 0 ) (55.499996 -1 0 ) (1 -1 0 ) 
4 10 11 0 (1 -1 0 ) (55.500000 -1 0 ) (3 -1 35 ) (1 -1 30 ) 
4 11 25 0 (0 -1 0 ) (0 -55.500000 0 ) (0 -3.789473 34.473675 ) (0 -1 27.499998 ) 
4 11 13 0 (0 -55.499992 0 ) (0 -1 0 ) (73 -1 0 ) (18.500000 -55.499992 0 ) 
4 11 12 0 (0.993751 -1 30 ) (0 -1 27.515623 ) (0 -3.782093 34.478882 ) (0.990549 -3 35 ) 
4 12 25 0 (0 -3.789473 34.473675 ) (0 -3 35 ) (0 -1 30 ) (0 -1 27.499998 ) 
4 13 28 0 (0 -320 0 ) (0 0 0 ) (0 0 -192 ) (0 -320 -192 ) 
5 14 22 0 (-256 0 0 ) (-55.500000 0 0 ) (0 0 37 ) (0 0 448 ) (-256 0 448 ) 
4 14 21 0 (-55.500000 0 0 ) (-256 0 0 ) (-256 256 0 ) (-55.500000 256 0 ) 
5 14 20 0 (-55.503857 0 0 ) (-55.503857 1 0 ) (-3.015332 1 34.992332 ) (-3 0.995158 35.002018 ) (-3 0 35.002018 ) 
4 14 19 0 (-3.015332 1 34.992332 ) (-1.003837 1 36.333328 ) (-0.003837 0 37 ) (-0.015345 0 36.992325 ) 
3 14 18 0 (-6.343559 2.109407 32.773514 ) (-3.015333 1 34.992332 ) (-10.503837 1 30 ) 
4 14 17 0 (-55.503857 1 0 ) (-55.503857 18.496140 0 ) (-6.343559 2.109407 32.773514 ) (-10.503837 1 30 ) 
4 14 16 0 (-55.503857 18.496140 0 ) (-55.503853 55.500000 0 ) (-1.003837 1 36.333328 ) (-3.015333 1 34.992332 ) 
5 14 15 0 (-55.503853 55.500000 0 ) (-55.503841 256 0 ) (0 256 37.002563 ) (0 0 37.002556 ) (-0.003837 0 37 ) 
4 15 21 0 (-55.500000 55.500000 0 ) (-55.500000 256 0 ) (0 256 0 ) (0 55.500000 0 ) 
4 15 19 0 (0 0.006800 37.003178 ) (-0.993201 1 36.341042 ) (-0.317912 1 36.341042 ) (0 0.046283 36.976856 ) 
4 15 17 0 (-18.488710 55.511284 0 ) (0 55.511284 0 ) (0 3.002433 35.006081 ) (-0.985403 3.002432 35.006081 ) 
4 15 16 0 (-0.993201 1 36.341042 ) (-55.504574 55.511288 0 ) (-18.488710 55.511284 0 ) (-0.317912 1 36.341042 ) 
3 16 21 0 (-55.500000 18.499996 0 ) (-55.500000 55.500000 0 ) (-18.499992 55.500000 0 ) 
3 16 19 0 (-0.320309 1 36.339844 ) (-1 1 36.339844 ) (-3.039075 1 34.980461 ) 
3 16 18 0 (-3 1 35 ) (-6.333318 2.111115 32.777786 ) (-1 3 35 ) 
4 16 17 0 (-6.333318 2.111115 32.777786 ) (-55.499996 18.500002 0 ) (-18.499872 55.500839 0 ) (-1 3 35 ) 
5 17 21 0 (-55.500000 1 0 ) (-55.500000 18.499996 0 ) (-18.499992 55.500000 0 ) (0 55.500000 0 ) (0 1 0 ) 
4 17 20 0 (-10.509767 1 30 ) (-55.509762 1 0 ) (-1 1 0 ) (-1 1 30 ) 
4 17 18 0 (-1.001563 2.997135 34.996746 ) (-6.343739 2.106773 32.770840 ) (-10.494140 1 30.003906 ) (-1.001563 1 30.003906 ) 
4 18 20 0 (-3 1 35 ) (-3.039075 1 34.980461 ) (-10.509767 1 30 ) (-1 1 30 ) 
4 20 26 0 (-55.500000 0 0 ) (-1 0 0 ) (-1 0 30 ) (-3 0 35 ) 
4 20 21 0 (-1 0 0 ) (-55.500000 0 0 ) (-55.500000 1 0 ) (-1 1 0 ) 
4 21 28 0 (-256 0 -192 ) (0 0 -192 ) (0 0 0 ) (-256 0 0 ) 
4 22 28 0 (-256 0 0 ) (-55.500000 0 0 ) (-55.500000 -320 0 ) (-256 -320 0 ) 
4 22 26 0 (-55.505856 -18.494148 0 ) (-55.505856 0 0 ) (-3.001165 0 35.002903 ) (-3.001163 -0.993028 35.002907 ) 
5 22 23 0 (0 -320 37.003677 ) (-55.505859 -320 0 ) (-55.505856 -18.494148 0 ) (-0.022004 0 36.988998 ) (0 0 37.003666 ) 
4 23 28 0 (0 -74 0 ) (0 -320 0 ) (-55.500000 -320 0 ) (-55.500000 -18.500004 0 ) 
3 23 27 0 (-2.998936 -1.001341 34.997353 ) (-1 -3 34.997906 ) (-1 -12.994936 30 ) 
4 23 26 0 (-1 -72.994720 0 ) (-55.494968 -18.500013 0 ) (-2.998936 -1.001341 34.997353 ) (-1 -12.994936 30 ) 
4 23 24 0 (0 -73.994713 0 ) (-1 -72.994720 0 ) (-1 -3.015084 34.989944 ) (0 -0.015050 36.989964 ) 
4 24 28 0 (0 -55.500000 0 ) (0 -74 0 ) (-1 -73 0 ) (-1 -55.499996 0 ) 
3 24 27 0 (-1 -13 30 ) (-1 -3 35 ) (-1 -10.499997 30 ) 
4 24 26 0 (-1 -55.499996 0 ) (-1 -73 0 ) (-1 -13 30 ) (-1 -10.499997 30 ) 
5 24 25 0 (0 -55.503674 0 ) (-1 -55.503674 0 ) (-1 -3.024275 34.986420 ) (-0.992182 -3 35.002056 ) (0 -3 35.002048 ) 
4 25 28 0 (0 -1 0 ) (0 -55.500000 0 ) (-1 -55.499996 0 ) (-1 -1 0 ) 
3 25 27 0 (-1 -10.499997 30 ) (-1 -3 35 ) (-1 -1 30 ) 
4 25 26 0 (-1 -1 0 ) (-1 -55.499996 0 ) (-1 -10.499997 30 ) (-1 -1 30 ) 
4 26 28 0 (-55.500000 0 0 ) (-1 0 0 ) (-1 -73 0 ) (-55.500000 -18.500004 0 ) 
3 26 27 0 (-1 -12.984375 30.008205 ) (-1 -1.003283 30.008205 ) (-2.996875 -1.003126 35 ) 
3 0 (0.323877 1 36.338058 ) (0 0.028369 36.985813 ) (0 1 36.338058 ) 
4 0 (0.991041 3.001492 35.003731 ) (0.323877 1 36.338058 ) (0 1 36.338058 ) (0 3.001492 35.003731 ) 
4 0 (0 256 448 ) (256 256 448 ) (256 256 0 ) (0 256 0 ) 
4 0 (256 256 448 ) (0 256 448 ) (0 0 448 ) (256 0 448 ) 
5 0 (256 256 448 ) (256 0 448 ) (256 0 37 ) (256 55.500000 0 ) (256 256 0 ) 
3 1 (1 1 36 ) (2.996249 1 35.002499 ) (1 0.333872 36.333691 ) 
4 1 (0 0 37 ) (0.332789 1 36.334232 ) (1 1 36 ) (1 0.333872 36.333691 ) 
3 1 (0.332789 1 36.334232 ) (1 3 35 ) (3 1 35 ) 
3 1 (256 0 37 ) (256 0 0 ) (256 55.500000 0 ) 
4 2 (0 1 0 ) (1 1 0 ) (1 1 30 ) (0 1 27.499998 ) 
4 2 (0.989547 1 30 ) (2.991484 1 35.004097 ) (0.997633 2.993851 35.004097 ) (0.989846 3 35 ) 
3 3 (0 1 30 ) (0 1 27.499998 ) (1 1 30 ) 
5 3 (0 1 30.011833 ) (1.007811 1 30.011833 ) (1.007810 2.994753 34.998714 ) (0.998750 2.996264 35.002491 ) (0 2.996264 35.002491 ) 
4 4 (1 0.325428 36.334198 ) (3 0.992182 35.002041 ) (3 0 35 ) (1 0 36.333401 ) 
3 4 (0.023445 0 36.984394 ) (1 0.325428 36.334198 ) (1 0 36.333401 ) 
4 5 (1 1 30 ) (1 1 0 ) (1 0 0 ) (1 0 30 ) 
5 5 (1 1 30.008205 ) (1 0 30.008205 ) (2.997479 0 35.003521 ) (2.997479 1 35.003521 ) (2.996725 1 35.001633 ) 
4 6 (256 0 -192 ) (0 0 -192 ) (0 256 -192 ) (256 256 -192 ) 
4 6 (1 1 0 ) (0 1 0 ) (0 0 0 ) (1 0 0 ) 
4 6 (256 256 -192 ) (0 256 -192 ) (0 256 0 ) (256 256 0 ) 
4 6 (256 0 0 ) (256 0 -192 ) (256 256 -192 ) (256 256 0 ) 
4 7 (0 -3.001563 35.003906 ) (0 -1 36.338284 ) (0.323424 -1 36.338284 ) (0.990612 -3.001563 35.003906 ) 
3 7 (0 -1 36.338284 ) (0 -0.029727 36.985134 ) (0.323424 -1 36.338284 ) 
5 7 (256 0 37 ) (256 0 448 ) (256 -320 448 ) (256 -320 0 ) (256 -55.500000 0 ) 
4 7 (256 -320 448 ) (256 0 448 ) (0 0 448 ) (0 -320 448 ) 
4 7 (0 -320 0 ) (256 -320 0 ) (256 -320 448 ) (0 -320 448 ) 
3 8 (1.002392 -2.998110 35.001247 ) (0.336356 -1 36.333321 ) (3 -1 35.001274 ) 
3 8 (1 -0.336356 36.333332 ) (2.990820 -1 35.006119 ) (1 -1 36.001507 ) 
4 8 (0.336356 -1 36.333321 ) (0.004528 -0.004513 36.996979 ) (1 -0.336356 36.333332 ) (1 -1 36.001507 ) 
3 8 (256 0 37 ) (256 -55.500000 0 ) (256 0 0 ) 
4 9 (3 -0.992182 35.002056 ) (1 -0.325242 36.335938 ) (1 0 36.335930 ) (3 0 35.002037 ) 
3 9 (1 -0.325242 36.335938 ) (0.024274 0 36.986420 ) (1 0 36.335930 ) 
4 10 (1 0 0 ) (1 -1 0 ) (1 -1 30 ) (1 0 30 ) 
5 10 (1 0 30.008207 ) (1 -1 30.008207 ) (2.996726 -1 35.001633 ) (2.997479 -0.995482 35.003517 ) (2.997479 0 35.003517 ) 
4 11 (2.995390 -1 35.004097 ) (0.993751 -1 30 ) (0.990549 -3 35 ) (0.997904 -2.994284 35.004097 ) 
4 11 (0 -1 27.499998 ) (1 -1 30 ) (1 -1 0 ) (0 -1 0 ) 
3 12 (0 -1 27.499998 ) (0 -1 30 ) (1 -1 30 ) 
5 12 (1.003905 -2.995795 34.997299 ) (1.003905 -1 30.004580 ) (0 -1 30.004580 ) (0 -2.997396 35 ) (0.992187 -2.997396 35 ) 
4 13 (0 -320 -192 ) (0 0 -192 ) (256 0 -192 ) (256 -320 -192 ) 
4 13 (1 -1 0 ) (1 0 0 ) (0 0 0 ) (0 -1 0 ) 
4 13 (256 -320 -192 ) (256 0 -192 ) (256 0 0 ) (256 -320 0 ) 
4 13 (0 -320 -192 ) (256 -320 -192 ) (256 -320 0 ) (0 -320 0 ) 
4 14 (-3 0.995158 35.002018 ) (-1 0.328220 36.335888 ) (-1 0 36.335888 ) (-3 0 35.002018 ) 
3 14 (-1 0.328220 36.335888 ) (-0.015345 0 36.992325 ) (-1 0 36.335888 ) 
5 14 (0 256 448 ) (0 256 37 ) (-55.500000 256 0 ) (-256 256 0 ) (-256 256 448 ) 
4 14 (0 256 448 ) (-256 256 448 ) (-256 0 448 ) (0 0 448 ) 
4 14 (-256 256 0 ) (-256 0 0 ) (-256 0 448 ) (-256 256 448 ) 
3 15 (-0.317912 1 36.341042 ) (0 1 36.341042 ) (0 0.046283 36.976856 ) 
4 15 (0 3.002433 35.006081 ) (0 1 36.341042 ) (-0.317912 1 36.341042 ) (-0.985403 3.002432 35.006081 ) 
3 15 (0 256 37 ) (0 256 0 ) (-55.500000 256 0 ) 
3 16 (-0.333111 1 36.333447 ) (-3 1 35 ) (-1 3 35 ) 
4 17 (-1 1 0 ) (0 1 0 ) (0 1 30 ) (-1 1 30 ) 
5 17 (0 2.998896 35.001148 ) (-0.991000 2.998896 35.001148 ) (-1.001563 2.997135 34.996746 ) (-1.001563 1 30.003906 ) (0 1 30.003906 ) 
5 18 (-0.993659 1 30 ) (-0.993659 3.001233 35 ) (-1.003012 2.993850 35.004097 ) (-2.993850 1.003012 35.004097 ) (-2.996228 1 35.002510 ) 
3 19 (-3.031350 1 34.980419 ) (-1 1 35.996094 ) (-1 0.324646 36.333771 ) 
6 19 (-1 1 35.996094 ) (-0.325979 1 36.333103 ) (0 0.022062 36.985062 ) (0 0 36.996094 ) (-0.023520 0 36.984333 ) (-1 0.324646 36.333771 ) 
4 20 (-1 0 30 ) (-1 0 0 ) (-1 1 0 ) (-1 1 30 ) 
4 20 (-1 0 30.008207 ) (-1 1 30.008207 ) (-2.997396 1 35.001698 ) (-2.997396 0 35.001698 ) 
4 21 (0 0 -192 ) (-256 0 -192 ) (-256 256 -192 ) (0 256 -192 ) 
4 21 (0 1 0 ) (-1 1 0 ) (-1 0 0 ) (0 0 0 ) 
4 21 (-256 256 -192 ) (-256 256 0 ) (0 256 0 ) (0 256 -192 ) 
4 21 (-256 256 0 ) (-256 256 -192 ) (-256 0 -192 ) (-256 0 0 ) 
4 22 (-3.001165 0 35.002903 ) (-1 0 36.337006 ) (-1 -0.325990 36.337006 ) (-3.001163 -0.993028 35.002907 ) 
3 22 (-1 0 36.337006 ) (-0.022004 0 36.988998 ) (-1 -0.325990 36.337006 ) 
4 22 (-256 0 0 ) (-256 -320 0 ) (-256 -320 448 ) (-256 0 448 ) 
4 22 (-256 -320 448 ) (0 -320 448 ) (0 0 448 ) (-256 0 448 ) 
5 22 (-256 -320 0 ) (-55.500000 -320 0 ) (0 -320 37 ) (0 -320 448 ) (-256 -320 448 ) 
3 23 (-2.998936 -1.001341 34.997353 ) (-1 -0.335029 36.329975 ) (-1 -3 34.997906 ) 
3 23 (-1 -3.015084 34.989944 ) (-1 -1 35.997490 ) (-0.328313 -1 36.333332 ) 
5 23 (-1 -1 35.997490 ) (-1 -0.335029 36.329975 ) (0 -0.001695 36.996643 ) (0 -0.015050 36.989964 ) (-0.328313 -1 36.333332 ) 
3 23 (-55.500000 -320 0 ) (0 -320 0 ) (0 -320 37 ) 
4 24 (-0.992182 -3 35.002056 ) (-0.325242 -1 36.335938 ) (0 -1 36.335934 ) (0 -3 35.002048 ) 
3 24 (-0.325242 -1 36.335938 ) (0 -0.024274 36.986420 ) (0 -1 36.335934 ) 
4 25 (0 -1 30 ) (0 -1 0 ) (-1 -1 0 ) (-1 -1 30 ) 
5 25 (0 -1 30.008207 ) (-1 -1 30.008207 ) (-1 -2.996726 35.001633 ) (-0.995482 -2.997479 35.003517 ) (0 -2.997479 35.003517 ) 
5 26 (-1 -1.003283 30.008205 ) (-1 0 30.008205 ) (-2.997594 0 35.001797 ) (-2.997594 -0.998813 35.001797 ) (-2.996875 -1.003126 35 ) 
4 26 (-1 0 30 ) (-1 -1 30 ) (-1 -1 0 ) (-1 0 0 ) 
4 27 (-1 -2.994425 35.005592 ) (-1 -0.993659 29.997389 ) (-3 -0.993659 35 ) (-2.996676 -0.998906 35.002213 ) 
4 28 (-256 -320 -192 ) (-256 0 -192 ) (0 0 -192 ) (0 -320 -192 ) 
4 28 (-1 -1 0 ) (0 -1 0 ) (0 0 0 ) (-1 0 0 ) 
4 28 (-256 -320 0 ) (-256 0 0 ) (-256 0 -192 ) (-256 -320 -192 ) 
4 28 (-256 -320 0 ) (-256 -320 -192 ) (0 -320 -192 ) (0 -320 0 ) 
