PRT1
29
83
81
4 0 16 0 (0 0 37 ) (0 256 37 ) (0 256 0 ) (0 74 0 ) 
4 0 15 0 (0 0 37 ) (0 0 448 ) (0 256 448 ) (0 256 37 ) 
4 0 8 0 (0 0 37 ) (74 0 0 ) (256 0 0 ) (256 0 37 ) 
4 0 7 0 (0 0 448 ) (0 0 37 ) (256 0 37 ) (256 0 448 ) 
5 0 6 0 (256 0 0 ) (74 0 0 ) (0 74 0 ) (0 256 0 ) (256 256 0 ) 
4 0 4 0 (73 1 0 ) (74 0 0 ) (0 0 37 ) (3.001555 1 34.998959 ) 
3 0 3 0 (13 1 30 ) (3 1 35 ) (1 3 35 ) 
4 0 2 0 (18.499424 55.499996 0 ) (73 1 0 ) (13 1 30 ) (1 3 35 ) 
3 0 1 0 (0 74 0 ) (18.499424 55.499996 0 ) (0 0 37 ) 
3 1 17 0 (0 0 37 ) (0 74 0 ) (0 55.500000 0 ) 
3 1 6 0 (0 55.500000 0 ) (0 74 0 ) (18.499994 55.500000 0 ) 
4 1 2 0 (0 55.503841 0 ) (18.496092 55.503841 0 ) (0.995083 3 35.002026 ) (0 3 35.002022 ) 
4 2 18 0 (0 3 35 ) (0 55.500000 0 ) (0 1 0 ) (0 1 30 ) 
4 2 6 0 (0 1 0 ) (0 55.500000 0 ) (18.499994 55.500000 0 ) (73 1 0 ) 
4 2 5 0 (1 1 0 ) (55.500000 1 0 ) (10.499996 1 30 ) (1 1 30 ) 
4 2 4 0 (55.500000 1 0 ) (72.992363 1 0 ) (12.992220 1 30 ) (10.499996 1 30 ) 
4 2 3 0 (1.003283 1 30.008207 ) (12.984375 1 30.008207 ) (1.007812 2.997479 35.003517 ) (1.003928 2.997479 35.003517 ) 
4 3 5 0 (3.023415 1 34.984386 ) (2.998699 1 34.996746 ) (1 1 30 ) (10.499996 1 30 ) 
3 3 4 0 (12.992220 1 30 ) (3.023415 1 34.984386 ) (10.499996 1 30 ) 
3 4 8 0 (0 0 37 ) (55.500000 0 0 ) (74 0 0 ) 
4 4 6 0 (74 0 0 ) (55.500000 0 0 ) (55.499996 1 0 ) (73 1 0 ) 
5 4 5 0 (3 0.995065 35.002056 ) (3.015630 1 34.992184 ) (55.503906 1 0 ) (55.503906 0 0 ) (3 0 35.002060 ) 
4 5 10 0 (1 0 0 ) (55.500000 0 0 ) (3 0 35 ) (1 0 30 ) 
4 5 6 0 (55.500000 0 0 ) (1 0 0 ) (1 1 0 ) (55.499996 1 0 ) 
4 6 21 0 (0 0 -192 ) (0 0 0 ) (0 256 0 ) (0 256 -192 ) 
4 6 14 0 (0 0 0 ) (0 0 -192 ) (256 0 -192 ) (256 0 0 ) 
5 7 22 0 (0 -320 448 ) (0 0 448 ) (0 0 37 ) (0 -55.500000 0 ) (0 -320 0 ) 
4 7 14 0 (0 -320 0 ) (0 -55.499992 0 ) (256 -55.500000 0 ) (256 -320 0 ) 
4 7 13 0 (0 -3.791035 34.477592 ) (0 -3.001563 35.003906 ) (0.990618 -3.001564 35.003910 ) (0.992572 -3.007428 35 ) 
4 7 12 0 (18.492573 -55.507423 0 ) (0 -55.507423 0 ) (0 -3.791035 34.477592 ) (0.992572 -3.007428 35 ) 
4 7 11 0 (55.500000 -55.507427 0 ) (18.492573 -55.507423 0 ) (0.323429 -1 36.338284 ) (0.992569 -1 36.338284 ) 
4 7 9 0 (0 -0.029716 36.985138 ) (0 -0.007431 37 ) (0.992569 -1 36.338284 ) (0.323429 -1 36.338284 ) 
5 7 8 0 (0 0 37.004951 ) (256 0 37.004959 ) (256 -55.507435 0 ) (55.500000 -55.507427 0 ) (0 -0.007431 37 ) 
4 8 14 0 (55.500000 0 0 ) (256 0 0 ) (256 -55.500000 0 ) (55.500000 -55.499992 0 ) 
3 8 12 0 (3.015382 -1 34.992310 ) (55.503845 -1 0 ) (55.503845 -18.496153 0 ) 
4 8 11 0 (55.503841 -55.496105 0 ) (1.007731 -1 36.330742 ) (3.015382 -1 34.992310 ) (55.503845 -18.496153 0 ) 
5 8 10 0 (3 0 35.002022 ) (55.503845 0 0 ) (55.503845 -1 0 ) (3.015383 -1 34.992310 ) (3 -0.995142 35.002026 ) 
4 8 9 0 (1.007731 -1 36.330742 ) (0.007733 0 36.997406 ) (0.015386 0 36.992306 ) (3.015383 -1 34.992310 ) 
3 9 11 0 (3 -1 35 ) (0.984375 -1 36.343750 ) (0.312497 -1 36.343750 ) 
4 10 14 0 (1 0 0 ) (55.500000 0 0 ) (55.500000 -1 0 ) (1 -1 0 ) 
4 10 12 0 (1 -1 0 ) (55.500412 -1 0 ) (3 -1 35 ) (1 -1 30 ) 
3 11 14 0 (55.500000 -18.499996 0 ) (55.500000 -55.499992 0 ) (18.500002 -55.499992 0 ) 
4 11 12 0 (18.499647 -55.500572 0 ) (1 -3 35 ) (3 -1 35 ) (55.500095 -18.499895 0 ) 
4 12 26 0 (0 -1 0 ) (0 -55.500000 0 ) (0 -3.789473 34.473675 ) (0 -1 27.499998 ) 
5 12 14 0 (0 -55.499992 0 ) (0 -1 0 ) (55.500000 -1 0 ) (55.500000 -18.499996 0 ) (18.500002 -55.499992 0 ) 
4 12 13 0 (0 -3.794234 34.470158 ) (1.006173 -3 35 ) (1.003779 -1 30 ) (0 -1 27.490555 ) 
4 13 27 0 (0 -3.789473 34.473675 ) (0 -3 35 ) (0 -1 30 ) (0 -1 27.499998 ) 
4 14 28 0 (0 -320 0 ) (0 0 0 ) (0 0 -192 ) (0 -320 -192 ) 
3 15 24 0 (-74 0 0 ) (-55.500000 0 0 ) (0 0 37 ) 
4 15 23 0 (-256 0 0 ) (-74 0 0 ) (0 0 37 ) (-256 0 37 ) 
4 15 22 0 (0 0 37 ) (0 0 448 ) (-256 0 448 ) (-256 0 37 ) 
4 15 21 0 (-55.500000 0 0 ) (-256 0 0 ) (-256 256 0 ) (-55.500000 256 0 ) 
4 15 19 0 (-55.503857 0 0 ) (-55.503857 18.496141 0 ) (-3 0.995153 35.002018 ) (-3 0 35.002022 ) 
5 15 16 0 (-55.503857 18.496141 0 ) (-55.503841 256 0 ) (0 256 37.002563 ) (0 0 37.002556 ) (-0.015348 0 36.992325 ) 
4 16 21 0 (-55.500000 18.499994 0 ) (-55.500000 256 0 ) (0 256 0 ) (0 74 0 ) 
4 16 20 0 (-2.989843 1.005664 34.988770 ) (-2.994315 1.007155 34.985786 ) (-1 12.973605 30 ) (-1 2.995525 34.988815 ) 
4 16 19 0 (-2.994315 1.007155 34.985786 ) (-55.473328 18.500053 0 ) (-1 72.976326 0 ) (-1 12.973605 30 ) 
4 16 17 0 (-1 3.080510 34.946323 ) (-1 72.976326 0 ) (0 73.976379 0 ) (0 0.080884 36.946075 ) 
4 17 21 0 (-1 55.499996 0 ) (-1 73 0 ) (0 74 0 ) (0 55.500000 0 ) 
3 17 20 0 (-1 3 35 ) (-1 13 30 ) (-1 10.499996 30 ) 
4 17 19 0 (-1 13 30 ) (-1 73 0 ) (-1 55.500000 0 ) (-1 10.499996 30 ) 
5 17 18 0 (-0.992182 3 35.002041 ) (-1 3.024275 34.986420 ) (-1 55.503910 0 ) (0 55.503910 0 ) (0 3 35 ) 
4 18 21 0 (-1 1 0 ) (-1 55.499996 0 ) (0 55.500000 0 ) (0 1 0 ) 
3 18 20 0 (-1 3 35 ) (-1 10.499995 30 ) (-1 1 30 ) 
4 18 19 0 (-1 10.499995 30 ) (-1 55.500000 0 ) (-1 1 0 ) (-1 1 30 ) 
4 19 25 0 (-55.500000 0 0 ) (-1 0 0 ) (-1 0 30 ) (-3 0 35 ) 
4 19 21 0 (-1 0 0 ) (-55.500000 0 0 ) (-55.500000 18.499994 0 ) (-1 73 0 ) 
3 19 20 0 (-1 1.003283 30.008207 ) (-1 12.984375 30.008207 ) (-2.996849 1.003282 35 ) 
4 21 28 0 (-256 0 -192 ) (0 0 -192 ) (0 0 0 ) (-256 0 0 ) 
4 22 28 0 (0 -55.500000 0 ) (0 -320 0 ) (-256 -320 0 ) (-256 -55.499992 0 ) 
3 22 27 0 (-1 -3 35 ) (0 -3 35 ) (0 -3.789684 34.474209 ) 
4 22 26 0 (0 -55.500999 0 ) (-18.498995 -55.500999 0 ) (-1 -3 35 ) (0 -3.789684 34.474209 ) 
4 22 23 0 (-18.498995 -55.500999 0 ) (-256 -55.500988 0 ) (-256 0 37 ) (0 0 37 ) 
4 23 28 0 (-256 0 0 ) (-74 0 0 ) (-18.499996 -55.500000 0 ) (-256 -55.499992 0 ) 
4 23 26 0 (-1 -3.001631 35.002247 ) (-18.500334 -55.504536 0 ) (-73.003960 -1 0 ) (-3 -1 35.002235 ) 
5 23 24 0 (0 -0.003843 37 ) (-2.983891 -1 35.010735 ) (-73.003960 -1 0 ) (-74.003944 0 0 ) (0 0 37.002716 ) 
4 24 28 0 (-74 0 0 ) (-55.500000 0 0 ) (-55.499996 -1 0 ) (-73 -1 0 ) 
3 24 26 0 (-3 -1 35 ) (-73 -1 0 ) (-55.500000 -1 0 ) 
5 24 25 0 (-3 -0.992182 35.002041 ) (-3.024275 -1 34.986420 ) (-55.503910 -1 0 ) (-55.503910 0 0 ) (-3 0 35 ) 
4 25 28 0 (-55.500000 0 0 ) (-1 0 0 ) (-1 -1 0 ) (-55.499996 -1 0 ) 
4 25 26 0 (-3 -1 35 ) (-55.500000 -1 0 ) (-1 -1 0 ) (-1 -1 30 ) 
4 26 28 0 (0 -1 0 ) (0 -55.500000 0 ) (-18.499996 -55.500000 0 ) (-73 -1 0 ) 
4 26 27 0 (0 -1 27.526501 ) (-0.989547 -1 30 ) (-0.989846 -3 35 ) (0 -3.781456 34.479027 ) 
3 0 (1 1 36 ) (3.001555 1 34.998959 ) (1 0.333161 36.333160 ) 
4 0 (0 0 37 ) (0.333323 1 36.333080 ) (1 1 36 ) (1 0.333161 36.333160 ) 
3 0 (3 1 35 ) (0.333323 1 36.333080 ) (1 3 35 ) 
4 0 (0 256 448 ) (256 256 448 ) (256 256 0 ) (0 256 0 ) 
4 0 (256 256 448 ) (0 256 448 ) (0 0 448 ) (256 0 448 ) 
4 0 (256 256 448 ) (256 0 448 ) (256 0 0 ) (256 256 0 ) 
3 1 (0.328146 1 36.335899 ) (0 0.015559 36.992191 ) (0 1 36.335896 ) 
4 1 (0.995083 3 35.002026 ) (0.328146 1 36.335899 ) (0 1 36.335896 ) (0 3 35.002022 ) 
4 2 (0 1 0 ) (1 1 0 ) (1 1 30 ) (0 1 30 ) 
4 2 (0 1 30.008207 ) (1.003283 1 30.008207 ) (1.003928 2.997479 35.003517 ) (0 2.997479 35.003517 ) 
3 3 (0.996422 2.997991 35.002792 ) (0.996422 1 30.004906 ) (2.995382 1 35.002308 ) 
4 4 (1 0.328302 36.335938 ) (3 0.995065 35.002056 ) (3 0 35.002060 ) (1 0 36.335941 ) 
3 4 (0.014831 0 36.992718 ) (1 0.328302 36.335938 ) (1 0 36.335941 ) 
4 5 (1 1 30 ) (1 1 0 ) (1 0 0 ) (1 0 30 ) 
5 5 (1 1 30.008205 ) (1 0 30.008205 ) (2.997479 0 35.003521 ) (2.997479 1 35.003521 ) (2.996725 1 35.001633 ) 
4 6 (256 0 -192 ) (0 0 -192 ) (0 256 -192 ) (256 256 -192 ) 
4 6 (1 1 0 ) (0 1 0 ) (0 0 0 ) (1 0 0 ) 
4 6 (256 256 -192 ) (0 256 -192 ) (0 256 0 ) (256 256 0 ) 
4 6 (256 0 0 ) (256 0 -192 ) (256 256 -192 ) (256 256 0 ) 
4 7 (0 -3.001563 35.003906 ) (0 -1 36.338284 ) (0.323429 -1 36.338284 ) (0.990618 -3.001564 35.003910 ) 
3 7 (0 -1 36.338284 ) (0 -0.029716 36.985138 ) (0.323429 -1 36.338284 ) 
5 7 (256 0 37 ) (256 0 448 ) (256 -320 448 ) (256 -320 0 ) (256 -55.500000 0 ) 
4 7 (256 -320 448 ) (256 0 448 ) (0 0 448 ) (0 -320 448 ) 
4 7 (0 -320 0 ) (256 -320 0 ) (256 -320 448 ) (0 -320 448 ) 
4 8 (1 0 36.335896 ) (3 0 35.002022 ) (3 -0.995142 35.002026 ) (1 -0.328205 36.335896 ) 
3 8 (0.015386 0 36.992306 ) (1 0 36.335896 ) (1 -0.328205 36.335896 ) 
3 8 (256 0 37 ) (256 -55.500000 0 ) (256 0 0 ) 
3 9 (3.007538 -1 34.992325 ) (1 -1 35.996094 ) (1 -0.330760 36.330711 ) 
6 9 (1 -1 35.996094 ) (0.325523 -1 36.333332 ) (0 -0.038876 36.976658 ) (0 0 36.996094 ) (0.007810 0 36.992188 ) (1 -0.330760 36.330711 ) 
4 10 (1 0 0 ) (1 -1 0 ) (1 -1 30 ) (1 0 30 ) 
4 10 (1 0 30.008207 ) (1 -1 30.008207 ) (2.997396 -1 35.001698 ) (2.997396 0 35.001698 ) 
3 11 (1 -3 35 ) (0.332913 -1 36.333542 ) (3 -1 35 ) 
5 12 (1.006173 -3 35 ) (1.014477 -2.993335 35.004097 ) (2.991240 -1.016573 35.004097 ) (3.002982 -1 34.998009 ) (1.003779 -1 30 ) 
4 12 (0 -1 27.499998 ) (1 -1 30 ) (1 -1 0 ) (0 -1 0 ) 
3 13 (0 -1 27.499998 ) (0 -1 30 ) (1 -1 30 ) 
5 13 (1.003905 -2.994933 34.995144 ) (1.003905 -1 30.007812 ) (0 -1 30.007812 ) (0 -2.996745 35.002605 ) (0.984375 -2.996745 35.002605 ) 
4 14 (0 -320 -192 ) (0 0 -192 ) (256 0 -192 ) (256 -320 -192 ) 
4 14 (1 -1 0 ) (1 0 0 ) (0 0 0 ) (0 -1 0 ) 
4 14 (256 -320 -192 ) (256 0 -192 ) (256 0 0 ) (256 -320 0 ) 
4 14 (0 -320 -192 ) (256 -320 -192 ) (256 -320 0 ) (0 -320 0 ) 
4 15 (-3 0.995153 35.002018 ) (-1 0.328218 36.335888 ) (-1 0 36.335892 ) (-3 0 35.002022 ) 
3 15 (-1 0.328218 36.335888 ) (-0.015348 0 36.992325 ) (-1 0 36.335892 ) 
5 15 (0 256 448 ) (0 256 37 ) (-55.500000 256 0 ) (-256 256 0 ) (-256 256 448 ) 
4 15 (0 256 448 ) (-256 256 448 ) (-256 0 448 ) (0 0 448 ) 
4 15 (-256 256 0 ) (-256 0 0 ) (-256 0 448 ) (-256 256 448 ) 
3 16 (-1 0.342388 36.315323 ) (-2.989843 1.005664 34.988770 ) (-1 2.995525 34.988815 ) 
3 16 (-1 1 35.986530 ) (-1 3.080510 34.946323 ) (-0.306410 1 36.333332 ) 
5 16 (0 0.009056 36.981987 ) (-1 0.342388 36.315323 ) (-1 1 35.986530 ) (-0.306410 1 36.333332 ) (0 0.080884 36.946075 ) 
3 16 (0 256 37 ) (0 256 0 ) (-55.500000 256 0 ) 
4 17 (-0.325428 1 36.334198 ) (-0.992182 3 35.002041 ) (0 3 35 ) (0 1 36.333401 ) 
3 17 (0 0.023445 36.984394 ) (-0.325428 1 36.334198 ) (0 1 36.333401 ) 
4 18 (-1 1 30 ) (-1 1 0 ) (0 1 0 ) (0 1 30 ) 
5 18 (-1 1 30.008205 ) (0 1 30.008205 ) (0 2.997479 35.003521 ) (-1 2.997479 35.003521 ) (-1 2.996725 35.001633 ) 
5 19 (-1 0 30.008207 ) (-1 1.003283 30.008207 ) (-2.996849 1.003282 35 ) (-2.997408 1 35.001724 ) (-2.997408 0 35.001724 ) 
4 19 (-1 0 30 ) (-1 0 0 ) (-1 1 0 ) (-1 1 30 ) 
4 20 (-2.997533 0.996422 35.001644 ) (-1 0.996422 30.004906 ) (-1 2.995382 35.002308 ) (-2.991185 1.004466 35.005875 ) 
4 21 (0 0 -192 ) (-256 0 -192 ) (-256 256 -192 ) (0 256 -192 ) 
4 21 (0 1 0 ) (-1 1 0 ) (-1 0 0 ) (0 0 0 ) 
4 21 (-256 256 -192 ) (-256 256 0 ) (0 256 0 ) (0 256 -192 ) 
4 21 (-256 256 0 ) (-256 256 -192 ) (-256 0 -192 ) (-256 0 0 ) 
4 22 (-1 -3 35 ) (-0.333310 -1 36.334000 ) (0 -1 36.334000 ) (0 -3 35 ) 
3 22 (-0.333310 -1 36.334000 ) (0 0 37 ) (0 -1 36.334000 ) 
5 22 (-256 -55.500000 0 ) (-256 -320 0 ) (-256 -320 448 ) (-256 0 448 ) (-256 0 37 ) 
4 22 (-256 -320 448 ) (0 -320 448 ) (0 0 448 ) (-256 0 448 ) 
4 22 (-256 -320 0 ) (0 -320 0 ) (0 -320 448 ) (-256 -320 448 ) 
3 23 (-0.332054 -1 36.336681 ) (-1 -3.001631 35.002247 ) (-3 -1 35.002235 ) 
3 23 (-1 -1 36.002701 ) (-2.983891 -1 35.010735 ) (-1 -0.337688 36.333858 ) 
4 23 (0 -0.003843 37 ) (-0.332054 -1 36.336681 ) (-1 -1 36.002701 ) (-1 -0.337688 36.333858 ) 
3 23 (-256 0 0 ) (-256 -55.500000 0 ) (-256 0 37 ) 
4 24 (-1 -0.325428 36.334198 ) (-3 -0.992182 35.002041 ) (-3 0 35 ) (-1 0 36.333401 ) 
3 24 (-0.023445 0 36.984394 ) (-1 -0.325428 36.334198 ) (-1 0 36.333401 ) 
4 25 (-1 0 30 ) (-1 -1 30 ) (-1 -1 0 ) (-1 0 0 ) 
5 25 (-1 -1 30.008205 ) (-1 0 30.008205 ) (-2.997479 0 35.003521 ) (-2.997479 -1 35.003521 ) (-2.996725 -1 35.001633 ) 
4 26 (-0.989547 -1 30 ) (-2.991484 -1 35.004097 ) (-0.997633 -2.993851 35.004097 ) (-0.989846 -3 35 ) 
4 26 (0 -1 27.499998 ) (0 -1 0 ) (-1 -1 0 ) (-1 -1 30 ) 
3 27 (0 -1 30 ) (0 -1 27.499998 ) (-1 -1 30 ) 
5 27 (0 -1 30.011833 ) (-1.007811 -1 30.011833 ) (-1.007810 -2.994753 34.998714 ) (-0.998750 -2.996264 35.002491 ) (0 -2.996264 35.002491 ) 
4 28 (-256 -320 -192 ) (-256 0 -192 ) (0 0 -192 ) (0 -320 -192 ) 
4 28 (-1 -1 0 ) (0 -1 0 ) (0 0 0 ) (-1 0 0 ) 
4 28 (-256 -320 0 ) (-256 0 0 ) (-256 0 -192 ) (-256 -320 -192 ) 
4 28 (-256 -320 0 ) (-256 -320 -192 ) (0 -320 -192 ) (0 -320 0 ) 
