PRT1
4
4
16
4 0 2 0 (0 0 4.125000 ) (0 0 172.125000 ) (0 116.374001 172.125000 ) (0 116.374001 4.125000 ) 
4 0 1 0 (0 0 172.125000 ) (0 0 4.125000 ) (295.250000 0 4.125000 ) (295.250000 0 172.125000 ) 
4 1 3 0 (0 0 172.125000 ) (0 0 4.125000 ) (0 -83.625999 4.125000 ) (0 -83.625999 172.125000 ) 
4 2 3 0 (0 0 4.125000 ) (0 0 172.125000 ) (-280.750000 0 172.125000 ) (-280.750000 0 4.125000 ) 
4 0 (295.250000 0 172.125000 ) (295.250000 0 4.125000 ) (295.250000 116.374001 4.125000 ) (295.250000 116.374001 172.125000 ) 
4 0 (295.250000 116.374001 172.125000 ) (295.250000 116.374001 4.125000 ) (0 116.374001 4.125000 ) (0 116.374001 172.125000 ) 
4 0 (295.250000 0 4.125000 ) (0 0 4.125000 ) (0 116.374001 4.125000 ) (295.250000 116.374001 4.125000 ) 
4 0 (0 0 172.125000 ) (295.250000 0 172.125000 ) (295.250000 116.374001 172.125000 ) (0 116.374001 172.125000 ) 
4 1 (0 -83.625999 172.125000 ) (0 -83.625999 4.125000 ) (295.250000 -83.625999 4.125000 ) (295.250000 -83.625999 172.125000 ) 
4 1 (295.250000 -83.625999 172.125000 ) (295.250000 -83.625999 4.125000 ) (295.250000 0 4.125000 ) (295.250000 0 172.125000 ) 
4 1 (0 -83.625999 4.125000 ) (0 0 4.125000 ) (295.250000 0 4.125000 ) (295.250000 -83.625999 4.125000 ) 
4 1 (295.250000 0 172.125000 ) (0 0 172.125000 ) (0 -83.625999 172.125000 ) (295.250000 -83.625999 172.125000 ) 
4 2 (0 116.374001 172.125000 ) (0 116.374001 4.125000 ) (-280.750000 116.374001 4.125000 ) (-280.750000 116.374001 172.125000 ) 
4 2 (-280.750000 0 4.125000 ) (-280.750000 0 172.125000 ) (-280.750000 116.374001 172.125000 ) (-280.750000 116.374001 4.125000 ) 
4 2 (0 0 4.125000 ) (-280.750000 0 4.125000 ) (-280.750000 116.374001 4.125000 ) (0 116.374001 4.125000 ) 
4 2 (0 116.374001 172.125000 ) (-280.750000 116.374001 172.125000 ) (-280.750000 0 172.125000 ) (0 0 172.125000 ) 
4 3 (-280.750000 -83.625999 172.125000 ) (-280.750000 -83.625999 4.125000 ) (0 -83.625999 4.125000 ) (0 -83.625999 172.125000 ) 
4 3 (-280.750000 0 172.125000 ) (-280.750000 0 4.125000 ) (-280.750000 -83.625999 4.125000 ) (-280.750000 -83.625999 172.125000 ) 
4 3 (-280.750000 -83.625999 4.125000 ) (-280.750000 0 4.125000 ) (0 0 4.125000 ) (0 -83.625999 4.125000 ) 
4 3 (0 0 172.125000 ) (-280.750000 0 172.125000 ) (-280.750000 -83.625999 172.125000 ) (0 -83.625999 172.125000 ) 
